#
# There is insufficient memory for the Java Runtime Environment to continue.
# Native memory allocation (malloc) failed to allocate 1424176 bytes for Chunk::new
# Possible reasons:
#   The system is out of physical RAM or swap space
#   The process is running with CompressedOops enabled, and the Java Heap may be blocking the growth of the native heap
# Possible solutions:
#   Reduce memory load on the system
#   Increase physical memory or swap space
#   Check if swap backing store is full
#   Decrease Java heap size (-Xmx/-Xms)
#   Decrease number of Java threads
#   Decrease Java thread stack sizes (-Xss)
#   Set larger code cache with -XX:ReservedCodeCacheSize=
#   JVM is running with Unscaled Compressed Oops mode in which the Java heap is
#     placed in the first 4GB address space. The Java Heap base address is the
#     maximum limit for the native heap growth. Please use -XX:HeapBaseMinAddress
#     to set the Java Heap base and to place the Java Heap above 4GB virtual address.
# This output file may be truncated or incomplete.
#
#  Out of Memory Error (arena.cpp:189), pid=15840, tid=19332
#
# JRE version: OpenJDK Runtime Environment (17.0.6) (build 17.0.6+0-b2043.56-10027231)
# Java VM: OpenJDK 64-Bit Server VM (17.0.6+0-b2043.56-10027231, mixed mode, tiered, compressed oops, compressed class ptrs, g1 gc, windows-amd64)
# No core dump will be written. Minidumps are not enabled by default on client versions of Windows
#

---------------  S U M M A R Y ------------

Command Line: --add-opens=java.base/java.util=ALL-UNNAMED --add-opens=java.base/java.lang=ALL-UNNAMED --add-opens=java.base/java.lang.invoke=ALL-UNNAMED --add-opens=java.prefs/java.util.prefs=ALL-UNNAMED --add-opens=java.base/java.nio.charset=ALL-UNNAMED --add-opens=java.base/java.net=ALL-UNNAMED --add-opens=java.base/java.util.concurrent.atomic=ALL-UNNAMED -Xmx2048m -Dfile.encoding=UTF-8 -Duser.country=US -Duser.language=en -Duser.variant org.gradle.launcher.daemon.bootstrap.GradleDaemon 8.0

Host: Intel(R) Core(TM) i7-1065G7 CPU @ 1.30GHz, 8 cores, 7G,  Windows 10 , 64 bit Build 19041 (10.0.19041.3636)
Time: Thu May 30 12:21:02 2024 SE Asia Standard Time elapsed time: 14.832606 seconds (0d 0h 0m 14s)

---------------  T H R E A D  ---------------

Current thread (0x00000238ee43cc40):  JavaThread "C2 CompilerThread0" daemon [_thread_in_native, id=19332, stack(0x000000c8e7700000,0x000000c8e7800000)]


Current CompileTask:
C2:  14832 6236       4       org.objectweb.asm.SymbolTable::addConstantMemberReference (147 bytes)

Stack: [0x000000c8e7700000,0x000000c8e7800000]
Native frames: (J=compiled Java code, j=interpreted, Vv=VM code, C=native code)
V  [jvm.dll+0x683c9a]
V  [jvm.dll+0x8427a4]
V  [jvm.dll+0x843f9e]
V  [jvm.dll+0x844603]
V  [jvm.dll+0x249b75]
V  [jvm.dll+0xabcac]
V  [jvm.dll+0xac27c]
V  [jvm.dll+0x368802]
V  [jvm.dll+0x332f31]
V  [jvm.dll+0x3323da]
V  [jvm.dll+0x21c201]
V  [jvm.dll+0x21b621]
V  [jvm.dll+0x1a4fdd]
V  [jvm.dll+0x22b098]
V  [jvm.dll+0x229159]
V  [jvm.dll+0x7f81ec]
V  [jvm.dll+0x7f274a]
V  [jvm.dll+0x682ad5]
C  [ucrtbase.dll+0x21bb2]
C  [KERNEL32.DLL+0x17344]
C  [ntdll.dll+0x526b1]


---------------  P R O C E S S  ---------------

Threads class SMR info:
_java_thread_list=0x00000238f3f1a0d0, length=124, elements={
0x00000238d3a86030, 0x00000238ed929260, 0x00000238ed92bd30, 0x00000238ed914ca0,
0x00000238ed915760, 0x00000238ed916020, 0x00000238ed9168e0, 0x00000238ee43cc40,
0x00000238ee445600, 0x00000238ee445f00, 0x00000238ee5bb5f0, 0x00000238ee5da2a0,
0x00000238f100c8c0, 0x00000238ee5e9550, 0x00000238f166b040, 0x00000238efce3590,
0x00000238ef39e0d0, 0x00000238f132f260, 0x00000238f1b10890, 0x00000238eedb2310,
0x00000238eedb1970, 0x00000238eedb1e40, 0x00000238eedb3b20, 0x00000238eedb2cb0,
0x00000238eedb3180, 0x00000238eedb3650, 0x00000238eedb0fd0, 0x00000238eedb0b00,
0x00000238eedb14a0, 0x00000238f23d9a40, 0x00000238f23dc0c0, 0x00000238f23db250,
0x00000238f23dff50, 0x00000238f23e0420, 0x00000238f23ddda0, 0x00000238f23de270,
0x00000238f23da3e0, 0x00000238f23dad80, 0x00000238f23df0e0, 0x00000238f23e08f0,
0x00000238f23dfa80, 0x00000238f23e0dc0, 0x00000238f23d9570, 0x00000238f23d9f10,
0x00000238f23dbbf0, 0x00000238f23dd400, 0x00000238f23dd8d0, 0x00000238eedb27e0,
0x00000238f41a8f90, 0x00000238f41ace20, 0x00000238f41aefd0, 0x00000238f41ad7c0,
0x00000238f41ae160, 0x00000238f41abae0, 0x00000238f41ac950, 0x00000238f41aa2d0,
0x00000238f41ae630, 0x00000238f41aa7a0, 0x00000238f41a9460, 0x00000238f41ad2f0,
0x00000238f41ab140, 0x00000238f41abfb0, 0x00000238f41aeb00, 0x00000238f41ab610,
0x00000238f41af4a0, 0x00000238f41af970, 0x00000238f41a9e00, 0x00000238f41b07e0,
0x00000238f41a9930, 0x00000238f41afe40, 0x00000238f41ac480, 0x00000238f41b0310,
0x00000238f41adc90, 0x00000238f41aac70, 0x00000238f39f2660, 0x00000238f39f51b0,
0x00000238f39f4340, 0x00000238f39f5680, 0x00000238f39ef170, 0x00000238f39f2b30,
0x00000238f39ede30, 0x00000238f39f4810, 0x00000238f39f1320, 0x00000238f39ef640,
0x00000238f39f4ce0, 0x00000238f39f3e70, 0x00000238f39ee300, 0x00000238f39f04b0,
0x00000238f39ee7d0, 0x00000238f39f1cc0, 0x00000238f39f17f0, 0x00000238f39f3000,
0x00000238f39eeca0, 0x00000238f39efb10, 0x00000238f39f34d0, 0x00000238f39effe0,
0x00000238f39f0980, 0x00000238f39f0e50, 0x00000238f39f2190, 0x00000238f39f39a0,
0x00000238f409b3c0, 0x00000238f409e3e0, 0x00000238f4097ed0, 0x00000238f409e8b0,
0x00000238f409c230, 0x00000238f4098870, 0x00000238f4099210, 0x00000238f409cbd0,
0x00000238f4097060, 0x00000238f40983a0, 0x00000238f4097530, 0x00000238f409bd60,
0x00000238f4097a00, 0x00000238f409c700, 0x00000238f409aef0, 0x00000238f409d0a0,
0x00000238f409d570, 0x00000238f409df10, 0x00000238f4099bb0, 0x00000238f4098d40,
0x00000238f40996e0, 0x00000238f409da40, 0x00000238f409a080, 0x00000238f409a550
}

Java Threads: ( => current thread )
  0x00000238d3a86030 JavaThread "main" [_thread_blocked, id=21656, stack(0x000000c8e6a00000,0x000000c8e6b00000)]
  0x00000238ed929260 JavaThread "Reference Handler" daemon [_thread_blocked, id=21524, stack(0x000000c8e7100000,0x000000c8e7200000)]
  0x00000238ed92bd30 JavaThread "Finalizer" daemon [_thread_blocked, id=1316, stack(0x000000c8e7200000,0x000000c8e7300000)]
  0x00000238ed914ca0 JavaThread "Signal Dispatcher" daemon [_thread_blocked, id=22160, stack(0x000000c8e7300000,0x000000c8e7400000)]
  0x00000238ed915760 JavaThread "Attach Listener" daemon [_thread_blocked, id=2900, stack(0x000000c8e7400000,0x000000c8e7500000)]
  0x00000238ed916020 JavaThread "Service Thread" daemon [_thread_blocked, id=14116, stack(0x000000c8e7500000,0x000000c8e7600000)]
  0x00000238ed9168e0 JavaThread "Monitor Deflation Thread" daemon [_thread_blocked, id=2176, stack(0x000000c8e7600000,0x000000c8e7700000)]
=>0x00000238ee43cc40 JavaThread "C2 CompilerThread0" daemon [_thread_in_native, id=19332, stack(0x000000c8e7700000,0x000000c8e7800000)]
  0x00000238ee445600 JavaThread "C1 CompilerThread0" daemon [_thread_blocked, id=21448, stack(0x000000c8e7800000,0x000000c8e7900000)]
  0x00000238ee445f00 JavaThread "Sweeper thread" daemon [_thread_blocked, id=9336, stack(0x000000c8e7900000,0x000000c8e7a00000)]
  0x00000238ee5bb5f0 JavaThread "Common-Cleaner" daemon [_thread_blocked, id=18380, stack(0x000000c8e7a00000,0x000000c8e7b00000)]
  0x00000238ee5da2a0 JavaThread "Notification Thread" daemon [_thread_blocked, id=21716, stack(0x000000c8e7b00000,0x000000c8e7c00000)]
  0x00000238f100c8c0 JavaThread "Daemon health stats" [_thread_blocked, id=12436, stack(0x000000c8e8300000,0x000000c8e8400000)]
  0x00000238ee5e9550 JavaThread "Incoming local TCP Connector on port 53063" [_thread_in_native, id=5256, stack(0x000000c8e7d00000,0x000000c8e7e00000)]
  0x00000238f166b040 JavaThread "Daemon periodic checks" [_thread_blocked, id=16120, stack(0x000000c8e7e00000,0x000000c8e7f00000)]
  0x00000238efce3590 JavaThread "Daemon" [_thread_blocked, id=21244, stack(0x000000c8e8400000,0x000000c8e8500000)]
  0x00000238ef39e0d0 JavaThread "Handler for socket connection from /127.0.0.1:53063 to /127.0.0.1:53064" [_thread_in_native, id=17284, stack(0x000000c8e8500000,0x000000c8e8600000)]
  0x00000238f132f260 JavaThread "Cancel handler" [_thread_blocked, id=6776, stack(0x000000c8e8600000,0x000000c8e8700000)]
  0x00000238f1b10890 JavaThread "Daemon worker" [_thread_in_vm, id=12344, stack(0x000000c8e8700000,0x000000c8e8800000)]
  0x00000238eedb2310 JavaThread "Asynchronous log dispatcher for DefaultDaemonConnection: socket connection from /127.0.0.1:53063 to /127.0.0.1:53064" [_thread_blocked, id=8720, stack(0x000000c8e8800000,0x000000c8e8900000)]
  0x00000238eedb1970 JavaThread "Stdin handler" [_thread_blocked, id=7988, stack(0x000000c8e8900000,0x000000c8e8a00000)]
  0x00000238eedb1e40 JavaThread "Daemon client event forwarder" [_thread_blocked, id=16872, stack(0x000000c8e8a00000,0x000000c8e8b00000)]
  0x00000238eedb3b20 JavaThread "Cache worker for journal cache (C:\Users\User\.gradle\caches\journal-1)" [_thread_blocked, id=2732, stack(0x000000c8e8f00000,0x000000c8e9000000)]
  0x00000238eedb2cb0 JavaThread "File lock request listener" [_thread_in_native, id=22376, stack(0x000000c8e9000000,0x000000c8e9100000)]
  0x00000238eedb3180 JavaThread "Cache worker for file hash cache (C:\Users\User\.gradle\caches\8.0\fileHashes)" [_thread_blocked, id=19264, stack(0x000000c8e9200000,0x000000c8e9300000)]
  0x00000238eedb3650 JavaThread "File watcher server" daemon [_thread_in_native, id=18736, stack(0x000000c8e9300000,0x000000c8e9400000)]
  0x00000238eedb0fd0 JavaThread "File watcher consumer" daemon [_thread_blocked, id=3296, stack(0x000000c8e9400000,0x000000c8e9500000)]
  0x00000238eedb0b00 JavaThread "jar transforms" [_thread_blocked, id=9416, stack(0x000000c8e9600000,0x000000c8e9700000)]
  0x00000238eedb14a0 JavaThread "jar transforms Thread 2" [_thread_blocked, id=1784, stack(0x000000c8e9700000,0x000000c8e9800000)]
  0x00000238f23d9a40 JavaThread "jar transforms Thread 3" [_thread_blocked, id=8384, stack(0x000000c8e9800000,0x000000c8e9900000)]
  0x00000238f23dc0c0 JavaThread "jar transforms Thread 4" [_thread_blocked, id=22040, stack(0x000000c8e9900000,0x000000c8e9a00000)]
  0x00000238f23db250 JavaThread "jar transforms Thread 5" [_thread_blocked, id=14200, stack(0x000000c8e9a00000,0x000000c8e9b00000)]
  0x00000238f23dff50 JavaThread "jar transforms Thread 6" [_thread_blocked, id=21328, stack(0x000000c8e9b00000,0x000000c8e9c00000)]
  0x00000238f23e0420 JavaThread "jar transforms Thread 7" [_thread_blocked, id=4208, stack(0x000000c8e9c00000,0x000000c8e9d00000)]
  0x00000238f23ddda0 JavaThread "jar transforms Thread 8" [_thread_blocked, id=8056, stack(0x000000c8e9d00000,0x000000c8e9e00000)]
  0x00000238f23de270 JavaThread "Cache worker for checksums cache (D:\FPT\PRM\MyApplication\.gradle\8.0\checksums)" [_thread_blocked, id=12400, stack(0x000000c8e9500000,0x000000c8e9600000)]
  0x00000238f23da3e0 JavaThread "Cache worker for cache directory md-rule (C:\Users\User\.gradle\caches\8.0\md-rule)" [_thread_blocked, id=9376, stack(0x000000c8e9e00000,0x000000c8e9f00000)]
  0x00000238f23dad80 JavaThread "Cache worker for file content cache (C:\Users\User\.gradle\caches\8.0\fileContent)" [_thread_blocked, id=17984, stack(0x000000c8e9f00000,0x000000c8ea000000)]
  0x00000238f23df0e0 JavaThread "Cache worker for file hash cache (D:\FPT\PRM\MyApplication\.gradle\8.0\fileHashes)" [_thread_blocked, id=19572, stack(0x000000c8ea000000,0x000000c8ea100000)]
  0x00000238f23e08f0 JavaThread "Cache worker for cache directory md-supplier (C:\Users\User\.gradle\caches\8.0\md-supplier)" [_thread_blocked, id=2912, stack(0x000000c8ea100000,0x000000c8ea200000)]
  0x00000238f23dfa80 JavaThread "Cache worker for execution history cache (C:\Users\User\.gradle\caches\8.0\executionHistory)" [_thread_blocked, id=16784, stack(0x000000c8e9100000,0x000000c8e9200000)]
  0x00000238f23e0dc0 JavaThread "Cache worker for kotlin-dsl (C:\Users\User\.gradle\caches\8.0\kotlin-dsl)" [_thread_blocked, id=3344, stack(0x000000c8ea400000,0x000000c8ea500000)]
  0x00000238f23d9570 JavaThread "Cache worker for dependencies-accessors (D:\FPT\PRM\MyApplication\.gradle\8.0\dependencies-accessors)" [_thread_blocked, id=1984, stack(0x000000c8ea500000,0x000000c8ea600000)]
  0x00000238f23d9f10 JavaThread "Cache worker for Build Output Cleanup Cache (D:\FPT\PRM\MyApplication\.gradle\buildOutputCleanup)" [_thread_blocked, id=2784, stack(0x000000c8ea600000,0x000000c8ea700000)]
  0x00000238f23dbbf0 JavaThread "Unconstrained build operations" [_thread_blocked, id=11612, stack(0x000000c8ea700000,0x000000c8ea800000)]
  0x00000238f23dd400 JavaThread "Unconstrained build operations Thread 2" [_thread_blocked, id=9592, stack(0x000000c8ea800000,0x000000c8ea900000)]
  0x00000238f23dd8d0 JavaThread "Unconstrained build operations Thread 3" [_thread_blocked, id=20384, stack(0x000000c8ea900000,0x000000c8eaa00000)]
  0x00000238eedb27e0 JavaThread "Unconstrained build operations Thread 4" [_thread_blocked, id=17844, stack(0x000000c8eaa00000,0x000000c8eab00000)]
  0x00000238f41a8f90 JavaThread "Unconstrained build operations Thread 5" [_thread_blocked, id=21556, stack(0x000000c8eab00000,0x000000c8eac00000)]
  0x00000238f41ace20 JavaThread "Unconstrained build operations Thread 6" [_thread_blocked, id=18052, stack(0x000000c8eac00000,0x000000c8ead00000)]
  0x00000238f41aefd0 JavaThread "Unconstrained build operations Thread 7" [_thread_blocked, id=4092, stack(0x000000c8ead00000,0x000000c8eae00000)]
  0x00000238f41ad7c0 JavaThread "Unconstrained build operations Thread 8" [_thread_blocked, id=22320, stack(0x000000c8eae00000,0x000000c8eaf00000)]
  0x00000238f41ae160 JavaThread "Unconstrained build operations Thread 9" [_thread_blocked, id=20648, stack(0x000000c8eaf00000,0x000000c8eb000000)]
  0x00000238f41abae0 JavaThread "Unconstrained build operations Thread 10" [_thread_blocked, id=4816, stack(0x000000c8eb000000,0x000000c8eb100000)]
  0x00000238f41ac950 JavaThread "Unconstrained build operations Thread 11" [_thread_blocked, id=11452, stack(0x000000c8eb100000,0x000000c8eb200000)]
  0x00000238f41aa2d0 JavaThread "Unconstrained build operations Thread 12" [_thread_blocked, id=16348, stack(0x000000c8eb200000,0x000000c8eb300000)]
  0x00000238f41ae630 JavaThread "Unconstrained build operations Thread 13" [_thread_blocked, id=12264, stack(0x000000c8eb300000,0x000000c8eb400000)]
  0x00000238f41aa7a0 JavaThread "Unconstrained build operations Thread 14" [_thread_blocked, id=20320, stack(0x000000c8eb400000,0x000000c8eb500000)]
  0x00000238f41a9460 JavaThread "Unconstrained build operations Thread 15" [_thread_blocked, id=17488, stack(0x000000c8eb500000,0x000000c8eb600000)]
  0x00000238f41ad2f0 JavaThread "Unconstrained build operations Thread 16" [_thread_blocked, id=21968, stack(0x000000c8eb600000,0x000000c8eb700000)]
  0x00000238f41ab140 JavaThread "Unconstrained build operations Thread 17" [_thread_blocked, id=17176, stack(0x000000c8eb700000,0x000000c8eb800000)]
  0x00000238f41abfb0 JavaThread "Unconstrained build operations Thread 18" [_thread_blocked, id=3424, stack(0x000000c8eb800000,0x000000c8eb900000)]
  0x00000238f41aeb00 JavaThread "Unconstrained build operations Thread 19" [_thread_blocked, id=13816, stack(0x000000c8eb900000,0x000000c8eba00000)]
  0x00000238f41ab610 JavaThread "Unconstrained build operations Thread 20" [_thread_blocked, id=14232, stack(0x000000c8eba00000,0x000000c8ebb00000)]
  0x00000238f41af4a0 JavaThread "Unconstrained build operations Thread 21" [_thread_blocked, id=21440, stack(0x000000c8ebb00000,0x000000c8ebc00000)]
  0x00000238f41af970 JavaThread "Unconstrained build operations Thread 22" [_thread_blocked, id=22076, stack(0x000000c8ebc00000,0x000000c8ebd00000)]
  0x00000238f41a9e00 JavaThread "Unconstrained build operations Thread 23" [_thread_blocked, id=11844, stack(0x000000c8ebd00000,0x000000c8ebe00000)]
  0x00000238f41b07e0 JavaThread "Unconstrained build operations Thread 24" [_thread_blocked, id=22400, stack(0x000000c8ebe00000,0x000000c8ebf00000)]
  0x00000238f41a9930 JavaThread "Unconstrained build operations Thread 25" [_thread_blocked, id=10616, stack(0x000000c8ebf00000,0x000000c8ec000000)]
  0x00000238f41afe40 JavaThread "Unconstrained build operations Thread 26" [_thread_blocked, id=4848, stack(0x000000c8ec000000,0x000000c8ec100000)]
  0x00000238f41ac480 JavaThread "Unconstrained build operations Thread 27" [_thread_blocked, id=20096, stack(0x000000c8ec100000,0x000000c8ec200000)]
  0x00000238f41b0310 JavaThread "Unconstrained build operations Thread 28" [_thread_blocked, id=7752, stack(0x000000c8ec200000,0x000000c8ec300000)]
  0x00000238f41adc90 JavaThread "Unconstrained build operations Thread 29" [_thread_blocked, id=6028, stack(0x000000c8ec300000,0x000000c8ec400000)]
  0x00000238f41aac70 JavaThread "Unconstrained build operations Thread 30" [_thread_blocked, id=16684, stack(0x000000c8ec400000,0x000000c8ec500000)]
  0x00000238f39f2660 JavaThread "Unconstrained build operations Thread 31" [_thread_blocked, id=20744, stack(0x000000c8ec500000,0x000000c8ec600000)]
  0x00000238f39f51b0 JavaThread "Unconstrained build operations Thread 32" [_thread_blocked, id=7120, stack(0x000000c8ec600000,0x000000c8ec700000)]
  0x00000238f39f4340 JavaThread "Unconstrained build operations Thread 33" [_thread_blocked, id=12004, stack(0x000000c8ec700000,0x000000c8ec800000)]
  0x00000238f39f5680 JavaThread "Unconstrained build operations Thread 34" [_thread_blocked, id=2572, stack(0x000000c8ec800000,0x000000c8ec900000)]
  0x00000238f39ef170 JavaThread "Unconstrained build operations Thread 35" [_thread_blocked, id=11740, stack(0x000000c8ec900000,0x000000c8eca00000)]
  0x00000238f39f2b30 JavaThread "Unconstrained build operations Thread 36" [_thread_blocked, id=6456, stack(0x000000c8eca00000,0x000000c8ecb00000)]
  0x00000238f39ede30 JavaThread "Unconstrained build operations Thread 37" [_thread_blocked, id=18920, stack(0x000000c8ecb00000,0x000000c8ecc00000)]
  0x00000238f39f4810 JavaThread "Unconstrained build operations Thread 38" [_thread_blocked, id=22016, stack(0x000000c8ecc00000,0x000000c8ecd00000)]
  0x00000238f39f1320 JavaThread "Unconstrained build operations Thread 39" [_thread_blocked, id=8096, stack(0x000000c8ecd00000,0x000000c8ece00000)]
  0x00000238f39ef640 JavaThread "Unconstrained build operations Thread 40" [_thread_blocked, id=11360, stack(0x000000c8ece00000,0x000000c8ecf00000)]
  0x00000238f39f4ce0 JavaThread "Unconstrained build operations Thread 41" [_thread_blocked, id=15212, stack(0x000000c8ecf00000,0x000000c8ed000000)]
  0x00000238f39f3e70 JavaThread "Unconstrained build operations Thread 42" [_thread_blocked, id=5332, stack(0x000000c8ed000000,0x000000c8ed100000)]
  0x00000238f39ee300 JavaThread "Unconstrained build operations Thread 43" [_thread_blocked, id=12472, stack(0x000000c8ed100000,0x000000c8ed200000)]
  0x00000238f39f04b0 JavaThread "Unconstrained build operations Thread 44" [_thread_blocked, id=21392, stack(0x000000c8ed200000,0x000000c8ed300000)]
  0x00000238f39ee7d0 JavaThread "Unconstrained build operations Thread 45" [_thread_blocked, id=13396, stack(0x000000c8ed300000,0x000000c8ed400000)]
  0x00000238f39f1cc0 JavaThread "Unconstrained build operations Thread 46" [_thread_blocked, id=9840, stack(0x000000c8ed400000,0x000000c8ed500000)]
  0x00000238f39f17f0 JavaThread "Unconstrained build operations Thread 47" [_thread_blocked, id=6444, stack(0x000000c8ed500000,0x000000c8ed600000)]
  0x00000238f39f3000 JavaThread "Unconstrained build operations Thread 48" [_thread_blocked, id=16836, stack(0x000000c8ed600000,0x000000c8ed700000)]
  0x00000238f39eeca0 JavaThread "Unconstrained build operations Thread 49" [_thread_blocked, id=7536, stack(0x000000c8ed700000,0x000000c8ed800000)]
  0x00000238f39efb10 JavaThread "Unconstrained build operations Thread 50" [_thread_blocked, id=4576, stack(0x000000c8ed800000,0x000000c8ed900000)]
  0x00000238f39f34d0 JavaThread "Unconstrained build operations Thread 51" [_thread_blocked, id=10832, stack(0x000000c8ed900000,0x000000c8eda00000)]
  0x00000238f39effe0 JavaThread "Unconstrained build operations Thread 52" [_thread_blocked, id=19188, stack(0x000000c8eda00000,0x000000c8edb00000)]
  0x00000238f39f0980 JavaThread "Unconstrained build operations Thread 53" [_thread_blocked, id=21108, stack(0x000000c8edb00000,0x000000c8edc00000)]
  0x00000238f39f0e50 JavaThread "Unconstrained build operations Thread 54" [_thread_blocked, id=13400, stack(0x000000c8edc00000,0x000000c8edd00000)]
  0x00000238f39f2190 JavaThread "Unconstrained build operations Thread 55" [_thread_blocked, id=21988, stack(0x000000c8edd00000,0x000000c8ede00000)]
  0x00000238f39f39a0 JavaThread "Unconstrained build operations Thread 56" [_thread_blocked, id=21528, stack(0x000000c8ede00000,0x000000c8edf00000)]
  0x00000238f409b3c0 JavaThread "Unconstrained build operations Thread 57" [_thread_blocked, id=17896, stack(0x000000c8edf00000,0x000000c8ee000000)]
  0x00000238f409e3e0 JavaThread "Unconstrained build operations Thread 58" [_thread_blocked, id=19368, stack(0x000000c8ee000000,0x000000c8ee100000)]
  0x00000238f4097ed0 JavaThread "Unconstrained build operations Thread 59" [_thread_blocked, id=11024, stack(0x000000c8ee100000,0x000000c8ee200000)]
  0x00000238f409e8b0 JavaThread "Unconstrained build operations Thread 60" [_thread_blocked, id=11116, stack(0x000000c8ee200000,0x000000c8ee300000)]
  0x00000238f409c230 JavaThread "Unconstrained build operations Thread 61" [_thread_blocked, id=20464, stack(0x000000c8ee300000,0x000000c8ee400000)]
  0x00000238f4098870 JavaThread "Unconstrained build operations Thread 62" [_thread_blocked, id=22424, stack(0x000000c8ee400000,0x000000c8ee500000)]
  0x00000238f4099210 JavaThread "Unconstrained build operations Thread 63" [_thread_blocked, id=10972, stack(0x000000c8ee500000,0x000000c8ee600000)]
  0x00000238f409cbd0 JavaThread "Unconstrained build operations Thread 64" [_thread_blocked, id=14060, stack(0x000000c8ee600000,0x000000c8ee700000)]
  0x00000238f4097060 JavaThread "Unconstrained build operations Thread 65" [_thread_blocked, id=20660, stack(0x000000c8ee700000,0x000000c8ee800000)]
  0x00000238f40983a0 JavaThread "Unconstrained build operations Thread 66" [_thread_blocked, id=1980, stack(0x000000c8ee800000,0x000000c8ee900000)]
  0x00000238f4097530 JavaThread "Unconstrained build operations Thread 67" [_thread_blocked, id=3684, stack(0x000000c8ee900000,0x000000c8eea00000)]
  0x00000238f409bd60 JavaThread "Unconstrained build operations Thread 68" [_thread_blocked, id=11012, stack(0x000000c8eea00000,0x000000c8eeb00000)]
  0x00000238f4097a00 JavaThread "Unconstrained build operations Thread 69" [_thread_blocked, id=22444, stack(0x000000c8eeb00000,0x000000c8eec00000)]
  0x00000238f409c700 JavaThread "Unconstrained build operations Thread 70" [_thread_blocked, id=19520, stack(0x000000c8eec00000,0x000000c8eed00000)]
  0x00000238f409aef0 JavaThread "Unconstrained build operations Thread 71" [_thread_blocked, id=3168, stack(0x000000c8eed00000,0x000000c8eee00000)]
  0x00000238f409d0a0 JavaThread "Unconstrained build operations Thread 72" [_thread_blocked, id=18120, stack(0x000000c8eee00000,0x000000c8eef00000)]
  0x00000238f409d570 JavaThread "Unconstrained build operations Thread 73" [_thread_blocked, id=16064, stack(0x000000c8eef00000,0x000000c8ef000000)]
  0x00000238f409df10 JavaThread "Unconstrained build operations Thread 74" [_thread_blocked, id=8136, stack(0x000000c8ef000000,0x000000c8ef100000)]
  0x00000238f4099bb0 JavaThread "Unconstrained build operations Thread 75" [_thread_blocked, id=5092, stack(0x000000c8ef100000,0x000000c8ef200000)]
  0x00000238f4098d40 JavaThread "Unconstrained build operations Thread 76" [_thread_blocked, id=20288, stack(0x000000c8ef200000,0x000000c8ef300000)]
  0x00000238f40996e0 JavaThread "Unconstrained build operations Thread 77" [_thread_blocked, id=17764, stack(0x000000c8ef300000,0x000000c8ef400000)]
  0x00000238f409da40 JavaThread "Unconstrained build operations Thread 78" [_thread_blocked, id=19948, stack(0x000000c8ef400000,0x000000c8ef500000)]
  0x00000238f409a080 JavaThread "Unconstrained build operations Thread 79" [_thread_blocked, id=21544, stack(0x000000c8ef500000,0x000000c8ef600000)]
  0x00000238f409a550 JavaThread "Unconstrained build operations Thread 80" [_thread_blocked, id=22128, stack(0x000000c8ef600000,0x000000c8ef700000)]

Other Threads:
  0x00000238ed907a00 VMThread "VM Thread" [stack: 0x000000c8e7000000,0x000000c8e7100000] [id=3660]
  0x00000238ee5baed0 WatcherThread [stack: 0x000000c8e7c00000,0x000000c8e7d00000] [id=18440]
  0x00000238d3ae1140 GCTaskThread "GC Thread#0" [stack: 0x000000c8e6b00000,0x000000c8e6c00000] [id=17128]
  0x00000238ef468cc0 GCTaskThread "GC Thread#1" [stack: 0x000000c8e7f00000,0x000000c8e8000000] [id=12952]
  0x00000238ee83c3c0 GCTaskThread "GC Thread#2" [stack: 0x000000c8e8000000,0x000000c8e8100000] [id=6396]
  0x00000238ef2cf550 GCTaskThread "GC Thread#3" [stack: 0x000000c8e8100000,0x000000c8e8200000] [id=13232]
  0x00000238efb5fc60 GCTaskThread "GC Thread#4" [stack: 0x000000c8e8200000,0x000000c8e8300000] [id=22064]
  0x00000238ef39e5a0 GCTaskThread "GC Thread#5" [stack: 0x000000c8e8b00000,0x000000c8e8c00000] [id=19008]
  0x00000238f1477670 GCTaskThread "GC Thread#6" [stack: 0x000000c8e8c00000,0x000000c8e8d00000] [id=16896]
  0x00000238f0cbc6b0 GCTaskThread "GC Thread#7" [stack: 0x000000c8e8d00000,0x000000c8e8e00000] [id=15180]
  0x00000238d3af1f90 ConcurrentGCThread "G1 Main Marker" [stack: 0x000000c8e6c00000,0x000000c8e6d00000] [id=3288]
  0x00000238d3af3050 ConcurrentGCThread "G1 Conc#0" [stack: 0x000000c8e6d00000,0x000000c8e6e00000] [id=11432]
  0x00000238ef8018e0 ConcurrentGCThread "G1 Conc#1" [stack: 0x000000c8e8e00000,0x000000c8e8f00000] [id=16340]
  0x00000238ed7620c0 ConcurrentGCThread "G1 Refine#0" [stack: 0x000000c8e6e00000,0x000000c8e6f00000] [id=21204]
  0x00000238ed7629f0 ConcurrentGCThread "G1 Service" [stack: 0x000000c8e6f00000,0x000000c8e7000000] [id=19692]

Threads with active compile tasks:
C2 CompilerThread0    14883 6236       4       org.objectweb.asm.SymbolTable::addConstantMemberReference (147 bytes)
C1 CompilerThread0    14883 6254       3       com.google.common.base.Preconditions::checkArgument (29 bytes)

VM state: not at safepoint (normal execution)

VM Mutex/Monitor currently owned by a thread:  ([mutex/lock_event])
[0x00000238d3a7fa40] CodeCache_lock - owner thread: 0x00000238ee445600

Heap address: 0x0000000080000000, size: 2048 MB, Compressed Oops mode: 32-bit

CDS archive(s) not mapped
Compressed class space mapped at: 0x0000000100000000-0x0000000140000000, reserved size: 1073741824
Narrow klass base: 0x0000000000000000, Narrow klass shift: 3, Narrow klass range: 0x140000000

GC Precious Log:
 CPUs: 8 total, 8 available
 Memory: 7959M
 Large Page Support: Disabled
 NUMA Support: Disabled
 Compressed Oops: Enabled (32-bit)
 Heap Region Size: 1M
 Heap Min Capacity: 8M
 Heap Initial Capacity: 126M
 Heap Max Capacity: 2G
 Pre-touch: Disabled
 Parallel Workers: 8
 Concurrent Workers: 2
 Concurrent Refinement Workers: 8
 Periodic GC: Disabled

Heap:
 garbage-first heap   total 140288K, used 99562K [0x0000000080000000, 0x0000000100000000)
  region size 1024K, 19 young (19456K), 2 survivors (2048K)
 Metaspace       used 62039K, committed 62656K, reserved 1105920K
  class space    used 8280K, committed 8512K, reserved 1048576K

Heap Regions: E=young(eden), S=young(survivor), O=old, HS=humongous(starts), HC=humongous(continues), CS=collection set, F=free, OA=open archive, CA=closed archive, TAMS=top-at-mark-start (previous, next)
|   0|0x0000000080000000, 0x0000000080100000, 0x0000000080100000|100%|HS|  |TAMS 0x0000000080100000, 0x0000000080000000| Complete 
|   1|0x0000000080100000, 0x0000000080200000, 0x0000000080200000|100%|HC|  |TAMS 0x0000000080200000, 0x0000000080100000| Complete 
|   2|0x0000000080200000, 0x0000000080300000, 0x0000000080300000|100%|HC|  |TAMS 0x0000000080300000, 0x0000000080200000| Complete 
|   3|0x0000000080300000, 0x0000000080400000, 0x0000000080400000|100%|HC|  |TAMS 0x0000000080400000, 0x0000000080300000| Complete 
|   4|0x0000000080400000, 0x0000000080500000, 0x0000000080500000|100%| O|  |TAMS 0x0000000080500000, 0x0000000080400000| Untracked 
|   5|0x0000000080500000, 0x0000000080600000, 0x0000000080600000|100%| O|  |TAMS 0x0000000080600000, 0x0000000080500000| Untracked 
|   6|0x0000000080600000, 0x0000000080700000, 0x0000000080700000|100%| O|  |TAMS 0x0000000080700000, 0x0000000080600000| Untracked 
|   7|0x0000000080700000, 0x0000000080800000, 0x0000000080800000|100%| O|  |TAMS 0x0000000080800000, 0x0000000080700000| Untracked 
|   8|0x0000000080800000, 0x0000000080900000, 0x0000000080900000|100%| O|  |TAMS 0x0000000080900000, 0x0000000080800000| Untracked 
|   9|0x0000000080900000, 0x0000000080a00000, 0x0000000080a00000|100%| O|  |TAMS 0x0000000080a00000, 0x0000000080900000| Untracked 
|  10|0x0000000080a00000, 0x0000000080b00000, 0x0000000080b00000|100%| O|  |TAMS 0x0000000080b00000, 0x0000000080a00000| Untracked 
|  11|0x0000000080b00000, 0x0000000080bce200, 0x0000000080c00000| 80%| O|  |TAMS 0x0000000080bce200, 0x0000000080b00000| Untracked 
|  12|0x0000000080c00000, 0x0000000080d00000, 0x0000000080d00000|100%| O|  |TAMS 0x0000000080d00000, 0x0000000080c00000| Untracked 
|  13|0x0000000080d00000, 0x0000000080e00000, 0x0000000080e00000|100%| O|  |TAMS 0x0000000080e00000, 0x0000000080d00000| Untracked 
|  14|0x0000000080e00000, 0x0000000080f00000, 0x0000000080f00000|100%| O|  |TAMS 0x0000000080f00000, 0x0000000080e00000| Untracked 
|  15|0x0000000080f00000, 0x0000000081000000, 0x0000000081000000|100%| O|  |TAMS 0x0000000081000000, 0x0000000080f00000| Untracked 
|  16|0x0000000081000000, 0x0000000081100000, 0x0000000081100000|100%| O|  |TAMS 0x0000000081100000, 0x0000000081000000| Untracked 
|  17|0x0000000081100000, 0x0000000081200000, 0x0000000081200000|100%| O|  |TAMS 0x0000000081200000, 0x0000000081100000| Untracked 
|  18|0x0000000081200000, 0x0000000081300000, 0x0000000081300000|100%| O|  |TAMS 0x0000000081300000, 0x0000000081200000| Untracked 
|  19|0x0000000081300000, 0x0000000081400000, 0x0000000081400000|100%|HS|  |TAMS 0x0000000081400000, 0x0000000081300000| Complete 
|  20|0x0000000081400000, 0x0000000081500000, 0x0000000081500000|100%|HC|  |TAMS 0x0000000081500000, 0x0000000081400000| Complete 
|  21|0x0000000081500000, 0x0000000081600000, 0x0000000081600000|100%|HS|  |TAMS 0x0000000081600000, 0x0000000081500000| Complete 
|  22|0x0000000081600000, 0x0000000081700000, 0x0000000081700000|100%|HC|  |TAMS 0x0000000081700000, 0x0000000081600000| Complete 
|  23|0x0000000081700000, 0x0000000081800000, 0x0000000081800000|100%|HC|  |TAMS 0x0000000081800000, 0x0000000081700000| Complete 
|  24|0x0000000081800000, 0x0000000081900000, 0x0000000081900000|100%| O|  |TAMS 0x0000000081900000, 0x0000000081800000| Untracked 
|  25|0x0000000081900000, 0x0000000081a00000, 0x0000000081a00000|100%| O|  |TAMS 0x0000000081a00000, 0x0000000081900000| Untracked 
|  26|0x0000000081a00000, 0x0000000081b00000, 0x0000000081b00000|100%| O|  |TAMS 0x0000000081b00000, 0x0000000081a00000| Untracked 
|  27|0x0000000081b00000, 0x0000000081c00000, 0x0000000081c00000|100%| O|  |TAMS 0x0000000081c00000, 0x0000000081b00000| Untracked 
|  28|0x0000000081c00000, 0x0000000081d00000, 0x0000000081d00000|100%|HS|  |TAMS 0x0000000081d00000, 0x0000000081c00000| Complete 
|  29|0x0000000081d00000, 0x0000000081e00000, 0x0000000081e00000|100%|HC|  |TAMS 0x0000000081e00000, 0x0000000081d00000| Complete 
|  30|0x0000000081e00000, 0x0000000081f00000, 0x0000000081f00000|100%|HC|  |TAMS 0x0000000081f00000, 0x0000000081e00000| Complete 
|  31|0x0000000081f00000, 0x0000000082000000, 0x0000000082000000|100%| O|  |TAMS 0x0000000082000000, 0x0000000081f00000| Untracked 
|  32|0x0000000082000000, 0x0000000082100000, 0x0000000082100000|100%|HS|  |TAMS 0x0000000082100000, 0x0000000082000000| Complete 
|  33|0x0000000082100000, 0x0000000082200000, 0x0000000082200000|100%|HC|  |TAMS 0x0000000082200000, 0x0000000082100000| Complete 
|  34|0x0000000082200000, 0x0000000082300000, 0x0000000082300000|100%|HC|  |TAMS 0x0000000082300000, 0x0000000082200000| Complete 
|  35|0x0000000082300000, 0x0000000082400000, 0x0000000082400000|100%|HC|  |TAMS 0x0000000082400000, 0x0000000082300000| Complete 
|  36|0x0000000082400000, 0x0000000082500000, 0x0000000082500000|100%|HC|  |TAMS 0x0000000082500000, 0x0000000082400000| Complete 
|  37|0x0000000082500000, 0x0000000082600000, 0x0000000082600000|100%|HC|  |TAMS 0x0000000082600000, 0x0000000082500000| Complete 
|  38|0x0000000082600000, 0x0000000082700000, 0x0000000082700000|100%|HC|  |TAMS 0x0000000082700000, 0x0000000082600000| Complete 
|  39|0x0000000082700000, 0x0000000082800000, 0x0000000082800000|100%|HC|  |TAMS 0x0000000082800000, 0x0000000082700000| Complete 
|  40|0x0000000082800000, 0x0000000082900000, 0x0000000082900000|100%|HC|  |TAMS 0x0000000082900000, 0x0000000082800000| Complete 
|  41|0x0000000082900000, 0x0000000082a00000, 0x0000000082a00000|100%|HC|  |TAMS 0x0000000082a00000, 0x0000000082900000| Complete 
|  42|0x0000000082a00000, 0x0000000082b00000, 0x0000000082b00000|100%|HC|  |TAMS 0x0000000082b00000, 0x0000000082a00000| Complete 
|  43|0x0000000082b00000, 0x0000000082c00000, 0x0000000082c00000|100%|HC|  |TAMS 0x0000000082c00000, 0x0000000082b00000| Complete 
|  44|0x0000000082c00000, 0x0000000082d00000, 0x0000000082d00000|100%| O|  |TAMS 0x0000000082d00000, 0x0000000082c00000| Untracked 
|  45|0x0000000082d00000, 0x0000000082e00000, 0x0000000082e00000|100%|HS|  |TAMS 0x0000000082e00000, 0x0000000082d00000| Complete 
|  46|0x0000000082e00000, 0x0000000082f00000, 0x0000000082f00000|100%|HC|  |TAMS 0x0000000082f00000, 0x0000000082e00000| Complete 
|  47|0x0000000082f00000, 0x0000000083000000, 0x0000000083000000|100%| O|  |TAMS 0x0000000083000000, 0x0000000082f00000| Untracked 
|  48|0x0000000083000000, 0x0000000083100000, 0x0000000083100000|100%| O|  |TAMS 0x0000000083100000, 0x0000000083000000| Untracked 
|  49|0x0000000083100000, 0x0000000083200000, 0x0000000083200000|100%| O|  |TAMS 0x0000000083200000, 0x0000000083100000| Untracked 
|  50|0x0000000083200000, 0x0000000083300000, 0x0000000083300000|100%| O|  |TAMS 0x0000000083300000, 0x0000000083200000| Untracked 
|  51|0x0000000083300000, 0x0000000083400000, 0x0000000083400000|100%| O|  |TAMS 0x0000000083400000, 0x0000000083300000| Untracked 
|  52|0x0000000083400000, 0x0000000083500000, 0x0000000083500000|100%| O|  |TAMS 0x0000000083500000, 0x0000000083400000| Untracked 
|  53|0x0000000083500000, 0x0000000083600000, 0x0000000083600000|100%| O|  |TAMS 0x0000000083600000, 0x0000000083500000| Untracked 
|  54|0x0000000083600000, 0x0000000083700000, 0x0000000083700000|100%|HS|  |TAMS 0x0000000083700000, 0x0000000083600000| Complete 
|  55|0x0000000083700000, 0x0000000083800000, 0x0000000083800000|100%|HC|  |TAMS 0x0000000083800000, 0x0000000083700000| Complete 
|  56|0x0000000083800000, 0x0000000083900000, 0x0000000083900000|100%|HC|  |TAMS 0x0000000083900000, 0x0000000083800000| Complete 
|  57|0x0000000083900000, 0x0000000083a00000, 0x0000000083a00000|100%| O|  |TAMS 0x0000000083a00000, 0x0000000083900000| Untracked 
|  58|0x0000000083a00000, 0x0000000083b00000, 0x0000000083b00000|100%|HS|  |TAMS 0x0000000083b00000, 0x0000000083a00000| Complete 
|  59|0x0000000083b00000, 0x0000000083c00000, 0x0000000083c00000|100%|HC|  |TAMS 0x0000000083c00000, 0x0000000083b00000| Complete 
|  60|0x0000000083c00000, 0x0000000083d00000, 0x0000000083d00000|100%|HC|  |TAMS 0x0000000083d00000, 0x0000000083c00000| Complete 
|  61|0x0000000083d00000, 0x0000000083e00000, 0x0000000083e00000|100%| O|  |TAMS 0x0000000083e00000, 0x0000000083d00000| Untracked 
|  62|0x0000000083e00000, 0x0000000083f00000, 0x0000000083f00000|100%| O|  |TAMS 0x0000000083f00000, 0x0000000083e00000| Untracked 
|  63|0x0000000083f00000, 0x0000000084000000, 0x0000000084000000|100%| O|  |TAMS 0x0000000084000000, 0x0000000083f00000| Untracked 
|  64|0x0000000084000000, 0x0000000084100000, 0x0000000084100000|100%| O|  |TAMS 0x0000000084100000, 0x0000000084000000| Untracked 
|  65|0x0000000084100000, 0x0000000084200000, 0x0000000084200000|100%| O|  |TAMS 0x0000000084200000, 0x0000000084100000| Untracked 
|  66|0x0000000084200000, 0x0000000084300000, 0x0000000084300000|100%| O|  |TAMS 0x0000000084300000, 0x0000000084200000| Untracked 
|  67|0x0000000084300000, 0x0000000084400000, 0x0000000084400000|100%| O|  |TAMS 0x0000000084400000, 0x0000000084300000| Untracked 
|  68|0x0000000084400000, 0x0000000084500000, 0x0000000084500000|100%| O|  |TAMS 0x0000000084500000, 0x0000000084400000| Untracked 
|  69|0x0000000084500000, 0x0000000084600000, 0x0000000084600000|100%| O|  |TAMS 0x0000000084600000, 0x0000000084500000| Untracked 
|  70|0x0000000084600000, 0x0000000084700000, 0x0000000084700000|100%|HS|  |TAMS 0x0000000084700000, 0x0000000084600000| Complete 
|  71|0x0000000084700000, 0x0000000084800000, 0x0000000084800000|100%| O|  |TAMS 0x0000000084776000, 0x0000000084700000| Untracked 
|  72|0x0000000084800000, 0x0000000084900000, 0x0000000084900000|100%|HS|  |TAMS 0x0000000084900000, 0x0000000084800000| Complete 
|  73|0x0000000084900000, 0x0000000084a00000, 0x0000000084a00000|100%|HS|  |TAMS 0x0000000084a00000, 0x0000000084900000| Complete 
|  74|0x0000000084a00000, 0x0000000084b00000, 0x0000000084b00000|100%| O|  |TAMS 0x0000000084a00000, 0x0000000084a00000| Untracked 
|  75|0x0000000084b00000, 0x0000000084c00000, 0x0000000084c00000|100%| O|  |TAMS 0x0000000084b00000, 0x0000000084b00000| Untracked 
|  76|0x0000000084c00000, 0x0000000084c00000, 0x0000000084d00000|  0%| F|  |TAMS 0x0000000084c00000, 0x0000000084c00000| Untracked 
|  77|0x0000000084d00000, 0x0000000084e00000, 0x0000000084e00000|100%| O|  |TAMS 0x0000000084d00000, 0x0000000084d00000| Untracked 
|  78|0x0000000084e00000, 0x0000000084f00000, 0x0000000084f00000|100%| O|  |TAMS 0x0000000084e00000, 0x0000000084e00000| Untracked 
|  79|0x0000000084f00000, 0x0000000085000000, 0x0000000085000000|100%| O|  |TAMS 0x0000000084f00000, 0x0000000084f00000| Untracked 
|  80|0x0000000085000000, 0x000000008508b200, 0x0000000085100000| 54%| O|  |TAMS 0x0000000085000000, 0x0000000085000000| Untracked 
|  81|0x0000000085100000, 0x0000000085100000, 0x0000000085200000|  0%| F|  |TAMS 0x0000000085100000, 0x0000000085100000| Untracked 
|  82|0x0000000085200000, 0x0000000085200000, 0x0000000085300000|  0%| F|  |TAMS 0x0000000085200000, 0x0000000085200000| Untracked 
|  83|0x0000000085300000, 0x0000000085300000, 0x0000000085400000|  0%| F|  |TAMS 0x0000000085300000, 0x0000000085300000| Untracked 
|  84|0x0000000085400000, 0x0000000085400000, 0x0000000085500000|  0%| F|  |TAMS 0x0000000085400000, 0x0000000085400000| Untracked 
|  85|0x0000000085500000, 0x0000000085500000, 0x0000000085600000|  0%| F|  |TAMS 0x0000000085500000, 0x0000000085500000| Untracked 
|  86|0x0000000085600000, 0x0000000085600000, 0x0000000085700000|  0%| F|  |TAMS 0x0000000085600000, 0x0000000085600000| Untracked 
|  87|0x0000000085700000, 0x0000000085700000, 0x0000000085800000|  0%| F|  |TAMS 0x0000000085700000, 0x0000000085700000| Untracked 
|  88|0x0000000085800000, 0x0000000085800000, 0x0000000085900000|  0%| F|  |TAMS 0x0000000085800000, 0x0000000085800000| Untracked 
|  89|0x0000000085900000, 0x0000000085900000, 0x0000000085a00000|  0%| F|  |TAMS 0x0000000085900000, 0x0000000085900000| Untracked 
|  90|0x0000000085a00000, 0x0000000085a00000, 0x0000000085b00000|  0%| F|  |TAMS 0x0000000085a00000, 0x0000000085a00000| Untracked 
|  91|0x0000000085b00000, 0x0000000085b00000, 0x0000000085c00000|  0%| F|  |TAMS 0x0000000085b00000, 0x0000000085b00000| Untracked 
|  92|0x0000000085c00000, 0x0000000085c00000, 0x0000000085d00000|  0%| F|  |TAMS 0x0000000085c00000, 0x0000000085c00000| Untracked 
|  93|0x0000000085d00000, 0x0000000085d00000, 0x0000000085e00000|  0%| F|  |TAMS 0x0000000085d00000, 0x0000000085d00000| Untracked 
|  94|0x0000000085e00000, 0x0000000085e00000, 0x0000000085f00000|  0%| F|  |TAMS 0x0000000085e00000, 0x0000000085e00000| Untracked 
|  95|0x0000000085f00000, 0x0000000085f00000, 0x0000000086000000|  0%| F|  |TAMS 0x0000000085f00000, 0x0000000085f00000| Untracked 
|  96|0x0000000086000000, 0x0000000086000000, 0x0000000086100000|  0%| F|  |TAMS 0x0000000086000000, 0x0000000086000000| Untracked 
|  97|0x0000000086100000, 0x0000000086100000, 0x0000000086200000|  0%| F|  |TAMS 0x0000000086100000, 0x0000000086100000| Untracked 
|  98|0x0000000086200000, 0x0000000086200000, 0x0000000086300000|  0%| F|  |TAMS 0x0000000086200000, 0x0000000086200000| Untracked 
|  99|0x0000000086300000, 0x0000000086300000, 0x0000000086400000|  0%| F|  |TAMS 0x0000000086300000, 0x0000000086300000| Untracked 
| 100|0x0000000086400000, 0x0000000086400000, 0x0000000086500000|  0%| F|  |TAMS 0x0000000086400000, 0x0000000086400000| Untracked 
| 101|0x0000000086500000, 0x0000000086500000, 0x0000000086600000|  0%| F|  |TAMS 0x0000000086500000, 0x0000000086500000| Untracked 
| 102|0x0000000086600000, 0x0000000086600000, 0x0000000086700000|  0%| F|  |TAMS 0x0000000086600000, 0x0000000086600000| Untracked 
| 103|0x0000000086700000, 0x0000000086700000, 0x0000000086800000|  0%| F|  |TAMS 0x0000000086700000, 0x0000000086700000| Untracked 
| 104|0x0000000086800000, 0x0000000086800000, 0x0000000086900000|  0%| F|  |TAMS 0x0000000086800000, 0x0000000086800000| Untracked 
| 105|0x0000000086900000, 0x0000000086900000, 0x0000000086a00000|  0%| F|  |TAMS 0x0000000086900000, 0x0000000086900000| Untracked 
| 106|0x0000000086a00000, 0x0000000086a00000, 0x0000000086b00000|  0%| F|  |TAMS 0x0000000086a00000, 0x0000000086a00000| Untracked 
| 107|0x0000000086b00000, 0x0000000086b00000, 0x0000000086c00000|  0%| F|  |TAMS 0x0000000086b00000, 0x0000000086b00000| Untracked 
| 108|0x0000000086c00000, 0x0000000086c00000, 0x0000000086d00000|  0%| F|  |TAMS 0x0000000086c00000, 0x0000000086c00000| Untracked 
| 109|0x0000000086d00000, 0x0000000086d00000, 0x0000000086e00000|  0%| F|  |TAMS 0x0000000086d00000, 0x0000000086d00000| Untracked 
| 110|0x0000000086e00000, 0x0000000086e00000, 0x0000000086f00000|  0%| F|  |TAMS 0x0000000086e00000, 0x0000000086e00000| Untracked 
| 111|0x0000000086f00000, 0x0000000086f00000, 0x0000000087000000|  0%| F|  |TAMS 0x0000000086f00000, 0x0000000086f00000| Untracked 
| 112|0x0000000087000000, 0x00000000870e14d0, 0x0000000087100000| 88%| S|CS|TAMS 0x0000000087000000, 0x0000000087000000| Complete 
| 113|0x0000000087100000, 0x0000000087200000, 0x0000000087200000|100%| S|CS|TAMS 0x0000000087100000, 0x0000000087100000| Complete 
| 114|0x0000000087200000, 0x0000000087200000, 0x0000000087300000|  0%| F|  |TAMS 0x0000000087200000, 0x0000000087200000| Untracked 
| 115|0x0000000087300000, 0x0000000087300000, 0x0000000087400000|  0%| F|  |TAMS 0x0000000087300000, 0x0000000087300000| Untracked 
| 116|0x0000000087400000, 0x0000000087400000, 0x0000000087500000|  0%| F|  |TAMS 0x0000000087400000, 0x0000000087400000| Untracked 
| 117|0x0000000087500000, 0x0000000087500000, 0x0000000087600000|  0%| F|  |TAMS 0x0000000087500000, 0x0000000087500000| Untracked 
| 118|0x0000000087600000, 0x0000000087600000, 0x0000000087700000|  0%| F|  |TAMS 0x0000000087600000, 0x0000000087600000| Untracked 
| 119|0x0000000087700000, 0x0000000087700000, 0x0000000087800000|  0%| F|  |TAMS 0x0000000087700000, 0x0000000087700000| Untracked 
| 120|0x0000000087800000, 0x00000000878ca5c0, 0x0000000087900000| 79%| E|  |TAMS 0x0000000087800000, 0x0000000087800000| Complete 
| 121|0x0000000087900000, 0x0000000087a00000, 0x0000000087a00000|100%| E|CS|TAMS 0x0000000087900000, 0x0000000087900000| Complete 
| 122|0x0000000087a00000, 0x0000000087b00000, 0x0000000087b00000|100%| E|CS|TAMS 0x0000000087a00000, 0x0000000087a00000| Complete 
| 123|0x0000000087b00000, 0x0000000087c00000, 0x0000000087c00000|100%| E|CS|TAMS 0x0000000087b00000, 0x0000000087b00000| Complete 
| 124|0x0000000087c00000, 0x0000000087d00000, 0x0000000087d00000|100%| E|CS|TAMS 0x0000000087c00000, 0x0000000087c00000| Complete 
| 125|0x0000000087d00000, 0x0000000087e00000, 0x0000000087e00000|100%| E|CS|TAMS 0x0000000087d00000, 0x0000000087d00000| Complete 
| 126|0x0000000087e00000, 0x0000000087f00000, 0x0000000087f00000|100%| E|CS|TAMS 0x0000000087e00000, 0x0000000087e00000| Complete 
| 127|0x0000000087f00000, 0x0000000088000000, 0x0000000088000000|100%| E|CS|TAMS 0x0000000087f00000, 0x0000000087f00000| Complete 
| 128|0x0000000088000000, 0x0000000088100000, 0x0000000088100000|100%| E|CS|TAMS 0x0000000088000000, 0x0000000088000000| Complete 
| 129|0x0000000088100000, 0x0000000088200000, 0x0000000088200000|100%| E|CS|TAMS 0x0000000088100000, 0x0000000088100000| Complete 
| 130|0x0000000088200000, 0x0000000088300000, 0x0000000088300000|100%| E|CS|TAMS 0x0000000088200000, 0x0000000088200000| Complete 
| 131|0x0000000088300000, 0x0000000088400000, 0x0000000088400000|100%| E|CS|TAMS 0x0000000088300000, 0x0000000088300000| Complete 
| 132|0x0000000088400000, 0x0000000088500000, 0x0000000088500000|100%| E|CS|TAMS 0x0000000088400000, 0x0000000088400000| Complete 
| 133|0x0000000088500000, 0x0000000088600000, 0x0000000088600000|100%| E|CS|TAMS 0x0000000088500000, 0x0000000088500000| Complete 
| 134|0x0000000088600000, 0x0000000088700000, 0x0000000088700000|100%| E|CS|TAMS 0x0000000088600000, 0x0000000088600000| Complete 
| 135|0x0000000088700000, 0x0000000088800000, 0x0000000088800000|100%| E|CS|TAMS 0x0000000088700000, 0x0000000088700000| Complete 
| 136|0x0000000088800000, 0x0000000088900000, 0x0000000088900000|100%| E|CS|TAMS 0x0000000088800000, 0x0000000088800000| Complete 

Card table byte_map: [0x00000238e6680000,0x00000238e6a80000] _byte_map_base: 0x00000238e6280000

Marking Bits (Prev, Next): (CMBitMap*) 0x00000238d3ae16a0, (CMBitMap*) 0x00000238d3ae1660
 Prev Bits: [0x00000238e8e80000, 0x00000238eae80000)
 Next Bits: [0x00000238e6e80000, 0x00000238e8e80000)

Polling page: 0x00000238d1a70000

Metaspace:

Usage:
  Non-class:     52.51 MB used.
      Class:      8.09 MB used.
       Both:     60.59 MB used.

Virtual space:
  Non-class space:       56.00 MB reserved,      52.88 MB ( 94%) committed,  7 nodes.
      Class space:        1.00 GB reserved,       8.31 MB ( <1%) committed,  1 nodes.
             Both:        1.05 GB reserved,      61.19 MB (  6%) committed. 

Chunk freelists:
   Non-Class:  2.67 MB
       Class:  3.56 MB
        Both:  6.23 MB

MaxMetaspaceSize: unlimited
CompressedClassSpaceSize: 1.00 GB
Initial GC threshold: 21.00 MB
Current GC threshold: 93.25 MB
CDS: off
MetaspaceReclaimPolicy: balanced
 - commit_granule_bytes: 65536.
 - commit_granule_words: 8192.
 - virtual_space_node_default_size: 1048576.
 - enlarge_chunks_in_place: 1.
 - new_chunks_are_fully_committed: 0.
 - uncommit_free_chunks: 1.
 - use_allocation_guard: 0.
 - handle_deallocations: 1.


Internal statistics:

num_allocs_failed_limit: 3.
num_arena_births: 708.
num_arena_deaths: 0.
num_vsnodes_births: 8.
num_vsnodes_deaths: 0.
num_space_committed: 979.
num_space_uncommitted: 0.
num_chunks_returned_to_freelist: 3.
num_chunks_taken_from_freelist: 2819.
num_chunk_merges: 3.
num_chunk_splits: 1870.
num_chunks_enlarged: 1271.
num_purges: 0.
num_inconsistent_stats: 0.

CodeHeap 'non-profiled nmethods': size=120000Kb used=3067Kb max_used=3478Kb free=116932Kb
 bounds [0x00000238dea20000, 0x00000238ded90000, 0x00000238e5f50000]
CodeHeap 'profiled nmethods': size=120000Kb used=10474Kb max_used=10474Kb free=109525Kb
 bounds [0x00000238d6f50000, 0x00000238d7990000, 0x00000238de480000]
CodeHeap 'non-nmethods': size=5760Kb used=2343Kb max_used=2379Kb free=3416Kb
 bounds [0x00000238de480000, 0x00000238de6f0000, 0x00000238dea20000]
 total_blobs=6343 nmethods=5486 adapters=768
 compilation: enabled
              stopped_count=0, restarted_count=0
 full_count=0

Compilation events (20 events):
Event: 14.585 Thread 0x00000238ee43cc40 nmethod 6226 0x00000238dec4e910 code [0x00000238dec4eae0, 0x00000238dec4f6a8]
Event: 14.595 Thread 0x00000238ee445600 6228       3       org.gradle.internal.instantiation.generator.AbstractClassGenerator$ClassGenerationHandler::startType (1 bytes)
Event: 14.595 Thread 0x00000238ee445600 nmethod 6228 0x00000238d797f410 code [0x00000238d797f5a0, 0x00000238d797f6b8]
Event: 14.596 Thread 0x00000238ee43cc40 6229       4       org.objectweb.asm.SymbolTable$Entry::<init> (17 bytes)
Event: 14.599 Thread 0x00000238ee43cc40 nmethod 6229 0x00000238deb8d590 code [0x00000238deb8d700, 0x00000238deb8d918]
Event: 14.611 Thread 0x00000238ee445600 6230       3       java.lang.invoke.LambdaForm$MH/0x00000001000ac000::invoke (25 bytes)
Event: 14.612 Thread 0x00000238ee445600 nmethod 6230 0x00000238d797f790 code [0x00000238d797f960, 0x00000238d797fe58]
Event: 14.658 Thread 0x00000238ee445600 6231       3       jdk.internal.reflect.ConstantPool::getIntAt (10 bytes)
Event: 14.658 Thread 0x00000238ee445600 nmethod 6231 0x00000238d797ff90 code [0x00000238d7980120, 0x00000238d7980268]
Event: 14.659 Thread 0x00000238ee445600 6233       3       org.objectweb.asm.SymbolTable::addConstantIntegerOrFloat (100 bytes)
Event: 14.659 Thread 0x00000238ee43cc40 6234       4       org.objectweb.asm.ByteVector::put122 (93 bytes)
Event: 14.660 Thread 0x00000238ee445600 nmethod 6233 0x00000238d7980310 code [0x00000238d7980520, 0x00000238d7980a58]
Event: 14.660 Thread 0x00000238ee445600 6235       3       org.gradle.model.internal.asm.MethodVisitorScope::_IFNULL (9 bytes)
Event: 14.660 Thread 0x00000238ee445600 nmethod 6235 0x00000238d7980d10 code [0x00000238d7980ec0, 0x00000238d7981128]
Event: 14.661 Thread 0x00000238ee43cc40 nmethod 6234 0x00000238dec4e410 code [0x00000238dec4e5a0, 0x00000238dec4e788]
Event: 14.662 Thread 0x00000238ee43cc40 6236       4       org.objectweb.asm.SymbolTable::addConstantMemberReference (147 bytes)
Event: 14.797 Thread 0x00000238ee445600 6238       1       java.util.stream.FindOps$FindSink::cancellationRequested (5 bytes)
Event: 14.797 Thread 0x00000238ee445600 nmethod 6238 0x00000238dec4e110 code [0x00000238dec4e2a0, 0x00000238dec4e378]
Event: 14.816 Thread 0x00000238ee445600 6239       3       jdk.internal.org.objectweb.asm.MethodVisitor::visitTypeInsn (17 bytes)
Event: 14.816 Thread 0x00000238ee445600 nmethod 6239 0x00000238d7981210 code [0x00000238d79813c0, 0x00000238d79815c8]

GC Heap History (20 events):
Event: 9.819 GC heap before
{Heap before GC invocations=17 (full 0):
 garbage-first heap   total 102400K, used 79146K [0x0000000080000000, 0x0000000100000000)
  region size 1024K, 21 young (21504K), 2 survivors (2048K)
 Metaspace       used 45461K, committed 45888K, reserved 1089536K
  class space    used 6016K, committed 6208K, reserved 1048576K
}
Event: 9.823 GC heap after
{Heap after GC invocations=18 (full 0):
 garbage-first heap   total 122880K, used 57662K [0x0000000080000000, 0x0000000100000000)
  region size 1024K, 2 young (2048K), 2 survivors (2048K)
 Metaspace       used 45461K, committed 45888K, reserved 1089536K
  class space    used 6016K, committed 6208K, reserved 1048576K
}
Event: 10.272 GC heap before
{Heap before GC invocations=18 (full 0):
 garbage-first heap   total 122880K, used 68926K [0x0000000080000000, 0x0000000100000000)
  region size 1024K, 14 young (14336K), 2 survivors (2048K)
 Metaspace       used 46616K, committed 47040K, reserved 1097728K
  class space    used 6195K, committed 6400K, reserved 1048576K
}
Event: 10.276 GC heap after
{Heap after GC invocations=19 (full 0):
 garbage-first heap   total 122880K, used 59283K [0x0000000080000000, 0x0000000100000000)
  region size 1024K, 4 young (4096K), 4 survivors (4096K)
 Metaspace       used 46616K, committed 47040K, reserved 1097728K
  class space    used 6195K, committed 6400K, reserved 1048576K
}
Event: 10.540 GC heap before
{Heap before GC invocations=20 (full 0):
 garbage-first heap   total 122880K, used 75667K [0x0000000080000000, 0x0000000100000000)
  region size 1024K, 15 young (15360K), 4 survivors (4096K)
 Metaspace       used 47325K, committed 47808K, reserved 1097728K
  class space    used 6277K, committed 6464K, reserved 1048576K
}
Event: 10.545 GC heap after
{Heap after GC invocations=21 (full 0):
 garbage-first heap   total 122880K, used 67845K [0x0000000080000000, 0x0000000100000000)
  region size 1024K, 6 young (6144K), 6 survivors (6144K)
 Metaspace       used 47325K, committed 47808K, reserved 1097728K
  class space    used 6277K, committed 6464K, reserved 1048576K
}
Event: 11.144 GC heap before
{Heap before GC invocations=22 (full 0):
 garbage-first heap   total 122880K, used 92421K [0x0000000080000000, 0x0000000100000000)
  region size 1024K, 29 young (29696K), 6 survivors (6144K)
 Metaspace       used 49621K, committed 50176K, reserved 1097728K
  class space    used 6510K, committed 6720K, reserved 1048576K
}
Event: 11.151 GC heap after
{Heap after GC invocations=23 (full 0):
 garbage-first heap   total 122880K, used 68836K [0x0000000080000000, 0x0000000100000000)
  region size 1024K, 2 young (2048K), 2 survivors (2048K)
 Metaspace       used 49621K, committed 50176K, reserved 1097728K
  class space    used 6510K, committed 6720K, reserved 1048576K
}
Event: 11.898 GC heap before
{Heap before GC invocations=23 (full 0):
 garbage-first heap   total 122880K, used 93412K [0x0000000080000000, 0x0000000100000000)
  region size 1024K, 27 young (27648K), 2 survivors (2048K)
 Metaspace       used 52296K, committed 52928K, reserved 1097728K
  class space    used 6993K, committed 7296K, reserved 1048576K
}
Event: 11.903 GC heap after
{Heap after GC invocations=24 (full 0):
 garbage-first heap   total 122880K, used 70650K [0x0000000080000000, 0x0000000100000000)
  region size 1024K, 4 young (4096K), 4 survivors (4096K)
 Metaspace       used 52296K, committed 52928K, reserved 1097728K
  class space    used 6993K, committed 7296K, reserved 1048576K
}
Event: 12.791 GC heap before
{Heap before GC invocations=25 (full 0):
 garbage-first heap   total 122880K, used 95226K [0x0000000080000000, 0x0000000100000000)
  region size 1024K, 29 young (29696K), 4 survivors (4096K)
 Metaspace       used 55508K, committed 56192K, reserved 1105920K
  class space    used 7509K, committed 7808K, reserved 1048576K
}
Event: 12.797 GC heap after
{Heap after GC invocations=26 (full 0):
 garbage-first heap   total 122880K, used 72278K [0x0000000080000000, 0x0000000100000000)
  region size 1024K, 4 young (4096K), 4 survivors (4096K)
 Metaspace       used 55508K, committed 56192K, reserved 1105920K
  class space    used 7509K, committed 7808K, reserved 1048576K
}
Event: 13.604 GC heap before
{Heap before GC invocations=26 (full 0):
 garbage-first heap   total 122880K, used 96854K [0x0000000080000000, 0x0000000100000000)
  region size 1024K, 29 young (29696K), 4 survivors (4096K)
 Metaspace       used 56261K, committed 56960K, reserved 1105920K
  class space    used 7568K, committed 7872K, reserved 1048576K
}
Event: 13.610 GC heap after
{Heap after GC invocations=27 (full 0):
 garbage-first heap   total 122880K, used 73925K [0x0000000080000000, 0x0000000100000000)
  region size 1024K, 4 young (4096K), 4 survivors (4096K)
 Metaspace       used 56261K, committed 56960K, reserved 1105920K
  class space    used 7568K, committed 7872K, reserved 1048576K
}
Event: 13.692 GC heap before
{Heap before GC invocations=28 (full 0):
 garbage-first heap   total 130048K, used 74949K [0x0000000080000000, 0x0000000100000000)
  region size 1024K, 6 young (6144K), 4 survivors (4096K)
 Metaspace       used 56285K, committed 56960K, reserved 1105920K
  class space    used 7569K, committed 7872K, reserved 1048576K
}
Event: 13.697 GC heap after
{Heap after GC invocations=29 (full 0):
 garbage-first heap   total 130048K, used 75403K [0x0000000080000000, 0x0000000100000000)
  region size 1024K, 3 young (3072K), 3 survivors (3072K)
 Metaspace       used 56285K, committed 56960K, reserved 1105920K
  class space    used 7569K, committed 7872K, reserved 1048576K
}
Event: 13.908 GC heap before
{Heap before GC invocations=30 (full 0):
 garbage-first heap   total 132096K, used 83595K [0x0000000080000000, 0x0000000100000000)
  region size 1024K, 11 young (11264K), 3 survivors (3072K)
 Metaspace       used 56639K, committed 57280K, reserved 1105920K
  class space    used 7627K, committed 7936K, reserved 1048576K
}
Event: 13.912 GC heap after
{Heap after GC invocations=31 (full 0):
 garbage-first heap   total 132096K, used 81381K [0x0000000080000000, 0x0000000100000000)
  region size 1024K, 4 young (4096K), 4 survivors (4096K)
 Metaspace       used 56639K, committed 57280K, reserved 1105920K
  class space    used 7627K, committed 7936K, reserved 1048576K
}
Event: 14.401 GC heap before
{Heap before GC invocations=32 (full 0):
 garbage-first heap   total 140288K, used 100837K [0x0000000080000000, 0x0000000100000000)
  region size 1024K, 23 young (23552K), 4 survivors (4096K)
 Metaspace       used 58975K, committed 59648K, reserved 1105920K
  class space    used 7945K, committed 8256K, reserved 1048576K
}
Event: 14.404 GC heap after
{Heap after GC invocations=33 (full 0):
 garbage-first heap   total 140288K, used 83178K [0x0000000080000000, 0x0000000100000000)
  region size 1024K, 2 young (2048K), 2 survivors (2048K)
 Metaspace       used 58975K, committed 59648K, reserved 1105920K
  class space    used 7945K, committed 8256K, reserved 1048576K
}

Dll operation events (2 events):
Event: 0.015 Loaded shared library D:\AndroidStudio\download_data\jbr\bin\java.dll
Event: 0.621 Loaded shared library D:\AndroidStudio\download_data\jbr\bin\verify.dll

Deoptimization events (20 events):
Event: 14.451 Thread 0x00000238f1b10890 Uncommon trap: trap_request=0xffffffde fr.pc=0x00000238debe57d4 relative=0x0000000000000854
Event: 14.451 Thread 0x00000238f1b10890 Uncommon trap: reason=class_check action=maybe_recompile pc=0x00000238debe57d4 method=java.io.BufferedInputStream.read1([BII)I @ 39 c2
Event: 14.451 Thread 0x00000238f1b10890 DEOPT PACKING pc=0x00000238debe57d4 sp=0x000000c8e87f6340
Event: 14.451 Thread 0x00000238f1b10890 DEOPT UNPACKING pc=0x00000238de4da1a3 sp=0x000000c8e87f6258 mode 2
Event: 14.470 Thread 0x00000238f1b10890 Uncommon trap: trap_request=0xffffffde fr.pc=0x00000238debe57d4 relative=0x0000000000000854
Event: 14.470 Thread 0x00000238f1b10890 Uncommon trap: reason=class_check action=maybe_recompile pc=0x00000238debe57d4 method=java.io.BufferedInputStream.read1([BII)I @ 39 c2
Event: 14.470 Thread 0x00000238f1b10890 DEOPT PACKING pc=0x00000238debe57d4 sp=0x000000c8e87f6dd0
Event: 14.470 Thread 0x00000238f1b10890 DEOPT UNPACKING pc=0x00000238de4da1a3 sp=0x000000c8e87f6ce8 mode 2
Event: 14.471 Thread 0x00000238f1b10890 Uncommon trap: trap_request=0xffffffde fr.pc=0x00000238deb789a0 relative=0x00000000000001e0
Event: 14.471 Thread 0x00000238f1b10890 Uncommon trap: reason=class_check action=maybe_recompile pc=0x00000238deb789a0 method=java.io.BufferedInputStream.read1([BII)I @ 39 c2
Event: 14.471 Thread 0x00000238f1b10890 DEOPT PACKING pc=0x00000238deb789a0 sp=0x000000c8e87f6d20
Event: 14.471 Thread 0x00000238f1b10890 DEOPT UNPACKING pc=0x00000238de4da1a3 sp=0x000000c8e87f6cd8 mode 2
Event: 14.595 Thread 0x00000238f1b10890 Uncommon trap: trap_request=0xffffff45 fr.pc=0x00000238deb90c6c relative=0x00000000000002ac
Event: 14.595 Thread 0x00000238f1b10890 Uncommon trap: reason=unstable_if action=reinterpret pc=0x00000238deb90c6c method=org.gradle.internal.instantiation.generator.AbstractClassGenerator$InjectionAnnotationValidator.validateMethod(Ljava/lang/reflect/Method;Lorg/gradle/internal/reflect/Propert
Event: 14.595 Thread 0x00000238f1b10890 DEOPT PACKING pc=0x00000238deb90c6c sp=0x000000c8e87f6720
Event: 14.595 Thread 0x00000238f1b10890 DEOPT UNPACKING pc=0x00000238de4da1a3 sp=0x000000c8e87f66e8 mode 2
Event: 14.595 Thread 0x00000238f1b10890 Uncommon trap: trap_request=0xffffffde fr.pc=0x00000238deb8f490 relative=0x0000000000000410
Event: 14.595 Thread 0x00000238f1b10890 Uncommon trap: reason=class_check action=maybe_recompile pc=0x00000238deb8f490 method=org.gradle.internal.instantiation.generator.AbstractClassGenerator$InjectionAnnotationValidator.validateMethod(Ljava/lang/reflect/Method;Lorg/gradle/internal/reflect/Pro
Event: 14.595 Thread 0x00000238f1b10890 DEOPT PACKING pc=0x00000238deb8f490 sp=0x000000c8e87f6680
Event: 14.595 Thread 0x00000238f1b10890 DEOPT UNPACKING pc=0x00000238de4da1a3 sp=0x000000c8e87f6650 mode 2

Classes unloaded (0 events):
No events

Classes redefined (0 events):
No events

Internal exceptions (20 events):
Event: 11.656 Thread 0x00000238f1b10890 Exception <a 'java/lang/ClassNotFoundException'{0x00000000867b6778}: org/jetbrains/plugins/gradle/model/web/WebConfigurationBeanInfo> (0x00000000867b6778) 
thrown [s\src\hotspot\share\classfile\systemDictionary.cpp, line 256]
Event: 11.657 Thread 0x00000238f1b10890 Exception <a 'java/lang/ClassNotFoundException'{0x00000000867beb00}: org/jetbrains/plugins/gradle/model/web/WebConfigurationCustomizer> (0x00000000867beb00) 
thrown [s\src\hotspot\share\classfile\systemDictionary.cpp, line 256]
Event: 11.662 Thread 0x00000238f1b10890 Exception <a 'java/lang/ClassNotFoundException'{0x00000000867dd060}: org/jetbrains/plugins/gradle/model/scala/ScalaModelBeanInfo> (0x00000000867dd060) 
thrown [s\src\hotspot\share\classfile\systemDictionary.cpp, line 256]
Event: 11.662 Thread 0x00000238f1b10890 Exception <a 'java/lang/ClassNotFoundException'{0x00000000867e5368}: org/jetbrains/plugins/gradle/model/scala/ScalaModelCustomizer> (0x00000000867e5368) 
thrown [s\src\hotspot\share\classfile\systemDictionary.cpp, line 256]
Event: 11.670 Thread 0x00000238f1b10890 Exception <a 'java/lang/ClassNotFoundException'{0x0000000086617388}: org/jetbrains/plugins/gradle/model/DependencyAccessorsModelBeanInfo> (0x0000000086617388) 
thrown [s\src\hotspot\share\classfile\systemDictionary.cpp, line 256]
Event: 11.670 Thread 0x00000238f1b10890 Exception <a 'java/lang/ClassNotFoundException'{0x000000008661f738}: org/jetbrains/plugins/gradle/model/DependencyAccessorsModelCustomizer> (0x000000008661f738) 
thrown [s\src\hotspot\share\classfile\systemDictionary.cpp, line 256]
Event: 11.890 Thread 0x00000238f1b10890 Exception <a 'java/lang/ClassNotFoundException'{0x0000000085f54b60}: org/gradle/api/internal/project/DefaultProject_DecoratedBeanInfo> (0x0000000085f54b60) 
thrown [s\src\hotspot\share\classfile\systemDictionary.cpp, line 256]
Event: 11.891 Thread 0x00000238f1b10890 Exception <a 'java/lang/ClassNotFoundException'{0x0000000085f616b8}: org/gradle/api/internal/project/DefaultProjectBeanInfo> (0x0000000085f616b8) 
thrown [s\src\hotspot\share\classfile\systemDictionary.cpp, line 256]
Event: 11.892 Thread 0x00000238f1b10890 Exception <a 'java/lang/ClassNotFoundException'{0x0000000085f6e218}: org/gradle/api/internal/project/DefaultProjectCustomizer> (0x0000000085f6e218) 
thrown [s\src\hotspot\share\classfile\systemDictionary.cpp, line 256]
Event: 11.909 Thread 0x00000238f1b10890 Exception <a 'java/lang/ClassNotFoundException'{0x0000000087d1b4e8}: org/gradle/api/internal/project/DefaultProject_DecoratedCustomizer> (0x0000000087d1b4e8) 
thrown [s\src\hotspot\share\classfile\systemDictionary.cpp, line 256]
Event: 12.691 Thread 0x00000238f1b10890 Exception <a 'java/lang/NoSuchMethodError'{0x00000000861d51f0}: 'java.lang.Object java.lang.invoke.DirectMethodHandle$Holder.newInvokeSpecial(java.lang.Object, java.lang.Object, java.lang.Object, java.lang.Object, java.lang.Object, int)'> (0x00000000861d51f0) 
thrown [s\src\hotspot\share\interpreter\linkResolver.cpp, line 771]
Event: 12.691 Thread 0x00000238f1b10890 Exception <a 'java/lang/NoSuchMethodError'{0x00000000861da848}: 'java.lang.Object java.lang.invoke.DirectMethodHandle$Holder.invokeSpecial(java.lang.Object, java.lang.Object, java.lang.Object, java.lang.Object, java.lang.Object, java.lang.Object, int)'> (0x00000000861da848) 
thrown [s\src\hotspot\share\interpreter\linkResolver.cpp, line 771]
Event: 12.714 Thread 0x00000238f1b10890 Exception <a 'java/lang/NoSuchMethodError'{0x000000008607bb78}: 'void java.lang.invoke.DirectMethodHandle$Holder.invokeStatic(java.lang.Object, java.lang.Object, java.lang.Object, int, java.lang.Object)'> (0x000000008607bb78) 
thrown [s\src\hotspot\share\interpreter\linkResolver.cpp, line 771]
Event: 13.197 Thread 0x00000238f1b10890 Implicit null exception at 0x00000238dec30d6f to 0x00000238dec30fb8
Event: 13.661 Thread 0x00000238f1b10890 Implicit null exception at 0x00000238dea45b0f to 0x00000238dea46214
Event: 13.661 Thread 0x00000238f1b10890 Implicit null exception at 0x00000238dec31594 to 0x00000238dec31c64
Event: 14.190 Thread 0x00000238f1b10890 Exception <a 'java/lang/NoSuchMethodError'{0x0000000087ed51c0}: 'java.lang.Object java.lang.invoke.DirectMethodHandle$Holder.newInvokeSpecial(java.lang.Object, java.lang.Object, java.lang.Object, java.lang.Object, int)'> (0x0000000087ed51c0) 
thrown [s\src\hotspot\share\interpreter\linkResolver.cpp, line 771]
Event: 14.191 Thread 0x00000238f1b10890 Exception <a 'java/lang/NoSuchMethodError'{0x0000000087eda608}: 'java.lang.Object java.lang.invoke.DirectMethodHandle$Holder.invokeSpecial(java.lang.Object, java.lang.Object, java.lang.Object, java.lang.Object, java.lang.Object, int)'> (0x0000000087eda608) 
thrown [s\src\hotspot\share\interpreter\linkResolver.cpp, line 771]
Event: 14.191 Thread 0x00000238f1b10890 Exception <a 'java/lang/NoSuchMethodError'{0x0000000087edf388}: 'java.lang.Object java.lang.invoke.Invokers$Holder.linkToTargetMethod(java.lang.Object, java.lang.Object, java.lang.Object, int, java.lang.Object)'> (0x0000000087edf388) 
thrown [s\src\hotspot\share\interpreter\linkResolver.cpp, line 771]
Event: 14.565 Thread 0x00000238f1b10890 Exception <a 'java/lang/NoSuchMethodError'{0x00000000884ba518}: 'int java.lang.invoke.DirectMethodHandle$Holder.invokeInterface(java.lang.Object, java.lang.Object, java.lang.Object, java.lang.Object)'> (0x00000000884ba518) 
thrown [s\src\hotspot\share\interpreter\linkResolver.cpp, line 771]

VM Operations (20 events):
Event: 13.689 Executing VM operation: G1Concurrent
Event: 13.689 Executing VM operation: G1Concurrent done
Event: 13.692 Executing VM operation: G1TryInitiateConcMark
Event: 13.698 Executing VM operation: G1TryInitiateConcMark done
Event: 13.751 Executing VM operation: G1Concurrent
Event: 13.755 Executing VM operation: G1Concurrent done
Event: 13.778 Executing VM operation: G1Concurrent
Event: 13.779 Executing VM operation: G1Concurrent done
Event: 13.908 Executing VM operation: G1TryInitiateConcMark
Event: 13.912 Executing VM operation: G1TryInitiateConcMark done
Event: 13.961 Executing VM operation: G1Concurrent
Event: 13.964 Executing VM operation: G1Concurrent done
Event: 13.989 Executing VM operation: G1Concurrent
Event: 13.989 Executing VM operation: G1Concurrent done
Event: 14.400 Executing VM operation: G1CollectForAllocation
Event: 14.404 Executing VM operation: G1CollectForAllocation done
Event: 14.546 Executing VM operation: HandshakeAllThreads
Event: 14.547 Executing VM operation: HandshakeAllThreads done
Event: 14.564 Executing VM operation: HandshakeAllThreads
Event: 14.564 Executing VM operation: HandshakeAllThreads done

Events (20 events):
Event: 14.827 loading class java/time/format/DateTimeFormatterBuilder$CharLiteralPrinterParser done
Event: 14.827 loading class java/time/format/DateTimeFormatterBuilder$CompositePrinterParser
Event: 14.827 loading class java/time/format/DateTimeFormatterBuilder$CompositePrinterParser done
Event: 14.827 loading class java/time/format/DecimalStyle
Event: 14.827 loading class java/time/format/DecimalStyle done
Event: 14.827 loading class java/time/format/DateTimeFormatterBuilder$SettingsParser
Event: 14.827 loading class java/time/format/DateTimeFormatterBuilder$SettingsParser done
Event: 14.827 loading class java/time/format/DateTimeFormatterBuilder$OffsetIdPrinterParser
Event: 14.828 loading class java/time/format/DateTimeFormatterBuilder$OffsetIdPrinterParser done
Event: 14.828 loading class java/time/format/DateTimeFormatterBuilder$FractionPrinterParser
Event: 14.828 loading class java/time/format/DateTimeFormatterBuilder$FractionPrinterParser done
Event: 14.828 loading class java/time/format/DateTimeFormatterBuilder$ZoneIdPrinterParser
Event: 14.828 loading class java/time/format/DateTimeFormatterBuilder$ZoneIdPrinterParser done
Event: 14.828 loading class java/time/format/DateTimeFormatterBuilder$StringLiteralPrinterParser
Event: 14.829 loading class java/time/format/DateTimeFormatterBuilder$StringLiteralPrinterParser done
Event: 14.829 loading class java/time/format/DateTimeFormatterBuilder$InstantPrinterParser
Event: 14.829 loading class java/time/format/DateTimeFormatterBuilder$InstantPrinterParser done
Event: 14.829 loading class java/time/format/DateTimeTextProvider$LocaleStore
Event: 14.830 loading class java/time/format/DateTimeTextProvider$LocaleStore done
Event: 14.830 loading class java/time/format/DateTimeTextProvider


Dynamic libraries:
0x00007ff62c4d0000 - 0x00007ff62c4da000 	D:\AndroidStudio\download_data\jbr\bin\java.exe
0x00007ff912570000 - 0x00007ff912768000 	C:\WINDOWS\SYSTEM32\ntdll.dll
0x00007ff912450000 - 0x00007ff91250d000 	C:\WINDOWS\System32\KERNEL32.DLL
0x00007ff90fc80000 - 0x00007ff90ff76000 	C:\WINDOWS\System32\KERNELBASE.dll
0x00007ff9100d0000 - 0x00007ff9101d0000 	C:\WINDOWS\System32\ucrtbase.dll
0x00007ff8fa710000 - 0x00007ff8fa727000 	D:\AndroidStudio\download_data\jbr\bin\jli.dll
0x00007ff90bcd0000 - 0x00007ff90bceb000 	D:\AndroidStudio\download_data\jbr\bin\VCRUNTIME140.dll
0x00007ff910cc0000 - 0x00007ff910e5f000 	C:\WINDOWS\System32\USER32.dll
0x00007ff90fc50000 - 0x00007ff90fc72000 	C:\WINDOWS\System32\win32u.dll
0x00007ff8f9380000 - 0x00007ff8f961a000 	C:\WINDOWS\WinSxS\amd64_microsoft.windows.common-controls_6595b64144ccf1df_6.0.19041.4355_none_60b8b9eb71f62e16\COMCTL32.dll
0x00007ff910c90000 - 0x00007ff910cbb000 	C:\WINDOWS\System32\GDI32.dll
0x00007ff910e60000 - 0x00007ff910efe000 	C:\WINDOWS\System32\msvcrt.dll
0x00007ff9103a0000 - 0x00007ff9104b7000 	C:\WINDOWS\System32\gdi32full.dll
0x00007ff910030000 - 0x00007ff9100cd000 	C:\WINDOWS\System32\msvcp_win.dll
0x00007ff910f00000 - 0x00007ff910f32000 	C:\WINDOWS\System32\IMM32.DLL
0x00007ff8fa750000 - 0x00007ff8fa75c000 	D:\AndroidStudio\download_data\jbr\bin\vcruntime140_1.dll
0x00007ff8cce40000 - 0x00007ff8ccecd000 	D:\AndroidStudio\download_data\jbr\bin\msvcp140.dll
0x00007ff8a67a0000 - 0x00007ff8a740e000 	D:\AndroidStudio\download_data\jbr\bin\server\jvm.dll
0x00007ff910a10000 - 0x00007ff910ac0000 	C:\WINDOWS\System32\ADVAPI32.dll
0x00007ff910bf0000 - 0x00007ff910c90000 	C:\WINDOWS\System32\sechost.dll
0x00007ff911010000 - 0x00007ff911133000 	C:\WINDOWS\System32\RPCRT4.dll
0x00007ff90fc20000 - 0x00007ff90fc47000 	C:\WINDOWS\System32\bcrypt.dll
0x00007ff8f7c70000 - 0x00007ff8f7c79000 	C:\WINDOWS\SYSTEM32\WSOCK32.dll
0x00007ff90def0000 - 0x00007ff90df17000 	C:\WINDOWS\SYSTEM32\WINMM.dll
0x00007ff910b80000 - 0x00007ff910beb000 	C:\WINDOWS\System32\WS2_32.dll
0x00007ff909e70000 - 0x00007ff909e7a000 	C:\WINDOWS\SYSTEM32\VERSION.dll
0x00007ff90e5a0000 - 0x00007ff90e5b2000 	C:\WINDOWS\SYSTEM32\kernel.appcore.dll
0x00007ff90bd10000 - 0x00007ff90bd1a000 	D:\AndroidStudio\download_data\jbr\bin\jimage.dll
0x00007ff90dd00000 - 0x00007ff90dee4000 	C:\WINDOWS\SYSTEM32\DBGHELP.DLL
0x00007ff90dcb0000 - 0x00007ff90dce4000 	C:\WINDOWS\SYSTEM32\dbgcore.DLL
0x00007ff9104c0000 - 0x00007ff910542000 	C:\WINDOWS\System32\bcryptPrimitives.dll
0x00007ff8fab70000 - 0x00007ff8fab95000 	D:\AndroidStudio\download_data\jbr\bin\java.dll
0x00007ff908a90000 - 0x00007ff908aa8000 	D:\AndroidStudio\download_data\jbr\bin\zip.dll
0x00007ff9116f0000 - 0x00007ff911e5b000 	C:\WINDOWS\System32\SHELL32.dll
0x00007ff907610000 - 0x00007ff907dad000 	C:\WINDOWS\SYSTEM32\windows.storage.dll
0x00007ff9120e0000 - 0x00007ff912433000 	C:\WINDOWS\System32\combase.dll
0x00007ff90f560000 - 0x00007ff90f58e000 	C:\WINDOWS\SYSTEM32\Wldp.dll
0x00007ff912010000 - 0x00007ff9120dd000 	C:\WINDOWS\System32\OLEAUT32.dll
0x00007ff910ad0000 - 0x00007ff910b7d000 	C:\WINDOWS\System32\SHCORE.dll
0x00007ff910fa0000 - 0x00007ff910ff5000 	C:\WINDOWS\System32\shlwapi.dll
0x00007ff90fb50000 - 0x00007ff90fb74000 	C:\WINDOWS\SYSTEM32\profapi.dll
0x00007ff8faa80000 - 0x00007ff8faa99000 	D:\AndroidStudio\download_data\jbr\bin\net.dll
0x00007ff907e20000 - 0x00007ff907f2a000 	C:\WINDOWS\SYSTEM32\WINHTTP.dll
0x00007ff90f340000 - 0x00007ff90f3aa000 	C:\WINDOWS\system32\mswsock.dll
0x00007ff8fa730000 - 0x00007ff8fa746000 	D:\AndroidStudio\download_data\jbr\bin\nio.dll
0x00007ff90ac90000 - 0x00007ff90aca0000 	D:\AndroidStudio\download_data\jbr\bin\verify.dll
0x00007ff8f8ad0000 - 0x00007ff8f8af7000 	C:\Users\User\.gradle\native\68d5fa5c4cc2d200863cafc0d521ce42e7d3e7ee720ec0a83991735586a16f82\windows-amd64\native-platform.dll
0x00007ff8cad50000 - 0x00007ff8cae94000 	C:\Users\User\.gradle\native\e376f236ea51e6404a007f0833ffe2c6e607c4080706a723a18a27aeea778392\windows-amd64\native-platform-file-events.dll
0x00007ff90a020000 - 0x00007ff90a029000 	D:\AndroidStudio\download_data\jbr\bin\management.dll
0x00007ff900d90000 - 0x00007ff900d9b000 	D:\AndroidStudio\download_data\jbr\bin\management_ext.dll
0x00007ff912440000 - 0x00007ff912448000 	C:\WINDOWS\System32\PSAPI.DLL
0x00007ff90f5a0000 - 0x00007ff90f5b8000 	C:\WINDOWS\SYSTEM32\CRYPTSP.dll
0x00007ff90ec10000 - 0x00007ff90ec44000 	C:\WINDOWS\system32\rsaenh.dll
0x00007ff90fac0000 - 0x00007ff90faee000 	C:\WINDOWS\SYSTEM32\USERENV.dll
0x00007ff90f4d0000 - 0x00007ff90f4dc000 	C:\WINDOWS\SYSTEM32\CRYPTBASE.dll
0x00007ff90eff0000 - 0x00007ff90f02b000 	C:\WINDOWS\SYSTEM32\IPHLPAPI.DLL
0x00007ff910ac0000 - 0x00007ff910ac8000 	C:\WINDOWS\System32\NSI.dll
0x00007ff909000000 - 0x00007ff909017000 	C:\WINDOWS\SYSTEM32\dhcpcsvc6.DLL
0x00007ff908f70000 - 0x00007ff908f8d000 	C:\WINDOWS\SYSTEM32\dhcpcsvc.DLL
0x00007ff90f040000 - 0x00007ff90f10b000 	C:\WINDOWS\SYSTEM32\DNSAPI.dll
0x00007ff8a0e40000 - 0x00007ff8a0e47000 	C:\WINDOWS\system32\wshunix.dll

dbghelp: loaded successfully - version: 4.0.5 - missing functions: none
symbol engine: initialized successfully - sym options: 0x614 - pdb path: .;D:\AndroidStudio\download_data\jbr\bin;C:\WINDOWS\SYSTEM32;C:\WINDOWS\WinSxS\amd64_microsoft.windows.common-controls_6595b64144ccf1df_6.0.19041.4355_none_60b8b9eb71f62e16;D:\AndroidStudio\download_data\jbr\bin\server;C:\Users\User\.gradle\native\68d5fa5c4cc2d200863cafc0d521ce42e7d3e7ee720ec0a83991735586a16f82\windows-amd64;C:\Users\User\.gradle\native\e376f236ea51e6404a007f0833ffe2c6e607c4080706a723a18a27aeea778392\windows-amd64

VM Arguments:
jvm_args: --add-opens=java.base/java.util=ALL-UNNAMED --add-opens=java.base/java.lang=ALL-UNNAMED --add-opens=java.base/java.lang.invoke=ALL-UNNAMED --add-opens=java.prefs/java.util.prefs=ALL-UNNAMED --add-opens=java.base/java.nio.charset=ALL-UNNAMED --add-opens=java.base/java.net=ALL-UNNAMED --add-opens=java.base/java.util.concurrent.atomic=ALL-UNNAMED -Xmx2048m -Dfile.encoding=UTF-8 -Duser.country=US -Duser.language=en -Duser.variant 
java_command: org.gradle.launcher.daemon.bootstrap.GradleDaemon 8.0
java_class_path (initial): C:\Users\User\.gradle\wrapper\dists\gradle-8.0-bin\ca5e32bp14vu59qr306oxotwh\gradle-8.0\lib\gradle-launcher-8.0.jar
Launcher Type: SUN_STANDARD

[Global flags]
     intx CICompilerCount                          = 4                                         {product} {ergonomic}
     uint ConcGCThreads                            = 2                                         {product} {ergonomic}
     uint G1ConcRefinementThreads                  = 8                                         {product} {ergonomic}
   size_t G1HeapRegionSize                         = 1048576                                   {product} {ergonomic}
    uintx GCDrainStackTargetSize                   = 64                                        {product} {ergonomic}
   size_t InitialHeapSize                          = 132120576                                 {product} {ergonomic}
   size_t MarkStackSize                            = 4194304                                   {product} {ergonomic}
   size_t MaxHeapSize                              = 2147483648                                {product} {command line}
   size_t MaxNewSize                               = 1287651328                                {product} {ergonomic}
   size_t MinHeapDeltaBytes                        = 1048576                                   {product} {ergonomic}
   size_t MinHeapSize                              = 8388608                                   {product} {ergonomic}
    uintx NonNMethodCodeHeapSize                   = 5839372                                {pd product} {ergonomic}
    uintx NonProfiledCodeHeapSize                  = 122909434                              {pd product} {ergonomic}
    uintx ProfiledCodeHeapSize                     = 122909434                              {pd product} {ergonomic}
    uintx ReservedCodeCacheSize                    = 251658240                              {pd product} {ergonomic}
     bool SegmentedCodeCache                       = true                                      {product} {ergonomic}
   size_t SoftMaxHeapSize                          = 2147483648                             {manageable} {ergonomic}
     bool UseCompressedClassPointers               = true                           {product lp64_product} {ergonomic}
     bool UseCompressedOops                        = true                           {product lp64_product} {ergonomic}
     bool UseG1GC                                  = true                                      {product} {ergonomic}
     bool UseLargePagesIndividualAllocation        = false                                  {pd product} {ergonomic}

Logging:
Log output configuration:
 #0: stdout all=warning uptime,level,tags
 #1: stderr all=off uptime,level,tags

Environment Variables:
CLASSPATH=D:\JDBC\sqljdbc_11.2\enu\mssql-jdbc-11.2.0.jre8.jar;
PATH=C:\Program Files (x86)\Common Files\Oracle\Java\javapath;C:\Windows\system32;C:\Windows;C:\Windows\System32\Wbem;C:\Windows\System32\WindowsPowerShell\v1.0\;C:\Windows\System32\OpenSSH\;C:\Program Files\NVIDIA Corporation\NVIDIA NvDLISR;C:\Program Files (x86)\GtkSharp\2.12\bin;D:\CHOCOLATELY\chocolatey\bin;C:\Program Files\dotnet\;C:\Program Files\Azure Data Studio\bin;C:\WINDOWS\system32;C:\WINDOWS;C:\WINDOWS\System32\Wbem;C:\WINDOWS\System32\WindowsPowerShell\v1.0\;C:\WINDOWS\System32\OpenSSH\;C:\Program Files\Microsoft SQL Server\Client SDK\ODBC\170\Tools\Binn\;C:\Program Files (x86)\Microsoft SQL Server\150\Tools\Binn\;C:\Program Files\Microsoft SQL Server\150\Tools\Binn\;C:\Program Files\Microsoft SQL Server\150\DTS\Binn\;C:\Program Files (x86)\Microsoft SQL Server\150\DTS\Binn\;C:\Program Files (x86)\Microsoft SQL Server\160\DTS\Binn\;".;D:\JDBC\sqljdbc_11.2\enu\auth\x64\mssql-jdbc_auth-11.2.0.x64.dll";D:\gitHub\git\Git\cmd;D:\gitHub\git\Git\bin;D:\Docker\Docker\Docker\resources\bin;D:\maven\apache-maven-3.9.4\bin;D:\codingProject\flutter\flutter\bin;D:\AndroidStudio\sdk;C:\Users\User\AppData\Roaming\npm;C:\Users\User\AppData\Roaming\npm\node_modules\@angular\cli\bin;D:\npm\nodejs\;C:\Program Files (x86)\dotnet\;D:\python\python311\Scripts\;D:\python\python311\;C:\Program Files\Java\jdk1.8.0_331\bin;D:\VSCODE\VSCODE_Installation\bin;D:\php;D:\VS\VS2022\Common7\IDE;C:\Users\User\.dotnet\tools
USERNAME=User
OS=Windows_NT
PROCESSOR_IDENTIFIER=Intel64 Family 6 Model 126 Stepping 5, GenuineIntel
TMP=C:\Users\User\AppData\Local\Temp
TEMP=C:\Users\User\AppData\Local\Temp


JNI global refs:
JNI global refs: 27, weak refs: 2

JNI global refs memory usage: 843, weak refs: 841


---------------  S Y S T E M  ---------------

OS:
 Windows 10 , 64 bit Build 19041 (10.0.19041.3636)
OS uptime: 0 days 4:59 hours
Hyper-V role detected

CPU: total 8 (initial active 8) (4 cores per cpu, 2 threads per core) family 6 model 126 stepping 5 microcode 0xc2, cx8, cmov, fxsr, ht, mmx, 3dnowpref, sse, sse2, sse3, ssse3, sse4.1, sse4.2, popcnt, lzcnt, tsc, tscinvbit, avx, avx2, aes, erms, clmul, bmi1, bmi2, adx, avx512f, avx512dq, avx512cd, avx512bw, avx512vl, sha, fma, vzeroupper, avx512_vpopcntdq, avx512_vpclmulqdq, avx512_vaes, avx512_vnni, clflush, clflushopt, avx512_vbmi2, avx512_vbmi, hv

Memory: 4k page, system-wide physical 7959M (445M free)
TotalPageFile size 14519M (AvailPageFile size 3M)
current process WorkingSet (physical memory assigned to process): 351M, peak: 351M
current process commit charge ("private bytes"): 388M, peak: 389M

vm_info: OpenJDK 64-Bit Server VM (17.0.6+0-b2043.56-10027231) for windows-amd64 JRE (17.0.6+0-b2043.56-10027231), built on Apr 28 2023 00:43:19 by "androidbuild" with MS VC++ 16.10 / 16.11 (VS2019)

END.
