#
# There is insufficient memory for the Java Runtime Environment to continue.
# Native memory allocation (mmap) failed to map 33554432 bytes for G1 virtual space
# Possible reasons:
#   The system is out of physical RAM or swap space
#   The process is running with CompressedOops enabled, and the Java Heap may be blocking the growth of the native heap
# Possible solutions:
#   Reduce memory load on the system
#   Increase physical memory or swap space
#   Check if swap backing store is full
#   Decrease Java heap size (-Xmx/-Xms)
#   Decrease number of Java threads
#   Decrease Java thread stack sizes (-Xss)
#   Set larger code cache with -XX:ReservedCodeCacheSize=
#   JVM is running with Unscaled Compressed Oops mode in which the Java heap is
#     placed in the first 4GB address space. The Java Heap base address is the
#     maximum limit for the native heap growth. Please use -XX:HeapBaseMinAddress
#     to set the Java Heap base and to place the Java Heap above 4GB virtual address.
# This output file may be truncated or incomplete.
#
#  Out of Memory Error (os_windows.cpp:3769), pid=10604, tid=18488
#
# JRE version: OpenJDK Runtime Environment (17.0.6) (build 17.0.6+0-b2043.56-10027231)
# Java VM: OpenJDK 64-Bit Server VM (17.0.6+0-b2043.56-10027231, mixed mode, tiered, compressed oops, compressed class ptrs, g1 gc, windows-amd64)
# No core dump will be written. Minidumps are not enabled by default on client versions of Windows
#

---------------  S U M M A R Y ------------

Command Line: --add-opens=java.base/java.util=ALL-UNNAMED --add-opens=java.base/java.lang=ALL-UNNAMED --add-opens=java.base/java.lang.invoke=ALL-UNNAMED --add-opens=java.prefs/java.util.prefs=ALL-UNNAMED --add-opens=java.base/java.nio.charset=ALL-UNNAMED --add-opens=java.base/java.net=ALL-UNNAMED --add-opens=java.base/java.util.concurrent.atomic=ALL-UNNAMED -Xmx2048m -Dfile.encoding=UTF-8 -Duser.country=US -Duser.language=en -Duser.variant org.gradle.launcher.daemon.bootstrap.GradleDaemon 8.0

Host: Intel(R) Core(TM) i7-1065G7 CPU @ 1.30GHz, 8 cores, 7G,  Windows 10 , 64 bit Build 19041 (10.0.19041.3636)
Time: Thu May 30 12:21:47 2024 SE Asia Standard Time elapsed time: 20.905729 seconds (0d 0h 0m 20s)

---------------  T H R E A D  ---------------

Current thread (0x000001aaffaf6df0):  VMThread "VM Thread" [stack: 0x0000005ac6a00000,0x0000005ac6b00000] [id=18488]

Stack: [0x0000005ac6a00000,0x0000005ac6b00000]
Native frames: (J=compiled Java code, j=interpreted, Vv=VM code, C=native code)
V  [jvm.dll+0x683c9a]
V  [jvm.dll+0x8427a4]
V  [jvm.dll+0x843f9e]
V  [jvm.dll+0x844603]
V  [jvm.dll+0x249b75]
V  [jvm.dll+0x680b69]
V  [jvm.dll+0x67505a]
V  [jvm.dll+0x309acb]
V  [jvm.dll+0x310f86]
V  [jvm.dll+0x3608ee]
V  [jvm.dll+0x360b1f]
V  [jvm.dll+0x2dfbf8]
V  [jvm.dll+0x2e2ce6]
V  [jvm.dll+0x2ed478]
V  [jvm.dll+0x322150]
V  [jvm.dll+0x848ccb]
V  [jvm.dll+0x849a04]
V  [jvm.dll+0x849f1d]
V  [jvm.dll+0x84a2f4]
V  [jvm.dll+0x84a3c0]
V  [jvm.dll+0x7f274a]
V  [jvm.dll+0x682ad5]
C  [ucrtbase.dll+0x21bb2]
C  [KERNEL32.DLL+0x17344]
C  [ntdll.dll+0x526b1]

VM_Operation (0x0000005ac66ffa70): G1Concurrent, mode: safepoint, requested by thread 0x000001aaf6d01d20


---------------  P R O C E S S  ---------------

Threads class SMR info:
_java_thread_list=0x000001aa9761a1e0, length=138, elements={
0x000001aaf6c92010, 0x000001aaffb1b670, 0x000001aaffb1c130, 0x000001aaffb434e0,
0x000001aaffb45eb0, 0x000001aaffb48b80, 0x000001aaffb49440, 0x000001aaffb4a0e0,
0x000001aaffb55fa0, 0x000001aaffb568a0, 0x000001aaffce7880, 0x000001aaffce8160,
0x000001aa929578f0, 0x000001aa92724f60, 0x000001aa92c5a1f0, 0x000001aa9308d530,
0x000001aa946be080, 0x000001aa93f1cbb0, 0x000001aa93f1d080, 0x000001aa93f1b870,
0x000001aa93f1b3a0, 0x000001aa93f1d550, 0x000001aa93f1bd40, 0x000001aa93f1def0,
0x000001aa93f1da20, 0x000001aa93f1c6e0, 0x000001aa93f1e3c0, 0x000001aa93f1e890,
0x000001aa93f1aed0, 0x000001aa93f1c210, 0x000001aa9581a780, 0x000001aa9581ac50,
0x000001aa9581f950, 0x000001aa9581b120, 0x000001aa9581ce00, 0x000001aa9581bac0,
0x000001aa95818100, 0x000001aa9581bf90, 0x000001aa9581c930, 0x000001aa9581e140,
0x000001aa9581b5f0, 0x000001aa9581d7a0, 0x000001aa9581eae0, 0x000001aa9581efb0,
0x000001aa95819440, 0x000001aa95819de0, 0x000001aa95819910, 0x000001aa9581a2b0,
0x000001aa972ade70, 0x000001aa972b0020, 0x000001aa972af680, 0x000001aa972ac190,
0x000001aa972b0e90, 0x000001aa972ad000, 0x000001aa972ac660, 0x000001aa972b1360,
0x000001aa972b1830, 0x000001aa972b3510, 0x000001aa972b3040, 0x000001aa972af1b0,
0x000001aa972b39e0, 0x000001aa972b1d00, 0x000001aa972acb30, 0x000001aa972ad4d0,
0x000001aa972b21d0, 0x000001aa972afb50, 0x000001aa972ad9a0, 0x000001aa972ae340,
0x000001aa972b04f0, 0x000001aa972ae810, 0x000001aa972aece0, 0x000001aa972b09c0,
0x000001aa972b26a0, 0x000001aa972b2b70, 0x000001aa91d3ed40, 0x000001aa91d391d0,
0x000001aa91d3da00, 0x000001aa91d3d060, 0x000001aa91d3a040, 0x000001aa91d3b380,
0x000001aa91d3d530, 0x000001aa91d3bd20, 0x000001aa91d3c1f0, 0x000001aa91d3f210,
0x000001aa91d3f6e0, 0x000001aa91d3fbb0, 0x000001aa91d40080, 0x000001aa91d3e3a0,
0x000001aa91d3a9e0, 0x000001aa91d3b850, 0x000001aa91d3c6c0, 0x000001aa91d396a0,
0x000001aa91d3aeb0, 0x000001aa91d3cb90, 0x000001aa91d3e870, 0x000001aa91d40550,
0x000001aa91d3ded0, 0x000001aa91d38d00, 0x000001aa91d39b70, 0x000001aa91d3a510,
0x000001aa965de8e0, 0x000001aa965dfc20, 0x000001aa965e5790, 0x000001aa965e3110,
0x000001aa965e0a90, 0x000001aa965e05c0, 0x000001aa965e35e0, 0x000001aa965df280,
0x000001aa965df750, 0x000001aa965e5c60, 0x000001aa965e6130, 0x000001aa965e4450,
0x000001aa965e0f60, 0x000001aa965e1900, 0x000001aa965e1430, 0x000001aa965dedb0,
0x000001aa965e00f0, 0x000001aa965e3f80, 0x000001aa965e3ab0, 0x000001aa965e1dd0,
0x000001aa965e22a0, 0x000001aa965e2770, 0x000001aa965e2c40, 0x000001aa965e4920,
0x000001aa965e52c0, 0x000001aa97817710, 0x000001aa98f30ab0, 0x000001aa97815560,
0x000001aa978180b0, 0x000001aa97811ba0, 0x000001aa97812070, 0x000001aa97817be0,
0x000001aa97811200, 0x000001aa97812540, 0x000001aa97814bc0, 0x000001aa97818580,
0x000001aa97812a10, 0x000001aa9221f8f0
}

Java Threads: ( => current thread )
  0x000001aaf6c92010 JavaThread "main" [_thread_blocked, id=3268, stack(0x0000005ac6400000,0x0000005ac6500000)]
  0x000001aaffb1b670 JavaThread "Reference Handler" daemon [_thread_blocked, id=11748, stack(0x0000005ac6b00000,0x0000005ac6c00000)]
  0x000001aaffb1c130 JavaThread "Finalizer" daemon [_thread_blocked, id=18244, stack(0x0000005ac6c00000,0x0000005ac6d00000)]
  0x000001aaffb434e0 JavaThread "Signal Dispatcher" daemon [_thread_blocked, id=4380, stack(0x0000005ac6d00000,0x0000005ac6e00000)]
  0x000001aaffb45eb0 JavaThread "Attach Listener" daemon [_thread_blocked, id=8152, stack(0x0000005ac6e00000,0x0000005ac6f00000)]
  0x000001aaffb48b80 JavaThread "Service Thread" daemon [_thread_blocked, id=6228, stack(0x0000005ac6f00000,0x0000005ac7000000)]
  0x000001aaffb49440 JavaThread "Monitor Deflation Thread" daemon [_thread_blocked, id=2696, stack(0x0000005ac7000000,0x0000005ac7100000)]
  0x000001aaffb4a0e0 JavaThread "C2 CompilerThread0" daemon [_thread_blocked, id=20012, stack(0x0000005ac7100000,0x0000005ac7200000)]
  0x000001aaffb55fa0 JavaThread "C1 CompilerThread0" daemon [_thread_blocked, id=19788, stack(0x0000005ac7200000,0x0000005ac7300000)]
  0x000001aaffb568a0 JavaThread "Sweeper thread" daemon [_thread_blocked, id=18016, stack(0x0000005ac7300000,0x0000005ac7400000)]
  0x000001aaffce7880 JavaThread "Common-Cleaner" daemon [_thread_blocked, id=12188, stack(0x0000005ac7400000,0x0000005ac7500000)]
  0x000001aaffce8160 JavaThread "Notification Thread" daemon [_thread_blocked, id=22412, stack(0x0000005ac7500000,0x0000005ac7600000)]
  0x000001aa929578f0 JavaThread "Daemon health stats" [_thread_blocked, id=16284, stack(0x0000005ac7d00000,0x0000005ac7e00000)]
  0x000001aa92724f60 JavaThread "Incoming local TCP Connector on port 53071" [_thread_in_native, id=19824, stack(0x0000005ac7700000,0x0000005ac7800000)]
  0x000001aa92c5a1f0 JavaThread "Daemon periodic checks" [_thread_blocked, id=21608, stack(0x0000005ac7c00000,0x0000005ac7d00000)]
  0x000001aa9308d530 JavaThread "Daemon" [_thread_blocked, id=6540, stack(0x0000005ac7e00000,0x0000005ac7f00000)]
  0x000001aa946be080 JavaThread "Handler for socket connection from /127.0.0.1:53071 to /127.0.0.1:53072" [_thread_in_native, id=7528, stack(0x0000005ac7f00000,0x0000005ac8000000)]
  0x000001aa93f1cbb0 JavaThread "Cancel handler" [_thread_blocked, id=17604, stack(0x0000005ac8000000,0x0000005ac8100000)]
  0x000001aa93f1d080 JavaThread "Daemon worker" [_thread_blocked, id=1816, stack(0x0000005ac8100000,0x0000005ac8200000)]
  0x000001aa93f1b870 JavaThread "Asynchronous log dispatcher for DefaultDaemonConnection: socket connection from /127.0.0.1:53071 to /127.0.0.1:53072" [_thread_blocked, id=20216, stack(0x0000005ac8200000,0x0000005ac8300000)]
  0x000001aa93f1b3a0 JavaThread "Stdin handler" [_thread_blocked, id=12208, stack(0x0000005ac8300000,0x0000005ac8400000)]
  0x000001aa93f1d550 JavaThread "Daemon client event forwarder" [_thread_blocked, id=21696, stack(0x0000005ac8400000,0x0000005ac8500000)]
  0x000001aa93f1bd40 JavaThread "Cache worker for journal cache (C:\Users\User\.gradle\caches\journal-1)" [_thread_blocked, id=21068, stack(0x0000005ac8900000,0x0000005ac8a00000)]
  0x000001aa93f1def0 JavaThread "File lock request listener" [_thread_in_native, id=8012, stack(0x0000005ac8a00000,0x0000005ac8b00000)]
  0x000001aa93f1da20 JavaThread "Cache worker for file hash cache (C:\Users\User\.gradle\caches\8.0\fileHashes)" [_thread_blocked, id=10660, stack(0x0000005ac8b00000,0x0000005ac8c00000)]
  0x000001aa93f1c6e0 JavaThread "File watcher server" daemon [_thread_in_native, id=8124, stack(0x0000005ac8e00000,0x0000005ac8f00000)]
  0x000001aa93f1e3c0 JavaThread "File watcher consumer" daemon [_thread_blocked, id=18452, stack(0x0000005ac8f00000,0x0000005ac9000000)]
  0x000001aa93f1e890 JavaThread "jar transforms" [_thread_blocked, id=21688, stack(0x0000005ac9000000,0x0000005ac9100000)]
  0x000001aa93f1aed0 JavaThread "jar transforms Thread 2" [_thread_blocked, id=8168, stack(0x0000005ac9100000,0x0000005ac9200000)]
  0x000001aa93f1c210 JavaThread "jar transforms Thread 3" [_thread_blocked, id=11332, stack(0x0000005ac9200000,0x0000005ac9300000)]
  0x000001aa9581a780 JavaThread "jar transforms Thread 4" [_thread_blocked, id=16016, stack(0x0000005ac9300000,0x0000005ac9400000)]
  0x000001aa9581ac50 JavaThread "jar transforms Thread 5" [_thread_blocked, id=11792, stack(0x0000005ac9400000,0x0000005ac9500000)]
  0x000001aa9581f950 JavaThread "jar transforms Thread 6" [_thread_blocked, id=7688, stack(0x0000005ac9500000,0x0000005ac9600000)]
  0x000001aa9581b120 JavaThread "jar transforms Thread 7" [_thread_blocked, id=19120, stack(0x0000005ac9600000,0x0000005ac9700000)]
  0x000001aa9581ce00 JavaThread "jar transforms Thread 8" [_thread_blocked, id=2348, stack(0x0000005ac9700000,0x0000005ac9800000)]
  0x000001aa9581bac0 JavaThread "Cache worker for checksums cache (D:\FPT\PRM\MyApplication\.gradle\8.0\checksums)" [_thread_blocked, id=3960, stack(0x0000005ac9800000,0x0000005ac9900000)]
  0x000001aa95818100 JavaThread "Cache worker for cache directory md-rule (C:\Users\User\.gradle\caches\8.0\md-rule)" [_thread_blocked, id=12508, stack(0x0000005ac9900000,0x0000005ac9a00000)]
  0x000001aa9581bf90 JavaThread "Cache worker for file content cache (C:\Users\User\.gradle\caches\8.0\fileContent)" [_thread_blocked, id=7600, stack(0x0000005ac9a00000,0x0000005ac9b00000)]
  0x000001aa9581c930 JavaThread "Cache worker for file hash cache (D:\FPT\PRM\MyApplication\.gradle\8.0\fileHashes)" [_thread_blocked, id=12404, stack(0x0000005ac9b00000,0x0000005ac9c00000)]
  0x000001aa9581e140 JavaThread "Cache worker for cache directory md-supplier (C:\Users\User\.gradle\caches\8.0\md-supplier)" [_thread_blocked, id=10348, stack(0x0000005ac9c00000,0x0000005ac9d00000)]
  0x000001aa9581b5f0 JavaThread "Cache worker for execution history cache (C:\Users\User\.gradle\caches\8.0\executionHistory)" [_thread_blocked, id=5000, stack(0x0000005ac8d00000,0x0000005ac8e00000)]
  0x000001aa9581d7a0 JavaThread "Cache worker for kotlin-dsl (C:\Users\User\.gradle\caches\8.0\kotlin-dsl)" [_thread_blocked, id=12944, stack(0x0000005ac9d00000,0x0000005ac9e00000)]
  0x000001aa9581eae0 JavaThread "Cache worker for dependencies-accessors (D:\FPT\PRM\MyApplication\.gradle\8.0\dependencies-accessors)" [_thread_blocked, id=16716, stack(0x0000005ac9e00000,0x0000005ac9f00000)]
  0x000001aa9581efb0 JavaThread "Cache worker for Build Output Cleanup Cache (D:\FPT\PRM\MyApplication\.gradle\buildOutputCleanup)" [_thread_blocked, id=13296, stack(0x0000005ac9f00000,0x0000005aca000000)]
  0x000001aa95819440 JavaThread "Unconstrained build operations" [_thread_blocked, id=11908, stack(0x0000005aca000000,0x0000005aca100000)]
  0x000001aa95819de0 JavaThread "Unconstrained build operations Thread 2" [_thread_blocked, id=18404, stack(0x0000005aca100000,0x0000005aca200000)]
  0x000001aa95819910 JavaThread "Unconstrained build operations Thread 3" [_thread_blocked, id=13840, stack(0x0000005aca200000,0x0000005aca300000)]
  0x000001aa9581a2b0 JavaThread "Unconstrained build operations Thread 4" [_thread_blocked, id=18952, stack(0x0000005aca300000,0x0000005aca400000)]
  0x000001aa972ade70 JavaThread "Unconstrained build operations Thread 5" [_thread_blocked, id=16892, stack(0x0000005aca400000,0x0000005aca500000)]
  0x000001aa972b0020 JavaThread "Unconstrained build operations Thread 6" [_thread_blocked, id=17940, stack(0x0000005aca500000,0x0000005aca600000)]
  0x000001aa972af680 JavaThread "Unconstrained build operations Thread 7" [_thread_blocked, id=15044, stack(0x0000005aca600000,0x0000005aca700000)]
  0x000001aa972ac190 JavaThread "Unconstrained build operations Thread 8" [_thread_blocked, id=1544, stack(0x0000005aca700000,0x0000005aca800000)]
  0x000001aa972b0e90 JavaThread "Unconstrained build operations Thread 9" [_thread_blocked, id=19276, stack(0x0000005aca800000,0x0000005aca900000)]
  0x000001aa972ad000 JavaThread "Unconstrained build operations Thread 10" [_thread_blocked, id=17824, stack(0x0000005aca900000,0x0000005acaa00000)]
  0x000001aa972ac660 JavaThread "Unconstrained build operations Thread 11" [_thread_blocked, id=4244, stack(0x0000005acaa00000,0x0000005acab00000)]
  0x000001aa972b1360 JavaThread "Unconstrained build operations Thread 12" [_thread_blocked, id=4888, stack(0x0000005acab00000,0x0000005acac00000)]
  0x000001aa972b1830 JavaThread "Unconstrained build operations Thread 13" [_thread_blocked, id=17988, stack(0x0000005acac00000,0x0000005acad00000)]
  0x000001aa972b3510 JavaThread "Unconstrained build operations Thread 14" [_thread_blocked, id=11576, stack(0x0000005acad00000,0x0000005acae00000)]
  0x000001aa972b3040 JavaThread "Unconstrained build operations Thread 15" [_thread_blocked, id=14904, stack(0x0000005acae00000,0x0000005acaf00000)]
  0x000001aa972af1b0 JavaThread "Unconstrained build operations Thread 16" [_thread_blocked, id=1528, stack(0x0000005acaf00000,0x0000005acb000000)]
  0x000001aa972b39e0 JavaThread "Unconstrained build operations Thread 17" [_thread_blocked, id=17612, stack(0x0000005acb000000,0x0000005acb100000)]
  0x000001aa972b1d00 JavaThread "Unconstrained build operations Thread 18" [_thread_blocked, id=17680, stack(0x0000005acb100000,0x0000005acb200000)]
  0x000001aa972acb30 JavaThread "Unconstrained build operations Thread 19" [_thread_blocked, id=12564, stack(0x0000005acb200000,0x0000005acb300000)]
  0x000001aa972ad4d0 JavaThread "Unconstrained build operations Thread 20" [_thread_blocked, id=19232, stack(0x0000005acb300000,0x0000005acb400000)]
  0x000001aa972b21d0 JavaThread "Unconstrained build operations Thread 21" [_thread_blocked, id=17504, stack(0x0000005acb400000,0x0000005acb500000)]
  0x000001aa972afb50 JavaThread "Unconstrained build operations Thread 22" [_thread_blocked, id=5968, stack(0x0000005acb500000,0x0000005acb600000)]
  0x000001aa972ad9a0 JavaThread "Unconstrained build operations Thread 23" [_thread_blocked, id=9644, stack(0x0000005acb600000,0x0000005acb700000)]
  0x000001aa972ae340 JavaThread "Unconstrained build operations Thread 24" [_thread_blocked, id=2432, stack(0x0000005acb700000,0x0000005acb800000)]
  0x000001aa972b04f0 JavaThread "Unconstrained build operations Thread 25" [_thread_blocked, id=324, stack(0x0000005acb800000,0x0000005acb900000)]
  0x000001aa972ae810 JavaThread "Unconstrained build operations Thread 26" [_thread_blocked, id=16832, stack(0x0000005acb900000,0x0000005acba00000)]
  0x000001aa972aece0 JavaThread "Unconstrained build operations Thread 27" [_thread_blocked, id=10288, stack(0x0000005acba00000,0x0000005acbb00000)]
  0x000001aa972b09c0 JavaThread "Unconstrained build operations Thread 28" [_thread_blocked, id=7104, stack(0x0000005acbb00000,0x0000005acbc00000)]
  0x000001aa972b26a0 JavaThread "Unconstrained build operations Thread 29" [_thread_blocked, id=3780, stack(0x0000005acbc00000,0x0000005acbd00000)]
  0x000001aa972b2b70 JavaThread "Unconstrained build operations Thread 30" [_thread_blocked, id=13512, stack(0x0000005acbd00000,0x0000005acbe00000)]
  0x000001aa91d3ed40 JavaThread "Unconstrained build operations Thread 31" [_thread_blocked, id=16212, stack(0x0000005acbe00000,0x0000005acbf00000)]
  0x000001aa91d391d0 JavaThread "Unconstrained build operations Thread 32" [_thread_blocked, id=11940, stack(0x0000005acbf00000,0x0000005acc000000)]
  0x000001aa91d3da00 JavaThread "Unconstrained build operations Thread 33" [_thread_blocked, id=18368, stack(0x0000005acc000000,0x0000005acc100000)]
  0x000001aa91d3d060 JavaThread "Unconstrained build operations Thread 34" [_thread_blocked, id=8632, stack(0x0000005acc100000,0x0000005acc200000)]
  0x000001aa91d3a040 JavaThread "Unconstrained build operations Thread 35" [_thread_blocked, id=16920, stack(0x0000005acc200000,0x0000005acc300000)]
  0x000001aa91d3b380 JavaThread "Unconstrained build operations Thread 36" [_thread_blocked, id=21980, stack(0x0000005acc300000,0x0000005acc400000)]
  0x000001aa91d3d530 JavaThread "Unconstrained build operations Thread 37" [_thread_blocked, id=1552, stack(0x0000005acc400000,0x0000005acc500000)]
  0x000001aa91d3bd20 JavaThread "Unconstrained build operations Thread 38" [_thread_blocked, id=20136, stack(0x0000005acc500000,0x0000005acc600000)]
  0x000001aa91d3c1f0 JavaThread "Unconstrained build operations Thread 39" [_thread_blocked, id=984, stack(0x0000005acc600000,0x0000005acc700000)]
  0x000001aa91d3f210 JavaThread "Unconstrained build operations Thread 40" [_thread_blocked, id=17740, stack(0x0000005acc700000,0x0000005acc800000)]
  0x000001aa91d3f6e0 JavaThread "Unconstrained build operations Thread 41" [_thread_blocked, id=20516, stack(0x0000005acc800000,0x0000005acc900000)]
  0x000001aa91d3fbb0 JavaThread "Unconstrained build operations Thread 42" [_thread_blocked, id=11392, stack(0x0000005acc900000,0x0000005acca00000)]
  0x000001aa91d40080 JavaThread "Unconstrained build operations Thread 43" [_thread_blocked, id=1972, stack(0x0000005acca00000,0x0000005accb00000)]
  0x000001aa91d3e3a0 JavaThread "Unconstrained build operations Thread 44" [_thread_blocked, id=1948, stack(0x0000005accb00000,0x0000005accc00000)]
  0x000001aa91d3a9e0 JavaThread "Unconstrained build operations Thread 45" [_thread_blocked, id=18780, stack(0x0000005accc00000,0x0000005accd00000)]
  0x000001aa91d3b850 JavaThread "Unconstrained build operations Thread 46" [_thread_blocked, id=9280, stack(0x0000005accd00000,0x0000005acce00000)]
  0x000001aa91d3c6c0 JavaThread "Unconstrained build operations Thread 47" [_thread_blocked, id=18792, stack(0x0000005acce00000,0x0000005accf00000)]
  0x000001aa91d396a0 JavaThread "Unconstrained build operations Thread 48" [_thread_blocked, id=20028, stack(0x0000005accf00000,0x0000005acd000000)]
  0x000001aa91d3aeb0 JavaThread "Unconstrained build operations Thread 49" [_thread_blocked, id=12020, stack(0x0000005acd000000,0x0000005acd100000)]
  0x000001aa91d3cb90 JavaThread "Unconstrained build operations Thread 50" [_thread_blocked, id=10384, stack(0x0000005acd100000,0x0000005acd200000)]
  0x000001aa91d3e870 JavaThread "Unconstrained build operations Thread 51" [_thread_blocked, id=15792, stack(0x0000005acd200000,0x0000005acd300000)]
  0x000001aa91d40550 JavaThread "Unconstrained build operations Thread 52" [_thread_blocked, id=22456, stack(0x0000005acd300000,0x0000005acd400000)]
  0x000001aa91d3ded0 JavaThread "Unconstrained build operations Thread 53" [_thread_blocked, id=15484, stack(0x0000005acd400000,0x0000005acd500000)]
  0x000001aa91d38d00 JavaThread "Unconstrained build operations Thread 54" [_thread_blocked, id=7776, stack(0x0000005acd500000,0x0000005acd600000)]
  0x000001aa91d39b70 JavaThread "Unconstrained build operations Thread 55" [_thread_blocked, id=21952, stack(0x0000005acd600000,0x0000005acd700000)]
  0x000001aa91d3a510 JavaThread "Unconstrained build operations Thread 56" [_thread_blocked, id=22068, stack(0x0000005acd700000,0x0000005acd800000)]
  0x000001aa965de8e0 JavaThread "Unconstrained build operations Thread 57" [_thread_blocked, id=11788, stack(0x0000005acd800000,0x0000005acd900000)]
  0x000001aa965dfc20 JavaThread "Unconstrained build operations Thread 58" [_thread_blocked, id=21768, stack(0x0000005acd900000,0x0000005acda00000)]
  0x000001aa965e5790 JavaThread "Unconstrained build operations Thread 59" [_thread_blocked, id=15500, stack(0x0000005acda00000,0x0000005acdb00000)]
  0x000001aa965e3110 JavaThread "Unconstrained build operations Thread 60" [_thread_blocked, id=13900, stack(0x0000005acdb00000,0x0000005acdc00000)]
  0x000001aa965e0a90 JavaThread "Unconstrained build operations Thread 61" [_thread_blocked, id=932, stack(0x0000005acdc00000,0x0000005acdd00000)]
  0x000001aa965e05c0 JavaThread "Unconstrained build operations Thread 62" [_thread_blocked, id=11184, stack(0x0000005acdd00000,0x0000005acde00000)]
  0x000001aa965e35e0 JavaThread "Unconstrained build operations Thread 63" [_thread_blocked, id=21096, stack(0x0000005acde00000,0x0000005acdf00000)]
  0x000001aa965df280 JavaThread "Unconstrained build operations Thread 64" [_thread_blocked, id=15896, stack(0x0000005acdf00000,0x0000005ace000000)]
  0x000001aa965df750 JavaThread "Unconstrained build operations Thread 65" [_thread_blocked, id=13440, stack(0x0000005ace000000,0x0000005ace100000)]
  0x000001aa965e5c60 JavaThread "Unconstrained build operations Thread 66" [_thread_blocked, id=17464, stack(0x0000005ace100000,0x0000005ace200000)]
  0x000001aa965e6130 JavaThread "Unconstrained build operations Thread 67" [_thread_blocked, id=15288, stack(0x0000005ace200000,0x0000005ace300000)]
  0x000001aa965e4450 JavaThread "Unconstrained build operations Thread 68" [_thread_blocked, id=21616, stack(0x0000005ace300000,0x0000005ace400000)]
  0x000001aa965e0f60 JavaThread "Unconstrained build operations Thread 69" [_thread_blocked, id=8188, stack(0x0000005ace400000,0x0000005ace500000)]
  0x000001aa965e1900 JavaThread "Unconstrained build operations Thread 70" [_thread_blocked, id=21240, stack(0x0000005ace500000,0x0000005ace600000)]
  0x000001aa965e1430 JavaThread "Unconstrained build operations Thread 71" [_thread_blocked, id=7500, stack(0x0000005ace600000,0x0000005ace700000)]
  0x000001aa965dedb0 JavaThread "Unconstrained build operations Thread 72" [_thread_blocked, id=4240, stack(0x0000005ace700000,0x0000005ace800000)]
  0x000001aa965e00f0 JavaThread "Unconstrained build operations Thread 73" [_thread_blocked, id=13700, stack(0x0000005ace800000,0x0000005ace900000)]
  0x000001aa965e3f80 JavaThread "Unconstrained build operations Thread 74" [_thread_blocked, id=17364, stack(0x0000005ace900000,0x0000005acea00000)]
  0x000001aa965e3ab0 JavaThread "Unconstrained build operations Thread 75" [_thread_blocked, id=9804, stack(0x0000005acea00000,0x0000005aceb00000)]
  0x000001aa965e1dd0 JavaThread "Unconstrained build operations Thread 76" [_thread_blocked, id=3052, stack(0x0000005aceb00000,0x0000005acec00000)]
  0x000001aa965e22a0 JavaThread "Unconstrained build operations Thread 77" [_thread_blocked, id=16264, stack(0x0000005acec00000,0x0000005aced00000)]
  0x000001aa965e2770 JavaThread "Unconstrained build operations Thread 78" [_thread_blocked, id=3916, stack(0x0000005aced00000,0x0000005acee00000)]
  0x000001aa965e2c40 JavaThread "Unconstrained build operations Thread 79" [_thread_blocked, id=15836, stack(0x0000005acee00000,0x0000005acef00000)]
  0x000001aa965e4920 JavaThread "Unconstrained build operations Thread 80" [_thread_blocked, id=17752, stack(0x0000005acef00000,0x0000005acf000000)]
  0x000001aa965e52c0 JavaThread "Memory manager" [_thread_blocked, id=18904, stack(0x0000005acf000000,0x0000005acf100000)]
  0x000001aa97817710 JavaThread "pool-3-thread-1" [_thread_blocked, id=19500, stack(0x0000005acf100000,0x0000005acf200000)]
  0x000001aa98f30ab0 JavaThread "C2 CompilerThread1" daemon [_thread_in_native, id=11852, stack(0x0000005ac8c00000,0x0000005ac8d00000)]
  0x000001aa97815560 JavaThread "included builds" [_thread_blocked, id=20364, stack(0x0000005acf200000,0x0000005acf300000)]
  0x000001aa978180b0 JavaThread "Execution worker" [_thread_blocked, id=18200, stack(0x0000005acf300000,0x0000005acf400000)]
  0x000001aa97811ba0 JavaThread "Execution worker Thread 2" [_thread_blocked, id=10448, stack(0x0000005acf400000,0x0000005acf500000)]
  0x000001aa97812070 JavaThread "Execution worker Thread 3" [_thread_blocked, id=12316, stack(0x0000005acf500000,0x0000005acf600000)]
  0x000001aa97817be0 JavaThread "Execution worker Thread 4" [_thread_blocked, id=12064, stack(0x0000005acf600000,0x0000005acf700000)]
  0x000001aa97811200 JavaThread "Execution worker Thread 5" [_thread_blocked, id=13616, stack(0x0000005acf700000,0x0000005acf800000)]
  0x000001aa97812540 JavaThread "Execution worker Thread 6" [_thread_blocked, id=16868, stack(0x0000005acf800000,0x0000005acf900000)]
  0x000001aa97814bc0 JavaThread "Execution worker Thread 7" [_thread_blocked, id=21332, stack(0x0000005acf900000,0x0000005acfa00000)]
  0x000001aa97818580 JavaThread "Cache worker for execution history cache (D:\FPT\PRM\MyApplication\.gradle\8.0\executionHistory)" [_thread_blocked, id=21592, stack(0x0000005acfa00000,0x0000005acfb00000)]
  0x000001aa97812a10 JavaThread "idea-tooling-model-converter" [_thread_blocked, id=7980, stack(0x0000005acfb00000,0x0000005acfc00000)]
  0x000001aa9221f8f0 JavaThread "C2 CompilerThread2" daemon [_thread_in_native, id=5784, stack(0x0000005acfc00000,0x0000005acfd00000)]

Other Threads:
=>0x000001aaffaf6df0 VMThread "VM Thread" [stack: 0x0000005ac6a00000,0x0000005ac6b00000] [id=18488]
  0x000001aaf6d176b0 WatcherThread [stack: 0x0000005ac7600000,0x0000005ac7700000] [id=3252]
  0x000001aaf6cf0ed0 GCTaskThread "GC Thread#0" [stack: 0x0000005ac6500000,0x0000005ac6600000] [id=3832]
  0x000001aa923ad460 GCTaskThread "GC Thread#1" [stack: 0x0000005ac7800000,0x0000005ac7900000] [id=1420]
  0x000001aa923ad710 GCTaskThread "GC Thread#2" [stack: 0x0000005ac7900000,0x0000005ac7a00000] [id=15780]
  0x000001aa923f05b0 GCTaskThread "GC Thread#3" [stack: 0x0000005ac7a00000,0x0000005ac7b00000] [id=8280]
  0x000001aa9246d490 GCTaskThread "GC Thread#4" [stack: 0x0000005ac7b00000,0x0000005ac7c00000] [id=748]
  0x000001aa92953620 GCTaskThread "GC Thread#5" [stack: 0x0000005ac8500000,0x0000005ac8600000] [id=20180]
  0x000001aa93c3b7a0 GCTaskThread "GC Thread#6" [stack: 0x0000005ac8600000,0x0000005ac8700000] [id=20692]
  0x000001aa9281a490 GCTaskThread "GC Thread#7" [stack: 0x0000005ac8700000,0x0000005ac8800000] [id=4436]
  0x000001aaf6d01d20 ConcurrentGCThread "G1 Main Marker" [stack: 0x0000005ac6600000,0x0000005ac6700000] [id=4176]
  0x000001aaf6d02640 ConcurrentGCThread "G1 Conc#0" [stack: 0x0000005ac6700000,0x0000005ac6800000] [id=10644]
  0x000001aa93f8ca60 ConcurrentGCThread "G1 Conc#1" [stack: 0x0000005ac8800000,0x0000005ac8900000] [id=20520]
  0x000001aaf6d5dcc0 ConcurrentGCThread "G1 Refine#0" [stack: 0x0000005ac6800000,0x0000005ac6900000] [id=9532]
  0x000001aaf6d5e5f0 ConcurrentGCThread "G1 Service" [stack: 0x0000005ac6900000,0x0000005ac6a00000] [id=7700]

Threads with active compile tasks:
C2 CompilerThread0    20956 9138       4       org.gradle.internal.execution.history.impl.FileSystemSnapshotSerializer::toAbsolutePath (102 bytes)
C2 CompilerThread1    20956 8964       4       org.gradle.internal.service.DefaultServiceRegistry$SingletonService::get (5 bytes)
C2 CompilerThread2    20957 9065   !   4       java.net.URLClassLoader::findClass (47 bytes)

VM state: at safepoint (normal execution)

VM Mutex/Monitor currently owned by a thread:  ([mutex/lock_event])
[0x000001aaf6c8e980] Threads_lock - owner thread: 0x000001aaffaf6df0
[0x000001aaf6c8dc90] Heap_lock - owner thread: 0x000001aaf6d01d20

Heap address: 0x0000000080000000, size: 2048 MB, Compressed Oops mode: 32-bit

CDS archive(s) not mapped
Compressed class space mapped at: 0x0000000100000000-0x0000000140000000, reserved size: 1073741824
Narrow klass base: 0x0000000000000000, Narrow klass shift: 3, Narrow klass range: 0x140000000

GC Precious Log:
 CPUs: 8 total, 8 available
 Memory: 7959M
 Large Page Support: Disabled
 NUMA Support: Disabled
 Compressed Oops: Enabled (32-bit)
 Heap Region Size: 1M
 Heap Min Capacity: 8M
 Heap Initial Capacity: 126M
 Heap Max Capacity: 2G
 Pre-touch: Disabled
 Parallel Workers: 8
 Concurrent Workers: 2
 Concurrent Refinement Workers: 8
 Periodic GC: Disabled

Heap:
 garbage-first heap   total 206848K, used 141070K [0x0000000080000000, 0x0000000100000000)
  region size 1024K, 11 young (11264K), 3 survivors (3072K)
 Metaspace       used 90665K, committed 91456K, reserved 1130496K
  class space    used 12255K, committed 12608K, reserved 1048576K

Heap Regions: E=young(eden), S=young(survivor), O=old, HS=humongous(starts), HC=humongous(continues), CS=collection set, F=free, OA=open archive, CA=closed archive, TAMS=top-at-mark-start (previous, next)
|   0|0x0000000080000000, 0x0000000080100000, 0x0000000080100000|100%|HS|  |TAMS 0x0000000080100000, 0x0000000080000000| Complete 
|   1|0x0000000080100000, 0x0000000080200000, 0x0000000080200000|100%|HC|  |TAMS 0x0000000080200000, 0x0000000080100000| Complete 
|   2|0x0000000080200000, 0x0000000080300000, 0x0000000080300000|100%|HC|  |TAMS 0x0000000080300000, 0x0000000080200000| Complete 
|   3|0x0000000080300000, 0x0000000080400000, 0x0000000080400000|100%|HC|  |TAMS 0x0000000080400000, 0x0000000080300000| Complete 
|   4|0x0000000080400000, 0x0000000080500000, 0x0000000080500000|100%| O|  |TAMS 0x0000000080500000, 0x0000000080400000| Untracked 
|   5|0x0000000080500000, 0x0000000080600000, 0x0000000080600000|100%| O|  |TAMS 0x0000000080600000, 0x0000000080500000| Untracked 
|   6|0x0000000080600000, 0x0000000080700000, 0x0000000080700000|100%| O|  |TAMS 0x0000000080700000, 0x0000000080600000| Untracked 
|   7|0x0000000080700000, 0x0000000080800000, 0x0000000080800000|100%| O|  |TAMS 0x0000000080800000, 0x0000000080700000| Untracked 
|   8|0x0000000080800000, 0x0000000080900000, 0x0000000080900000|100%| O|  |TAMS 0x0000000080900000, 0x0000000080800000| Untracked 
|   9|0x0000000080900000, 0x0000000080a00000, 0x0000000080a00000|100%| O|  |TAMS 0x0000000080a00000, 0x0000000080900000| Untracked 
|  10|0x0000000080a00000, 0x0000000080b00000, 0x0000000080b00000|100%| O|  |TAMS 0x0000000080b00000, 0x0000000080a00000| Untracked 
|  11|0x0000000080b00000, 0x0000000080c00000, 0x0000000080c00000|100%| O|  |TAMS 0x0000000080c00000, 0x0000000080b00000| Untracked 
|  12|0x0000000080c00000, 0x0000000080d00000, 0x0000000080d00000|100%| O|  |TAMS 0x0000000080d00000, 0x0000000080c00000| Untracked 
|  13|0x0000000080d00000, 0x0000000080e00000, 0x0000000080e00000|100%| O|  |TAMS 0x0000000080e00000, 0x0000000080d00000| Untracked 
|  14|0x0000000080e00000, 0x0000000080f00000, 0x0000000080f00000|100%| O|  |TAMS 0x0000000080f00000, 0x0000000080e00000| Untracked 
|  15|0x0000000080f00000, 0x0000000081000000, 0x0000000081000000|100%| O|  |TAMS 0x0000000081000000, 0x0000000080f00000| Untracked 
|  16|0x0000000081000000, 0x0000000081100000, 0x0000000081100000|100%| O|  |TAMS 0x0000000081100000, 0x0000000081000000| Untracked 
|  17|0x0000000081100000, 0x0000000081200000, 0x0000000081200000|100%| O|  |TAMS 0x0000000081200000, 0x0000000081100000| Untracked 
|  18|0x0000000081200000, 0x0000000081300000, 0x0000000081300000|100%| O|  |TAMS 0x0000000081300000, 0x0000000081200000| Untracked 
|  19|0x0000000081300000, 0x0000000081400000, 0x0000000081400000|100%| O|  |TAMS 0x0000000081400000, 0x0000000081300000| Updating 
|  20|0x0000000081400000, 0x0000000081500000, 0x0000000081500000|100%| O|  |TAMS 0x0000000081500000, 0x0000000081400000| Updating 
|  21|0x0000000081500000, 0x0000000081600000, 0x0000000081600000|100%|HS|  |TAMS 0x0000000081600000, 0x0000000081500000| Complete 
|  22|0x0000000081600000, 0x0000000081700000, 0x0000000081700000|100%|HC|  |TAMS 0x0000000081700000, 0x0000000081600000| Complete 
|  23|0x0000000081700000, 0x0000000081800000, 0x0000000081800000|100%|HS|  |TAMS 0x0000000081800000, 0x0000000081700000| Complete 
|  24|0x0000000081800000, 0x0000000081900000, 0x0000000081900000|100%|HC|  |TAMS 0x0000000081900000, 0x0000000081800000| Complete 
|  25|0x0000000081900000, 0x0000000081a00000, 0x0000000081a00000|100%|HC|  |TAMS 0x0000000081a00000, 0x0000000081900000| Complete 
|  26|0x0000000081a00000, 0x0000000081b00000, 0x0000000081b00000|100%|HS|  |TAMS 0x0000000081b00000, 0x0000000081a00000| Complete 
|  27|0x0000000081b00000, 0x0000000081c00000, 0x0000000081c00000|100%|HC|  |TAMS 0x0000000081c00000, 0x0000000081b00000| Complete 
|  28|0x0000000081c00000, 0x0000000081d00000, 0x0000000081d00000|100%|HC|  |TAMS 0x0000000081d00000, 0x0000000081c00000| Complete 
|  29|0x0000000081d00000, 0x0000000081e00000, 0x0000000081e00000|100%| O|  |TAMS 0x0000000081e00000, 0x0000000081d00000| Untracked 
|  30|0x0000000081e00000, 0x0000000081f00000, 0x0000000081f00000|100%| O|  |TAMS 0x0000000081f00000, 0x0000000081e00000| Untracked 
|  31|0x0000000081f00000, 0x0000000082000000, 0x0000000082000000|100%| O|  |TAMS 0x0000000082000000, 0x0000000081f00000| Untracked 
|  32|0x0000000082000000, 0x0000000082100000, 0x0000000082100000|100%|HS|  |TAMS 0x0000000082100000, 0x0000000082000000| Complete 
|  33|0x0000000082100000, 0x0000000082200000, 0x0000000082200000|100%|HC|  |TAMS 0x0000000082200000, 0x0000000082100000| Complete 
|  34|0x0000000082200000, 0x0000000082300000, 0x0000000082300000|100%| O|  |TAMS 0x0000000082300000, 0x0000000082200000| Untracked 
|  35|0x0000000082300000, 0x0000000082400000, 0x0000000082400000|100%| O|  |TAMS 0x0000000082400000, 0x0000000082300000| Untracked 
|  36|0x0000000082400000, 0x0000000082500000, 0x0000000082500000|100%| O|  |TAMS 0x0000000082500000, 0x0000000082400000| Untracked 
|  37|0x0000000082500000, 0x0000000082600000, 0x0000000082600000|100%| O|  |TAMS 0x0000000082600000, 0x0000000082500000| Updating 
|  38|0x0000000082600000, 0x0000000082700000, 0x0000000082700000|100%| O|  |TAMS 0x0000000082700000, 0x0000000082600000| Untracked 
|  39|0x0000000082700000, 0x0000000082800000, 0x0000000082800000|100%| O|  |TAMS 0x0000000082800000, 0x0000000082700000| Untracked 
|  40|0x0000000082800000, 0x0000000082900000, 0x0000000082900000|100%| O|  |TAMS 0x0000000082900000, 0x0000000082800000| Untracked 
|  41|0x0000000082900000, 0x0000000082a00000, 0x0000000082a00000|100%|HS|  |TAMS 0x0000000082a00000, 0x0000000082900000| Complete 
|  42|0x0000000082a00000, 0x0000000082b00000, 0x0000000082b00000|100%|HC|  |TAMS 0x0000000082b00000, 0x0000000082a00000| Complete 
|  43|0x0000000082b00000, 0x0000000082c00000, 0x0000000082c00000|100%|HC|  |TAMS 0x0000000082c00000, 0x0000000082b00000| Complete 
|  44|0x0000000082c00000, 0x0000000082d00000, 0x0000000082d00000|100%|HC|  |TAMS 0x0000000082d00000, 0x0000000082c00000| Complete 
|  45|0x0000000082d00000, 0x0000000082e00000, 0x0000000082e00000|100%|HC|  |TAMS 0x0000000082e00000, 0x0000000082d00000| Complete 
|  46|0x0000000082e00000, 0x0000000082f00000, 0x0000000082f00000|100%|HC|  |TAMS 0x0000000082f00000, 0x0000000082e00000| Complete 
|  47|0x0000000082f00000, 0x0000000083000000, 0x0000000083000000|100%|HC|  |TAMS 0x0000000083000000, 0x0000000082f00000| Complete 
|  48|0x0000000083000000, 0x0000000083100000, 0x0000000083100000|100%|HC|  |TAMS 0x0000000083100000, 0x0000000083000000| Complete 
|  49|0x0000000083100000, 0x0000000083200000, 0x0000000083200000|100%|HC|  |TAMS 0x0000000083200000, 0x0000000083100000| Complete 
|  50|0x0000000083200000, 0x0000000083300000, 0x0000000083300000|100%|HC|  |TAMS 0x0000000083300000, 0x0000000083200000| Complete 
|  51|0x0000000083300000, 0x0000000083400000, 0x0000000083400000|100%|HC|  |TAMS 0x0000000083400000, 0x0000000083300000| Complete 
|  52|0x0000000083400000, 0x0000000083500000, 0x0000000083500000|100%|HC|  |TAMS 0x0000000083500000, 0x0000000083400000| Complete 
|  53|0x0000000083500000, 0x0000000083600000, 0x0000000083600000|100%| O|  |TAMS 0x0000000083600000, 0x0000000083500000| Updating 
|  54|0x0000000083600000, 0x0000000083700000, 0x0000000083700000|100%| O|  |TAMS 0x0000000083700000, 0x0000000083600000| Untracked 
|  55|0x0000000083700000, 0x0000000083800000, 0x0000000083800000|100%| O|  |TAMS 0x0000000083800000, 0x0000000083700000| Untracked 
|  56|0x0000000083800000, 0x0000000083900000, 0x0000000083900000|100%|HS|  |TAMS 0x0000000083900000, 0x0000000083800000| Complete 
|  57|0x0000000083900000, 0x0000000083a00000, 0x0000000083a00000|100%|HC|  |TAMS 0x0000000083a00000, 0x0000000083900000| Complete 
|  58|0x0000000083a00000, 0x0000000083b00000, 0x0000000083b00000|100%|HC|  |TAMS 0x0000000083b00000, 0x0000000083a00000| Complete 
|  59|0x0000000083b00000, 0x0000000083c00000, 0x0000000083c00000|100%|HS|  |TAMS 0x0000000083c00000, 0x0000000083b00000| Complete 
|  60|0x0000000083c00000, 0x0000000083d00000, 0x0000000083d00000|100%|HC|  |TAMS 0x0000000083d00000, 0x0000000083c00000| Complete 
|  61|0x0000000083d00000, 0x0000000083e00000, 0x0000000083e00000|100%|HC|  |TAMS 0x0000000083e00000, 0x0000000083d00000| Complete 
|  62|0x0000000083e00000, 0x0000000083f00000, 0x0000000083f00000|100%| O|  |TAMS 0x0000000083f00000, 0x0000000083e00000| Updating 
|  63|0x0000000083f00000, 0x0000000083f00000, 0x0000000084000000|  0%| F|  |TAMS 0x0000000083f00000, 0x0000000083f00000| Untracked 
|  64|0x0000000084000000, 0x0000000084100000, 0x0000000084100000|100%| O|  |TAMS 0x0000000084100000, 0x0000000084000000| Untracked 
|  65|0x0000000084100000, 0x0000000084200000, 0x0000000084200000|100%| O|  |TAMS 0x0000000084200000, 0x0000000084100000| Untracked 
|  66|0x0000000084200000, 0x0000000084300000, 0x0000000084300000|100%| O|  |TAMS 0x0000000084300000, 0x0000000084200000| Untracked 
|  67|0x0000000084300000, 0x0000000084400000, 0x0000000084400000|100%| O|  |TAMS 0x0000000084400000, 0x0000000084300000| Untracked 
|  68|0x0000000084400000, 0x0000000084500000, 0x0000000084500000|100%|HS|  |TAMS 0x0000000084500000, 0x0000000084400000| Complete 
|  69|0x0000000084500000, 0x0000000084600000, 0x0000000084600000|100%|HS|  |TAMS 0x0000000084600000, 0x0000000084500000| Complete 
|  70|0x0000000084600000, 0x0000000084700000, 0x0000000084700000|100%| O|  |TAMS 0x0000000084700000, 0x0000000084600000| Untracked 
|  71|0x0000000084700000, 0x0000000084800000, 0x0000000084800000|100%| O|  |TAMS 0x0000000084800000, 0x0000000084700000| Updating 
|  72|0x0000000084800000, 0x0000000084900000, 0x0000000084900000|100%|HS|  |TAMS 0x0000000084900000, 0x0000000084800000| Complete 
|  73|0x0000000084900000, 0x0000000084a00000, 0x0000000084a00000|100%| O|  |TAMS 0x0000000084a00000, 0x0000000084900000| Untracked 
|  74|0x0000000084a00000, 0x0000000084b00000, 0x0000000084b00000|100%| O|  |TAMS 0x0000000084b00000, 0x0000000084a00000| Untracked 
|  75|0x0000000084b00000, 0x0000000084c00000, 0x0000000084c00000|100%| O|  |TAMS 0x0000000084c00000, 0x0000000084b00000| Untracked 
|  76|0x0000000084c00000, 0x0000000084d00000, 0x0000000084d00000|100%| O|  |TAMS 0x0000000084d00000, 0x0000000084c00000| Untracked 
|  77|0x0000000084d00000, 0x0000000084e00000, 0x0000000084e00000|100%| O|  |TAMS 0x0000000084e00000, 0x0000000084d00000| Untracked 
|  78|0x0000000084e00000, 0x0000000084f00000, 0x0000000084f00000|100%| O|  |TAMS 0x0000000084f00000, 0x0000000084e00000| Untracked 
|  79|0x0000000084f00000, 0x0000000085000000, 0x0000000085000000|100%| O|  |TAMS 0x0000000085000000, 0x0000000084f00000| Updating 
|  80|0x0000000085000000, 0x0000000085100000, 0x0000000085100000|100%| O|  |TAMS 0x0000000085100000, 0x0000000085000000| Untracked 
|  81|0x0000000085100000, 0x0000000085200000, 0x0000000085200000|100%| O|  |TAMS 0x0000000085200000, 0x0000000085100000| Untracked 
|  82|0x0000000085200000, 0x0000000085300000, 0x0000000085300000|100%| O|  |TAMS 0x0000000085300000, 0x0000000085200000| Untracked 
|  83|0x0000000085300000, 0x0000000085400000, 0x0000000085400000|100%| O|  |TAMS 0x0000000085400000, 0x0000000085300000| Updating 
|  84|0x0000000085400000, 0x0000000085500000, 0x0000000085500000|100%| O|  |TAMS 0x0000000085500000, 0x0000000085400000| Untracked 
|  85|0x0000000085500000, 0x0000000085600000, 0x0000000085600000|100%| O|  |TAMS 0x0000000085600000, 0x0000000085500000| Updating 
|  86|0x0000000085600000, 0x0000000085700000, 0x0000000085700000|100%| O|  |TAMS 0x0000000085700000, 0x0000000085600000| Untracked 
|  87|0x0000000085700000, 0x0000000085800000, 0x0000000085800000|100%| O|  |TAMS 0x0000000085800000, 0x0000000085700000| Untracked 
|  88|0x0000000085800000, 0x0000000085900000, 0x0000000085900000|100%| O|  |TAMS 0x0000000085900000, 0x0000000085800000| Untracked 
|  89|0x0000000085900000, 0x0000000085a00000, 0x0000000085a00000|100%| O|  |TAMS 0x0000000085a00000, 0x0000000085900000| Untracked 
|  90|0x0000000085a00000, 0x0000000085b00000, 0x0000000085b00000|100%| O|  |TAMS 0x0000000085b00000, 0x0000000085a00000| Untracked 
|  91|0x0000000085b00000, 0x0000000085c00000, 0x0000000085c00000|100%| O|  |TAMS 0x0000000085c00000, 0x0000000085b00000| Updating 
|  92|0x0000000085c00000, 0x0000000085d00000, 0x0000000085d00000|100%|HS|  |TAMS 0x0000000085d00000, 0x0000000085c00000| Complete 
|  93|0x0000000085d00000, 0x0000000085e00000, 0x0000000085e00000|100%|HC|  |TAMS 0x0000000085e00000, 0x0000000085d00000| Complete 
|  94|0x0000000085e00000, 0x0000000085f00000, 0x0000000085f00000|100%|HS|  |TAMS 0x0000000085f00000, 0x0000000085e00000| Complete 
|  95|0x0000000085f00000, 0x0000000086000000, 0x0000000086000000|100%|HC|  |TAMS 0x0000000086000000, 0x0000000085f00000| Complete 
|  96|0x0000000086000000, 0x0000000086100000, 0x0000000086100000|100%|HC|  |TAMS 0x0000000086100000, 0x0000000086000000| Complete 
|  97|0x0000000086100000, 0x0000000086200000, 0x0000000086200000|100%|HS|  |TAMS 0x0000000086200000, 0x0000000086100000| Complete 
|  98|0x0000000086200000, 0x0000000086300000, 0x0000000086300000|100%|HC|  |TAMS 0x0000000086300000, 0x0000000086200000| Complete 
|  99|0x0000000086300000, 0x0000000086400000, 0x0000000086400000|100%|HC|  |TAMS 0x0000000086400000, 0x0000000086300000| Complete 
| 100|0x0000000086400000, 0x0000000086500000, 0x0000000086500000|100%|HS|  |TAMS 0x0000000086500000, 0x0000000086400000| Complete 
| 101|0x0000000086500000, 0x0000000086600000, 0x0000000086600000|100%|HC|  |TAMS 0x0000000086600000, 0x0000000086500000| Complete 
| 102|0x0000000086600000, 0x0000000086700000, 0x0000000086700000|100%|HC|  |TAMS 0x0000000086700000, 0x0000000086600000| Complete 
| 103|0x0000000086700000, 0x0000000086800000, 0x0000000086800000|100%|HC|  |TAMS 0x0000000086800000, 0x0000000086700000| Complete 
| 104|0x0000000086800000, 0x0000000086900000, 0x0000000086900000|100%|HC|  |TAMS 0x0000000086900000, 0x0000000086800000| Complete 
| 105|0x0000000086900000, 0x0000000086a00000, 0x0000000086a00000|100%|HC|  |TAMS 0x0000000086a00000, 0x0000000086900000| Complete 
| 106|0x0000000086a00000, 0x0000000086b00000, 0x0000000086b00000|100%|HC|  |TAMS 0x0000000086b00000, 0x0000000086a00000| Complete 
| 107|0x0000000086b00000, 0x0000000086c00000, 0x0000000086c00000|100%|HC|  |TAMS 0x0000000086c00000, 0x0000000086b00000| Complete 
| 108|0x0000000086c00000, 0x0000000086d00000, 0x0000000086d00000|100%|HC|  |TAMS 0x0000000086d00000, 0x0000000086c00000| Complete 
| 109|0x0000000086d00000, 0x0000000086e00000, 0x0000000086e00000|100%|HC|  |TAMS 0x0000000086e00000, 0x0000000086d00000| Complete 
| 110|0x0000000086e00000, 0x0000000086f00000, 0x0000000086f00000|100%|HC|  |TAMS 0x0000000086f00000, 0x0000000086e00000| Complete 
| 111|0x0000000086f00000, 0x0000000087000000, 0x0000000087000000|100%|HC|  |TAMS 0x0000000087000000, 0x0000000086f00000| Complete 
| 112|0x0000000087000000, 0x0000000087100000, 0x0000000087100000|100%|HS|  |TAMS 0x0000000087100000, 0x0000000087000000| Complete 
| 113|0x0000000087100000, 0x0000000087200000, 0x0000000087200000|100%|HC|  |TAMS 0x0000000087200000, 0x0000000087100000| Complete 
| 114|0x0000000087200000, 0x0000000087300000, 0x0000000087300000|100%| O|  |TAMS 0x0000000087300000, 0x0000000087200000| Untracked 
| 115|0x0000000087300000, 0x0000000087400000, 0x0000000087400000|100%| O|  |TAMS 0x0000000087400000, 0x0000000087300000| Untracked 
| 116|0x0000000087400000, 0x0000000087500000, 0x0000000087500000|100%| O|  |TAMS 0x0000000087500000, 0x0000000087400000| Untracked 
| 117|0x0000000087500000, 0x0000000087600000, 0x0000000087600000|100%| O|  |TAMS 0x0000000087600000, 0x0000000087500000| Untracked 
| 118|0x0000000087600000, 0x0000000087700000, 0x0000000087700000|100%| O|  |TAMS 0x0000000087700000, 0x0000000087600000| Untracked 
| 119|0x0000000087700000, 0x0000000087800000, 0x0000000087800000|100%| O|  |TAMS 0x0000000087800000, 0x0000000087700000| Untracked 
| 120|0x0000000087800000, 0x0000000087900000, 0x0000000087900000|100%| O|  |TAMS 0x0000000087900000, 0x0000000087800000| Untracked 
| 121|0x0000000087900000, 0x0000000087a00000, 0x0000000087a00000|100%|HS|  |TAMS 0x0000000087a00000, 0x0000000087900000| Complete 
| 122|0x0000000087a00000, 0x0000000087b00000, 0x0000000087b00000|100%|HC|  |TAMS 0x0000000087b00000, 0x0000000087a00000| Complete 
| 123|0x0000000087b00000, 0x0000000087c00000, 0x0000000087c00000|100%|HS|  |TAMS 0x0000000087b00000, 0x0000000087b00000| Complete 
| 124|0x0000000087c00000, 0x0000000087d00000, 0x0000000087d00000|100%|HC|  |TAMS 0x0000000087c00000, 0x0000000087c00000| Complete 
| 125|0x0000000087d00000, 0x0000000087d00000, 0x0000000087e00000|  0%| F|  |TAMS 0x0000000087d00000, 0x0000000087d00000| Untracked 
| 126|0x0000000087e00000, 0x0000000087e00000, 0x0000000087f00000|  0%| F|  |TAMS 0x0000000087e00000, 0x0000000087e00000| Untracked 
| 127|0x0000000087f00000, 0x0000000088000000, 0x0000000088000000|100%| O|  |TAMS 0x0000000088000000, 0x0000000087f00000| Updating 
| 128|0x0000000088000000, 0x0000000088100000, 0x0000000088100000|100%| O|  |TAMS 0x0000000088100000, 0x0000000088000000| Untracked 
| 129|0x0000000088100000, 0x0000000088200000, 0x0000000088200000|100%| O|  |TAMS 0x0000000088200000, 0x0000000088100000| Untracked 
| 130|0x0000000088200000, 0x0000000088300000, 0x0000000088300000|100%| O|  |TAMS 0x0000000088300000, 0x0000000088200000| Untracked 
| 131|0x0000000088300000, 0x000000008837c200, 0x0000000088400000| 48%| O|  |TAMS 0x000000008837c200, 0x0000000088300000| Updating 
| 132|0x0000000088400000, 0x0000000088400000, 0x0000000088500000|  0%| F|  |TAMS 0x0000000088400000, 0x0000000088400000| Untracked 
| 133|0x0000000088500000, 0x0000000088500000, 0x0000000088600000|  0%| F|  |TAMS 0x0000000088500000, 0x0000000088500000| Untracked 
| 134|0x0000000088600000, 0x0000000088600000, 0x0000000088700000|  0%| F|  |TAMS 0x0000000088600000, 0x0000000088600000| Untracked 
| 135|0x0000000088700000, 0x0000000088700000, 0x0000000088800000|  0%| F|  |TAMS 0x0000000088700000, 0x0000000088700000| Untracked 
| 136|0x0000000088800000, 0x0000000088800000, 0x0000000088900000|  0%| F|  |TAMS 0x0000000088800000, 0x0000000088800000| Untracked 
| 137|0x0000000088900000, 0x0000000088900000, 0x0000000088a00000|  0%| F|  |TAMS 0x0000000088900000, 0x0000000088900000| Untracked 
| 138|0x0000000088a00000, 0x0000000088a00000, 0x0000000088b00000|  0%| F|  |TAMS 0x0000000088a00000, 0x0000000088a00000| Untracked 
| 139|0x0000000088b00000, 0x0000000088b00000, 0x0000000088c00000|  0%| F|  |TAMS 0x0000000088b00000, 0x0000000088b00000| Untracked 
| 140|0x0000000088c00000, 0x0000000088c00000, 0x0000000088d00000|  0%| F|  |TAMS 0x0000000088c00000, 0x0000000088c00000| Untracked 
| 141|0x0000000088d00000, 0x0000000088d00000, 0x0000000088e00000|  0%| F|  |TAMS 0x0000000088d00000, 0x0000000088d00000| Untracked 
| 142|0x0000000088e00000, 0x0000000088e00000, 0x0000000088f00000|  0%| F|  |TAMS 0x0000000088e00000, 0x0000000088e00000| Untracked 
| 143|0x0000000088f00000, 0x0000000088f00000, 0x0000000089000000|  0%| F|  |TAMS 0x0000000088f00000, 0x0000000088f00000| Untracked 
| 144|0x0000000089000000, 0x0000000089000000, 0x0000000089100000|  0%| F|  |TAMS 0x0000000089000000, 0x0000000089000000| Untracked 
| 145|0x0000000089100000, 0x0000000089100000, 0x0000000089200000|  0%| F|  |TAMS 0x0000000089100000, 0x0000000089100000| Untracked 
| 146|0x0000000089200000, 0x0000000089200000, 0x0000000089300000|  0%| F|  |TAMS 0x0000000089200000, 0x0000000089200000| Untracked 
| 147|0x0000000089300000, 0x0000000089300000, 0x0000000089400000|  0%| F|  |TAMS 0x0000000089300000, 0x0000000089300000| Untracked 
| 148|0x0000000089400000, 0x0000000089400000, 0x0000000089500000|  0%| F|  |TAMS 0x0000000089400000, 0x0000000089400000| Untracked 
| 149|0x0000000089500000, 0x0000000089500000, 0x0000000089600000|  0%| F|  |TAMS 0x0000000089500000, 0x0000000089500000| Untracked 
| 150|0x0000000089600000, 0x0000000089600000, 0x0000000089700000|  0%| F|  |TAMS 0x0000000089600000, 0x0000000089600000| Untracked 
| 151|0x0000000089700000, 0x0000000089700000, 0x0000000089800000|  0%| F|  |TAMS 0x0000000089700000, 0x0000000089700000| Untracked 
| 152|0x0000000089800000, 0x0000000089800000, 0x0000000089900000|  0%| F|  |TAMS 0x0000000089800000, 0x0000000089800000| Untracked 
| 153|0x0000000089900000, 0x0000000089900000, 0x0000000089a00000|  0%| F|  |TAMS 0x0000000089900000, 0x0000000089900000| Untracked 
| 154|0x0000000089a00000, 0x0000000089a00000, 0x0000000089b00000|  0%| F|  |TAMS 0x0000000089a00000, 0x0000000089a00000| Untracked 
| 155|0x0000000089b00000, 0x0000000089b00000, 0x0000000089c00000|  0%| F|  |TAMS 0x0000000089b00000, 0x0000000089b00000| Untracked 
| 156|0x0000000089c00000, 0x0000000089c00000, 0x0000000089d00000|  0%| F|  |TAMS 0x0000000089c00000, 0x0000000089c00000| Untracked 
| 157|0x0000000089d00000, 0x0000000089d00000, 0x0000000089e00000|  0%| F|  |TAMS 0x0000000089d00000, 0x0000000089d00000| Untracked 
| 158|0x0000000089e00000, 0x0000000089e00000, 0x0000000089f00000|  0%| F|  |TAMS 0x0000000089e00000, 0x0000000089e00000| Untracked 
| 159|0x0000000089f00000, 0x0000000089f00000, 0x000000008a000000|  0%| F|  |TAMS 0x0000000089f00000, 0x0000000089f00000| Untracked 
| 160|0x000000008a000000, 0x000000008a000000, 0x000000008a100000|  0%| F|  |TAMS 0x000000008a000000, 0x000000008a000000| Untracked 
| 161|0x000000008a100000, 0x000000008a100000, 0x000000008a200000|  0%| F|  |TAMS 0x000000008a100000, 0x000000008a100000| Untracked 
| 162|0x000000008a200000, 0x000000008a200000, 0x000000008a300000|  0%| F|  |TAMS 0x000000008a200000, 0x000000008a200000| Untracked 
| 163|0x000000008a300000, 0x000000008a300000, 0x000000008a400000|  0%| F|  |TAMS 0x000000008a300000, 0x000000008a300000| Untracked 
| 164|0x000000008a400000, 0x000000008a400000, 0x000000008a500000|  0%| F|  |TAMS 0x000000008a400000, 0x000000008a400000| Untracked 
| 165|0x000000008a500000, 0x000000008a500000, 0x000000008a600000|  0%| F|  |TAMS 0x000000008a500000, 0x000000008a500000| Untracked 
| 166|0x000000008a600000, 0x000000008a600000, 0x000000008a700000|  0%| F|  |TAMS 0x000000008a600000, 0x000000008a600000| Untracked 
| 167|0x000000008a700000, 0x000000008a700000, 0x000000008a800000|  0%| F|  |TAMS 0x000000008a700000, 0x000000008a700000| Untracked 
| 168|0x000000008a800000, 0x000000008a800000, 0x000000008a900000|  0%| F|  |TAMS 0x000000008a800000, 0x000000008a800000| Untracked 
| 169|0x000000008a900000, 0x000000008a900000, 0x000000008aa00000|  0%| F|  |TAMS 0x000000008a900000, 0x000000008a900000| Untracked 
| 170|0x000000008aa00000, 0x000000008aa00000, 0x000000008ab00000|  0%| F|  |TAMS 0x000000008aa00000, 0x000000008aa00000| Untracked 
| 171|0x000000008ab00000, 0x000000008ab00000, 0x000000008ac00000|  0%| F|  |TAMS 0x000000008ab00000, 0x000000008ab00000| Untracked 
| 172|0x000000008ac00000, 0x000000008ac00000, 0x000000008ad00000|  0%| F|  |TAMS 0x000000008ac00000, 0x000000008ac00000| Untracked 
| 173|0x000000008ad00000, 0x000000008ad00000, 0x000000008ae00000|  0%| F|  |TAMS 0x000000008ad00000, 0x000000008ad00000| Untracked 
| 174|0x000000008ae00000, 0x000000008ae00000, 0x000000008af00000|  0%| F|  |TAMS 0x000000008ae00000, 0x000000008ae00000| Untracked 
| 175|0x000000008af00000, 0x000000008af00000, 0x000000008b000000|  0%| F|  |TAMS 0x000000008af00000, 0x000000008af00000| Untracked 
| 176|0x000000008b000000, 0x000000008b000000, 0x000000008b100000|  0%| F|  |TAMS 0x000000008b000000, 0x000000008b000000| Untracked 
| 177|0x000000008b100000, 0x000000008b100000, 0x000000008b200000|  0%| F|  |TAMS 0x000000008b100000, 0x000000008b100000| Untracked 
| 178|0x000000008b200000, 0x000000008b200000, 0x000000008b300000|  0%| F|  |TAMS 0x000000008b200000, 0x000000008b200000| Untracked 
| 179|0x000000008b300000, 0x000000008b300000, 0x000000008b400000|  0%| F|  |TAMS 0x000000008b300000, 0x000000008b300000| Untracked 
| 180|0x000000008b400000, 0x000000008b400000, 0x000000008b500000|  0%| F|  |TAMS 0x000000008b400000, 0x000000008b400000| Untracked 
| 181|0x000000008b500000, 0x000000008b500000, 0x000000008b600000|  0%| F|  |TAMS 0x000000008b500000, 0x000000008b500000| Untracked 
| 182|0x000000008b600000, 0x000000008b600000, 0x000000008b700000|  0%| F|  |TAMS 0x000000008b600000, 0x000000008b600000| Untracked 
| 183|0x000000008b700000, 0x000000008b700000, 0x000000008b800000|  0%| F|  |TAMS 0x000000008b700000, 0x000000008b700000| Untracked 
| 184|0x000000008b800000, 0x000000008b800000, 0x000000008b900000|  0%| F|  |TAMS 0x000000008b800000, 0x000000008b800000| Untracked 
| 185|0x000000008b900000, 0x000000008b900000, 0x000000008ba00000|  0%| F|  |TAMS 0x000000008b900000, 0x000000008b900000| Untracked 
| 186|0x000000008ba00000, 0x000000008ba00000, 0x000000008bb00000|  0%| F|  |TAMS 0x000000008ba00000, 0x000000008ba00000| Untracked 
| 187|0x000000008bb00000, 0x000000008bb00000, 0x000000008bc00000|  0%| F|  |TAMS 0x000000008bb00000, 0x000000008bb00000| Untracked 
| 188|0x000000008bc00000, 0x000000008bc00000, 0x000000008bd00000|  0%| F|  |TAMS 0x000000008bc00000, 0x000000008bc00000| Untracked 
| 189|0x000000008bd00000, 0x000000008bd00000, 0x000000008be00000|  0%| F|  |TAMS 0x000000008bd00000, 0x000000008bd00000| Untracked 
| 190|0x000000008be00000, 0x000000008be00000, 0x000000008bf00000|  0%| F|  |TAMS 0x000000008be00000, 0x000000008be00000| Untracked 
| 191|0x000000008bf00000, 0x000000008bf586e0, 0x000000008c000000| 34%| E|  |TAMS 0x000000008bf00000, 0x000000008bf00000| Complete 
| 192|0x000000008c000000, 0x000000008c100000, 0x000000008c100000|100%| E|CS|TAMS 0x000000008c000000, 0x000000008c000000| Complete 
| 193|0x000000008c100000, 0x000000008c200000, 0x000000008c200000|100%| E|CS|TAMS 0x000000008c100000, 0x000000008c100000| Complete 
| 194|0x000000008c200000, 0x000000008c300000, 0x000000008c300000|100%| E|CS|TAMS 0x000000008c200000, 0x000000008c200000| Complete 
| 195|0x000000008c300000, 0x000000008c400000, 0x000000008c400000|100%| E|CS|TAMS 0x000000008c300000, 0x000000008c300000| Complete 
| 196|0x000000008c400000, 0x000000008c500000, 0x000000008c500000|100%| E|CS|TAMS 0x000000008c400000, 0x000000008c400000| Complete 
| 197|0x000000008c500000, 0x000000008c600000, 0x000000008c600000|100%| E|CS|TAMS 0x000000008c500000, 0x000000008c500000| Complete 
| 198|0x000000008c600000, 0x000000008c647700, 0x000000008c700000| 27%| S|CS|TAMS 0x000000008c600000, 0x000000008c600000| Complete 
| 199|0x000000008c700000, 0x000000008c800000, 0x000000008c800000|100%| S|CS|TAMS 0x000000008c700000, 0x000000008c700000| Complete 
| 200|0x000000008c800000, 0x000000008c900000, 0x000000008c900000|100%| S|CS|TAMS 0x000000008c800000, 0x000000008c800000| Complete 
| 201|0x000000008c900000, 0x000000008ca00000, 0x000000008ca00000|100%| E|CS|TAMS 0x000000008c900000, 0x000000008c900000| Complete 

Card table byte_map: [0x000001aafa890000,0x000001aafac90000] _byte_map_base: 0x000001aafa490000

Marking Bits (Prev, Next): (CMBitMap*) 0x000001aaf6cf1430, (CMBitMap*) 0x000001aaf6cf13f0
 Prev Bits: [0x000001aafd090000, 0x000001aaff090000)
 Next Bits: [0x000001aafb090000, 0x000001aafd090000)

Polling page: 0x000001aaf4aa0000

Metaspace:

Usage:
  Non-class:     76.57 MB used.
      Class:     11.97 MB used.
       Both:     88.54 MB used.

Virtual space:
  Non-class space:       80.00 MB reserved,      77.00 MB ( 96%) committed,  10 nodes.
      Class space:        1.00 GB reserved,      12.31 MB (  1%) committed,  1 nodes.
             Both:        1.08 GB reserved,      89.31 MB (  8%) committed. 

Chunk freelists:
   Non-Class:  2.98 MB
       Class:  3.66 MB
        Both:  6.65 MB

MaxMetaspaceSize: unlimited
CompressedClassSpaceSize: 1.00 GB
Initial GC threshold: 21.00 MB
Current GC threshold: 140.25 MB
CDS: off
MetaspaceReclaimPolicy: balanced
 - commit_granule_bytes: 65536.
 - commit_granule_words: 8192.
 - virtual_space_node_default_size: 1048576.
 - enlarge_chunks_in_place: 1.
 - new_chunks_are_fully_committed: 0.
 - uncommit_free_chunks: 1.
 - use_allocation_guard: 0.
 - handle_deallocations: 1.


Internal statistics:

num_allocs_failed_limit: 3.
num_arena_births: 964.
num_arena_deaths: 0.
num_vsnodes_births: 11.
num_vsnodes_deaths: 0.
num_space_committed: 1428.
num_space_uncommitted: 0.
num_chunks_returned_to_freelist: 3.
num_chunks_taken_from_freelist: 4291.
num_chunk_merges: 3.
num_chunk_splits: 2856.
num_chunks_enlarged: 1923.
num_purges: 0.
num_inconsistent_stats: 0.

CodeHeap 'non-profiled nmethods': size=120000Kb used=4764Kb max_used=4764Kb free=115235Kb
 bounds [0x000001aa87ad0000, 0x000001aa87f80000, 0x000001aa8f000000]
CodeHeap 'profiled nmethods': size=120000Kb used=16531Kb max_used=16531Kb free=103468Kb
 bounds [0x000001aa80000000, 0x000001aa81030000, 0x000001aa87530000]
CodeHeap 'non-nmethods': size=5760Kb used=2405Kb max_used=2454Kb free=3354Kb
 bounds [0x000001aa87530000, 0x000001aa877a0000, 0x000001aa87ad0000]
 total_blobs=9215 nmethods=8287 adapters=840
 compilation: enabled
              stopped_count=0, restarted_count=0
 full_count=0

Compilation events (20 events):
Event: 20.815 Thread 0x000001aaffb55fa0 9122       3       java.util.stream.ReferencePipeline::mapToInt (26 bytes)
Event: 20.815 Thread 0x000001aaffb55fa0 nmethod 9122 0x000001aa81020110 code [0x000001aa81020300, 0x000001aa81020818]
Event: 20.815 Thread 0x000001aaffb55fa0 9123       3       java.util.stream.ReduceOps::makeInt (18 bytes)
Event: 20.815 Thread 0x000001aaffb55fa0 nmethod 9123 0x000001aa81020a10 code [0x000001aa81020be0, 0x000001aa81021068]
Event: 20.815 Thread 0x000001aaffb55fa0 9124       3       com.google.common.collect.MapMakerInternalMap$WeakKeyDummyValueEntry$Helper::copy (17 bytes)
Event: 20.816 Thread 0x000001aaffb55fa0 nmethod 9124 0x000001aa81021210 code [0x000001aa810213e0, 0x000001aa81021a48]
Event: 20.816 Thread 0x000001aaffb55fa0 9125       3       com.google.common.collect.MapMakerInternalMap$WeakKeyDummyValueEntry$Helper::copy (19 bytes)
Event: 20.816 Thread 0x000001aaffb55fa0 nmethod 9125 0x000001aa81021c10 code [0x000001aa81021dc0, 0x000001aa81022128]
Event: 20.816 Thread 0x000001aaffb55fa0 9126       3       com.google.common.collect.MapMakerInternalMap$WeakKeyDummyValueEntry::copy (18 bytes)
Event: 20.816 Thread 0x000001aaffb55fa0 nmethod 9126 0x000001aa81022290 code [0x000001aa81022440, 0x000001aa81022788]
Event: 20.817 Thread 0x000001aaffb55fa0 9128       3       org.gradle.internal.snapshot.DirectorySnapshot::<init> (20 bytes)
Event: 20.817 Thread 0x000001aaffb55fa0 nmethod 9128 0x000001aa81022890 code [0x000001aa81022a40, 0x000001aa81022dd8]
Event: 20.817 Thread 0x000001aaffb55fa0 9129       3       org.gradle.internal.execution.history.impl.FileSystemSnapshotSerializer$SnapshotStack::push (17 bytes)
Event: 20.818 Thread 0x000001aaffb55fa0 nmethod 9129 0x000001aa81022f10 code [0x000001aa810230e0, 0x000001aa81023508]
Event: 20.818 Thread 0x000001aaffb55fa0 9130       3       org.gradle.internal.execution.history.impl.FileSystemSnapshotSerializer$SnapshotStack::pop (29 bytes)
Event: 20.818 Thread 0x000001aaffb55fa0 nmethod 9130 0x000001aa81023690 code [0x000001aa81023860, 0x000001aa81023c38]
Event: 20.818 Thread 0x000001aaffb55fa0 9131       3       org.gradle.internal.snapshot.DirectorySnapshot::<init> (41 bytes)
Event: 20.819 Thread 0x000001aaffb55fa0 nmethod 9131 0x000001aa81023d90 code [0x000001aa81023fc0, 0x000001aa81024948]
Event: 20.887 Thread 0x000001aaffb4a0e0 nmethod 9062 0x000001aa87f71d90 code [0x000001aa87f71fe0, 0x000001aa87f75698]
Event: 20.887 Thread 0x000001aaffb4a0e0 9138       4       org.gradle.internal.execution.history.impl.FileSystemSnapshotSerializer::toAbsolutePath (102 bytes)

GC Heap History (20 events):
Event: 15.959 GC heap before
{Heap before GC invocations=35 (full 0):
 garbage-first heap   total 172032K, used 124757K [0x0000000080000000, 0x0000000100000000)
  region size 1024K, 39 young (39936K), 4 survivors (4096K)
 Metaspace       used 74429K, committed 75136K, reserved 1114112K
  class space    used 9919K, committed 10240K, reserved 1048576K
}
Event: 15.965 GC heap after
{Heap after GC invocations=36 (full 0):
 garbage-first heap   total 172032K, used 91081K [0x0000000080000000, 0x0000000100000000)
  region size 1024K, 5 young (5120K), 5 survivors (5120K)
 Metaspace       used 74429K, committed 75136K, reserved 1114112K
  class space    used 9919K, committed 10240K, reserved 1048576K
}
Event: 16.721 GC heap before
{Heap before GC invocations=37 (full 0):
 garbage-first heap   total 172032K, used 127945K [0x0000000080000000, 0x0000000100000000)
  region size 1024K, 41 young (41984K), 5 survivors (5120K)
 Metaspace       used 77857K, committed 78592K, reserved 1122304K
  class space    used 10379K, committed 10688K, reserved 1048576K
}
Event: 16.728 GC heap after
{Heap after GC invocations=38 (full 0):
 garbage-first heap   total 172032K, used 93723K [0x0000000080000000, 0x0000000100000000)
  region size 1024K, 5 young (5120K), 5 survivors (5120K)
 Metaspace       used 77857K, committed 78592K, reserved 1122304K
  class space    used 10379K, committed 10688K, reserved 1048576K
}
Event: 16.801 GC heap before
{Heap before GC invocations=38 (full 0):
 garbage-first heap   total 172032K, used 95771K [0x0000000080000000, 0x0000000100000000)
  region size 1024K, 8 young (8192K), 5 survivors (5120K)
 Metaspace       used 78285K, committed 78976K, reserved 1122304K
  class space    used 10432K, committed 10752K, reserved 1048576K
}
Event: 16.807 GC heap after
{Heap after GC invocations=39 (full 0):
 garbage-first heap   total 172032K, used 93842K [0x0000000080000000, 0x0000000100000000)
  region size 1024K, 1 young (1024K), 1 survivors (1024K)
 Metaspace       used 78285K, committed 78976K, reserved 1122304K
  class space    used 10432K, committed 10752K, reserved 1048576K
}
Event: 17.755 GC heap before
{Heap before GC invocations=39 (full 0):
 garbage-first heap   total 172032K, used 133778K [0x0000000080000000, 0x0000000100000000)
  region size 1024K, 39 young (39936K), 1 survivors (1024K)
 Metaspace       used 82929K, committed 83584K, reserved 1122304K
  class space    used 11262K, committed 11584K, reserved 1048576K
}
Event: 17.759 GC heap after
{Heap after GC invocations=40 (full 0):
 garbage-first heap   total 172032K, used 95176K [0x0000000080000000, 0x0000000100000000)
  region size 1024K, 3 young (3072K), 3 survivors (3072K)
 Metaspace       used 82929K, committed 83584K, reserved 1122304K
  class space    used 11262K, committed 11584K, reserved 1048576K
}
Event: 18.197 GC heap before
{Heap before GC invocations=40 (full 0):
 garbage-first heap   total 172032K, used 113608K [0x0000000080000000, 0x0000000100000000)
  region size 1024K, 23 young (23552K), 3 survivors (3072K)
 Metaspace       used 84750K, committed 85504K, reserved 1130496K
  class space    used 11482K, committed 11840K, reserved 1048576K
}
Event: 18.203 GC heap after
{Heap after GC invocations=41 (full 0):
 garbage-first heap   total 172032K, used 98752K [0x0000000080000000, 0x0000000100000000)
  region size 1024K, 6 young (6144K), 6 survivors (6144K)
 Metaspace       used 84750K, committed 85504K, reserved 1130496K
  class space    used 11482K, committed 11840K, reserved 1048576K
}
Event: 20.116 GC heap before
{Heap before GC invocations=42 (full 0):
 garbage-first heap   total 172032K, used 156096K [0x0000000080000000, 0x0000000100000000)
  region size 1024K, 41 young (41984K), 6 survivors (6144K)
 Metaspace       used 89346K, committed 90048K, reserved 1130496K
  class space    used 12078K, committed 12416K, reserved 1048576K
}
Event: 20.129 GC heap after
{Heap after GC invocations=43 (full 0):
 garbage-first heap   total 172032K, used 127231K [0x0000000080000000, 0x0000000100000000)
  region size 1024K, 6 young (6144K), 6 survivors (6144K)
 Metaspace       used 89346K, committed 90048K, reserved 1130496K
  class space    used 12078K, committed 12416K, reserved 1048576K
}
Event: 20.170 GC heap before
{Heap before GC invocations=43 (full 0):
 garbage-first heap   total 172032K, used 129279K [0x0000000080000000, 0x0000000100000000)
  region size 1024K, 8 young (8192K), 6 survivors (6144K)
 Metaspace       used 89359K, committed 90112K, reserved 1130496K
  class space    used 12078K, committed 12416K, reserved 1048576K
}
Event: 20.175 GC heap after
{Heap after GC invocations=44 (full 0):
 garbage-first heap   total 172032K, used 128015K [0x0000000080000000, 0x0000000100000000)
  region size 1024K, 1 young (1024K), 1 survivors (1024K)
 Metaspace       used 89359K, committed 90112K, reserved 1130496K
  class space    used 12078K, committed 12416K, reserved 1048576K
}
Event: 20.423 GC heap before
{Heap before GC invocations=44 (full 0):
 garbage-first heap   total 172032K, used 144399K [0x0000000080000000, 0x0000000100000000)
  region size 1024K, 18 young (18432K), 1 survivors (1024K)
 Metaspace       used 89844K, committed 90624K, reserved 1130496K
  class space    used 12143K, committed 12480K, reserved 1048576K
}
Event: 20.427 GC heap after
{Heap after GC invocations=45 (full 0):
 garbage-first heap   total 172032K, used 129020K [0x0000000080000000, 0x0000000100000000)
  region size 1024K, 2 young (2048K), 2 survivors (2048K)
 Metaspace       used 89844K, committed 90624K, reserved 1130496K
  class space    used 12143K, committed 12480K, reserved 1048576K
}
Event: 20.788 GC heap before
{Heap before GC invocations=45 (full 0):
 garbage-first heap   total 172032K, used 141308K [0x0000000080000000, 0x0000000100000000)
  region size 1024K, 15 young (15360K), 2 survivors (2048K)
 Metaspace       used 90649K, committed 91456K, reserved 1130496K
  class space    used 12254K, committed 12608K, reserved 1048576K
}
Event: 20.793 GC heap after
{Heap after GC invocations=46 (full 0):
 garbage-first heap   total 206848K, used 129746K [0x0000000080000000, 0x0000000100000000)
  region size 1024K, 3 young (3072K), 3 survivors (3072K)
 Metaspace       used 90649K, committed 91456K, reserved 1130496K
  class space    used 12254K, committed 12608K, reserved 1048576K
}
Event: 20.797 GC heap before
{Heap before GC invocations=46 (full 0):
 garbage-first heap   total 206848K, used 131794K [0x0000000080000000, 0x0000000100000000)
  region size 1024K, 4 young (4096K), 3 survivors (3072K)
 Metaspace       used 90649K, committed 91456K, reserved 1130496K
  class space    used 12254K, committed 12608K, reserved 1048576K
}
Event: 20.801 GC heap after
{Heap after GC invocations=47 (full 0):
 garbage-first heap   total 206848K, used 131854K [0x0000000080000000, 0x0000000100000000)
  region size 1024K, 3 young (3072K), 3 survivors (3072K)
 Metaspace       used 90649K, committed 91456K, reserved 1130496K
  class space    used 12254K, committed 12608K, reserved 1048576K
}

Dll operation events (2 events):
Event: 0.016 Loaded shared library D:\AndroidStudio\download_data\jbr\bin\java.dll
Event: 0.618 Loaded shared library D:\AndroidStudio\download_data\jbr\bin\verify.dll

Deoptimization events (20 events):
Event: 20.586 Thread 0x000001aa93f1d080 DEOPT PACKING pc=0x000001aa87f45aa0 sp=0x0000005ac81f9fc0
Event: 20.586 Thread 0x000001aa93f1d080 DEOPT UNPACKING pc=0x000001aa8758a1a3 sp=0x0000005ac81f9d18 mode 2
Event: 20.709 Thread 0x000001aa93f1d080 DEOPT PACKING pc=0x000001aa80f7663c sp=0x0000005ac81f9950
Event: 20.709 Thread 0x000001aa93f1d080 DEOPT UNPACKING pc=0x000001aa8758ace3 sp=0x0000005ac81f8e60 mode 0
Event: 20.787 Thread 0x000001aa9581b5f0 Uncommon trap: trap_request=0xffffffc6 fr.pc=0x000001aa87e862d8 relative=0x0000000000003c98
Event: 20.787 Thread 0x000001aa9581b5f0 Uncommon trap: reason=bimorphic_or_optimized_type_check action=maybe_recompile pc=0x000001aa87e862d8 method=org.gradle.cache.internal.btree.FileBackedBlockStore$BlockImpl.read()V @ 77 c2
Event: 20.787 Thread 0x000001aa9581b5f0 DEOPT PACKING pc=0x000001aa87e862d8 sp=0x0000005ac8dfe3f0
Event: 20.787 Thread 0x000001aa9581b5f0 DEOPT UNPACKING pc=0x000001aa8758a1a3 sp=0x0000005ac8dfe2f8 mode 2
Event: 20.794 Thread 0x000001aa9581b5f0 Uncommon trap: trap_request=0xffffffc6 fr.pc=0x000001aa87b22074 relative=0x0000000000000974
Event: 20.794 Thread 0x000001aa9581b5f0 Uncommon trap: reason=bimorphic_or_optimized_type_check action=maybe_recompile pc=0x000001aa87b22074 method=java.io.BufferedInputStream.read1([BII)I @ 39 c2
Event: 20.794 Thread 0x000001aa9581b5f0 DEOPT PACKING pc=0x000001aa87b22074 sp=0x0000005ac8dfe790
Event: 20.794 Thread 0x000001aa9581b5f0 DEOPT UNPACKING pc=0x000001aa8758a1a3 sp=0x0000005ac8dfe6a8 mode 2
Event: 20.796 Thread 0x000001aa9581b5f0 Uncommon trap: trap_request=0xffffff45 fr.pc=0x000001aa87e86024 relative=0x00000000000039e4
Event: 20.796 Thread 0x000001aa9581b5f0 Uncommon trap: reason=unstable_if action=reinterpret pc=0x000001aa87e86024 method=org.gradle.internal.io.StreamByteBuffer.allocateSpace()I @ 9 c2
Event: 20.796 Thread 0x000001aa9581b5f0 DEOPT PACKING pc=0x000001aa87e86024 sp=0x0000005ac8dfe820
Event: 20.796 Thread 0x000001aa9581b5f0 DEOPT UNPACKING pc=0x000001aa8758a1a3 sp=0x0000005ac8dfe538 mode 2
Event: 20.801 Thread 0x000001aa9581b5f0 Uncommon trap: trap_request=0xffffffc6 fr.pc=0x000001aa87b22074 relative=0x0000000000000974
Event: 20.801 Thread 0x000001aa9581b5f0 Uncommon trap: reason=bimorphic_or_optimized_type_check action=maybe_recompile pc=0x000001aa87b22074 method=java.io.BufferedInputStream.read1([BII)I @ 39 c2
Event: 20.801 Thread 0x000001aa9581b5f0 DEOPT PACKING pc=0x000001aa87b22074 sp=0x0000005ac8dfe450
Event: 20.801 Thread 0x000001aa9581b5f0 DEOPT UNPACKING pc=0x000001aa8758a1a3 sp=0x0000005ac8dfe368 mode 2

Classes unloaded (0 events):
No events

Classes redefined (0 events):
No events

Internal exceptions (20 events):
Event: 20.433 Thread 0x000001aa93f1d080 Exception <a 'java/lang/ClassNotFoundException'{0x000000008a767c38}: org/gradle/internal/extensibility/ExtensionsStorage$ExtensionHolderBeanInfo> (0x000000008a767c38) 
thrown [s\src\hotspot\share\classfile\systemDictionary.cpp, line 256]
Event: 20.434 Thread 0x000001aa93f1d080 Exception <a 'java/lang/ClassNotFoundException'{0x000000008a7707d0}: org/gradle/internal/extensibility/ExtensionsStorage$ExtensionHolderCustomizer> (0x000000008a7707d0) 
thrown [s\src\hotspot\share\classfile\systemDictionary.cpp, line 256]
Event: 20.450 Thread 0x000001aa93f1d080 Exception <a 'java/lang/ClassNotFoundException'{0x000000008a7f8150}: org/gradle/internal/service/scopes/ProjectScopeServicesBeanInfo> (0x000000008a7f8150) 
thrown [s\src\hotspot\share\classfile\systemDictionary.cpp, line 256]
Event: 20.450 Thread 0x000001aa93f1d080 Exception <a 'java/lang/ClassNotFoundException'{0x000000008a665e48}: org/gradle/internal/service/scopes/ProjectScopeServicesCustomizer> (0x000000008a665e48) 
thrown [s\src\hotspot\share\classfile\systemDictionary.cpp, line 256]
Event: 20.454 Thread 0x000001aa93f1d080 Exception <a 'java/lang/ClassNotFoundException'{0x000000008a687cf8}: org/gradle/api/internal/catalog/DefaultDependenciesAccessorsBeanInfo> (0x000000008a687cf8) 
thrown [s\src\hotspot\share\classfile\systemDictionary.cpp, line 256]
Event: 20.455 Thread 0x000001aa93f1d080 Exception <a 'java/lang/ClassNotFoundException'{0x000000008a6930e8}: org/gradle/api/internal/catalog/DefaultDependenciesAccessorsCustomizer> (0x000000008a6930e8) 
thrown [s\src\hotspot\share\classfile\systemDictionary.cpp, line 256]
Event: 20.460 Thread 0x000001aa93f1d080 Exception <a 'java/lang/ClassNotFoundException'{0x000000008a6b6c48}: org/gradle/internal/classpath/DefaultClassPathBeanInfo> (0x000000008a6b6c48) 
thrown [s\src\hotspot\share\classfile\systemDictionary.cpp, line 256]
Event: 20.460 Thread 0x000001aa93f1d080 Exception <a 'java/lang/ClassNotFoundException'{0x000000008a6bf408}: org/gradle/internal/classpath/DefaultClassPathCustomizer> (0x000000008a6bf408) 
thrown [s\src\hotspot\share\classfile\systemDictionary.cpp, line 256]
Event: 20.474 Thread 0x000001aa93f1d080 Exception <a 'java/lang/ClassNotFoundException'{0x000000008a5d6780}: org/gradle/internal/classpath/DefaultClassPath$ImmutableUniqueListBeanInfo> (0x000000008a5d6780) 
thrown [s\src\hotspot\share\classfile\systemDictionary.cpp, line 256]
Event: 20.475 Thread 0x000001aa93f1d080 Exception <a 'java/lang/ClassNotFoundException'{0x000000008a5db040}: java/util/AbstractListBeanInfo> (0x000000008a5db040) 
thrown [s\src\hotspot\share\classfile\systemDictionary.cpp, line 256]
Event: 20.476 Thread 0x000001aa93f1d080 Exception <a 'java/lang/ClassNotFoundException'{0x000000008a5df8d8}: java/util/AbstractListCustomizer> (0x000000008a5df8d8) 
thrown [s\src\hotspot\share\classfile\systemDictionary.cpp, line 256]
Event: 20.477 Thread 0x000001aa93f1d080 Exception <a 'java/lang/ClassNotFoundException'{0x000000008a5f3b20}: org/gradle/internal/classpath/DefaultClassPath$ImmutableUniqueListCustomizer> (0x000000008a5f3b20) 
thrown [s\src\hotspot\share\classfile\systemDictionary.cpp, line 256]
Event: 20.488 Thread 0x000001aa93f1d080 Exception <a 'java/lang/ClassNotFoundException'{0x000000008a437b28}: org/jetbrains/plugins/gradle/model/DefaultDependencyAccessorsModelBeanInfo> (0x000000008a437b28) 
thrown [s\src\hotspot\share\classfile\systemDictionary.cpp, line 256]
Event: 20.489 Thread 0x000001aa93f1d080 Exception <a 'java/lang/ClassNotFoundException'{0x000000008a440320}: org/jetbrains/plugins/gradle/model/DefaultDependencyAccessorsModelCustomizer> (0x000000008a440320) 
thrown [s\src\hotspot\share\classfile\systemDictionary.cpp, line 256]
Event: 20.501 Thread 0x000001aa97812a10 Exception <a 'java/lang/NoSuchMethodError'{0x000000008a4ae8d8}: static Lorg/jetbrains/plugins/gradle/tooling/internal/VersionCatalogsModelImpl;.<clinit>()V> (0x000000008a4ae8d8) 
thrown [s\src\hotspot\share\prims\jni.cpp, line 1108]
Event: 20.516 Thread 0x000001aa93f1d080 Exception <a 'java/lang/ClassNotFoundException'{0x000000008a29abf0}: org/gradle/api/internal/tasks/DefaultSourceSetContainer_DecoratedBeanInfo> (0x000000008a29abf0) 
thrown [s\src\hotspot\share\classfile\systemDictionary.cpp, line 256]
Event: 20.517 Thread 0x000001aa93f1d080 Exception <a 'java/lang/ClassNotFoundException'{0x000000008a2a61d0}: org/gradle/api/internal/tasks/DefaultSourceSetContainerBeanInfo> (0x000000008a2a61d0) 
thrown [s\src\hotspot\share\classfile\systemDictionary.cpp, line 256]
Event: 20.518 Thread 0x000001aa93f1d080 Exception <a 'java/lang/ClassNotFoundException'{0x000000008a2b1578}: org/gradle/api/internal/tasks/DefaultSourceSetContainerCustomizer> (0x000000008a2b1578) 
thrown [s\src\hotspot\share\classfile\systemDictionary.cpp, line 256]
Event: 20.520 Thread 0x000001aa93f1d080 Exception <a 'java/lang/ClassNotFoundException'{0x000000008a2c80f8}: org/gradle/api/internal/tasks/DefaultSourceSetContainer_DecoratedCustomizer> (0x000000008a2c80f8) 
thrown [s\src\hotspot\share\classfile\systemDictionary.cpp, line 256]
Event: 20.772 Thread 0x000001aa91d3d530 Exception <a 'java/lang/NoSuchMethodError'{0x0000000089b117b0}: 'java.lang.Object java.lang.invoke.DirectMethodHandle$Holder.invokeSpecialIFC(java.lang.Object, java.lang.Object, java.lang.Object)'> (0x0000000089b117b0) 
thrown [s\src\hotspot\share\interpreter\linkResolver.cpp, line 771]

VM Operations (20 events):
Event: 20.049 Executing VM operation: HandshakeAllThreads done
Event: 20.100 Executing VM operation: ICBufferFull
Event: 20.100 Executing VM operation: ICBufferFull done
Event: 20.116 Executing VM operation: G1CollectForAllocation
Event: 20.129 Executing VM operation: G1CollectForAllocation done
Event: 20.170 Executing VM operation: G1CollectForAllocation
Event: 20.175 Executing VM operation: G1CollectForAllocation done
Event: 20.423 Executing VM operation: G1CollectForAllocation
Event: 20.427 Executing VM operation: G1CollectForAllocation done
Event: 20.708 Executing VM operation: HandshakeAllThreads
Event: 20.708 Executing VM operation: HandshakeAllThreads done
Event: 20.713 Executing VM operation: HandshakeAllThreads
Event: 20.713 Executing VM operation: HandshakeAllThreads done
Event: 20.748 Executing VM operation: HandshakeAllThreads
Event: 20.748 Executing VM operation: HandshakeAllThreads done
Event: 20.788 Executing VM operation: G1TryInitiateConcMark
Event: 20.793 Executing VM operation: G1TryInitiateConcMark done
Event: 20.797 Executing VM operation: G1TryInitiateConcMark
Event: 20.801 Executing VM operation: G1TryInitiateConcMark done
Event: 20.898 Executing VM operation: G1Concurrent

Events (20 events):
Event: 20.402 loading class java/lang/NumberBeanInfo
Event: 20.402 loading class java/lang/NumberBeanInfo done
Event: 20.402 loading class java/lang/NumberCustomizer
Event: 20.402 loading class java/lang/NumberCustomizer done
Event: 20.402 loading class java/lang/NumberCustomizer
Event: 20.402 loading class java/lang/NumberCustomizer done
Event: 20.403 loading class java/lang/IntegerCustomizer
Event: 20.403 loading class java/lang/IntegerCustomizer done
Event: 20.403 loading class java/lang/IntegerCustomizer
Event: 20.403 loading class java/lang/IntegerCustomizer done
Event: 20.403 loading class jdk/internal/ValueBased
Event: 20.404 loading class jdk/internal/ValueBased done
Event: 20.475 loading class java/util/AbstractListBeanInfo
Event: 20.475 loading class java/util/AbstractListBeanInfo done
Event: 20.475 loading class java/util/AbstractListBeanInfo
Event: 20.475 loading class java/util/AbstractListBeanInfo done
Event: 20.475 loading class java/util/AbstractListCustomizer
Event: 20.475 loading class java/util/AbstractListCustomizer done
Event: 20.476 loading class java/util/AbstractListCustomizer
Event: 20.476 loading class java/util/AbstractListCustomizer done


Dynamic libraries:
0x00007ff6f38c0000 - 0x00007ff6f38ca000 	D:\AndroidStudio\download_data\jbr\bin\java.exe
0x00007ff912570000 - 0x00007ff912768000 	C:\WINDOWS\SYSTEM32\ntdll.dll
0x00007ff912450000 - 0x00007ff91250d000 	C:\WINDOWS\System32\KERNEL32.DLL
0x00007ff90fc80000 - 0x00007ff90ff76000 	C:\WINDOWS\System32\KERNELBASE.dll
0x00007ff9100d0000 - 0x00007ff9101d0000 	C:\WINDOWS\System32\ucrtbase.dll
0x00007ff8fa710000 - 0x00007ff8fa727000 	D:\AndroidStudio\download_data\jbr\bin\jli.dll
0x00007ff90bcd0000 - 0x00007ff90bceb000 	D:\AndroidStudio\download_data\jbr\bin\VCRUNTIME140.dll
0x00007ff910cc0000 - 0x00007ff910e5f000 	C:\WINDOWS\System32\USER32.dll
0x00007ff8f9380000 - 0x00007ff8f961a000 	C:\WINDOWS\WinSxS\amd64_microsoft.windows.common-controls_6595b64144ccf1df_6.0.19041.4355_none_60b8b9eb71f62e16\COMCTL32.dll
0x00007ff90fc50000 - 0x00007ff90fc72000 	C:\WINDOWS\System32\win32u.dll
0x00007ff910c90000 - 0x00007ff910cbb000 	C:\WINDOWS\System32\GDI32.dll
0x00007ff910e60000 - 0x00007ff910efe000 	C:\WINDOWS\System32\msvcrt.dll
0x00007ff9103a0000 - 0x00007ff9104b7000 	C:\WINDOWS\System32\gdi32full.dll
0x00007ff910030000 - 0x00007ff9100cd000 	C:\WINDOWS\System32\msvcp_win.dll
0x00007ff910f00000 - 0x00007ff910f32000 	C:\WINDOWS\System32\IMM32.DLL
0x00007ff8fa750000 - 0x00007ff8fa75c000 	D:\AndroidStudio\download_data\jbr\bin\vcruntime140_1.dll
0x00007ff8cce40000 - 0x00007ff8ccecd000 	D:\AndroidStudio\download_data\jbr\bin\msvcp140.dll
0x00007ff8a67a0000 - 0x00007ff8a740e000 	D:\AndroidStudio\download_data\jbr\bin\server\jvm.dll
0x00007ff910a10000 - 0x00007ff910ac0000 	C:\WINDOWS\System32\ADVAPI32.dll
0x00007ff910bf0000 - 0x00007ff910c90000 	C:\WINDOWS\System32\sechost.dll
0x00007ff911010000 - 0x00007ff911133000 	C:\WINDOWS\System32\RPCRT4.dll
0x00007ff90fc20000 - 0x00007ff90fc47000 	C:\WINDOWS\System32\bcrypt.dll
0x00007ff8f7c70000 - 0x00007ff8f7c79000 	C:\WINDOWS\SYSTEM32\WSOCK32.dll
0x00007ff90def0000 - 0x00007ff90df17000 	C:\WINDOWS\SYSTEM32\WINMM.dll
0x00007ff909e70000 - 0x00007ff909e7a000 	C:\WINDOWS\SYSTEM32\VERSION.dll
0x00007ff910b80000 - 0x00007ff910beb000 	C:\WINDOWS\System32\WS2_32.dll
0x00007ff90e5a0000 - 0x00007ff90e5b2000 	C:\WINDOWS\SYSTEM32\kernel.appcore.dll
0x00007ff90bd10000 - 0x00007ff90bd1a000 	D:\AndroidStudio\download_data\jbr\bin\jimage.dll
0x00007ff90dd00000 - 0x00007ff90dee4000 	C:\WINDOWS\SYSTEM32\DBGHELP.DLL
0x00007ff90dcb0000 - 0x00007ff90dce4000 	C:\WINDOWS\SYSTEM32\dbgcore.DLL
0x00007ff9104c0000 - 0x00007ff910542000 	C:\WINDOWS\System32\bcryptPrimitives.dll
0x00007ff8fab70000 - 0x00007ff8fab95000 	D:\AndroidStudio\download_data\jbr\bin\java.dll
0x00007ff908a90000 - 0x00007ff908aa8000 	D:\AndroidStudio\download_data\jbr\bin\zip.dll
0x00007ff9116f0000 - 0x00007ff911e5b000 	C:\WINDOWS\System32\SHELL32.dll
0x00007ff907610000 - 0x00007ff907dad000 	C:\WINDOWS\SYSTEM32\windows.storage.dll
0x00007ff9120e0000 - 0x00007ff912433000 	C:\WINDOWS\System32\combase.dll
0x00007ff90f560000 - 0x00007ff90f58e000 	C:\WINDOWS\SYSTEM32\Wldp.dll
0x00007ff912010000 - 0x00007ff9120dd000 	C:\WINDOWS\System32\OLEAUT32.dll
0x00007ff910ad0000 - 0x00007ff910b7d000 	C:\WINDOWS\System32\SHCORE.dll
0x00007ff910fa0000 - 0x00007ff910ff5000 	C:\WINDOWS\System32\shlwapi.dll
0x00007ff90fb50000 - 0x00007ff90fb74000 	C:\WINDOWS\SYSTEM32\profapi.dll
0x00007ff8faa80000 - 0x00007ff8faa99000 	D:\AndroidStudio\download_data\jbr\bin\net.dll
0x00007ff907e20000 - 0x00007ff907f2a000 	C:\WINDOWS\SYSTEM32\WINHTTP.dll
0x00007ff90f340000 - 0x00007ff90f3aa000 	C:\WINDOWS\system32\mswsock.dll
0x00007ff8fa730000 - 0x00007ff8fa746000 	D:\AndroidStudio\download_data\jbr\bin\nio.dll
0x00007ff90ac90000 - 0x00007ff90aca0000 	D:\AndroidStudio\download_data\jbr\bin\verify.dll
0x00007ff8f8ad0000 - 0x00007ff8f8af7000 	C:\Users\User\.gradle\native\68d5fa5c4cc2d200863cafc0d521ce42e7d3e7ee720ec0a83991735586a16f82\windows-amd64\native-platform.dll
0x00007ff8cad50000 - 0x00007ff8cae94000 	C:\Users\User\.gradle\native\e376f236ea51e6404a007f0833ffe2c6e607c4080706a723a18a27aeea778392\windows-amd64\native-platform-file-events.dll
0x00007ff90a020000 - 0x00007ff90a029000 	D:\AndroidStudio\download_data\jbr\bin\management.dll
0x00007ff900d90000 - 0x00007ff900d9b000 	D:\AndroidStudio\download_data\jbr\bin\management_ext.dll
0x00007ff912440000 - 0x00007ff912448000 	C:\WINDOWS\System32\PSAPI.DLL
0x00007ff90f5a0000 - 0x00007ff90f5b8000 	C:\WINDOWS\SYSTEM32\CRYPTSP.dll
0x00007ff90ec10000 - 0x00007ff90ec44000 	C:\WINDOWS\system32\rsaenh.dll
0x00007ff90fac0000 - 0x00007ff90faee000 	C:\WINDOWS\SYSTEM32\USERENV.dll
0x00007ff90f4d0000 - 0x00007ff90f4dc000 	C:\WINDOWS\SYSTEM32\CRYPTBASE.dll
0x00007ff90eff0000 - 0x00007ff90f02b000 	C:\WINDOWS\SYSTEM32\IPHLPAPI.DLL
0x00007ff910ac0000 - 0x00007ff910ac8000 	C:\WINDOWS\System32\NSI.dll
0x00007ff909000000 - 0x00007ff909017000 	C:\WINDOWS\SYSTEM32\dhcpcsvc6.DLL
0x00007ff908f70000 - 0x00007ff908f8d000 	C:\WINDOWS\SYSTEM32\dhcpcsvc.DLL
0x00007ff90f040000 - 0x00007ff90f10b000 	C:\WINDOWS\SYSTEM32\DNSAPI.dll
0x00007ff8a0e40000 - 0x00007ff8a0e47000 	C:\WINDOWS\system32\wshunix.dll

dbghelp: loaded successfully - version: 4.0.5 - missing functions: none
symbol engine: initialized successfully - sym options: 0x614 - pdb path: .;D:\AndroidStudio\download_data\jbr\bin;C:\WINDOWS\SYSTEM32;C:\WINDOWS\WinSxS\amd64_microsoft.windows.common-controls_6595b64144ccf1df_6.0.19041.4355_none_60b8b9eb71f62e16;D:\AndroidStudio\download_data\jbr\bin\server;C:\Users\User\.gradle\native\68d5fa5c4cc2d200863cafc0d521ce42e7d3e7ee720ec0a83991735586a16f82\windows-amd64;C:\Users\User\.gradle\native\e376f236ea51e6404a007f0833ffe2c6e607c4080706a723a18a27aeea778392\windows-amd64

VM Arguments:
jvm_args: --add-opens=java.base/java.util=ALL-UNNAMED --add-opens=java.base/java.lang=ALL-UNNAMED --add-opens=java.base/java.lang.invoke=ALL-UNNAMED --add-opens=java.prefs/java.util.prefs=ALL-UNNAMED --add-opens=java.base/java.nio.charset=ALL-UNNAMED --add-opens=java.base/java.net=ALL-UNNAMED --add-opens=java.base/java.util.concurrent.atomic=ALL-UNNAMED -Xmx2048m -Dfile.encoding=UTF-8 -Duser.country=US -Duser.language=en -Duser.variant 
java_command: org.gradle.launcher.daemon.bootstrap.GradleDaemon 8.0
java_class_path (initial): C:\Users\User\.gradle\wrapper\dists\gradle-8.0-bin\ca5e32bp14vu59qr306oxotwh\gradle-8.0\lib\gradle-launcher-8.0.jar
Launcher Type: SUN_STANDARD

[Global flags]
     intx CICompilerCount                          = 4                                         {product} {ergonomic}
     uint ConcGCThreads                            = 2                                         {product} {ergonomic}
     uint G1ConcRefinementThreads                  = 8                                         {product} {ergonomic}
   size_t G1HeapRegionSize                         = 1048576                                   {product} {ergonomic}
    uintx GCDrainStackTargetSize                   = 64                                        {product} {ergonomic}
   size_t InitialHeapSize                          = 132120576                                 {product} {ergonomic}
   size_t MarkStackSize                            = 4194304                                   {product} {ergonomic}
   size_t MaxHeapSize                              = 2147483648                                {product} {command line}
   size_t MaxNewSize                               = 1287651328                                {product} {ergonomic}
   size_t MinHeapDeltaBytes                        = 1048576                                   {product} {ergonomic}
   size_t MinHeapSize                              = 8388608                                   {product} {ergonomic}
    uintx NonNMethodCodeHeapSize                   = 5839372                                {pd product} {ergonomic}
    uintx NonProfiledCodeHeapSize                  = 122909434                              {pd product} {ergonomic}
    uintx ProfiledCodeHeapSize                     = 122909434                              {pd product} {ergonomic}
    uintx ReservedCodeCacheSize                    = 251658240                              {pd product} {ergonomic}
     bool SegmentedCodeCache                       = true                                      {product} {ergonomic}
   size_t SoftMaxHeapSize                          = 2147483648                             {manageable} {ergonomic}
     bool UseCompressedClassPointers               = true                           {product lp64_product} {ergonomic}
     bool UseCompressedOops                        = true                           {product lp64_product} {ergonomic}
     bool UseG1GC                                  = true                                      {product} {ergonomic}
     bool UseLargePagesIndividualAllocation        = false                                  {pd product} {ergonomic}

Logging:
Log output configuration:
 #0: stdout all=warning uptime,level,tags
 #1: stderr all=off uptime,level,tags

Environment Variables:
CLASSPATH=D:\JDBC\sqljdbc_11.2\enu\mssql-jdbc-11.2.0.jre8.jar;
PATH=C:\Program Files (x86)\Common Files\Oracle\Java\javapath;C:\Windows\system32;C:\Windows;C:\Windows\System32\Wbem;C:\Windows\System32\WindowsPowerShell\v1.0\;C:\Windows\System32\OpenSSH\;C:\Program Files\NVIDIA Corporation\NVIDIA NvDLISR;C:\Program Files (x86)\GtkSharp\2.12\bin;D:\CHOCOLATELY\chocolatey\bin;C:\Program Files\dotnet\;C:\Program Files\Azure Data Studio\bin;C:\WINDOWS\system32;C:\WINDOWS;C:\WINDOWS\System32\Wbem;C:\WINDOWS\System32\WindowsPowerShell\v1.0\;C:\WINDOWS\System32\OpenSSH\;C:\Program Files\Microsoft SQL Server\Client SDK\ODBC\170\Tools\Binn\;C:\Program Files (x86)\Microsoft SQL Server\150\Tools\Binn\;C:\Program Files\Microsoft SQL Server\150\Tools\Binn\;C:\Program Files\Microsoft SQL Server\150\DTS\Binn\;C:\Program Files (x86)\Microsoft SQL Server\150\DTS\Binn\;C:\Program Files (x86)\Microsoft SQL Server\160\DTS\Binn\;".;D:\JDBC\sqljdbc_11.2\enu\auth\x64\mssql-jdbc_auth-11.2.0.x64.dll";D:\gitHub\git\Git\cmd;D:\gitHub\git\Git\bin;D:\Docker\Docker\Docker\resources\bin;D:\maven\apache-maven-3.9.4\bin;D:\codingProject\flutter\flutter\bin;D:\AndroidStudio\sdk;C:\Users\User\AppData\Roaming\npm;C:\Users\User\AppData\Roaming\npm\node_modules\@angular\cli\bin;D:\npm\nodejs\;C:\Program Files (x86)\dotnet\;D:\python\python311\Scripts\;D:\python\python311\;C:\Program Files\Java\jdk1.8.0_331\bin;D:\VSCODE\VSCODE_Installation\bin;D:\php;D:\VS\VS2022\Common7\IDE;C:\Users\User\.dotnet\tools
USERNAME=User
OS=Windows_NT
PROCESSOR_IDENTIFIER=Intel64 Family 6 Model 126 Stepping 5, GenuineIntel
TMP=C:\Users\User\AppData\Local\Temp
TEMP=C:\Users\User\AppData\Local\Temp


JNI global refs:
JNI global refs: 27, weak refs: 7

JNI global refs memory usage: 843, weak refs: 841


---------------  S Y S T E M  ---------------

OS:
 Windows 10 , 64 bit Build 19041 (10.0.19041.3636)
OS uptime: 0 days 5:00 hours
Hyper-V role detected

CPU: total 8 (initial active 8) (4 cores per cpu, 2 threads per core) family 6 model 126 stepping 5 microcode 0xc2, cx8, cmov, fxsr, ht, mmx, 3dnowpref, sse, sse2, sse3, ssse3, sse4.1, sse4.2, popcnt, lzcnt, tsc, tscinvbit, avx, avx2, aes, erms, clmul, bmi1, bmi2, adx, avx512f, avx512dq, avx512cd, avx512bw, avx512vl, sha, fma, vzeroupper, avx512_vpopcntdq, avx512_vpclmulqdq, avx512_vaes, avx512_vnni, clflush, clflushopt, avx512_vbmi2, avx512_vbmi, hv

Memory: 4k page, system-wide physical 7959M (693M free)
TotalPageFile size 14519M (AvailPageFile size 15M)
current process WorkingSet (physical memory assigned to process): 434M, peak: 437M
current process commit charge ("private bytes"): 497M, peak: 530M

vm_info: OpenJDK 64-Bit Server VM (17.0.6+0-b2043.56-10027231) for windows-amd64 JRE (17.0.6+0-b2043.56-10027231), built on Apr 28 2023 00:43:19 by "androidbuild" with MS VC++ 16.10 / 16.11 (VS2019)

END.
