#
# There is insufficient memory for the Java Runtime Environment to continue.
# Native memory allocation (malloc) failed to allocate 148912 bytes for Chunk::new
# Possible reasons:
#   The system is out of physical RAM or swap space
#   The process is running with CompressedOops enabled, and the Java Heap may be blocking the growth of the native heap
# Possible solutions:
#   Reduce memory load on the system
#   Increase physical memory or swap space
#   Check if swap backing store is full
#   Decrease Java heap size (-Xmx/-Xms)
#   Decrease number of Java threads
#   Decrease Java thread stack sizes (-Xss)
#   Set larger code cache with -XX:ReservedCodeCacheSize=
#   JVM is running with Unscaled Compressed Oops mode in which the Java heap is
#     placed in the first 4GB address space. The Java Heap base address is the
#     maximum limit for the native heap growth. Please use -XX:HeapBaseMinAddress
#     to set the Java Heap base and to place the Java Heap above 4GB virtual address.
# This output file may be truncated or incomplete.
#
#  Out of Memory Error (arena.cpp:189), pid=3052, tid=9804
#
# JRE version: OpenJDK Runtime Environment (17.0.6) (build 17.0.6+0-b2043.56-10027231)
# Java VM: OpenJDK 64-Bit Server VM (17.0.6+0-b2043.56-10027231, mixed mode, tiered, compressed oops, compressed class ptrs, g1 gc, windows-amd64)
# No core dump will be written. Minidumps are not enabled by default on client versions of Windows
#

---------------  S U M M A R Y ------------

Command Line: --add-opens=java.base/java.util=ALL-UNNAMED --add-opens=java.base/java.lang=ALL-UNNAMED --add-opens=java.base/java.lang.invoke=ALL-UNNAMED --add-opens=java.prefs/java.util.prefs=ALL-UNNAMED --add-opens=java.base/java.nio.charset=ALL-UNNAMED --add-opens=java.base/java.net=ALL-UNNAMED --add-opens=java.base/java.util.concurrent.atomic=ALL-UNNAMED -Xmx2048m -Dfile.encoding=UTF-8 -Duser.country=US -Duser.language=en -Duser.variant org.gradle.launcher.daemon.bootstrap.GradleDaemon 8.0

Host: Intel(R) Core(TM) i7-1065G7 CPU @ 1.30GHz, 8 cores, 7G,  Windows 10 , 64 bit Build 19041 (10.0.19041.3636)
Time: Thu May 30 12:20:42 2024 SE Asia Standard Time elapsed time: 183.899675 seconds (0d 0h 3m 3s)

---------------  T H R E A D  ---------------

Current thread (0x00000181905b6e80):  JavaThread "C2 CompilerThread1" daemon [_thread_in_native, id=9804, stack(0x0000007c2a600000,0x0000007c2a700000)]


Current CompileTask:
C2: 183899 12287       4       groovy.lang.MetaClassImpl::addToAllMethodsIfPublic (22 bytes)

Stack: [0x0000007c2a600000,0x0000007c2a700000]
Native frames: (J=compiled Java code, j=interpreted, Vv=VM code, C=native code)
V  [jvm.dll+0x683c9a]
V  [jvm.dll+0x8427a4]
V  [jvm.dll+0x843f9e]
V  [jvm.dll+0x844603]
V  [jvm.dll+0x249b75]
V  [jvm.dll+0xabcac]
V  [jvm.dll+0xac27c]
V  [jvm.dll+0x368857]
V  [jvm.dll+0x332f31]
V  [jvm.dll+0x3323da]
V  [jvm.dll+0x21c201]
V  [jvm.dll+0x21b621]
V  [jvm.dll+0x1a4fdd]
V  [jvm.dll+0x22b098]
V  [jvm.dll+0x229159]
V  [jvm.dll+0x7f81ec]
V  [jvm.dll+0x7f274a]
V  [jvm.dll+0x682ad5]
C  [ucrtbase.dll+0x21bb2]
C  [KERNEL32.DLL+0x17344]
C  [ntdll.dll+0x526b1]


---------------  P R O C E S S  ---------------

Threads class SMR info:
_java_thread_list=0x0000018192e66de0, length=46, elements={
0x00000181f08beaa0, 0x00000181fe013260, 0x00000181fe013e10, 0x00000181fd7e1580,
0x00000181fe033210, 0x00000181fe037ce0, 0x00000181fe038690, 0x00000181fe039c40,
0x00000181fe042ae0, 0x00000181fe05d0c0, 0x00000181fe1d2c60, 0x00000181fe1d3540,
0x00000181ffa55cf0, 0x0000018190036030, 0x00000181fe1ebc10, 0x00000181fe1ea400,
0x00000181fe1eca80, 0x00000181fe1eb270, 0x00000181fe1ecf50, 0x00000181fe1ea8d0,
0x00000181916d20a0, 0x00000181916cf080, 0x00000181916cf550, 0x00000181916cfa20,
0x0000018191700580, 0x00000181916fed70, 0x0000018191702260, 0x00000181917018c0,
0x00000181971a05b0, 0x00000181971a1dc0, 0x00000181971a52b0, 0x00000181971a4440,
0x00000181971a2c30, 0x00000181916fe8a0, 0x00000181916fda30, 0x00000181917035a0,
0x0000018191700f20, 0x00000181916ff240, 0x00000181917013f0, 0x00000181916ffbe0,
0x00000181905b6e80, 0x00000181905b27a0, 0x00000181917000b0, 0x00000181916fdf00,
0x00000181916fe3d0, 0x0000018191702c00
}

Java Threads: ( => current thread )
  0x00000181f08beaa0 JavaThread "main" [_thread_blocked, id=21980, stack(0x0000007c28800000,0x0000007c28900000)]
  0x00000181fe013260 JavaThread "Reference Handler" daemon [_thread_blocked, id=17680, stack(0x0000007c28f00000,0x0000007c29000000)]
  0x00000181fe013e10 JavaThread "Finalizer" daemon [_thread_blocked, id=12564, stack(0x0000007c29000000,0x0000007c29100000)]
  0x00000181fd7e1580 JavaThread "Signal Dispatcher" daemon [_thread_blocked, id=5968, stack(0x0000007c29100000,0x0000007c29200000)]
  0x00000181fe033210 JavaThread "Attach Listener" daemon [_thread_blocked, id=9644, stack(0x0000007c29200000,0x0000007c29300000)]
  0x00000181fe037ce0 JavaThread "Service Thread" daemon [_thread_blocked, id=2432, stack(0x0000007c29300000,0x0000007c29400000)]
  0x00000181fe038690 JavaThread "Monitor Deflation Thread" daemon [_thread_blocked, id=324, stack(0x0000007c29400000,0x0000007c29500000)]
  0x00000181fe039c40 JavaThread "C2 CompilerThread0" daemon [_thread_in_native, id=16832, stack(0x0000007c29500000,0x0000007c29600000)]
  0x00000181fe042ae0 JavaThread "C1 CompilerThread0" daemon [_thread_in_vm, id=19232, stack(0x0000007c29600000,0x0000007c29700000)]
  0x00000181fe05d0c0 JavaThread "Sweeper thread" daemon [_thread_blocked, id=17504, stack(0x0000007c29700000,0x0000007c29800000)]
  0x00000181fe1d2c60 JavaThread "Common-Cleaner" daemon [_thread_blocked, id=10288, stack(0x0000007c29800000,0x0000007c29900000)]
  0x00000181fe1d3540 JavaThread "Notification Thread" daemon [_thread_blocked, id=7104, stack(0x0000007c29900000,0x0000007c29a00000)]
  0x00000181ffa55cf0 JavaThread "Daemon health stats" [_thread_blocked, id=8632, stack(0x0000007c2a000000,0x0000007c2a100000)]
  0x0000018190036030 JavaThread "Incoming local TCP Connector on port 53055" [_thread_in_native, id=16920, stack(0x0000007c29b00000,0x0000007c29c00000)]
  0x00000181fe1ebc10 JavaThread "Daemon periodic checks" [_thread_blocked, id=1552, stack(0x0000007c2a100000,0x0000007c2a200000)]
  0x00000181fe1ea400 JavaThread "Cache worker for journal cache (C:\Users\User\.gradle\caches\journal-1)" [_thread_blocked, id=1948, stack(0x0000007c2ad00000,0x0000007c2ae00000)]
  0x00000181fe1eca80 JavaThread "File lock request listener" [_thread_in_native, id=18780, stack(0x0000007c2ae00000,0x0000007c2af00000)]
  0x00000181fe1eb270 JavaThread "Cache worker for file hash cache (C:\Users\User\.gradle\caches\8.0\fileHashes)" [_thread_blocked, id=9280, stack(0x0000007c2b000000,0x0000007c2b100000)]
  0x00000181fe1ecf50 JavaThread "File watcher server" daemon [_thread_in_native, id=20028, stack(0x0000007c2b200000,0x0000007c2b300000)]
  0x00000181fe1ea8d0 JavaThread "File watcher consumer" daemon [_thread_blocked, id=12020, stack(0x0000007c2b300000,0x0000007c2b400000)]
  0x00000181916d20a0 JavaThread "Cache worker for file content cache (C:\Users\User\.gradle\caches\8.0\fileContent)" [_thread_blocked, id=10384, stack(0x0000007c2b600000,0x0000007c2b700000)]
  0x00000181916cf080 JavaThread "Cache worker for execution history cache (C:\Users\User\.gradle\caches\8.0\executionHistory)" [_thread_blocked, id=15792, stack(0x0000007c2b900000,0x0000007c2ba00000)]
  0x00000181916cf550 JavaThread "jar transforms" [_thread_blocked, id=18792, stack(0x0000007c2b100000,0x0000007c2b200000)]
  0x00000181916cfa20 JavaThread "jar transforms Thread 2" [_thread_blocked, id=22456, stack(0x0000007c2ba00000,0x0000007c2bb00000)]
  0x0000018191700580 JavaThread "Cache worker for kotlin-dsl (C:\Users\User\.gradle\caches\8.0\kotlin-dsl)" [_thread_blocked, id=7776, stack(0x0000007c2bd00000,0x0000007c2be00000)]
  0x00000181916fed70 JavaThread "jar transforms Thread 3" [_thread_blocked, id=21952, stack(0x0000007c2be00000,0x0000007c2bf00000)]
  0x0000018191702260 JavaThread "jar transforms Thread 4" [_thread_blocked, id=22068, stack(0x0000007c2bf00000,0x0000007c2c000000)]
  0x00000181917018c0 JavaThread "jar transforms Thread 5" [_thread_blocked, id=11788, stack(0x0000007c2c200000,0x0000007c2c300000)]
  0x00000181971a05b0 JavaThread "jar transforms Thread 6" [_thread_blocked, id=17464, stack(0x0000007c31300000,0x0000007c31400000)]
  0x00000181971a1dc0 JavaThread "jar transforms Thread 7" [_thread_blocked, id=15288, stack(0x0000007c31400000,0x0000007c31500000)]
  0x00000181971a52b0 JavaThread "jar transforms Thread 8" [_thread_blocked, id=21616, stack(0x0000007c31500000,0x0000007c31600000)]
  0x00000181971a4440 JavaThread "Memory manager" [_thread_blocked, id=21768, stack(0x0000007c31700000,0x0000007c31800000)]
  0x00000181971a2c30 JavaThread "pool-3-thread-1" [_thread_blocked, id=8188, stack(0x0000007c31800000,0x0000007c31900000)]
  0x00000181916fe8a0 JavaThread "Daemon Thread 2" [_thread_blocked, id=7500, stack(0x0000007c28500000,0x0000007c28600000)]
  0x00000181916fda30 JavaThread "Handler for socket connection from /127.0.0.1:53055 to /127.0.0.1:53061" [_thread_in_native, id=15500, stack(0x0000007c28600000,0x0000007c28700000)]
  0x00000181917035a0 JavaThread "Cancel handler" [_thread_blocked, id=13900, stack(0x0000007c28700000,0x0000007c28800000)]
  0x0000018191700f20 JavaThread "Daemon worker Thread 2" [_thread_in_vm, id=21240, stack(0x0000007c2a200000,0x0000007c2a300000)]
  0x00000181916ff240 JavaThread "Asynchronous log dispatcher for DefaultDaemonConnection: socket connection from /127.0.0.1:53055 to /127.0.0.1:53061" [_thread_blocked, id=4240, stack(0x0000007c2a300000,0x0000007c2a400000)]
  0x00000181917013f0 JavaThread "Stdin handler" [_thread_blocked, id=20136, stack(0x0000007c2a400000,0x0000007c2a500000)]
  0x00000181916ffbe0 JavaThread "Daemon client event forwarder" [_thread_blocked, id=15896, stack(0x0000007c2a500000,0x0000007c2a600000)]
=>0x00000181905b6e80 JavaThread "C2 CompilerThread1" daemon [_thread_in_native, id=9804, stack(0x0000007c2a600000,0x0000007c2a700000)]
  0x00000181905b27a0 JavaThread "C2 CompilerThread2" daemon [_thread_in_native, id=984, stack(0x0000007c2a700000,0x0000007c2a800000)]
  0x00000181917000b0 JavaThread "Cache worker for checksums cache (D:\FPT\PRM\MyApplication\.gradle\8.0\checksums)" [_thread_blocked, id=21096, stack(0x0000007c2a800000,0x0000007c2a900000)]
  0x00000181916fdf00 JavaThread "Cache worker for cache directory md-rule (C:\Users\User\.gradle\caches\8.0\md-rule)" [_thread_blocked, id=11184, stack(0x0000007c2af00000,0x0000007c2b000000)]
  0x00000181916fe3d0 JavaThread "Cache worker for file hash cache (D:\FPT\PRM\MyApplication\.gradle\8.0\fileHashes)" [_thread_blocked, id=932, stack(0x0000007c2b400000,0x0000007c2b500000)]
  0x0000018191702c00 JavaThread "Cache worker for cache directory md-supplier (C:\Users\User\.gradle\caches\8.0\md-supplier)" [_thread_blocked, id=13440, stack(0x0000007c2b500000,0x0000007c2b600000)]

Other Threads:
  0x00000181fd7c9370 VMThread "VM Thread" [stack: 0x0000007c28e00000,0x0000007c28f00000] [id=17612]
  0x00000181f0a4c970 WatcherThread [stack: 0x0000007c29a00000,0x0000007c29b00000] [id=3780]
  0x00000181f0a2edc0 GCTaskThread "GC Thread#0" [stack: 0x0000007c28900000,0x0000007c28a00000] [id=4888]
  0x00000181ff2bd470 GCTaskThread "GC Thread#1" [stack: 0x0000007c29c00000,0x0000007c29d00000] [id=13512]
  0x00000181ff2bd720 GCTaskThread "GC Thread#2" [stack: 0x0000007c29d00000,0x0000007c29e00000] [id=16212]
  0x00000181fe5dad10 GCTaskThread "GC Thread#3" [stack: 0x0000007c29e00000,0x0000007c29f00000] [id=11940]
  0x00000181ff785960 GCTaskThread "GC Thread#4" [stack: 0x0000007c29f00000,0x0000007c2a000000] [id=18368]
  0x000001818fa2c440 GCTaskThread "GC Thread#5" [stack: 0x0000007c2a900000,0x0000007c2aa00000] [id=17740]
  0x000001818fe3fe70 GCTaskThread "GC Thread#6" [stack: 0x0000007c2aa00000,0x0000007c2ab00000] [id=20516]
  0x00000181907c7d10 GCTaskThread "GC Thread#7" [stack: 0x0000007c2ab00000,0x0000007c2ac00000] [id=11392]
  0x00000181f0a3fd00 ConcurrentGCThread "G1 Main Marker" [stack: 0x0000007c28a00000,0x0000007c28b00000] [id=17988]
  0x00000181f0a40710 ConcurrentGCThread "G1 Conc#0" [stack: 0x0000007c28b00000,0x0000007c28c00000] [id=11576]
  0x00000181ff9db070 ConcurrentGCThread "G1 Conc#1" [stack: 0x0000007c2ac00000,0x0000007c2ad00000] [id=1972]
  0x00000181fd622ce0 ConcurrentGCThread "G1 Refine#0" [stack: 0x0000007c28c00000,0x0000007c28d00000] [id=14904]
  0x000001818ff4db10 ConcurrentGCThread "G1 Refine#1" [stack: 0x0000007c2bb00000,0x0000007c2bc00000] [id=15484]
  0x00000181fd623700 ConcurrentGCThread "G1 Service" [stack: 0x0000007c28d00000,0x0000007c28e00000] [id=1528]

Threads with active compile tasks:
C2 CompilerThread0   183955 12242       4       java.beans.Introspector::addPropertyDescriptor (265 bytes)
C1 CompilerThread0   183955 12298   !   3       com.sun.beans.finder.InstanceFinder::instantiate (41 bytes)
C2 CompilerThread1   183955 12287       4       groovy.lang.MetaClassImpl::addToAllMethodsIfPublic (22 bytes)
C2 CompilerThread2   183955 12268       4       java.util.zip.ZipFile$Source::initCEN (591 bytes)

VM state: not at safepoint (normal execution)

VM Mutex/Monitor currently owned by a thread:  ([mutex/lock_event])
[0x00000181f08bdf20] Metaspace_lock - owner thread: 0x00000181fe042ae0
[0x00000181f08bde00] MethodData_lock - owner thread: 0x00000181fe042ae0

Heap address: 0x0000000080000000, size: 2048 MB, Compressed Oops mode: 32-bit

CDS archive(s) not mapped
Compressed class space mapped at: 0x0000000100000000-0x0000000140000000, reserved size: 1073741824
Narrow klass base: 0x0000000000000000, Narrow klass shift: 3, Narrow klass range: 0x140000000

GC Precious Log:
 CPUs: 8 total, 8 available
 Memory: 7959M
 Large Page Support: Disabled
 NUMA Support: Disabled
 Compressed Oops: Enabled (32-bit)
 Heap Region Size: 1M
 Heap Min Capacity: 8M
 Heap Initial Capacity: 126M
 Heap Max Capacity: 2G
 Pre-touch: Disabled
 Parallel Workers: 8
 Concurrent Workers: 2
 Concurrent Refinement Workers: 8
 Periodic GC: Disabled

Heap:
 garbage-first heap   total 194560K, used 168361K [0x0000000080000000, 0x0000000100000000)
  region size 1024K, 55 young (56320K), 2 survivors (2048K)
 Metaspace       used 100569K, committed 101376K, reserved 1138688K
  class space    used 13412K, committed 13824K, reserved 1048576K

Heap Regions: E=young(eden), S=young(survivor), O=old, HS=humongous(starts), HC=humongous(continues), CS=collection set, F=free, OA=open archive, CA=closed archive, TAMS=top-at-mark-start (previous, next)
|   0|0x0000000080000000, 0x0000000080100000, 0x0000000080100000|100%|HS|  |TAMS 0x0000000080100000, 0x0000000080000000| Complete 
|   1|0x0000000080100000, 0x0000000080200000, 0x0000000080200000|100%|HC|  |TAMS 0x0000000080200000, 0x0000000080100000| Complete 
|   2|0x0000000080200000, 0x0000000080300000, 0x0000000080300000|100%|HC|  |TAMS 0x0000000080300000, 0x0000000080200000| Complete 
|   3|0x0000000080300000, 0x0000000080400000, 0x0000000080400000|100%|HC|  |TAMS 0x0000000080400000, 0x0000000080300000| Complete 
|   4|0x0000000080400000, 0x0000000080400000, 0x0000000080500000|  0%| F|  |TAMS 0x0000000080400000, 0x0000000080400000| Untracked 
|   5|0x0000000080500000, 0x0000000080600000, 0x0000000080600000|100%| O|  |TAMS 0x0000000080600000, 0x0000000080500000| Untracked 
|   6|0x0000000080600000, 0x0000000080700000, 0x0000000080700000|100%| O|  |TAMS 0x0000000080700000, 0x0000000080600000| Untracked 
|   7|0x0000000080700000, 0x0000000080800000, 0x0000000080800000|100%| O|  |TAMS 0x0000000080800000, 0x0000000080700000| Untracked 
|   8|0x0000000080800000, 0x0000000080900000, 0x0000000080900000|100%| O|  |TAMS 0x0000000080900000, 0x0000000080800000| Untracked 
|   9|0x0000000080900000, 0x0000000080a00000, 0x0000000080a00000|100%| O|  |TAMS 0x0000000080a00000, 0x0000000080900000| Untracked 
|  10|0x0000000080a00000, 0x0000000080b00000, 0x0000000080b00000|100%| O|  |TAMS 0x0000000080b00000, 0x0000000080a00000| Untracked 
|  11|0x0000000080b00000, 0x0000000080c00000, 0x0000000080c00000|100%| O|  |TAMS 0x0000000080c00000, 0x0000000080b00000| Untracked 
|  12|0x0000000080c00000, 0x0000000080d00000, 0x0000000080d00000|100%| O|  |TAMS 0x0000000080d00000, 0x0000000080c00000| Untracked 
|  13|0x0000000080d00000, 0x0000000080e00000, 0x0000000080e00000|100%| O|  |TAMS 0x0000000080e00000, 0x0000000080d00000| Untracked 
|  14|0x0000000080e00000, 0x0000000080f00000, 0x0000000080f00000|100%| O|  |TAMS 0x0000000080f00000, 0x0000000080e00000| Untracked 
|  15|0x0000000080f00000, 0x0000000081000000, 0x0000000081000000|100%| O|  |TAMS 0x0000000081000000, 0x0000000080f00000| Untracked 
|  16|0x0000000081000000, 0x0000000081100000, 0x0000000081100000|100%| O|  |TAMS 0x0000000081100000, 0x0000000081000000| Untracked 
|  17|0x0000000081100000, 0x0000000081200000, 0x0000000081200000|100%| O|  |TAMS 0x0000000081200000, 0x0000000081100000| Untracked 
|  18|0x0000000081200000, 0x0000000081300000, 0x0000000081300000|100%| O|  |TAMS 0x0000000081300000, 0x0000000081200000| Untracked 
|  19|0x0000000081300000, 0x0000000081400000, 0x0000000081400000|100%| O|  |TAMS 0x0000000081400000, 0x0000000081300000| Untracked 
|  20|0x0000000081400000, 0x0000000081500000, 0x0000000081500000|100%| O|  |TAMS 0x0000000081500000, 0x0000000081400000| Untracked 
|  21|0x0000000081500000, 0x0000000081600000, 0x0000000081600000|100%| O|  |TAMS 0x0000000081600000, 0x0000000081500000| Untracked 
|  22|0x0000000081600000, 0x0000000081700000, 0x0000000081700000|100%| O|  |TAMS 0x0000000081700000, 0x0000000081600000| Untracked 
|  23|0x0000000081700000, 0x0000000081800000, 0x0000000081800000|100%| O|  |TAMS 0x0000000081700000, 0x0000000081700000| Untracked 
|  24|0x0000000081800000, 0x0000000081900000, 0x0000000081900000|100%| O|  |TAMS 0x0000000081900000, 0x0000000081800000| Untracked 
|  25|0x0000000081900000, 0x0000000081a00000, 0x0000000081a00000|100%| O|  |TAMS 0x0000000081a00000, 0x0000000081900000| Untracked 
|  26|0x0000000081a00000, 0x0000000081b00000, 0x0000000081b00000|100%| O|  |TAMS 0x0000000081b00000, 0x0000000081a00000| Untracked 
|  27|0x0000000081b00000, 0x0000000081c00000, 0x0000000081c00000|100%| O|  |TAMS 0x0000000081c00000, 0x0000000081b00000| Untracked 
|  28|0x0000000081c00000, 0x0000000081d00000, 0x0000000081d00000|100%| O|  |TAMS 0x0000000081d00000, 0x0000000081c00000| Untracked 
|  29|0x0000000081d00000, 0x0000000081e00000, 0x0000000081e00000|100%| O|  |TAMS 0x0000000081e00000, 0x0000000081d00000| Untracked 
|  30|0x0000000081e00000, 0x0000000081f00000, 0x0000000081f00000|100%| O|  |TAMS 0x0000000081f00000, 0x0000000081e00000| Untracked 
|  31|0x0000000081f00000, 0x0000000082000000, 0x0000000082000000|100%| O|  |TAMS 0x0000000082000000, 0x0000000081f00000| Untracked 
|  32|0x0000000082000000, 0x0000000082100000, 0x0000000082100000|100%| O|  |TAMS 0x0000000082100000, 0x0000000082000000| Untracked 
|  33|0x0000000082100000, 0x0000000082200000, 0x0000000082200000|100%| O|  |TAMS 0x0000000082200000, 0x0000000082100000| Untracked 
|  34|0x0000000082200000, 0x0000000082300000, 0x0000000082300000|100%| O|  |TAMS 0x0000000082300000, 0x0000000082200000| Untracked 
|  35|0x0000000082300000, 0x0000000082400000, 0x0000000082400000|100%|HS|  |TAMS 0x0000000082400000, 0x0000000082300000| Complete 
|  36|0x0000000082400000, 0x0000000082500000, 0x0000000082500000|100%| O|  |TAMS 0x0000000082500000, 0x0000000082400000| Untracked 
|  37|0x0000000082500000, 0x0000000082600000, 0x0000000082600000|100%|HS|  |TAMS 0x0000000082600000, 0x0000000082500000| Complete 
|  38|0x0000000082600000, 0x0000000082700000, 0x0000000082700000|100%|HS|  |TAMS 0x0000000082700000, 0x0000000082600000| Complete 
|  39|0x0000000082700000, 0x0000000082800000, 0x0000000082800000|100%| O|  |TAMS 0x0000000082800000, 0x0000000082700000| Untracked 
|  40|0x0000000082800000, 0x0000000082900000, 0x0000000082900000|100%| O|  |TAMS 0x0000000082900000, 0x0000000082800000| Untracked 
|  41|0x0000000082900000, 0x0000000082a00000, 0x0000000082a00000|100%| O|  |TAMS 0x0000000082a00000, 0x0000000082900000| Untracked 
|  42|0x0000000082a00000, 0x0000000082b00000, 0x0000000082b00000|100%| O|  |TAMS 0x0000000082b00000, 0x0000000082a00000| Untracked 
|  43|0x0000000082b00000, 0x0000000082c00000, 0x0000000082c00000|100%| O|  |TAMS 0x0000000082c00000, 0x0000000082b00000| Untracked 
|  44|0x0000000082c00000, 0x0000000082d00000, 0x0000000082d00000|100%| O|  |TAMS 0x0000000082d00000, 0x0000000082c00000| Untracked 
|  45|0x0000000082d00000, 0x0000000082e00000, 0x0000000082e00000|100%| O|  |TAMS 0x0000000082e00000, 0x0000000082d00000| Untracked 
|  46|0x0000000082e00000, 0x0000000082f00000, 0x0000000082f00000|100%| O|  |TAMS 0x0000000082f00000, 0x0000000082e00000| Untracked 
|  47|0x0000000082f00000, 0x0000000083000000, 0x0000000083000000|100%| O|  |TAMS 0x0000000083000000, 0x0000000082f00000| Untracked 
|  48|0x0000000083000000, 0x0000000083100000, 0x0000000083100000|100%| O|  |TAMS 0x0000000083100000, 0x0000000083000000| Untracked 
|  49|0x0000000083100000, 0x0000000083200000, 0x0000000083200000|100%| O|  |TAMS 0x0000000083200000, 0x0000000083100000| Untracked 
|  50|0x0000000083200000, 0x0000000083300000, 0x0000000083300000|100%| O|  |TAMS 0x0000000083300000, 0x0000000083200000| Untracked 
|  51|0x0000000083300000, 0x0000000083400000, 0x0000000083400000|100%| O|  |TAMS 0x0000000083400000, 0x0000000083300000| Untracked 
|  52|0x0000000083400000, 0x0000000083500000, 0x0000000083500000|100%| O|  |TAMS 0x0000000083500000, 0x0000000083400000| Untracked 
|  53|0x0000000083500000, 0x0000000083600000, 0x0000000083600000|100%| O|  |TAMS 0x0000000083600000, 0x0000000083500000| Untracked 
|  54|0x0000000083600000, 0x0000000083700000, 0x0000000083700000|100%| O|  |TAMS 0x0000000083700000, 0x0000000083600000| Untracked 
|  55|0x0000000083700000, 0x0000000083800000, 0x0000000083800000|100%| O|  |TAMS 0x0000000083800000, 0x0000000083700000| Untracked 
|  56|0x0000000083800000, 0x0000000083900000, 0x0000000083900000|100%| O|  |TAMS 0x0000000083900000, 0x0000000083800000| Untracked 
|  57|0x0000000083900000, 0x0000000083a00000, 0x0000000083a00000|100%| O|  |TAMS 0x0000000083a00000, 0x0000000083900000| Untracked 
|  58|0x0000000083a00000, 0x0000000083b00000, 0x0000000083b00000|100%| O|  |TAMS 0x0000000083b00000, 0x0000000083a00000| Untracked 
|  59|0x0000000083b00000, 0x0000000083c00000, 0x0000000083c00000|100%| O|  |TAMS 0x0000000083c00000, 0x0000000083b00000| Untracked 
|  60|0x0000000083c00000, 0x0000000083d00000, 0x0000000083d00000|100%| O|  |TAMS 0x0000000083d00000, 0x0000000083c00000| Untracked 
|  61|0x0000000083d00000, 0x0000000083e00000, 0x0000000083e00000|100%| O|  |TAMS 0x0000000083e00000, 0x0000000083d00000| Untracked 
|  62|0x0000000083e00000, 0x0000000083f00000, 0x0000000083f00000|100%| O|  |TAMS 0x0000000083f00000, 0x0000000083e00000| Untracked 
|  63|0x0000000083f00000, 0x0000000084000000, 0x0000000084000000|100%| O|  |TAMS 0x0000000084000000, 0x0000000083f00000| Untracked 
|  64|0x0000000084000000, 0x0000000084100000, 0x0000000084100000|100%| O|  |TAMS 0x0000000084100000, 0x0000000084000000| Untracked 
|  65|0x0000000084100000, 0x0000000084200000, 0x0000000084200000|100%| O|  |TAMS 0x0000000084200000, 0x0000000084100000| Untracked 
|  66|0x0000000084200000, 0x0000000084300000, 0x0000000084300000|100%| O|  |TAMS 0x0000000084300000, 0x0000000084200000| Untracked 
|  67|0x0000000084300000, 0x0000000084400000, 0x0000000084400000|100%| O|  |TAMS 0x0000000084400000, 0x0000000084300000| Untracked 
|  68|0x0000000084400000, 0x0000000084500000, 0x0000000084500000|100%| O|  |TAMS 0x0000000084500000, 0x0000000084400000| Untracked 
|  69|0x0000000084500000, 0x0000000084600000, 0x0000000084600000|100%| O|  |TAMS 0x0000000084600000, 0x0000000084500000| Untracked 
|  70|0x0000000084600000, 0x0000000084700000, 0x0000000084700000|100%| O|  |TAMS 0x0000000084700000, 0x0000000084600000| Untracked 
|  71|0x0000000084700000, 0x0000000084800000, 0x0000000084800000|100%| O|  |TAMS 0x0000000084800000, 0x0000000084700000| Untracked 
|  72|0x0000000084800000, 0x0000000084900000, 0x0000000084900000|100%| O|  |TAMS 0x0000000084900000, 0x0000000084800000| Untracked 
|  73|0x0000000084900000, 0x0000000084a00000, 0x0000000084a00000|100%| O|  |TAMS 0x0000000084a00000, 0x0000000084900000| Untracked 
|  74|0x0000000084a00000, 0x0000000084b00000, 0x0000000084b00000|100%| O|  |TAMS 0x0000000084b00000, 0x0000000084a00000| Untracked 
|  75|0x0000000084b00000, 0x0000000084c00000, 0x0000000084c00000|100%| O|  |TAMS 0x0000000084c00000, 0x0000000084b00000| Untracked 
|  76|0x0000000084c00000, 0x0000000084d00000, 0x0000000084d00000|100%| O|  |TAMS 0x0000000084d00000, 0x0000000084c00000| Untracked 
|  77|0x0000000084d00000, 0x0000000084e00000, 0x0000000084e00000|100%| O|  |TAMS 0x0000000084e00000, 0x0000000084d00000| Untracked 
|  78|0x0000000084e00000, 0x0000000084f00000, 0x0000000084f00000|100%| O|  |TAMS 0x0000000084e2c000, 0x0000000084e00000| Untracked 
|  79|0x0000000084f00000, 0x0000000085000000, 0x0000000085000000|100%| O|  |TAMS 0x0000000084f00000, 0x0000000084f00000| Untracked 
|  80|0x0000000085000000, 0x0000000085100000, 0x0000000085100000|100%| O|  |TAMS 0x0000000085000000, 0x0000000085000000| Untracked 
|  81|0x0000000085100000, 0x0000000085200000, 0x0000000085200000|100%| O|  |TAMS 0x0000000085100000, 0x0000000085100000| Untracked 
|  82|0x0000000085200000, 0x0000000085300000, 0x0000000085300000|100%| O|  |TAMS 0x0000000085200000, 0x0000000085200000| Untracked 
|  83|0x0000000085300000, 0x0000000085400000, 0x0000000085400000|100%| O|  |TAMS 0x0000000085300000, 0x0000000085300000| Untracked 
|  84|0x0000000085400000, 0x0000000085500000, 0x0000000085500000|100%| O|  |TAMS 0x0000000085400000, 0x0000000085400000| Untracked 
|  85|0x0000000085500000, 0x0000000085543000, 0x0000000085600000| 26%| O|  |TAMS 0x0000000085500000, 0x0000000085500000| Untracked 
|  86|0x0000000085600000, 0x0000000085700000, 0x0000000085700000|100%|HS|  |TAMS 0x0000000085600000, 0x0000000085600000| Complete 
|  87|0x0000000085700000, 0x0000000085800000, 0x0000000085800000|100%|HC|  |TAMS 0x0000000085700000, 0x0000000085700000| Complete 
|  88|0x0000000085800000, 0x0000000085900000, 0x0000000085900000|100%|HS|  |TAMS 0x0000000085800000, 0x0000000085800000| Complete 
|  89|0x0000000085900000, 0x0000000085a00000, 0x0000000085a00000|100%|HC|  |TAMS 0x0000000085900000, 0x0000000085900000| Complete 
|  90|0x0000000085a00000, 0x0000000085b00000, 0x0000000085b00000|100%|HC|  |TAMS 0x0000000085a00000, 0x0000000085a00000| Complete 
|  91|0x0000000085b00000, 0x0000000085c00000, 0x0000000085c00000|100%|HS|  |TAMS 0x0000000085b00000, 0x0000000085b00000| Complete 
|  92|0x0000000085c00000, 0x0000000085d00000, 0x0000000085d00000|100%|HC|  |TAMS 0x0000000085c00000, 0x0000000085c00000| Complete 
|  93|0x0000000085d00000, 0x0000000085e00000, 0x0000000085e00000|100%|HC|  |TAMS 0x0000000085d00000, 0x0000000085d00000| Complete 
|  94|0x0000000085e00000, 0x0000000085f00000, 0x0000000085f00000|100%|HS|  |TAMS 0x0000000085e00000, 0x0000000085e00000| Complete 
|  95|0x0000000085f00000, 0x0000000086000000, 0x0000000086000000|100%|HC|  |TAMS 0x0000000085f00000, 0x0000000085f00000| Complete 
|  96|0x0000000086000000, 0x0000000086100000, 0x0000000086100000|100%|HC|  |TAMS 0x0000000086000000, 0x0000000086000000| Complete 
|  97|0x0000000086100000, 0x0000000086200000, 0x0000000086200000|100%|HC|  |TAMS 0x0000000086100000, 0x0000000086100000| Complete 
|  98|0x0000000086200000, 0x0000000086300000, 0x0000000086300000|100%|HC|  |TAMS 0x0000000086200000, 0x0000000086200000| Complete 
|  99|0x0000000086300000, 0x0000000086400000, 0x0000000086400000|100%|HC|  |TAMS 0x0000000086300000, 0x0000000086300000| Complete 
| 100|0x0000000086400000, 0x0000000086500000, 0x0000000086500000|100%|HC|  |TAMS 0x0000000086400000, 0x0000000086400000| Complete 
| 101|0x0000000086500000, 0x0000000086600000, 0x0000000086600000|100%|HC|  |TAMS 0x0000000086500000, 0x0000000086500000| Complete 
| 102|0x0000000086600000, 0x0000000086700000, 0x0000000086700000|100%|HC|  |TAMS 0x0000000086600000, 0x0000000086600000| Complete 
| 103|0x0000000086700000, 0x0000000086800000, 0x0000000086800000|100%|HC|  |TAMS 0x0000000086700000, 0x0000000086700000| Complete 
| 104|0x0000000086800000, 0x0000000086900000, 0x0000000086900000|100%|HC|  |TAMS 0x0000000086800000, 0x0000000086800000| Complete 
| 105|0x0000000086900000, 0x0000000086a00000, 0x0000000086a00000|100%|HC|  |TAMS 0x0000000086900000, 0x0000000086900000| Complete 
| 106|0x0000000086a00000, 0x0000000086b00000, 0x0000000086b00000|100%|HS|  |TAMS 0x0000000086a00000, 0x0000000086a00000| Complete 
| 107|0x0000000086b00000, 0x0000000086c00000, 0x0000000086c00000|100%|HC|  |TAMS 0x0000000086b00000, 0x0000000086b00000| Complete 
| 108|0x0000000086c00000, 0x0000000086d00000, 0x0000000086d00000|100%|HS|  |TAMS 0x0000000086c00000, 0x0000000086c00000| Complete 
| 109|0x0000000086d00000, 0x0000000086e00000, 0x0000000086e00000|100%|HC|  |TAMS 0x0000000086d00000, 0x0000000086d00000| Complete 
| 110|0x0000000086e00000, 0x0000000086f00000, 0x0000000086f00000|100%|HC|  |TAMS 0x0000000086e00000, 0x0000000086e00000| Complete 
| 111|0x0000000086f00000, 0x0000000087000000, 0x0000000087000000|100%|HS|  |TAMS 0x0000000086f00000, 0x0000000086f00000| Complete 
| 112|0x0000000087000000, 0x0000000087100000, 0x0000000087100000|100%|HC|  |TAMS 0x0000000087000000, 0x0000000087000000| Complete 
| 113|0x0000000087100000, 0x0000000087200000, 0x0000000087200000|100%|HC|  |TAMS 0x0000000087100000, 0x0000000087100000| Complete 
| 114|0x0000000087200000, 0x0000000087200000, 0x0000000087300000|  0%| F|  |TAMS 0x0000000087200000, 0x0000000087200000| Untracked 
| 115|0x0000000087300000, 0x0000000087300000, 0x0000000087400000|  0%| F|  |TAMS 0x0000000087300000, 0x0000000087300000| Untracked 
| 116|0x0000000087400000, 0x0000000087400000, 0x0000000087500000|  0%| F|  |TAMS 0x0000000087400000, 0x0000000087400000| Untracked 
| 117|0x0000000087500000, 0x0000000087500000, 0x0000000087600000|  0%| F|  |TAMS 0x0000000087500000, 0x0000000087500000| Untracked 
| 118|0x0000000087600000, 0x0000000087600000, 0x0000000087700000|  0%| F|  |TAMS 0x0000000087600000, 0x0000000087600000| Untracked 
| 119|0x0000000087700000, 0x0000000087700000, 0x0000000087800000|  0%| F|  |TAMS 0x0000000087700000, 0x0000000087700000| Untracked 
| 120|0x0000000087800000, 0x0000000087800000, 0x0000000087900000|  0%| F|  |TAMS 0x0000000087800000, 0x0000000087800000| Untracked 
| 121|0x0000000087900000, 0x0000000087900000, 0x0000000087a00000|  0%| F|  |TAMS 0x0000000087900000, 0x0000000087900000| Untracked 
| 122|0x0000000087a00000, 0x0000000087a00000, 0x0000000087b00000|  0%| F|  |TAMS 0x0000000087a00000, 0x0000000087a00000| Untracked 
| 123|0x0000000087b00000, 0x0000000087b00000, 0x0000000087c00000|  0%| F|  |TAMS 0x0000000087b00000, 0x0000000087b00000| Untracked 
| 124|0x0000000087c00000, 0x0000000087c00000, 0x0000000087d00000|  0%| F|  |TAMS 0x0000000087c00000, 0x0000000087c00000| Untracked 
| 125|0x0000000087d00000, 0x0000000087d00000, 0x0000000087e00000|  0%| F|  |TAMS 0x0000000087d00000, 0x0000000087d00000| Untracked 
| 126|0x0000000087e00000, 0x0000000087e00000, 0x0000000087f00000|  0%| F|  |TAMS 0x0000000087e00000, 0x0000000087e00000| Untracked 
| 127|0x0000000087f00000, 0x0000000087f00000, 0x0000000088000000|  0%| F|  |TAMS 0x0000000087f00000, 0x0000000087f00000| Untracked 
| 128|0x0000000088000000, 0x0000000088000000, 0x0000000088100000|  0%| F|  |TAMS 0x0000000088000000, 0x0000000088000000| Untracked 
| 129|0x0000000088100000, 0x0000000088100000, 0x0000000088200000|  0%| F|  |TAMS 0x0000000088100000, 0x0000000088100000| Untracked 
| 130|0x0000000088200000, 0x0000000088200000, 0x0000000088300000|  0%| F|  |TAMS 0x0000000088200000, 0x0000000088200000| Untracked 
| 131|0x0000000088300000, 0x0000000088300000, 0x0000000088400000|  0%| F|  |TAMS 0x0000000088300000, 0x0000000088300000| Untracked 
| 132|0x0000000088400000, 0x0000000088400000, 0x0000000088500000|  0%| F|  |TAMS 0x0000000088400000, 0x0000000088400000| Untracked 
| 133|0x0000000088500000, 0x0000000088500000, 0x0000000088600000|  0%| F|  |TAMS 0x0000000088500000, 0x0000000088500000| Untracked 
| 134|0x0000000088600000, 0x0000000088600000, 0x0000000088700000|  0%| F|  |TAMS 0x0000000088600000, 0x0000000088600000| Untracked 
| 135|0x0000000088700000, 0x000000008876d6b8, 0x0000000088800000| 42%| E|  |TAMS 0x0000000088700000, 0x0000000088700000| Complete 
| 136|0x0000000088800000, 0x0000000088900000, 0x0000000088900000|100%| E|CS|TAMS 0x0000000088800000, 0x0000000088800000| Complete 
| 137|0x0000000088900000, 0x0000000088a00000, 0x0000000088a00000|100%| E|CS|TAMS 0x0000000088900000, 0x0000000088900000| Complete 
| 138|0x0000000088a00000, 0x0000000088b00000, 0x0000000088b00000|100%| E|  |TAMS 0x0000000088a00000, 0x0000000088a00000| Complete 
| 139|0x0000000088b00000, 0x0000000088c00000, 0x0000000088c00000|100%| E|CS|TAMS 0x0000000088b00000, 0x0000000088b00000| Complete 
| 140|0x0000000088c00000, 0x0000000088d00000, 0x0000000088d00000|100%| E|CS|TAMS 0x0000000088c00000, 0x0000000088c00000| Complete 
| 141|0x0000000088d00000, 0x0000000088e00000, 0x0000000088e00000|100%| E|CS|TAMS 0x0000000088d00000, 0x0000000088d00000| Complete 
| 142|0x0000000088e00000, 0x0000000088f00000, 0x0000000088f00000|100%| E|CS|TAMS 0x0000000088e00000, 0x0000000088e00000| Complete 
| 143|0x0000000088f00000, 0x0000000089000000, 0x0000000089000000|100%| E|CS|TAMS 0x0000000088f00000, 0x0000000088f00000| Complete 
| 144|0x0000000089000000, 0x0000000089100000, 0x0000000089100000|100%| E|CS|TAMS 0x0000000089000000, 0x0000000089000000| Complete 
| 145|0x0000000089100000, 0x0000000089200000, 0x0000000089200000|100%| E|CS|TAMS 0x0000000089100000, 0x0000000089100000| Complete 
| 146|0x0000000089200000, 0x0000000089300000, 0x0000000089300000|100%| E|CS|TAMS 0x0000000089200000, 0x0000000089200000| Complete 
| 147|0x0000000089300000, 0x0000000089400000, 0x0000000089400000|100%| E|CS|TAMS 0x0000000089300000, 0x0000000089300000| Complete 
| 148|0x0000000089400000, 0x0000000089500000, 0x0000000089500000|100%| E|CS|TAMS 0x0000000089400000, 0x0000000089400000| Complete 
| 149|0x0000000089500000, 0x0000000089600000, 0x0000000089600000|100%| E|CS|TAMS 0x0000000089500000, 0x0000000089500000| Complete 
| 150|0x0000000089600000, 0x0000000089700000, 0x0000000089700000|100%| E|CS|TAMS 0x0000000089600000, 0x0000000089600000| Complete 
| 151|0x0000000089700000, 0x0000000089800000, 0x0000000089800000|100%| E|CS|TAMS 0x0000000089700000, 0x0000000089700000| Complete 
| 152|0x0000000089800000, 0x0000000089900000, 0x0000000089900000|100%| E|CS|TAMS 0x0000000089800000, 0x0000000089800000| Complete 
| 153|0x0000000089900000, 0x0000000089a00000, 0x0000000089a00000|100%| E|CS|TAMS 0x0000000089900000, 0x0000000089900000| Complete 
| 154|0x0000000089a00000, 0x0000000089b00000, 0x0000000089b00000|100%| E|CS|TAMS 0x0000000089a00000, 0x0000000089a00000| Complete 
| 155|0x0000000089b00000, 0x0000000089c00000, 0x0000000089c00000|100%| E|CS|TAMS 0x0000000089b00000, 0x0000000089b00000| Complete 
| 156|0x0000000089c00000, 0x0000000089d00000, 0x0000000089d00000|100%| E|CS|TAMS 0x0000000089c00000, 0x0000000089c00000| Complete 
| 157|0x0000000089d00000, 0x0000000089e00000, 0x0000000089e00000|100%| E|CS|TAMS 0x0000000089d00000, 0x0000000089d00000| Complete 
| 158|0x0000000089e00000, 0x0000000089f00000, 0x0000000089f00000|100%| E|CS|TAMS 0x0000000089e00000, 0x0000000089e00000| Complete 
| 159|0x0000000089f00000, 0x000000008a000000, 0x000000008a000000|100%| E|CS|TAMS 0x0000000089f00000, 0x0000000089f00000| Complete 
| 160|0x000000008a000000, 0x000000008a100000, 0x000000008a100000|100%| E|CS|TAMS 0x000000008a000000, 0x000000008a000000| Complete 
| 161|0x000000008a100000, 0x000000008a200000, 0x000000008a200000|100%| E|CS|TAMS 0x000000008a100000, 0x000000008a100000| Complete 
| 162|0x000000008a200000, 0x000000008a300000, 0x000000008a300000|100%| E|CS|TAMS 0x000000008a200000, 0x000000008a200000| Complete 
| 163|0x000000008a300000, 0x000000008a400000, 0x000000008a400000|100%| E|CS|TAMS 0x000000008a300000, 0x000000008a300000| Complete 
| 164|0x000000008a400000, 0x000000008a500000, 0x000000008a500000|100%| E|CS|TAMS 0x000000008a400000, 0x000000008a400000| Complete 
| 165|0x000000008a500000, 0x000000008a600000, 0x000000008a600000|100%| E|CS|TAMS 0x000000008a500000, 0x000000008a500000| Complete 
| 166|0x000000008a600000, 0x000000008a700000, 0x000000008a700000|100%| E|CS|TAMS 0x000000008a600000, 0x000000008a600000| Complete 
| 167|0x000000008a700000, 0x000000008a800000, 0x000000008a800000|100%| E|CS|TAMS 0x000000008a700000, 0x000000008a700000| Complete 
| 168|0x000000008a800000, 0x000000008a900000, 0x000000008a900000|100%| E|CS|TAMS 0x000000008a800000, 0x000000008a800000| Complete 
| 169|0x000000008a900000, 0x000000008aa00000, 0x000000008aa00000|100%| E|CS|TAMS 0x000000008a900000, 0x000000008a900000| Complete 
| 170|0x000000008aa00000, 0x000000008ab00000, 0x000000008ab00000|100%| E|CS|TAMS 0x000000008aa00000, 0x000000008aa00000| Complete 
| 171|0x000000008ab00000, 0x000000008ac00000, 0x000000008ac00000|100%| E|CS|TAMS 0x000000008ab00000, 0x000000008ab00000| Complete 
| 172|0x000000008ac00000, 0x000000008ad00000, 0x000000008ad00000|100%| E|CS|TAMS 0x000000008ac00000, 0x000000008ac00000| Complete 
| 173|0x000000008ad00000, 0x000000008ae00000, 0x000000008ae00000|100%| E|CS|TAMS 0x000000008ad00000, 0x000000008ad00000| Complete 
| 174|0x000000008ae00000, 0x000000008af00000, 0x000000008af00000|100%| E|CS|TAMS 0x000000008ae00000, 0x000000008ae00000| Complete 
| 175|0x000000008af00000, 0x000000008b000000, 0x000000008b000000|100%| E|CS|TAMS 0x000000008af00000, 0x000000008af00000| Complete 
| 176|0x000000008b000000, 0x000000008b100000, 0x000000008b100000|100%| E|CS|TAMS 0x000000008b000000, 0x000000008b000000| Complete 
| 177|0x000000008b100000, 0x000000008b200000, 0x000000008b200000|100%| E|CS|TAMS 0x000000008b100000, 0x000000008b100000| Complete 
| 178|0x000000008b200000, 0x000000008b300000, 0x000000008b300000|100%| E|CS|TAMS 0x000000008b200000, 0x000000008b200000| Complete 
| 179|0x000000008b300000, 0x000000008b400000, 0x000000008b400000|100%| E|CS|TAMS 0x000000008b300000, 0x000000008b300000| Complete 
| 180|0x000000008b400000, 0x000000008b500000, 0x000000008b500000|100%| E|CS|TAMS 0x000000008b400000, 0x000000008b400000| Complete 
| 181|0x000000008b500000, 0x000000008b600000, 0x000000008b600000|100%| E|CS|TAMS 0x000000008b500000, 0x000000008b500000| Complete 
| 182|0x000000008b600000, 0x000000008b700000, 0x000000008b700000|100%| E|CS|TAMS 0x000000008b600000, 0x000000008b600000| Complete 
| 183|0x000000008b700000, 0x000000008b800000, 0x000000008b800000|100%| E|CS|TAMS 0x000000008b700000, 0x000000008b700000| Complete 
| 184|0x000000008b800000, 0x000000008b900000, 0x000000008b900000|100%| E|CS|TAMS 0x000000008b800000, 0x000000008b800000| Complete 
| 185|0x000000008b900000, 0x000000008ba00000, 0x000000008ba00000|100%| E|CS|TAMS 0x000000008b900000, 0x000000008b900000| Complete 
| 186|0x000000008ba00000, 0x000000008bb00000, 0x000000008bb00000|100%| E|CS|TAMS 0x000000008ba00000, 0x000000008ba00000| Complete 
| 187|0x000000008bb00000, 0x000000008bb27618, 0x000000008bc00000| 15%| S|CS|TAMS 0x000000008bb00000, 0x000000008bb00000| Complete 
| 188|0x000000008bc00000, 0x000000008bd00000, 0x000000008bd00000|100%| S|CS|TAMS 0x000000008bc00000, 0x000000008bc00000| Complete 
| 189|0x000000008bd00000, 0x000000008be00000, 0x000000008be00000|100%| E|CS|TAMS 0x000000008bd00000, 0x000000008bd00000| Complete 

Card table byte_map: [0x00000181f64e0000,0x00000181f68e0000] _byte_map_base: 0x00000181f60e0000

Marking Bits (Prev, Next): (CMBitMap*) 0x00000181f0a2f3d0, (CMBitMap*) 0x00000181f0a2f410
 Prev Bits: [0x00000181f6ce0000, 0x00000181f8ce0000)
 Next Bits: [0x00000181f8ce0000, 0x00000181face0000)

Polling page: 0x00000181f0aa0000

Metaspace:

Usage:
  Non-class:     85.11 MB used.
      Class:     13.10 MB used.
       Both:     98.21 MB used.

Virtual space:
  Non-class space:       88.00 MB reserved,      85.50 MB ( 97%) committed,  11 nodes.
      Class space:        1.00 GB reserved,      13.50 MB (  1%) committed,  1 nodes.
             Both:        1.09 GB reserved,      99.00 MB (  9%) committed. 

Chunk freelists:
   Non-Class:  2.49 MB
       Class:  2.54 MB
        Both:  5.03 MB

MaxMetaspaceSize: unlimited
CompressedClassSpaceSize: 1.00 GB
Initial GC threshold: 21.00 MB
Current GC threshold: 153.88 MB
CDS: off
MetaspaceReclaimPolicy: balanced
 - commit_granule_bytes: 65536.
 - commit_granule_words: 8192.
 - virtual_space_node_default_size: 1048576.
 - enlarge_chunks_in_place: 1.
 - new_chunks_are_fully_committed: 0.
 - uncommit_free_chunks: 1.
 - use_allocation_guard: 0.
 - handle_deallocations: 1.


Internal statistics:

num_allocs_failed_limit: 6.
num_arena_births: 1112.
num_arena_deaths: 14.
num_vsnodes_births: 12.
num_vsnodes_deaths: 0.
num_space_committed: 1582.
num_space_uncommitted: 0.
num_chunks_returned_to_freelist: 24.
num_chunks_taken_from_freelist: 4852.
num_chunk_merges: 14.
num_chunk_splits: 3213.
num_chunks_enlarged: 2139.
num_purges: 2.
num_inconsistent_stats: 0.

CodeHeap 'non-profiled nmethods': size=120000Kb used=6976Kb max_used=6976Kb free=113023Kb
 bounds [0x0000018187ad0000, 0x00000181881b0000, 0x000001818f000000]
CodeHeap 'profiled nmethods': size=120000Kb used=20557Kb max_used=20557Kb free=99442Kb
 bounds [0x0000018180000000, 0x0000018181420000, 0x0000018187530000]
CodeHeap 'non-nmethods': size=5760Kb used=2404Kb max_used=2469Kb free=3356Kb
 bounds [0x0000018187530000, 0x00000181877a0000, 0x0000018187ad0000]
 total_blobs=11627 nmethods=10700 adapters=839
 compilation: enabled
              stopped_count=0, restarted_count=0
 full_count=0

Compilation events (20 events):
Event: 183.865 Thread 0x00000181fe042ae0 nmethod 12277 0x0000018181402010 code [0x0000018181402200, 0x0000018181402a58]
Event: 183.866 Thread 0x00000181fe042ae0 12278       1       groovyjarjarasm.asm.SymbolTable::getMajorVersion (5 bytes)
Event: 183.866 Thread 0x00000181fe042ae0 nmethod 12278 0x000001818819fa90 code [0x000001818819fc20, 0x000001818819fcf8]
Event: 183.868 Thread 0x00000181905b6e80 12279       4       groovy.lang.MetaMethod::isStatic (16 bytes)
Event: 183.869 Thread 0x00000181905b6e80 nmethod 12279 0x000001818819fd90 code [0x000001818819ff00, 0x000001818819ff98]
Event: 183.871 Thread 0x00000181fe042ae0 12280       3       groovyjarjarasm.asm.MethodWriter::visitVarInsn (302 bytes)
Event: 183.872 Thread 0x00000181fe042ae0 nmethod 12280 0x0000018181402d10 code [0x0000018181402f60, 0x0000018181403968]
Event: 183.872 Thread 0x00000181fe042ae0 12281       3       groovyjarjarasm.asm.SymbolTable::addType (81 bytes)
Event: 183.873 Thread 0x00000181fe042ae0 nmethod 12281 0x0000018181403c10 code [0x0000018181403e20, 0x0000018181404378]
Event: 183.873 Thread 0x00000181fe042ae0 12282       3       groovyjarjarasm.asm.Label::<init> (5 bytes)
Event: 183.873 Thread 0x00000181fe042ae0 nmethod 12282 0x0000018181404610 code [0x00000181814047a0, 0x00000181814048f8]
Event: 183.878 Thread 0x00000181fe042ae0 12283       3       com.sun.beans.introspect.EventSetInfo::get (373 bytes)
Event: 183.883 Thread 0x00000181fe042ae0 nmethod 12283 0x0000018181404990 code [0x0000018181405060, 0x0000018181408c08]
Event: 183.883 Thread 0x00000181fe042ae0 12285       3       groovyjarjarasm.asm.Frame::getAbstractTypeFromDescriptor (415 bytes)
Event: 183.887 Thread 0x00000181fe042ae0 nmethod 12285 0x0000018181409f90 code [0x000001818140a340, 0x000001818140bf58]
Event: 183.887 Thread 0x00000181fe042ae0 12284       3       java.lang.Module::<init> (25 bytes)
Event: 183.888 Thread 0x00000181fe042ae0 nmethod 12284 0x000001818140c890 code [0x000001818140ca40, 0x000001818140cc98]
Event: 183.888 Thread 0x00000181fe042ae0 12286       1       org.codehaus.groovy.runtime.callsite.AbstractCallSite::getArray (5 bytes)
Event: 183.888 Thread 0x00000181905b6e80 12287       4       groovy.lang.MetaClassImpl::addToAllMethodsIfPublic (22 bytes)
Event: 183.888 Thread 0x00000181fe042ae0 nmethod 12286 0x00000181881a0090 code [0x00000181881a0220, 0x00000181881a02f8]

GC Heap History (20 events):
Event: 17.993 GC heap before
{Heap before GC invocations=43 (full 0):
 garbage-first heap   total 128000K, used 101464K [0x0000000080000000, 0x0000000100000000)
  region size 1024K, 45 young (46080K), 6 survivors (6144K)
 Metaspace       used 88289K, committed 88832K, reserved 1130496K
  class space    used 12009K, committed 12288K, reserved 1048576K
}
Event: 18.002 GC heap after
{Heap after GC invocations=44 (full 0):
 garbage-first heap   total 128000K, used 64709K [0x0000000080000000, 0x0000000100000000)
  region size 1024K, 4 young (4096K), 4 survivors (4096K)
 Metaspace       used 88289K, committed 88832K, reserved 1130496K
  class space    used 12009K, committed 12288K, reserved 1048576K
}
Event: 18.720 GC heap before
{Heap before GC invocations=44 (full 0):
 garbage-first heap   total 128000K, used 102597K [0x0000000080000000, 0x0000000100000000)
  region size 1024K, 41 young (41984K), 4 survivors (4096K)
 Metaspace       used 89437K, committed 90112K, reserved 1130496K
  class space    used 12160K, committed 12480K, reserved 1048576K
}
Event: 18.730 GC heap after
{Heap after GC invocations=45 (full 0):
 garbage-first heap   total 128000K, used 70054K [0x0000000080000000, 0x0000000100000000)
  region size 1024K, 6 young (6144K), 6 survivors (6144K)
 Metaspace       used 89437K, committed 90112K, reserved 1130496K
  class space    used 12160K, committed 12480K, reserved 1048576K
}
Event: 19.614 GC heap before
{Heap before GC invocations=46 (full 0):
 garbage-first heap   total 128000K, used 101798K [0x0000000080000000, 0x0000000100000000)
  region size 1024K, 37 young (37888K), 6 survivors (6144K)
 Metaspace       used 91240K, committed 91840K, reserved 1130496K
  class space    used 12297K, committed 12608K, reserved 1048576K
}
Event: 19.625 GC heap after
{Heap after GC invocations=47 (full 0):
 garbage-first heap   total 128000K, used 75681K [0x0000000080000000, 0x0000000100000000)
  region size 1024K, 5 young (5120K), 5 survivors (5120K)
 Metaspace       used 91240K, committed 91840K, reserved 1130496K
  class space    used 12297K, committed 12608K, reserved 1048576K
}
Event: 19.682 GC heap before
{Heap before GC invocations=47 (full 0):
 garbage-first heap   total 128000K, used 76705K [0x0000000080000000, 0x0000000100000000)
  region size 1024K, 6 young (6144K), 5 survivors (5120K)
 Metaspace       used 91415K, committed 92032K, reserved 1130496K
  class space    used 12333K, committed 12608K, reserved 1048576K
}
Event: 19.688 GC heap after
{Heap after GC invocations=48 (full 0):
 garbage-first heap   total 128000K, used 76295K [0x0000000080000000, 0x0000000100000000)
  region size 1024K, 1 young (1024K), 1 survivors (1024K)
 Metaspace       used 91415K, committed 92032K, reserved 1130496K
  class space    used 12333K, committed 12608K, reserved 1048576K
}
Event: 20.524 GC heap before
{Heap before GC invocations=48 (full 0):
 garbage-first heap   total 128000K, used 101895K [0x0000000080000000, 0x0000000100000000)
  region size 1024K, 27 young (27648K), 1 survivors (1024K)
 Metaspace       used 93104K, committed 93824K, reserved 1130496K
  class space    used 12668K, committed 12992K, reserved 1048576K
}
Event: 20.529 GC heap after
{Heap after GC invocations=49 (full 0):
 garbage-first heap   total 128000K, used 78303K [0x0000000080000000, 0x0000000100000000)
  region size 1024K, 3 young (3072K), 3 survivors (3072K)
 Metaspace       used 93104K, committed 93824K, reserved 1130496K
  class space    used 12668K, committed 12992K, reserved 1048576K
}
Event: 21.072 GC heap before
{Heap before GC invocations=50 (full 0):
 garbage-first heap   total 142336K, used 101855K [0x0000000080000000, 0x0000000100000000)
  region size 1024K, 27 young (27648K), 3 survivors (3072K)
 Metaspace       used 93263K, committed 93952K, reserved 1130496K
  class space    used 12669K, committed 12992K, reserved 1048576K
}
Event: 21.078 GC heap after
{Heap after GC invocations=51 (full 0):
 garbage-first heap   total 142336K, used 79708K [0x0000000080000000, 0x0000000100000000)
  region size 1024K, 2 young (2048K), 2 survivors (2048K)
 Metaspace       used 93263K, committed 93952K, reserved 1130496K
  class space    used 12669K, committed 12992K, reserved 1048576K
}
Event: 21.179 GC heap before
{Heap before GC invocations=51 (full 0):
 garbage-first heap   total 142336K, used 83804K [0x0000000080000000, 0x0000000100000000)
  region size 1024K, 6 young (6144K), 2 survivors (2048K)
 Metaspace       used 93306K, committed 93952K, reserved 1130496K
  class space    used 12670K, committed 12992K, reserved 1048576K
}
Event: 21.183 GC heap after
{Heap after GC invocations=52 (full 0):
 garbage-first heap   total 142336K, used 79383K [0x0000000080000000, 0x0000000100000000)
  region size 1024K, 1 young (1024K), 1 survivors (1024K)
 Metaspace       used 93306K, committed 93952K, reserved 1130496K
  class space    used 12670K, committed 12992K, reserved 1048576K
}
Event: 21.868 GC heap before
{Heap before GC invocations=52 (full 0):
 garbage-first heap   total 142336K, used 114199K [0x0000000080000000, 0x0000000100000000)
  region size 1024K, 36 young (36864K), 1 survivors (1024K)
 Metaspace       used 93860K, committed 94528K, reserved 1130496K
  class space    used 12719K, committed 13056K, reserved 1048576K
}
Event: 21.875 GC heap after
{Heap after GC invocations=53 (full 0):
 garbage-first heap   total 194560K, used 82405K [0x0000000080000000, 0x0000000100000000)
  region size 1024K, 4 young (4096K), 4 survivors (4096K)
 Metaspace       used 93860K, committed 94528K, reserved 1130496K
  class space    used 12719K, committed 13056K, reserved 1048576K
}
Event: 23.282 GC heap before
{Heap before GC invocations=54 (full 0):
 garbage-first heap   total 194560K, used 154085K [0x0000000080000000, 0x0000000100000000)
  region size 1024K, 75 young (76800K), 4 survivors (4096K)
 Metaspace       used 94439K, committed 95104K, reserved 1138688K
  class space    used 12753K, committed 13056K, reserved 1048576K
}
Event: 23.290 GC heap after
{Heap after GC invocations=55 (full 0):
 garbage-first heap   total 194560K, used 86954K [0x0000000080000000, 0x0000000100000000)
  region size 1024K, 8 young (8192K), 8 survivors (8192K)
 Metaspace       used 94439K, committed 95104K, reserved 1138688K
  class space    used 12753K, committed 13056K, reserved 1048576K
}
Event: 23.306 GC heap before
{Heap before GC invocations=55 (full 0):
 garbage-first heap   total 194560K, used 87978K [0x0000000080000000, 0x0000000100000000)
  region size 1024K, 9 young (9216K), 8 survivors (8192K)
 Metaspace       used 94439K, committed 95104K, reserved 1138688K
  class space    used 12753K, committed 13056K, reserved 1048576K
}
Event: 23.314 GC heap after
{Heap after GC invocations=56 (full 0):
 garbage-first heap   total 194560K, used 87465K [0x0000000080000000, 0x0000000100000000)
  region size 1024K, 2 young (2048K), 2 survivors (2048K)
 Metaspace       used 94439K, committed 95104K, reserved 1138688K
  class space    used 12753K, committed 13056K, reserved 1048576K
}

Dll operation events (2 events):
Event: 0.017 Loaded shared library D:\AndroidStudio\download_data\jbr\bin\java.dll
Event: 0.511 Loaded shared library D:\AndroidStudio\download_data\jbr\bin\verify.dll

Deoptimization events (20 events):
Event: 183.654 Thread 0x0000018191700f20 DEOPT PACKING pc=0x0000018187be8b9c sp=0x0000007c2a2f9610
Event: 183.654 Thread 0x0000018191700f20 DEOPT UNPACKING pc=0x000001818758a1a3 sp=0x0000007c2a2f95d8 mode 2
Event: 183.655 Thread 0x0000018191700f20 Uncommon trap: trap_request=0xffffffc6 fr.pc=0x0000018187be8b9c relative=0x000000000000075c
Event: 183.655 Thread 0x0000018191700f20 Uncommon trap: reason=bimorphic_or_optimized_type_check action=maybe_recompile pc=0x0000018187be8b9c method=org.gradle.internal.operations.DefaultBuildOperationListenerManager$ProgressShieldingBuildOperationListener.finished(Lorg/gradle/internal/operation
Event: 183.655 Thread 0x0000018191700f20 DEOPT PACKING pc=0x0000018187be8b9c sp=0x0000007c2a2f97a0
Event: 183.655 Thread 0x0000018191700f20 DEOPT UNPACKING pc=0x000001818758a1a3 sp=0x0000007c2a2f9768 mode 2
Event: 183.799 Thread 0x0000018191700f20 DEOPT PACKING pc=0x00000181813993d1 sp=0x0000007c2a2f89c0
Event: 183.799 Thread 0x0000018191700f20 DEOPT UNPACKING pc=0x000001818758ace3 sp=0x0000007c2a2f7f40 mode 0
Event: 183.816 Thread 0x0000018191700f20 DEOPT PACKING pc=0x00000181813993d1 sp=0x0000007c2a2f89c0
Event: 183.816 Thread 0x0000018191700f20 DEOPT UNPACKING pc=0x000001818758ace3 sp=0x0000007c2a2f7f40 mode 0
Event: 183.838 Thread 0x0000018191700f20 DEOPT PACKING pc=0x00000181813993d1 sp=0x0000007c2a2f89c0
Event: 183.838 Thread 0x0000018191700f20 DEOPT UNPACKING pc=0x000001818758ace3 sp=0x0000007c2a2f7f40 mode 0
Event: 183.843 Thread 0x0000018191700f20 Uncommon trap: trap_request=0xffffff45 fr.pc=0x0000018187f790e0 relative=0x0000000000001d60
Event: 183.843 Thread 0x0000018191700f20 Uncommon trap: reason=unstable_if action=reinterpret pc=0x0000018187f790e0 method=java.lang.StringLatin1.regionMatchesCI([BI[BII)Z @ 72 c2
Event: 183.843 Thread 0x0000018191700f20 DEOPT PACKING pc=0x0000018187f790e0 sp=0x0000007c2a2f9310
Event: 183.843 Thread 0x0000018191700f20 DEOPT UNPACKING pc=0x000001818758a1a3 sp=0x0000007c2a2f9150 mode 2
Event: 183.843 Thread 0x0000018191700f20 Uncommon trap: trap_request=0xffffff45 fr.pc=0x0000018187ec6c5c relative=0x000000000000031c
Event: 183.843 Thread 0x0000018191700f20 Uncommon trap: reason=unstable_if action=reinterpret pc=0x0000018187ec6c5c method=java.lang.StringLatin1.regionMatchesCI([BI[BII)Z @ 72 c2
Event: 183.843 Thread 0x0000018191700f20 DEOPT PACKING pc=0x0000018187ec6c5c sp=0x0000007c2a2f9280
Event: 183.843 Thread 0x0000018191700f20 DEOPT UNPACKING pc=0x000001818758a1a3 sp=0x0000007c2a2f90e0 mode 2

Classes unloaded (7 events):
Event: 22.000 Thread 0x00000181fd7c9370 Unloading class 0x0000000100ca9c00 'java/lang/invoke/LambdaForm$DMH+0x0000000100ca9c00'
Event: 22.000 Thread 0x00000181fd7c9370 Unloading class 0x0000000100ca9800 'java/lang/invoke/LambdaForm$DMH+0x0000000100ca9800'
Event: 22.000 Thread 0x00000181fd7c9370 Unloading class 0x0000000100ca9400 'java/lang/invoke/LambdaForm$DMH+0x0000000100ca9400'
Event: 22.000 Thread 0x00000181fd7c9370 Unloading class 0x0000000100ca9000 'java/lang/invoke/LambdaForm$DMH+0x0000000100ca9000'
Event: 22.000 Thread 0x00000181fd7c9370 Unloading class 0x0000000100ca8c00 'java/lang/invoke/LambdaForm$DMH+0x0000000100ca8c00'
Event: 22.000 Thread 0x00000181fd7c9370 Unloading class 0x0000000100ca8400 'java/lang/invoke/LambdaForm$DMH+0x0000000100ca8400'
Event: 22.000 Thread 0x00000181fd7c9370 Unloading class 0x0000000100ca8800 'java/lang/invoke/LambdaForm$DMH+0x0000000100ca8800'

Classes redefined (0 events):
No events

Internal exceptions (20 events):
Event: 183.672 Thread 0x00000181971a05b0 Exception <a 'sun/nio/fs/WindowsException'{0x0000000089b7fb20}> (0x0000000089b7fb20) 
thrown [s\src\hotspot\share\prims\jni.cpp, line 517]
Event: 183.680 Thread 0x00000181971a05b0 Exception <a 'sun/nio/fs/WindowsException'{0x0000000088d9f270}> (0x0000000088d9f270) 
thrown [s\src\hotspot\share\prims\jni.cpp, line 517]
Event: 183.681 Thread 0x00000181971a05b0 Exception <a 'sun/nio/fs/WindowsException'{0x0000000088d9f3d8}> (0x0000000088d9f3d8) 
thrown [s\src\hotspot\share\prims\jni.cpp, line 517]
Event: 183.726 Thread 0x0000018191700f20 Exception <a 'java/lang/ClassNotFoundException'{0x0000000088c0fbd0}: sync_studio_tooling5_9lmq2g2zvgc2zzmliok8etk69BeanInfo> (0x0000000088c0fbd0) 
thrown [s\src\hotspot\share\classfile\systemDictionary.cpp, line 256]
Event: 183.726 Thread 0x0000018191700f20 Exception <a 'java/lang/ClassNotFoundException'{0x0000000088c16990}: sync_studio_tooling5_9lmq2g2zvgc2zzmliok8etk69Customizer> (0x0000000088c16990) 
thrown [s\src\hotspot\share\classfile\systemDictionary.cpp, line 256]
Event: 183.747 Thread 0x0000018191700f20 Exception <a 'java/lang/ClassNotFoundException'{0x0000000088ca4ba8}: ijinit_dkec9zswd4p83aajh1klyj0h5BeanInfo> (0x0000000088ca4ba8) 
thrown [s\src\hotspot\share\classfile\systemDictionary.cpp, line 256]
Event: 183.748 Thread 0x0000018191700f20 Exception <a 'java/lang/ClassNotFoundException'{0x0000000088cab668}: ijinit_dkec9zswd4p83aajh1klyj0h5Customizer> (0x0000000088cab668) 
thrown [s\src\hotspot\share\classfile\systemDictionary.cpp, line 256]
Event: 183.755 Thread 0x0000018191700f20 Exception <a 'java/lang/ClassNotFoundException'{0x0000000088ce9ef0}: ijinit_dkec9zswd4p83aajh1klyj0h5$_run_closure1BeanInfo> (0x0000000088ce9ef0) 
thrown [s\src\hotspot\share\classfile\systemDictionary.cpp, line 256]
Event: 183.756 Thread 0x0000018191700f20 Exception <a 'java/lang/ClassNotFoundException'{0x0000000088cf1368}: ijinit_dkec9zswd4p83aajh1klyj0h5$_run_closure1Customizer> (0x0000000088cf1368) 
thrown [s\src\hotspot\share\classfile\systemDictionary.cpp, line 256]
Event: 183.793 Thread 0x0000018191700f20 Exception <a 'java/lang/ClassNotFoundException'{0x0000000088bf6120}: ijinit_dkec9zswd4p83aajh1klyj0h5BeanInfo> (0x0000000088bf6120) 
thrown [s\src\hotspot\share\classfile\systemDictionary.cpp, line 256]
Event: 183.794 Thread 0x0000018191700f20 Exception <a 'java/lang/ClassNotFoundException'{0x0000000088bfcba0}: ijinit_dkec9zswd4p83aajh1klyj0h5Customizer> (0x0000000088bfcba0) 
thrown [s\src\hotspot\share\classfile\systemDictionary.cpp, line 256]
Event: 183.858 Thread 0x0000018191700f20 Exception <a 'java/lang/ClassNotFoundException'{0x0000000088968940}: JetGradlePluginBeanInfo> (0x0000000088968940) 
thrown [s\src\hotspot\share\classfile\systemDictionary.cpp, line 256]
Event: 183.858 Thread 0x0000018191700f20 Exception <a 'java/lang/ClassNotFoundException'{0x00000000889753c0}: JetGradlePluginCustomizer> (0x00000000889753c0) 
thrown [s\src\hotspot\share\classfile\systemDictionary.cpp, line 256]
Event: 183.869 Thread 0x0000018191700f20 Exception <a 'java/lang/ClassNotFoundException'{0x00000000889b5a28}: org/jetbrains/plugins/gradle/model/internal/DummyModelBeanInfo> (0x00000000889b5a28) 
thrown [s\src\hotspot\share\classfile\systemDictionary.cpp, line 256]
Event: 183.870 Thread 0x0000018191700f20 Exception <a 'java/lang/ClassNotFoundException'{0x00000000889c1428}: org/jetbrains/plugins/gradle/model/internal/DummyModelCustomizer> (0x00000000889c1428) 
thrown [s\src\hotspot\share\classfile\systemDictionary.cpp, line 256]
Event: 183.876 Thread 0x0000018191700f20 Exception <a 'java/lang/ClassNotFoundException'{0x00000000888012a8}: org/gradle/tooling/provider/model/internal/DefaultToolingModelBuilderRegistryBeanInfo> (0x00000000888012a8) 
thrown [s\src\hotspot\share\classfile\systemDictionary.cpp, line 256]
Event: 183.878 Thread 0x0000018191700f20 Exception <a 'java/lang/ClassNotFoundException'{0x0000000088817260}: org/gradle/tooling/provider/model/internal/DefaultToolingModelBuilderRegistryCustomizer> (0x0000000088817260) 
thrown [s\src\hotspot\share\classfile\systemDictionary.cpp, line 256]
Event: 183.891 Thread 0x0000018191700f20 Exception <a 'java/lang/ClassNotFoundException'{0x00000000888655a8}: org/gradle/internal/service/scopes/GradleScopeServicesBeanInfo> (0x00000000888655a8) 
thrown [s\src\hotspot\share\classfile\systemDictionary.cpp, line 256]
Event: 183.892 Thread 0x0000018191700f20 Exception <a 'java/lang/ClassNotFoundException'{0x000000008887a988}: org/gradle/internal/service/DefaultServiceRegistryBeanInfo> (0x000000008887a988) 
thrown [s\src\hotspot\share\classfile\systemDictionary.cpp, line 256]
Event: 183.894 Thread 0x0000018191700f20 Exception <a 'java/lang/ClassNotFoundException'{0x0000000088890038}: org/gradle/internal/service/DefaultServiceRegistryCustomizer> (0x0000000088890038) 
thrown [s\src\hotspot\share\classfile\systemDictionary.cpp, line 256]

VM Operations (20 events):
Event: 124.101 Executing VM operation: Cleanup
Event: 124.102 Executing VM operation: Cleanup done
Event: 133.165 Executing VM operation: Cleanup
Event: 133.165 Executing VM operation: Cleanup done
Event: 153.402 Executing VM operation: Cleanup
Event: 153.402 Executing VM operation: Cleanup done
Event: 163.500 Executing VM operation: Cleanup
Event: 163.500 Executing VM operation: Cleanup done
Event: 183.084 Executing VM operation: HandshakeAllThreads
Event: 183.084 Executing VM operation: HandshakeAllThreads done
Event: 183.084 Executing VM operation: Cleanup
Event: 183.084 Executing VM operation: Cleanup done
Event: 183.461 Executing VM operation: HandshakeAllThreads
Event: 183.461 Executing VM operation: HandshakeAllThreads done
Event: 183.464 Executing VM operation: HandshakeAllThreads
Event: 183.465 Executing VM operation: HandshakeAllThreads done
Event: 183.505 Executing VM operation: HandshakeAllThreads
Event: 183.505 Executing VM operation: HandshakeAllThreads done
Event: 183.615 Executing VM operation: ICBufferFull
Event: 183.615 Executing VM operation: ICBufferFull done

Events (20 events):
Event: 183.101 Thread 0x00000181fe05d0c0 flushing nmethod 0x0000018180b5ec90
Event: 183.102 Thread 0x00000181fe05d0c0 flushing nmethod 0x0000018180c66190
Event: 183.364 loading class java/util/concurrent/Executors$FinalizableDelegatedExecutorService
Event: 183.364 loading class java/util/concurrent/Executors$DelegatedExecutorService
Event: 183.365 loading class java/util/concurrent/Executors$DelegatedExecutorService done
Event: 183.365 loading class java/util/concurrent/Executors$FinalizableDelegatedExecutorService done
Event: 183.382 Thread 0x00000181917000b0 Thread added: 0x00000181917000b0
Event: 183.389 Thread 0x00000181916fdf00 Thread added: 0x00000181916fdf00
Event: 183.395 Thread 0x00000181916fe3d0 Thread added: 0x00000181916fe3d0
Event: 183.406 Thread 0x0000018191702c00 Thread added: 0x0000018191702c00
Event: 183.480 loading class java/util/zip/Deflater
Event: 183.481 loading class java/util/zip/Deflater done
Event: 183.482 loading class java/util/zip/Deflater$DeflaterZStreamRef
Event: 183.482 loading class java/util/zip/Deflater$DeflaterZStreamRef done
Event: 183.509 loading class java/nio/StringCharBuffer
Event: 183.509 loading class java/nio/StringCharBuffer done
Event: 183.539 loading class java/nio/file/StandardCopyOption
Event: 183.539 loading class java/nio/file/StandardCopyOption done
Event: 183.539 loading class sun/nio/fs/WindowsFileCopy
Event: 183.540 loading class sun/nio/fs/WindowsFileCopy done


Dynamic libraries:
0x00007ff62c4d0000 - 0x00007ff62c4da000 	D:\AndroidStudio\download_data\jbr\bin\java.exe
0x00007ff912570000 - 0x00007ff912768000 	C:\WINDOWS\SYSTEM32\ntdll.dll
0x00007ff912450000 - 0x00007ff91250d000 	C:\WINDOWS\System32\KERNEL32.DLL
0x00007ff90fc80000 - 0x00007ff90ff76000 	C:\WINDOWS\System32\KERNELBASE.dll
0x00007ff9100d0000 - 0x00007ff9101d0000 	C:\WINDOWS\System32\ucrtbase.dll
0x00007ff8fa710000 - 0x00007ff8fa727000 	D:\AndroidStudio\download_data\jbr\bin\jli.dll
0x00007ff90bcd0000 - 0x00007ff90bceb000 	D:\AndroidStudio\download_data\jbr\bin\VCRUNTIME140.dll
0x00007ff8f9380000 - 0x00007ff8f961a000 	C:\WINDOWS\WinSxS\amd64_microsoft.windows.common-controls_6595b64144ccf1df_6.0.19041.4355_none_60b8b9eb71f62e16\COMCTL32.dll
0x00007ff910cc0000 - 0x00007ff910e5f000 	C:\WINDOWS\System32\USER32.dll
0x00007ff910e60000 - 0x00007ff910efe000 	C:\WINDOWS\System32\msvcrt.dll
0x00007ff90fc50000 - 0x00007ff90fc72000 	C:\WINDOWS\System32\win32u.dll
0x00007ff910c90000 - 0x00007ff910cbb000 	C:\WINDOWS\System32\GDI32.dll
0x00007ff9103a0000 - 0x00007ff9104b7000 	C:\WINDOWS\System32\gdi32full.dll
0x00007ff910030000 - 0x00007ff9100cd000 	C:\WINDOWS\System32\msvcp_win.dll
0x00007ff910f00000 - 0x00007ff910f32000 	C:\WINDOWS\System32\IMM32.DLL
0x00007ff8fa750000 - 0x00007ff8fa75c000 	D:\AndroidStudio\download_data\jbr\bin\vcruntime140_1.dll
0x00007ff8cce40000 - 0x00007ff8ccecd000 	D:\AndroidStudio\download_data\jbr\bin\msvcp140.dll
0x00007ff8a67a0000 - 0x00007ff8a740e000 	D:\AndroidStudio\download_data\jbr\bin\server\jvm.dll
0x00007ff910a10000 - 0x00007ff910ac0000 	C:\WINDOWS\System32\ADVAPI32.dll
0x00007ff910bf0000 - 0x00007ff910c90000 	C:\WINDOWS\System32\sechost.dll
0x00007ff911010000 - 0x00007ff911133000 	C:\WINDOWS\System32\RPCRT4.dll
0x00007ff90fc20000 - 0x00007ff90fc47000 	C:\WINDOWS\System32\bcrypt.dll
0x00007ff90def0000 - 0x00007ff90df17000 	C:\WINDOWS\SYSTEM32\WINMM.dll
0x00007ff8f7c70000 - 0x00007ff8f7c79000 	C:\WINDOWS\SYSTEM32\WSOCK32.dll
0x00007ff909e70000 - 0x00007ff909e7a000 	C:\WINDOWS\SYSTEM32\VERSION.dll
0x00007ff910b80000 - 0x00007ff910beb000 	C:\WINDOWS\System32\WS2_32.dll
0x00007ff90e5a0000 - 0x00007ff90e5b2000 	C:\WINDOWS\SYSTEM32\kernel.appcore.dll
0x00007ff90bd10000 - 0x00007ff90bd1a000 	D:\AndroidStudio\download_data\jbr\bin\jimage.dll
0x00007ff90dd00000 - 0x00007ff90dee4000 	C:\WINDOWS\SYSTEM32\DBGHELP.DLL
0x00007ff90dcb0000 - 0x00007ff90dce4000 	C:\WINDOWS\SYSTEM32\dbgcore.DLL
0x00007ff9104c0000 - 0x00007ff910542000 	C:\WINDOWS\System32\bcryptPrimitives.dll
0x00007ff8fab70000 - 0x00007ff8fab95000 	D:\AndroidStudio\download_data\jbr\bin\java.dll
0x00007ff908a90000 - 0x00007ff908aa8000 	D:\AndroidStudio\download_data\jbr\bin\zip.dll
0x00007ff9116f0000 - 0x00007ff911e5b000 	C:\WINDOWS\System32\SHELL32.dll
0x00007ff907610000 - 0x00007ff907dad000 	C:\WINDOWS\SYSTEM32\windows.storage.dll
0x00007ff9120e0000 - 0x00007ff912433000 	C:\WINDOWS\System32\combase.dll
0x00007ff90f560000 - 0x00007ff90f58e000 	C:\WINDOWS\SYSTEM32\Wldp.dll
0x00007ff912010000 - 0x00007ff9120dd000 	C:\WINDOWS\System32\OLEAUT32.dll
0x00007ff910ad0000 - 0x00007ff910b7d000 	C:\WINDOWS\System32\SHCORE.dll
0x00007ff910fa0000 - 0x00007ff910ff5000 	C:\WINDOWS\System32\shlwapi.dll
0x00007ff90fb50000 - 0x00007ff90fb74000 	C:\WINDOWS\SYSTEM32\profapi.dll
0x00007ff8faa80000 - 0x00007ff8faa99000 	D:\AndroidStudio\download_data\jbr\bin\net.dll
0x00007ff907e20000 - 0x00007ff907f2a000 	C:\WINDOWS\SYSTEM32\WINHTTP.dll
0x00007ff90f340000 - 0x00007ff90f3aa000 	C:\WINDOWS\system32\mswsock.dll
0x00007ff8fa730000 - 0x00007ff8fa746000 	D:\AndroidStudio\download_data\jbr\bin\nio.dll
0x00007ff90ac90000 - 0x00007ff90aca0000 	D:\AndroidStudio\download_data\jbr\bin\verify.dll
0x00007ff8f8ad0000 - 0x00007ff8f8af7000 	C:\Users\User\.gradle\native\68d5fa5c4cc2d200863cafc0d521ce42e7d3e7ee720ec0a83991735586a16f82\windows-amd64\native-platform.dll
0x00007ff8c8a20000 - 0x00007ff8c8b64000 	C:\Users\User\.gradle\native\e376f236ea51e6404a007f0833ffe2c6e607c4080706a723a18a27aeea778392\windows-amd64\native-platform-file-events.dll
0x00007ff90a020000 - 0x00007ff90a029000 	D:\AndroidStudio\download_data\jbr\bin\management.dll
0x00007ff900d90000 - 0x00007ff900d9b000 	D:\AndroidStudio\download_data\jbr\bin\management_ext.dll
0x00007ff912440000 - 0x00007ff912448000 	C:\WINDOWS\System32\PSAPI.DLL
0x00007ff90f5a0000 - 0x00007ff90f5b8000 	C:\WINDOWS\SYSTEM32\CRYPTSP.dll
0x00007ff90ec10000 - 0x00007ff90ec44000 	C:\WINDOWS\system32\rsaenh.dll
0x00007ff90fac0000 - 0x00007ff90faee000 	C:\WINDOWS\SYSTEM32\USERENV.dll
0x00007ff90f4d0000 - 0x00007ff90f4dc000 	C:\WINDOWS\SYSTEM32\CRYPTBASE.dll
0x00007ff90eff0000 - 0x00007ff90f02b000 	C:\WINDOWS\SYSTEM32\IPHLPAPI.DLL
0x00007ff910ac0000 - 0x00007ff910ac8000 	C:\WINDOWS\System32\NSI.dll
0x00007ff909000000 - 0x00007ff909017000 	C:\WINDOWS\SYSTEM32\dhcpcsvc6.DLL
0x00007ff908f70000 - 0x00007ff908f8d000 	C:\WINDOWS\SYSTEM32\dhcpcsvc.DLL
0x00007ff90f040000 - 0x00007ff90f10b000 	C:\WINDOWS\SYSTEM32\DNSAPI.dll
0x00007ff8a0e40000 - 0x00007ff8a0e47000 	C:\WINDOWS\system32\wshunix.dll

dbghelp: loaded successfully - version: 4.0.5 - missing functions: none
symbol engine: initialized successfully - sym options: 0x614 - pdb path: .;D:\AndroidStudio\download_data\jbr\bin;C:\WINDOWS\SYSTEM32;C:\WINDOWS\WinSxS\amd64_microsoft.windows.common-controls_6595b64144ccf1df_6.0.19041.4355_none_60b8b9eb71f62e16;D:\AndroidStudio\download_data\jbr\bin\server;C:\Users\User\.gradle\native\68d5fa5c4cc2d200863cafc0d521ce42e7d3e7ee720ec0a83991735586a16f82\windows-amd64;C:\Users\User\.gradle\native\e376f236ea51e6404a007f0833ffe2c6e607c4080706a723a18a27aeea778392\windows-amd64

VM Arguments:
jvm_args: --add-opens=java.base/java.util=ALL-UNNAMED --add-opens=java.base/java.lang=ALL-UNNAMED --add-opens=java.base/java.lang.invoke=ALL-UNNAMED --add-opens=java.prefs/java.util.prefs=ALL-UNNAMED --add-opens=java.base/java.nio.charset=ALL-UNNAMED --add-opens=java.base/java.net=ALL-UNNAMED --add-opens=java.base/java.util.concurrent.atomic=ALL-UNNAMED -Xmx2048m -Dfile.encoding=UTF-8 -Duser.country=US -Duser.language=en -Duser.variant 
java_command: org.gradle.launcher.daemon.bootstrap.GradleDaemon 8.0
java_class_path (initial): C:\Users\User\.gradle\wrapper\dists\gradle-8.0-bin\ca5e32bp14vu59qr306oxotwh\gradle-8.0\lib\gradle-launcher-8.0.jar
Launcher Type: SUN_STANDARD

[Global flags]
     intx CICompilerCount                          = 4                                         {product} {ergonomic}
     uint ConcGCThreads                            = 2                                         {product} {ergonomic}
     uint G1ConcRefinementThreads                  = 8                                         {product} {ergonomic}
   size_t G1HeapRegionSize                         = 1048576                                   {product} {ergonomic}
    uintx GCDrainStackTargetSize                   = 64                                        {product} {ergonomic}
   size_t InitialHeapSize                          = 132120576                                 {product} {ergonomic}
   size_t MarkStackSize                            = 4194304                                   {product} {ergonomic}
   size_t MaxHeapSize                              = 2147483648                                {product} {command line}
   size_t MaxNewSize                               = 1287651328                                {product} {ergonomic}
   size_t MinHeapDeltaBytes                        = 1048576                                   {product} {ergonomic}
   size_t MinHeapSize                              = 8388608                                   {product} {ergonomic}
    uintx NonNMethodCodeHeapSize                   = 5839372                                {pd product} {ergonomic}
    uintx NonProfiledCodeHeapSize                  = 122909434                              {pd product} {ergonomic}
    uintx ProfiledCodeHeapSize                     = 122909434                              {pd product} {ergonomic}
    uintx ReservedCodeCacheSize                    = 251658240                              {pd product} {ergonomic}
     bool SegmentedCodeCache                       = true                                      {product} {ergonomic}
   size_t SoftMaxHeapSize                          = 2147483648                             {manageable} {ergonomic}
     bool UseCompressedClassPointers               = true                           {product lp64_product} {ergonomic}
     bool UseCompressedOops                        = true                           {product lp64_product} {ergonomic}
     bool UseG1GC                                  = true                                      {product} {ergonomic}
     bool UseLargePagesIndividualAllocation        = false                                  {pd product} {ergonomic}

Logging:
Log output configuration:
 #0: stdout all=warning uptime,level,tags
 #1: stderr all=off uptime,level,tags

Environment Variables:
CLASSPATH=D:\JDBC\sqljdbc_11.2\enu\mssql-jdbc-11.2.0.jre8.jar;
PATH=C:\Program Files (x86)\Common Files\Oracle\Java\javapath;C:\Windows\system32;C:\Windows;C:\Windows\System32\Wbem;C:\Windows\System32\WindowsPowerShell\v1.0\;C:\Windows\System32\OpenSSH\;C:\Program Files\NVIDIA Corporation\NVIDIA NvDLISR;C:\Program Files (x86)\GtkSharp\2.12\bin;D:\CHOCOLATELY\chocolatey\bin;C:\Program Files\dotnet\;C:\Program Files\Azure Data Studio\bin;C:\WINDOWS\system32;C:\WINDOWS;C:\WINDOWS\System32\Wbem;C:\WINDOWS\System32\WindowsPowerShell\v1.0\;C:\WINDOWS\System32\OpenSSH\;C:\Program Files\Microsoft SQL Server\Client SDK\ODBC\170\Tools\Binn\;C:\Program Files (x86)\Microsoft SQL Server\150\Tools\Binn\;C:\Program Files\Microsoft SQL Server\150\Tools\Binn\;C:\Program Files\Microsoft SQL Server\150\DTS\Binn\;C:\Program Files (x86)\Microsoft SQL Server\150\DTS\Binn\;C:\Program Files (x86)\Microsoft SQL Server\160\DTS\Binn\;".;D:\JDBC\sqljdbc_11.2\enu\auth\x64\mssql-jdbc_auth-11.2.0.x64.dll";D:\gitHub\git\Git\cmd;D:\gitHub\git\Git\bin;D:\Docker\Docker\Docker\resources\bin;D:\maven\apache-maven-3.9.4\bin;D:\codingProject\flutter\flutter\bin;D:\AndroidStudio\sdk;C:\Users\User\AppData\Roaming\npm;C:\Users\User\AppData\Roaming\npm\node_modules\@angular\cli\bin;D:\npm\nodejs\;C:\Program Files (x86)\dotnet\;D:\python\python311\Scripts\;D:\python\python311\;C:\Program Files\Java\jdk1.8.0_331\bin;D:\VSCODE\VSCODE_Installation\bin;D:\php;D:\VS\VS2022\Common7\IDE;C:\Users\User\.dotnet\tools
USERNAME=User
OS=Windows_NT
PROCESSOR_IDENTIFIER=Intel64 Family 6 Model 126 Stepping 5, GenuineIntel
TMP=C:\Users\User\AppData\Local\Temp
TEMP=C:\Users\User\AppData\Local\Temp


JNI global refs:
JNI global refs: 26, weak refs: 0

JNI global refs memory usage: 843, weak refs: 841


---------------  S Y S T E M  ---------------

OS:
 Windows 10 , 64 bit Build 19041 (10.0.19041.3636)
OS uptime: 0 days 4:59 hours
Hyper-V role detected

CPU: total 8 (initial active 8) (4 cores per cpu, 2 threads per core) family 6 model 126 stepping 5 microcode 0xc2, cx8, cmov, fxsr, ht, mmx, 3dnowpref, sse, sse2, sse3, ssse3, sse4.1, sse4.2, popcnt, lzcnt, tsc, tscinvbit, avx, avx2, aes, erms, clmul, bmi1, bmi2, adx, avx512f, avx512dq, avx512cd, avx512bw, avx512vl, sha, fma, vzeroupper, avx512_vpopcntdq, avx512_vpclmulqdq, avx512_vaes, avx512_vnni, clflush, clflushopt, avx512_vbmi2, avx512_vbmi, hv

Memory: 4k page, system-wide physical 7959M (778M free)
TotalPageFile size 14519M (AvailPageFile size 0M)
current process WorkingSet (physical memory assigned to process): 454M, peak: 462M
current process commit charge ("private bytes"): 488M, peak: 500M

vm_info: OpenJDK 64-Bit Server VM (17.0.6+0-b2043.56-10027231) for windows-amd64 JRE (17.0.6+0-b2043.56-10027231), built on Apr 28 2023 00:43:19 by "androidbuild" with MS VC++ 16.10 / 16.11 (VS2019)

END.
