#
# There is insufficient memory for the Java Runtime Environment to continue.
# Native memory allocation (mmap) failed to map 316669952 bytes for G1 virtual space
# Possible reasons:
#   The system is out of physical RAM or swap space
#   The process is running with CompressedOops enabled, and the Java Heap may be blocking the growth of the native heap
# Possible solutions:
#   Reduce memory load on the system
#   Increase physical memory or swap space
#   Check if swap backing store is full
#   Decrease Java heap size (-Xmx/-Xms)
#   Decrease number of Java threads
#   Decrease Java thread stack sizes (-Xss)
#   Set larger code cache with -XX:ReservedCodeCacheSize=
#   JVM is running with Unscaled Compressed Oops mode in which the Java heap is
#     placed in the first 4GB address space. The Java Heap base address is the
#     maximum limit for the native heap growth. Please use -XX:HeapBaseMinAddress
#     to set the Java Heap base and to place the Java Heap above 4GB virtual address.
# This output file may be truncated or incomplete.
#
#  Out of Memory Error (os_windows.cpp:3769), pid=12764, tid=9664
#
# JRE version: OpenJDK Runtime Environment (17.0.6) (build 17.0.6+0-b2043.56-10027231)
# Java VM: OpenJDK 64-Bit Server VM (17.0.6+0-b2043.56-10027231, mixed mode, tiered, compressed oops, compressed class ptrs, g1 gc, windows-amd64)
# No core dump will be written. Minidumps are not enabled by default on client versions of Windows
#

---------------  S U M M A R Y ------------

Command Line: --add-opens=java.base/java.util=ALL-UNNAMED --add-opens=java.base/java.lang=ALL-UNNAMED --add-opens=java.base/java.lang.invoke=ALL-UNNAMED --add-opens=java.prefs/java.util.prefs=ALL-UNNAMED --add-opens=java.base/java.nio.charset=ALL-UNNAMED --add-opens=java.base/java.net=ALL-UNNAMED --add-opens=java.base/java.util.concurrent.atomic=ALL-UNNAMED -Xmx2048m -Dfile.encoding=UTF-8 -Duser.country=US -Duser.language=en -Duser.variant org.gradle.launcher.daemon.bootstrap.GradleDaemon 8.0

Host: Intel(R) Core(TM) i7-1065G7 CPU @ 1.30GHz, 8 cores, 7G,  Windows 10 , 64 bit Build 19041 (10.0.19041.3636)
Time: Thu May 30 22:59:51 2024 SE Asia Standard Time elapsed time: 6710.750270 seconds (0d 1h 51m 50s)

---------------  T H R E A D  ---------------

Current thread (0x000001f8dd62a630):  VMThread "VM Thread" [stack: 0x000000dcd1b00000,0x000000dcd1c00000] [id=9664]

Stack: [0x000000dcd1b00000,0x000000dcd1c00000]
Native frames: (J=compiled Java code, j=interpreted, Vv=VM code, C=native code)
V  [jvm.dll+0x683c9a]
V  [jvm.dll+0x8427a4]
V  [jvm.dll+0x843f9e]
V  [jvm.dll+0x844603]
V  [jvm.dll+0x249b75]
V  [jvm.dll+0x680b69]
V  [jvm.dll+0x67505a]
V  [jvm.dll+0x309acb]
V  [jvm.dll+0x310f86]
V  [jvm.dll+0x3608ee]
V  [jvm.dll+0x360b1f]
V  [jvm.dll+0x2dfbf8]
V  [jvm.dll+0x2ddec4]
V  [jvm.dll+0x2dd4cc]
V  [jvm.dll+0x322261]
V  [jvm.dll+0x848ccb]
V  [jvm.dll+0x849a04]
V  [jvm.dll+0x849f1d]
V  [jvm.dll+0x84a2f4]
V  [jvm.dll+0x84a3c0]
V  [jvm.dll+0x7f274a]
V  [jvm.dll+0x682ad5]
C  [ucrtbase.dll+0x21bb2]
C  [KERNEL32.DLL+0x17344]
C  [ntdll.dll+0x526b1]

VM_Operation (0x000000dcdaef7fc0): G1TryInitiateConcMark, mode: safepoint, requested by thread 0x000001f8e838ca10


---------------  P R O C E S S  ---------------

Threads class SMR info:
_java_thread_list=0x000001f8de49cc60, length=149, elements={
0x000001f8c37e2ff0, 0x000001f8dd66e260, 0x000001f8dd62eec0, 0x000001f8de02ce60,
0x000001f8de022ba0, 0x000001f8de027480, 0x000001f8de027d40, 0x000001f8de028d40,
0x000001f8de02a380, 0x000001f8de033840, 0x000001f8de1cb4b0, 0x000001f8de1cbd90,
0x000001f8e12a5010, 0x000001f8e0709480, 0x000001f8e0f45c90, 0x000001f8e1563f30,
0x000001f8e15618b0, 0x000001f8e1564400, 0x000001f8e1561d80, 0x000001f8e1562250,
0x000001f8e15630c0, 0x000001f8e121a7d0, 0x000001f8e1218fc0, 0x000001f8e12177b0,
0x000001f8e121b170, 0x000001f8e1217c80, 0x000001f8e1216470, 0x000001f8e1218620,
0x000001f8de07b8b0, 0x000001f8de07c720, 0x000001f8de07af10, 0x000001f8de07c250,
0x000001f8e5a052f0, 0x000001f8e5a05c90, 0x000001f8de0783c0, 0x000001f8e11a5c90,
0x000001f8e75cf9b0, 0x000001f8df0bf190, 0x000001f8df0c04d0, 0x000001f8df0c1ce0,
0x000001f8e75cf4e0, 0x000001f8e838f090, 0x000001f8e838d880, 0x000001f8e838f560,
0x000001f8e838ebc0, 0x000001f8e838e220, 0x000001f8e441e2b0, 0x000001f8e441dde0,
0x000001f8e441b760, 0x000001f8e1fb4ce0, 0x000001f8e1fb3e70, 0x000001f8e1fb2b30,
0x000001f8e1fb4340, 0x000001f8e1fb2660, 0x000001f8e1fb51b0, 0x000001f8e1fb5680,
0x000001f8e1fb1cc0, 0x000001f8e1fb2190, 0x000001f8e1fb3000, 0x000001f8e1fb34d0,
0x000001f8e8277510, 0x000001f8e8277040, 0x000001f8e8276b70, 0x000001f8e82779e0,
0x000001f8e8275d00, 0x000001f8e8278380, 0x000001f8e8277eb0, 0x000001f8e8278850,
0x000001f8e8274e90, 0x000001f8e8275360, 0x000001f8e8275830, 0x000001f8e82761d0,
0x000001f8e82766a0, 0x000001f8e7ed49b0, 0x000001f8e7ed0ff0, 0x000001f8e7ed31a0,
0x000001f8e7ed3b40, 0x000001f8e7ed2800, 0x000001f8e7ed4010, 0x000001f8e7ed2330,
0x000001f8e7ed14c0, 0x000001f8e7ed3670, 0x000001f8e7ed2cd0, 0x000001f8e7ed44e0,
0x000001f8e7ed1990, 0x000001f8e7ed1e60, 0x000001f8e181dd40, 0x000001f8e181c530,
0x000001f8e181ca00, 0x000001f8e181e6e0, 0x000001f8e181c060, 0x000001f8e181ced0,
0x000001f8e181d3a0, 0x000001f8e181f550, 0x000001f8e181d870, 0x000001f8e181e210,
0x000001f8e181f080, 0x000001f8e181ebb0, 0x000001f8e181fa20, 0x000001f8e389b3a0,
0x000001f8e389b870, 0x000001f8e389aa00, 0x000001f8e389a530, 0x000001f8e389a060,
0x000001f8e389c6e0, 0x000001f8e389cbb0, 0x000001f8e389aed0, 0x000001f8e389d080,
0x000001f8e389bd40, 0x000001f8e389c210, 0x000001f8e389d550, 0x000001f8e389da20,
0x000001f8e7c71830, 0x000001f8e7c71d00, 0x000001f8e7c70020, 0x000001f8e7c721d0,
0x000001f8e7c6f1b0, 0x000001f8e7c6fb50, 0x000001f8e7c6f680, 0x000001f8e7c71360,
0x000001f8e7c72b70, 0x000001f8e7c704f0, 0x000001f8e7c709c0, 0x000001f8e7c70e90,
0x000001f8e7c726a0, 0x000001f8e1c72480, 0x000001f8e1c71ae0, 0x000001f8e1c74b00,
0x000001f8e1c74fd0, 0x000001f8e1c72e20, 0x000001f8e805a9e0, 0x000001f8e805aeb0,
0x000001f8e805bd20, 0x000001f8e838e6f0, 0x000001f8e838c540, 0x000001f8e838ca10,
0x000001f8e838cee0, 0x000001f8e838d3b0, 0x000001f8e6714510, 0x000001f8e67131d0,
0x000001f8e805b380, 0x000001f8e1c754a0, 0x000001f8e1c71fb0, 0x000001f8e1c732f0,
0x000001f8e1c737c0, 0x000001f8e1c74160, 0x000001f8e1c73c90, 0x000001f8e1c72950,
0x000001f8e67136a0
}

Java Threads: ( => current thread )
  0x000001f8c37e2ff0 JavaThread "main" [_thread_blocked, id=4632, stack(0x000000dcd1500000,0x000000dcd1600000)]
  0x000001f8dd66e260 JavaThread "Reference Handler" daemon [_thread_blocked, id=14496, stack(0x000000dcd1c00000,0x000000dcd1d00000)]
  0x000001f8dd62eec0 JavaThread "Finalizer" daemon [_thread_blocked, id=16736, stack(0x000000dcd1d00000,0x000000dcd1e00000)]
  0x000001f8de02ce60 JavaThread "Signal Dispatcher" daemon [_thread_blocked, id=1612, stack(0x000000dcd1e00000,0x000000dcd1f00000)]
  0x000001f8de022ba0 JavaThread "Attach Listener" daemon [_thread_blocked, id=2976, stack(0x000000dcd1f00000,0x000000dcd2000000)]
  0x000001f8de027480 JavaThread "Service Thread" daemon [_thread_blocked, id=11708, stack(0x000000dcd2000000,0x000000dcd2100000)]
  0x000001f8de027d40 JavaThread "Monitor Deflation Thread" daemon [_thread_blocked, id=4748, stack(0x000000dcd2100000,0x000000dcd2200000)]
  0x000001f8de028d40 JavaThread "C2 CompilerThread0" daemon [_thread_blocked, id=3244, stack(0x000000dcd2200000,0x000000dcd2300000)]
  0x000001f8de02a380 JavaThread "C1 CompilerThread0" daemon [_thread_blocked, id=18856, stack(0x000000dcd2300000,0x000000dcd2400000)]
  0x000001f8de033840 JavaThread "Sweeper thread" daemon [_thread_blocked, id=17352, stack(0x000000dcd2400000,0x000000dcd2500000)]
  0x000001f8de1cb4b0 JavaThread "Common-Cleaner" daemon [_thread_blocked, id=20360, stack(0x000000dcd2500000,0x000000dcd2600000)]
  0x000001f8de1cbd90 JavaThread "Notification Thread" daemon [_thread_blocked, id=18584, stack(0x000000dcd2600000,0x000000dcd2700000)]
  0x000001f8e12a5010 JavaThread "Daemon health stats" [_thread_blocked, id=15988, stack(0x000000dcd2d00000,0x000000dcd2e00000)]
  0x000001f8e0709480 JavaThread "Incoming local TCP Connector on port 53193" [_thread_in_native, id=8920, stack(0x000000dcd2800000,0x000000dcd2900000)]
  0x000001f8e0f45c90 JavaThread "Daemon periodic checks" [_thread_blocked, id=13420, stack(0x000000dcd2e00000,0x000000dcd2f00000)]
  0x000001f8e1563f30 JavaThread "Cache worker for journal cache (C:\Users\User\.gradle\caches\journal-1)" [_thread_blocked, id=11824, stack(0x000000dcd3a00000,0x000000dcd3b00000)]
  0x000001f8e15618b0 JavaThread "File lock request listener" [_thread_in_native, id=3696, stack(0x000000dcd3b00000,0x000000dcd3c00000)]
  0x000001f8e1564400 JavaThread "Cache worker for file hash cache (C:\Users\User\.gradle\caches\8.0\fileHashes)" [_thread_blocked, id=15764, stack(0x000000dcd3d00000,0x000000dcd3e00000)]
  0x000001f8e1561d80 JavaThread "File watcher server" daemon [_thread_blocked, id=3544, stack(0x000000dcd3e00000,0x000000dcd3f00000)]
  0x000001f8e1562250 JavaThread "File watcher consumer" daemon [_thread_blocked, id=17776, stack(0x000000dcd3f00000,0x000000dcd4000000)]
  0x000001f8e15630c0 JavaThread "Cache worker for file content cache (C:\Users\User\.gradle\caches\8.0\fileContent)" [_thread_blocked, id=5552, stack(0x000000dcd4200000,0x000000dcd4300000)]
  0x000001f8e121a7d0 JavaThread "Cache worker for execution history cache (C:\Users\User\.gradle\caches\8.0\executionHistory)" [_thread_blocked, id=15540, stack(0x000000dcd4500000,0x000000dcd4600000)]
  0x000001f8e1218fc0 JavaThread "jar transforms" [_thread_blocked, id=19060, stack(0x000000dcd4600000,0x000000dcd4700000)]
  0x000001f8e12177b0 JavaThread "jar transforms Thread 2" [_thread_blocked, id=17972, stack(0x000000dcd4700000,0x000000dcd4800000)]
  0x000001f8e121b170 JavaThread "Cache worker for kotlin-dsl (C:\Users\User\.gradle\caches\8.0\kotlin-dsl)" [_thread_blocked, id=3840, stack(0x000000dcd4900000,0x000000dcd4a00000)]
  0x000001f8e1217c80 JavaThread "jar transforms Thread 3" [_thread_blocked, id=3132, stack(0x000000dcd4a00000,0x000000dcd4b00000)]
  0x000001f8e1216470 JavaThread "jar transforms Thread 4" [_thread_blocked, id=13520, stack(0x000000dcd4b00000,0x000000dcd4c00000)]
  0x000001f8e1218620 JavaThread "jar transforms Thread 5" [_thread_blocked, id=18948, stack(0x000000dcd4e00000,0x000000dcd4f00000)]
  0x000001f8de07b8b0 JavaThread "jar transforms Thread 6" [_thread_blocked, id=2980, stack(0x000000dcd9f00000,0x000000dcda000000)]
  0x000001f8de07c720 JavaThread "jar transforms Thread 7" [_thread_blocked, id=10016, stack(0x000000dcda000000,0x000000dcda100000)]
  0x000001f8de07af10 JavaThread "jar transforms Thread 8" [_thread_blocked, id=1944, stack(0x000000dcda100000,0x000000dcda200000)]
  0x000001f8de07c250 JavaThread "Memory manager" [_thread_blocked, id=7868, stack(0x000000dcda300000,0x000000dcda400000)]
  0x000001f8e5a052f0 JavaThread "pool-3-thread-1" [_thread_blocked, id=10208, stack(0x000000dcda400000,0x000000dcda500000)]
  0x000001f8e5a05c90 JavaThread "Cache worker for Java compile cache (C:\Users\User\.gradle\caches\8.0\javaCompile)" [_thread_blocked, id=7184, stack(0x000000dcdb100000,0x000000dcdb200000)]
  0x000001f8de0783c0 JavaThread "pool-7-thread-1" [_thread_blocked, id=10720, stack(0x000000dcd3400000,0x000000dcd3500000)]
  0x000001f8e11a5c90 JavaThread "pool-10-thread-1" [_thread_blocked, id=18272, stack(0x000000dcda900000,0x000000dcdaa00000)]
  0x000001f8e75cf9b0 JavaThread "Daemon Thread 4" [_thread_blocked, id=9320, stack(0x000000dcd3000000,0x000000dcd3100000)]
  0x000001f8df0bf190 JavaThread "Handler for socket connection from /127.0.0.1:53193 to /127.0.0.1:65303" [_thread_in_native, id=5136, stack(0x000000dcd3100000,0x000000dcd3200000)]
  0x000001f8df0c04d0 JavaThread "Cancel handler" [_thread_blocked, id=19152, stack(0x000000dcd3200000,0x000000dcd3300000)]
  0x000001f8df0c1ce0 JavaThread "Daemon worker Thread 4" [_thread_blocked, id=16324, stack(0x000000dcd3300000,0x000000dcd3400000)]
  0x000001f8e75cf4e0 JavaThread "Asynchronous log dispatcher for DefaultDaemonConnection: socket connection from /127.0.0.1:53193 to /127.0.0.1:65303" [_thread_blocked, id=19188, stack(0x000000dcd3500000,0x000000dcd3600000)]
  0x000001f8e838f090 JavaThread "Stdin handler" [_thread_blocked, id=14244, stack(0x000000dcd3c00000,0x000000dcd3d00000)]
  0x000001f8e838d880 JavaThread "Daemon client event forwarder" [_thread_blocked, id=17848, stack(0x000000dcd4000000,0x000000dcd4100000)]
  0x000001f8e838f560 JavaThread "Cache worker for checksums cache (D:\FPT\PRM\MyApplication\.gradle\8.0\checksums)" [_thread_blocked, id=5380, stack(0x000000dcd4100000,0x000000dcd4200000)]
  0x000001f8e838ebc0 JavaThread "Cache worker for cache directory md-rule (C:\Users\User\.gradle\caches\8.0\md-rule)" [_thread_blocked, id=11128, stack(0x000000dcd4300000,0x000000dcd4400000)]
  0x000001f8e838e220 JavaThread "Cache worker for file hash cache (D:\FPT\PRM\MyApplication\.gradle\8.0\fileHashes)" [_thread_blocked, id=17012, stack(0x000000dcd4400000,0x000000dcd4500000)]
  0x000001f8e441e2b0 JavaThread "Cache worker for cache directory md-supplier (C:\Users\User\.gradle\caches\8.0\md-supplier)" [_thread_blocked, id=9860, stack(0x000000dcd4c00000,0x000000dcd4d00000)]
  0x000001f8e441dde0 JavaThread "Cache worker for dependencies-accessors (D:\FPT\PRM\MyApplication\.gradle\8.0\dependencies-accessors)" [_thread_blocked, id=2876, stack(0x000000dcd4d00000,0x000000dcd4e00000)]
  0x000001f8e441b760 JavaThread "Cache worker for Build Output Cleanup Cache (D:\FPT\PRM\MyApplication\.gradle\buildOutputCleanup)" [_thread_blocked, id=14112, stack(0x000000dcd4f00000,0x000000dcd5000000)]
  0x000001f8e1fb4ce0 JavaThread "Unconstrained build operations" [_thread_blocked, id=6324, stack(0x000000dcd5000000,0x000000dcd5100000)]
  0x000001f8e1fb3e70 JavaThread "Unconstrained build operations Thread 2" [_thread_blocked, id=14516, stack(0x000000dcd5100000,0x000000dcd5200000)]
  0x000001f8e1fb2b30 JavaThread "Unconstrained build operations Thread 3" [_thread_blocked, id=19292, stack(0x000000dcd5200000,0x000000dcd5300000)]
  0x000001f8e1fb4340 JavaThread "Unconstrained build operations Thread 4" [_thread_blocked, id=14408, stack(0x000000dcd5300000,0x000000dcd5400000)]
  0x000001f8e1fb2660 JavaThread "Unconstrained build operations Thread 5" [_thread_blocked, id=9624, stack(0x000000dcd5400000,0x000000dcd5500000)]
  0x000001f8e1fb51b0 JavaThread "Unconstrained build operations Thread 6" [_thread_blocked, id=9408, stack(0x000000dcd5500000,0x000000dcd5600000)]
  0x000001f8e1fb5680 JavaThread "Unconstrained build operations Thread 7" [_thread_blocked, id=17068, stack(0x000000dcd5600000,0x000000dcd5700000)]
  0x000001f8e1fb1cc0 JavaThread "Unconstrained build operations Thread 8" [_thread_blocked, id=5156, stack(0x000000dcd5700000,0x000000dcd5800000)]
  0x000001f8e1fb2190 JavaThread "Unconstrained build operations Thread 9" [_thread_blocked, id=2016, stack(0x000000dcd5800000,0x000000dcd5900000)]
  0x000001f8e1fb3000 JavaThread "Unconstrained build operations Thread 10" [_thread_blocked, id=6940, stack(0x000000dcd5900000,0x000000dcd5a00000)]
  0x000001f8e1fb34d0 JavaThread "Unconstrained build operations Thread 11" [_thread_blocked, id=4408, stack(0x000000dcd5a00000,0x000000dcd5b00000)]
  0x000001f8e8277510 JavaThread "Unconstrained build operations Thread 12" [_thread_blocked, id=11872, stack(0x000000dcd5b00000,0x000000dcd5c00000)]
  0x000001f8e8277040 JavaThread "Unconstrained build operations Thread 13" [_thread_blocked, id=3312, stack(0x000000dcd5c00000,0x000000dcd5d00000)]
  0x000001f8e8276b70 JavaThread "Unconstrained build operations Thread 14" [_thread_blocked, id=2652, stack(0x000000dcd5d00000,0x000000dcd5e00000)]
  0x000001f8e82779e0 JavaThread "Unconstrained build operations Thread 15" [_thread_blocked, id=19052, stack(0x000000dcd5e00000,0x000000dcd5f00000)]
  0x000001f8e8275d00 JavaThread "Unconstrained build operations Thread 16" [_thread_blocked, id=1328, stack(0x000000dcd5f00000,0x000000dcd6000000)]
  0x000001f8e8278380 JavaThread "Unconstrained build operations Thread 17" [_thread_blocked, id=2020, stack(0x000000dcd6000000,0x000000dcd6100000)]
  0x000001f8e8277eb0 JavaThread "Unconstrained build operations Thread 18" [_thread_blocked, id=17344, stack(0x000000dcd6100000,0x000000dcd6200000)]
  0x000001f8e8278850 JavaThread "Unconstrained build operations Thread 19" [_thread_blocked, id=9776, stack(0x000000dcd6200000,0x000000dcd6300000)]
  0x000001f8e8274e90 JavaThread "Unconstrained build operations Thread 20" [_thread_blocked, id=14276, stack(0x000000dcd6300000,0x000000dcd6400000)]
  0x000001f8e8275360 JavaThread "Unconstrained build operations Thread 21" [_thread_blocked, id=4236, stack(0x000000dcd6400000,0x000000dcd6500000)]
  0x000001f8e8275830 JavaThread "Unconstrained build operations Thread 22" [_thread_blocked, id=16104, stack(0x000000dcd6500000,0x000000dcd6600000)]
  0x000001f8e82761d0 JavaThread "Unconstrained build operations Thread 23" [_thread_blocked, id=20312, stack(0x000000dcd6600000,0x000000dcd6700000)]
  0x000001f8e82766a0 JavaThread "Unconstrained build operations Thread 24" [_thread_blocked, id=15228, stack(0x000000dcd6700000,0x000000dcd6800000)]
  0x000001f8e7ed49b0 JavaThread "Unconstrained build operations Thread 25" [_thread_blocked, id=18064, stack(0x000000dcd6800000,0x000000dcd6900000)]
  0x000001f8e7ed0ff0 JavaThread "Unconstrained build operations Thread 26" [_thread_blocked, id=2696, stack(0x000000dcd6900000,0x000000dcd6a00000)]
  0x000001f8e7ed31a0 JavaThread "Unconstrained build operations Thread 27" [_thread_blocked, id=13020, stack(0x000000dcd6a00000,0x000000dcd6b00000)]
  0x000001f8e7ed3b40 JavaThread "Unconstrained build operations Thread 28" [_thread_blocked, id=10780, stack(0x000000dcd6b00000,0x000000dcd6c00000)]
  0x000001f8e7ed2800 JavaThread "Unconstrained build operations Thread 29" [_thread_blocked, id=20176, stack(0x000000dcd6d00000,0x000000dcd6e00000)]
  0x000001f8e7ed4010 JavaThread "Unconstrained build operations Thread 30" [_thread_blocked, id=4848, stack(0x000000dcd6e00000,0x000000dcd6f00000)]
  0x000001f8e7ed2330 JavaThread "Unconstrained build operations Thread 31" [_thread_blocked, id=5560, stack(0x000000dcd6f00000,0x000000dcd7000000)]
  0x000001f8e7ed14c0 JavaThread "Unconstrained build operations Thread 32" [_thread_blocked, id=10472, stack(0x000000dcd7000000,0x000000dcd7100000)]
  0x000001f8e7ed3670 JavaThread "Unconstrained build operations Thread 33" [_thread_blocked, id=96, stack(0x000000dcd7100000,0x000000dcd7200000)]
  0x000001f8e7ed2cd0 JavaThread "Unconstrained build operations Thread 34" [_thread_blocked, id=1748, stack(0x000000dcd7200000,0x000000dcd7300000)]
  0x000001f8e7ed44e0 JavaThread "Unconstrained build operations Thread 35" [_thread_blocked, id=4336, stack(0x000000dcd7300000,0x000000dcd7400000)]
  0x000001f8e7ed1990 JavaThread "Unconstrained build operations Thread 36" [_thread_blocked, id=7672, stack(0x000000dcd7400000,0x000000dcd7500000)]
  0x000001f8e7ed1e60 JavaThread "Unconstrained build operations Thread 37" [_thread_blocked, id=10384, stack(0x000000dcd7500000,0x000000dcd7600000)]
  0x000001f8e181dd40 JavaThread "Unconstrained build operations Thread 38" [_thread_blocked, id=18096, stack(0x000000dcd7600000,0x000000dcd7700000)]
  0x000001f8e181c530 JavaThread "Unconstrained build operations Thread 39" [_thread_blocked, id=19012, stack(0x000000dcd7700000,0x000000dcd7800000)]
  0x000001f8e181ca00 JavaThread "Unconstrained build operations Thread 40" [_thread_blocked, id=7964, stack(0x000000dcd7800000,0x000000dcd7900000)]
  0x000001f8e181e6e0 JavaThread "Unconstrained build operations Thread 41" [_thread_blocked, id=12088, stack(0x000000dcd7900000,0x000000dcd7a00000)]
  0x000001f8e181c060 JavaThread "Unconstrained build operations Thread 42" [_thread_blocked, id=4488, stack(0x000000dcd7a00000,0x000000dcd7b00000)]
  0x000001f8e181ced0 JavaThread "Unconstrained build operations Thread 43" [_thread_blocked, id=5660, stack(0x000000dcd7b00000,0x000000dcd7c00000)]
  0x000001f8e181d3a0 JavaThread "Unconstrained build operations Thread 44" [_thread_blocked, id=7576, stack(0x000000dcd7c00000,0x000000dcd7d00000)]
  0x000001f8e181f550 JavaThread "Unconstrained build operations Thread 45" [_thread_blocked, id=13720, stack(0x000000dcd7d00000,0x000000dcd7e00000)]
  0x000001f8e181d870 JavaThread "Unconstrained build operations Thread 46" [_thread_blocked, id=18156, stack(0x000000dcd7e00000,0x000000dcd7f00000)]
  0x000001f8e181e210 JavaThread "Unconstrained build operations Thread 47" [_thread_blocked, id=13416, stack(0x000000dcd7f00000,0x000000dcd8000000)]
  0x000001f8e181f080 JavaThread "Unconstrained build operations Thread 48" [_thread_blocked, id=18628, stack(0x000000dcd8000000,0x000000dcd8100000)]
  0x000001f8e181ebb0 JavaThread "Unconstrained build operations Thread 49" [_thread_blocked, id=15588, stack(0x000000dcd8100000,0x000000dcd8200000)]
  0x000001f8e181fa20 JavaThread "Unconstrained build operations Thread 50" [_thread_blocked, id=18916, stack(0x000000dcd8200000,0x000000dcd8300000)]
  0x000001f8e389b3a0 JavaThread "Unconstrained build operations Thread 51" [_thread_blocked, id=3432, stack(0x000000dcd8300000,0x000000dcd8400000)]
  0x000001f8e389b870 JavaThread "Unconstrained build operations Thread 52" [_thread_blocked, id=4180, stack(0x000000dcd8400000,0x000000dcd8500000)]
  0x000001f8e389aa00 JavaThread "Unconstrained build operations Thread 53" [_thread_blocked, id=12820, stack(0x000000dcd8500000,0x000000dcd8600000)]
  0x000001f8e389a530 JavaThread "Unconstrained build operations Thread 54" [_thread_blocked, id=908, stack(0x000000dcd8600000,0x000000dcd8700000)]
  0x000001f8e389a060 JavaThread "Unconstrained build operations Thread 55" [_thread_blocked, id=20412, stack(0x000000dcd8700000,0x000000dcd8800000)]
  0x000001f8e389c6e0 JavaThread "Unconstrained build operations Thread 56" [_thread_blocked, id=5696, stack(0x000000dcd8800000,0x000000dcd8900000)]
  0x000001f8e389cbb0 JavaThread "Unconstrained build operations Thread 57" [_thread_blocked, id=11224, stack(0x000000dcd8900000,0x000000dcd8a00000)]
  0x000001f8e389aed0 JavaThread "Unconstrained build operations Thread 58" [_thread_blocked, id=18528, stack(0x000000dcd8a00000,0x000000dcd8b00000)]
  0x000001f8e389d080 JavaThread "Unconstrained build operations Thread 59" [_thread_blocked, id=10708, stack(0x000000dcd8b00000,0x000000dcd8c00000)]
  0x000001f8e389bd40 JavaThread "Unconstrained build operations Thread 60" [_thread_blocked, id=17652, stack(0x000000dcd8c00000,0x000000dcd8d00000)]
  0x000001f8e389c210 JavaThread "Unconstrained build operations Thread 61" [_thread_blocked, id=18284, stack(0x000000dcd8d00000,0x000000dcd8e00000)]
  0x000001f8e389d550 JavaThread "Unconstrained build operations Thread 62" [_thread_blocked, id=3436, stack(0x000000dcd8e00000,0x000000dcd8f00000)]
  0x000001f8e389da20 JavaThread "Unconstrained build operations Thread 63" [_thread_blocked, id=15568, stack(0x000000dcd8f00000,0x000000dcd9000000)]
  0x000001f8e7c71830 JavaThread "Unconstrained build operations Thread 64" [_thread_blocked, id=18968, stack(0x000000dcd9000000,0x000000dcd9100000)]
  0x000001f8e7c71d00 JavaThread "Unconstrained build operations Thread 65" [_thread_blocked, id=19676, stack(0x000000dcd9100000,0x000000dcd9200000)]
  0x000001f8e7c70020 JavaThread "Unconstrained build operations Thread 66" [_thread_blocked, id=15708, stack(0x000000dcd9200000,0x000000dcd9300000)]
  0x000001f8e7c721d0 JavaThread "Unconstrained build operations Thread 67" [_thread_blocked, id=6020, stack(0x000000dcd9300000,0x000000dcd9400000)]
  0x000001f8e7c6f1b0 JavaThread "Unconstrained build operations Thread 68" [_thread_blocked, id=6920, stack(0x000000dcd9400000,0x000000dcd9500000)]
  0x000001f8e7c6fb50 JavaThread "Unconstrained build operations Thread 69" [_thread_blocked, id=12128, stack(0x000000dcd9500000,0x000000dcd9600000)]
  0x000001f8e7c6f680 JavaThread "Unconstrained build operations Thread 70" [_thread_blocked, id=928, stack(0x000000dcd9600000,0x000000dcd9700000)]
  0x000001f8e7c71360 JavaThread "Unconstrained build operations Thread 71" [_thread_blocked, id=19712, stack(0x000000dcd9700000,0x000000dcd9800000)]
  0x000001f8e7c72b70 JavaThread "Unconstrained build operations Thread 72" [_thread_blocked, id=18548, stack(0x000000dcd9800000,0x000000dcd9900000)]
  0x000001f8e7c704f0 JavaThread "Unconstrained build operations Thread 73" [_thread_blocked, id=6236, stack(0x000000dcd9900000,0x000000dcd9a00000)]
  0x000001f8e7c709c0 JavaThread "Unconstrained build operations Thread 74" [_thread_blocked, id=13556, stack(0x000000dcd9a00000,0x000000dcd9b00000)]
  0x000001f8e7c70e90 JavaThread "Unconstrained build operations Thread 75" [_thread_blocked, id=19884, stack(0x000000dcd9b00000,0x000000dcd9c00000)]
  0x000001f8e7c726a0 JavaThread "Unconstrained build operations Thread 76" [_thread_blocked, id=2764, stack(0x000000dcd9c00000,0x000000dcd9d00000)]
  0x000001f8e1c72480 JavaThread "Unconstrained build operations Thread 77" [_thread_blocked, id=13220, stack(0x000000dcd9d00000,0x000000dcd9e00000)]
  0x000001f8e1c71ae0 JavaThread "Unconstrained build operations Thread 78" [_thread_blocked, id=7492, stack(0x000000dcd9e00000,0x000000dcd9f00000)]
  0x000001f8e1c74b00 JavaThread "Unconstrained build operations Thread 79" [_thread_blocked, id=11108, stack(0x000000dcda500000,0x000000dcda600000)]
  0x000001f8e1c74fd0 JavaThread "Unconstrained build operations Thread 80" [_thread_blocked, id=16712, stack(0x000000dcda600000,0x000000dcda700000)]
  0x000001f8e1c72e20 JavaThread "build event listener" [_thread_blocked, id=12072, stack(0x000000dcda700000,0x000000dcda800000)]
  0x000001f8e805a9e0 JavaThread "pool-14-thread-1" [_thread_blocked, id=11344, stack(0x000000dcda800000,0x000000dcda900000)]
  0x000001f8e805aeb0 JavaThread "build event listener" [_thread_blocked, id=6828, stack(0x000000dcdaa00000,0x000000dcdab00000)]
  0x000001f8e805bd20 JavaThread "included builds" [_thread_blocked, id=7080, stack(0x000000dcdab00000,0x000000dcdac00000)]
  0x000001f8e838e6f0 JavaThread "Execution worker" [_thread_blocked, id=7512, stack(0x000000dcdac00000,0x000000dcdad00000)]
  0x000001f8e838c540 JavaThread "Execution worker Thread 2" [_thread_blocked, id=20004, stack(0x000000dcdad00000,0x000000dcdae00000)]
  0x000001f8e838ca10 JavaThread "Execution worker Thread 3" [_thread_blocked, id=13928, stack(0x000000dcdae00000,0x000000dcdaf00000)]
  0x000001f8e838cee0 JavaThread "Execution worker Thread 4" [_thread_blocked, id=14220, stack(0x000000dcdaf00000,0x000000dcdb000000)]
  0x000001f8e838d3b0 JavaThread "Execution worker Thread 5" [_thread_blocked, id=19620, stack(0x000000dcdb000000,0x000000dcdb100000)]
  0x000001f8e6714510 JavaThread "Execution worker Thread 6" [_thread_blocked, id=19920, stack(0x000000dcdb200000,0x000000dcdb300000)]
  0x000001f8e67131d0 JavaThread "Execution worker Thread 7" [_thread_blocked, id=18564, stack(0x000000dcdb300000,0x000000dcdb400000)]
  0x000001f8e805b380 JavaThread "Cache worker for execution history cache (D:\FPT\PRM\MyApplication\.gradle\8.0\executionHistory)" [_thread_blocked, id=6188, stack(0x000000dcdb400000,0x000000dcdb500000)]
  0x000001f8e1c754a0 JavaThread "Build operations" [_thread_blocked, id=19348, stack(0x000000dcdb500000,0x000000dcdb600000)]
  0x000001f8e1c71fb0 JavaThread "Build operations Thread 2" [_thread_blocked, id=15712, stack(0x000000dcdb600000,0x000000dcdb700000)]
  0x000001f8e1c732f0 JavaThread "Build operations Thread 3" [_thread_blocked, id=19640, stack(0x000000dcdb700000,0x000000dcdb800000)]
  0x000001f8e1c737c0 JavaThread "Build operations Thread 4" [_thread_blocked, id=18884, stack(0x000000dcdb800000,0x000000dcdb900000)]
  0x000001f8e1c74160 JavaThread "Build operations Thread 5" [_thread_blocked, id=17764, stack(0x000000dcdb900000,0x000000dcdba00000)]
  0x000001f8e1c73c90 JavaThread "Build operations Thread 6" [_thread_blocked, id=16052, stack(0x000000dcdba00000,0x000000dcdbb00000)]
  0x000001f8e1c72950 JavaThread "Build operations Thread 7" [_thread_blocked, id=15740, stack(0x000000dcdbb00000,0x000000dcdbc00000)]
  0x000001f8e67136a0 JavaThread "Build operations Thread 8" [_thread_blocked, id=20276, stack(0x000000dcdbc00000,0x000000dcdbd00000)]

Other Threads:
=>0x000001f8dd62a630 VMThread "VM Thread" [stack: 0x000000dcd1b00000,0x000000dcd1c00000] [id=9664]
  0x000001f8dd5d4420 WatcherThread [stack: 0x000000dcd2700000,0x000000dcd2800000] [id=10140]
  0x000001f8c3840260 GCTaskThread "GC Thread#0" [stack: 0x000000dcd1600000,0x000000dcd1700000] [id=2052]
  0x000001f8def110a0 GCTaskThread "GC Thread#1" [stack: 0x000000dcd2900000,0x000000dcd2a00000] [id=13760]
  0x000001f8def11350 GCTaskThread "GC Thread#2" [stack: 0x000000dcd2a00000,0x000000dcd2b00000] [id=3792]
  0x000001f8de7dda90 GCTaskThread "GC Thread#3" [stack: 0x000000dcd2b00000,0x000000dcd2c00000] [id=16524]
  0x000001f8df619480 GCTaskThread "GC Thread#4" [stack: 0x000000dcd2c00000,0x000000dcd2d00000] [id=18800]
  0x000001f8e06e70a0 GCTaskThread "GC Thread#5" [stack: 0x000000dcd3600000,0x000000dcd3700000] [id=13560]
  0x000001f8e0b80260 GCTaskThread "GC Thread#6" [stack: 0x000000dcd3700000,0x000000dcd3800000] [id=12236]
  0x000001f8deafbd40 GCTaskThread "GC Thread#7" [stack: 0x000000dcd3800000,0x000000dcd3900000] [id=1824]
  0x000001f8c38510b0 ConcurrentGCThread "G1 Main Marker" [stack: 0x000000dcd1700000,0x000000dcd1800000] [id=13148]
  0x000001f8c3852170 ConcurrentGCThread "G1 Conc#0" [stack: 0x000000dcd1800000,0x000000dcd1900000] [id=6924]
  0x000001f8e0fc0840 ConcurrentGCThread "G1 Conc#1" [stack: 0x000000dcd3900000,0x000000dcd3a00000] [id=4948]
  0x000001f8c38a7a50 ConcurrentGCThread "G1 Refine#0" [stack: 0x000000dcd1900000,0x000000dcd1a00000] [id=18028]
  0x000001f8e10baf90 ConcurrentGCThread "G1 Refine#1" [stack: 0x000000dcd4800000,0x000000dcd4900000] [id=11924]
  0x000001f8e453b2b0 ConcurrentGCThread "G1 Refine#2" [stack: 0x000000dcda200000,0x000000dcda300000] [id=17756]
  0x000001f8df145f40 ConcurrentGCThread "G1 Refine#3" [stack: 0x000000dcd1200000,0x000000dcd1300000] [id=18976]
  0x000001f8de378f30 ConcurrentGCThread "G1 Refine#4" [stack: 0x000000dcd1300000,0x000000dcd1400000] [id=3716]
  0x000001f8e5fe3000 ConcurrentGCThread "G1 Refine#5" [stack: 0x000000dcd1400000,0x000000dcd1500000] [id=2732]
  0x000001f8e5fe32e0 ConcurrentGCThread "G1 Refine#6" [stack: 0x000000dcd2f00000,0x000000dcd3000000] [id=2108]
  0x000001f8dd4a24b0 ConcurrentGCThread "G1 Service" [stack: 0x000000dcd1a00000,0x000000dcd1b00000] [id=17540]

Threads with active compile tasks:

VM state: at safepoint (normal execution)

VM Mutex/Monitor currently owned by a thread:  ([mutex/lock_event])
[0x000001f8c37df390] Threads_lock - owner thread: 0x000001f8dd62a630
[0x000001f8c37de730] Heap_lock - owner thread: 0x000001f8e838ca10

Heap address: 0x0000000080000000, size: 2048 MB, Compressed Oops mode: 32-bit

CDS archive(s) not mapped
Compressed class space mapped at: 0x0000000100000000-0x0000000140000000, reserved size: 1073741824
Narrow klass base: 0x0000000000000000, Narrow klass shift: 3, Narrow klass range: 0x140000000

GC Precious Log:
 CPUs: 8 total, 8 available
 Memory: 7959M
 Large Page Support: Disabled
 NUMA Support: Disabled
 Compressed Oops: Enabled (32-bit)
 Heap Region Size: 1M
 Heap Min Capacity: 8M
 Heap Initial Capacity: 126M
 Heap Max Capacity: 2G
 Pre-touch: Disabled
 Parallel Workers: 8
 Concurrent Workers: 2
 Concurrent Refinement Workers: 8
 Periodic GC: Disabled

Heap:
 garbage-first heap   total 211968K, used 106944K [0x0000000080000000, 0x0000000100000000)
  region size 1024K, 6 young (6144K), 6 survivors (6144K)
 Metaspace       used 135650K, committed 136448K, reserved 1171456K
  class space    used 18360K, committed 18752K, reserved 1048576K

Heap Regions: E=young(eden), S=young(survivor), O=old, HS=humongous(starts), HC=humongous(continues), CS=collection set, F=free, OA=open archive, CA=closed archive, TAMS=top-at-mark-start (previous, next)
|   0|0x0000000080000000, 0x0000000080100000, 0x0000000080100000|100%|HS|  |TAMS 0x0000000080100000, 0x0000000080100000| Complete 
|   1|0x0000000080100000, 0x0000000080200000, 0x0000000080200000|100%|HC|  |TAMS 0x0000000080200000, 0x0000000080200000| Complete 
|   2|0x0000000080200000, 0x0000000080300000, 0x0000000080300000|100%|HC|  |TAMS 0x0000000080300000, 0x0000000080300000| Complete 
|   3|0x0000000080300000, 0x0000000080400000, 0x0000000080400000|100%|HC|  |TAMS 0x0000000080400000, 0x0000000080400000| Complete 
|   4|0x0000000080400000, 0x0000000080500000, 0x0000000080500000|100%| O|  |TAMS 0x0000000080500000, 0x0000000080500000| Untracked 
|   5|0x0000000080500000, 0x0000000080600000, 0x0000000080600000|100%| O|  |TAMS 0x0000000080600000, 0x0000000080600000| Untracked 
|   6|0x0000000080600000, 0x0000000080700000, 0x0000000080700000|100%| O|  |TAMS 0x0000000080700000, 0x0000000080700000| Untracked 
|   7|0x0000000080700000, 0x0000000080800000, 0x0000000080800000|100%| O|  |TAMS 0x0000000080800000, 0x0000000080800000| Untracked 
|   8|0x0000000080800000, 0x0000000080900000, 0x0000000080900000|100%| O|  |TAMS 0x0000000080900000, 0x0000000080900000| Untracked 
|   9|0x0000000080900000, 0x0000000080a00000, 0x0000000080a00000|100%| O|  |TAMS 0x0000000080a00000, 0x0000000080a00000| Untracked 
|  10|0x0000000080a00000, 0x0000000080b00000, 0x0000000080b00000|100%| O|  |TAMS 0x0000000080b00000, 0x0000000080b00000| Untracked 
|  11|0x0000000080b00000, 0x0000000080c00000, 0x0000000080c00000|100%|HS|  |TAMS 0x0000000080c00000, 0x0000000080c00000| Complete 
|  12|0x0000000080c00000, 0x0000000080d00000, 0x0000000080d00000|100%| O|  |TAMS 0x0000000080d00000, 0x0000000080d00000| Untracked 
|  13|0x0000000080d00000, 0x0000000080e00000, 0x0000000080e00000|100%| O|  |TAMS 0x0000000080e00000, 0x0000000080e00000| Untracked 
|  14|0x0000000080e00000, 0x0000000080f00000, 0x0000000080f00000|100%| O|  |TAMS 0x0000000080f00000, 0x0000000080f00000| Untracked 
|  15|0x0000000080f00000, 0x0000000081000000, 0x0000000081000000|100%| O|  |TAMS 0x0000000081000000, 0x0000000081000000| Untracked 
|  16|0x0000000081000000, 0x0000000081100000, 0x0000000081100000|100%| O|  |TAMS 0x0000000081100000, 0x0000000081100000| Untracked 
|  17|0x0000000081100000, 0x0000000081200000, 0x0000000081200000|100%| O|  |TAMS 0x0000000081200000, 0x0000000081200000| Untracked 
|  18|0x0000000081200000, 0x0000000081300000, 0x0000000081300000|100%| O|  |TAMS 0x0000000081300000, 0x0000000081300000| Untracked 
|  19|0x0000000081300000, 0x0000000081400000, 0x0000000081400000|100%| O|  |TAMS 0x0000000081400000, 0x0000000081400000| Untracked 
|  20|0x0000000081400000, 0x0000000081500000, 0x0000000081500000|100%| O|  |TAMS 0x0000000081500000, 0x0000000081500000| Untracked 
|  21|0x0000000081500000, 0x0000000081600000, 0x0000000081600000|100%| O|  |TAMS 0x0000000081600000, 0x0000000081600000| Untracked 
|  22|0x0000000081600000, 0x0000000081700000, 0x0000000081700000|100%| O|  |TAMS 0x0000000081700000, 0x0000000081700000| Untracked 
|  23|0x0000000081700000, 0x0000000081800000, 0x0000000081800000|100%| O|  |TAMS 0x0000000081800000, 0x0000000081800000| Untracked 
|  24|0x0000000081800000, 0x0000000081900000, 0x0000000081900000|100%| O|  |TAMS 0x0000000081900000, 0x0000000081900000| Untracked 
|  25|0x0000000081900000, 0x0000000081a00000, 0x0000000081a00000|100%| O|  |TAMS 0x0000000081a00000, 0x0000000081a00000| Untracked 
|  26|0x0000000081a00000, 0x0000000081b00000, 0x0000000081b00000|100%| O|  |TAMS 0x0000000081b00000, 0x0000000081b00000| Untracked 
|  27|0x0000000081b00000, 0x0000000081c00000, 0x0000000081c00000|100%| O|  |TAMS 0x0000000081c00000, 0x0000000081c00000| Untracked 
|  28|0x0000000081c00000, 0x0000000081d00000, 0x0000000081d00000|100%| O|  |TAMS 0x0000000081d00000, 0x0000000081d00000| Untracked 
|  29|0x0000000081d00000, 0x0000000081e00000, 0x0000000081e00000|100%| O|  |TAMS 0x0000000081e00000, 0x0000000081e00000| Untracked 
|  30|0x0000000081e00000, 0x0000000081f00000, 0x0000000081f00000|100%| O|  |TAMS 0x0000000081f00000, 0x0000000081f00000| Untracked 
|  31|0x0000000081f00000, 0x0000000081f00000, 0x0000000082000000|  0%| F|  |TAMS 0x0000000081f00000, 0x0000000081f00000| Untracked 
|  32|0x0000000082000000, 0x0000000082000000, 0x0000000082100000|  0%| F|  |TAMS 0x0000000082000000, 0x0000000082000000| Untracked 
|  33|0x0000000082100000, 0x0000000082200000, 0x0000000082200000|100%| O|  |TAMS 0x0000000082200000, 0x0000000082200000| Untracked 
|  34|0x0000000082200000, 0x0000000082300000, 0x0000000082300000|100%| O|  |TAMS 0x0000000082300000, 0x0000000082300000| Untracked 
|  35|0x0000000082300000, 0x0000000082400000, 0x0000000082400000|100%|HS|  |TAMS 0x0000000082400000, 0x0000000082400000| Complete 
|  36|0x0000000082400000, 0x0000000082500000, 0x0000000082500000|100%|HS|  |TAMS 0x0000000082500000, 0x0000000082500000| Complete 
|  37|0x0000000082500000, 0x0000000082600000, 0x0000000082600000|100%| O|  |TAMS 0x0000000082600000, 0x0000000082600000| Untracked 
|  38|0x0000000082600000, 0x0000000082700000, 0x0000000082700000|100%| O|  |TAMS 0x0000000082700000, 0x0000000082700000| Untracked 
|  39|0x0000000082700000, 0x0000000082800000, 0x0000000082800000|100%| O|  |TAMS 0x0000000082800000, 0x0000000082800000| Untracked 
|  40|0x0000000082800000, 0x0000000082900000, 0x0000000082900000|100%| O|  |TAMS 0x0000000082900000, 0x0000000082900000| Untracked 
|  41|0x0000000082900000, 0x0000000082a00000, 0x0000000082a00000|100%| O|  |TAMS 0x0000000082a00000, 0x0000000082a00000| Untracked 
|  42|0x0000000082a00000, 0x0000000082b00000, 0x0000000082b00000|100%| O|  |TAMS 0x0000000082b00000, 0x0000000082b00000| Untracked 
|  43|0x0000000082b00000, 0x0000000082c00000, 0x0000000082c00000|100%| O|  |TAMS 0x0000000082c00000, 0x0000000082c00000| Untracked 
|  44|0x0000000082c00000, 0x0000000082d00000, 0x0000000082d00000|100%| O|  |TAMS 0x0000000082d00000, 0x0000000082d00000| Untracked 
|  45|0x0000000082d00000, 0x0000000082e00000, 0x0000000082e00000|100%| O|  |TAMS 0x0000000082e00000, 0x0000000082e00000| Untracked 
|  46|0x0000000082e00000, 0x0000000082f00000, 0x0000000082f00000|100%| O|  |TAMS 0x0000000082f00000, 0x0000000082f00000| Untracked 
|  47|0x0000000082f00000, 0x0000000082f00000, 0x0000000083000000|  0%| F|  |TAMS 0x0000000082f00000, 0x0000000082f00000| Untracked 
|  48|0x0000000083000000, 0x0000000083100000, 0x0000000083100000|100%| O|  |TAMS 0x0000000083100000, 0x0000000083100000| Untracked 
|  49|0x0000000083100000, 0x0000000083200000, 0x0000000083200000|100%| O|  |TAMS 0x0000000083200000, 0x0000000083200000| Untracked 
|  50|0x0000000083200000, 0x0000000083300000, 0x0000000083300000|100%| O|  |TAMS 0x0000000083300000, 0x0000000083300000| Untracked 
|  51|0x0000000083300000, 0x0000000083400000, 0x0000000083400000|100%| O|  |TAMS 0x0000000083400000, 0x0000000083400000| Untracked 
|  52|0x0000000083400000, 0x0000000083500000, 0x0000000083500000|100%| O|  |TAMS 0x0000000083500000, 0x0000000083500000| Untracked 
|  53|0x0000000083500000, 0x0000000083600000, 0x0000000083600000|100%| O|  |TAMS 0x0000000083600000, 0x0000000083600000| Untracked 
|  54|0x0000000083600000, 0x0000000083700000, 0x0000000083700000|100%| O|  |TAMS 0x0000000083700000, 0x0000000083700000| Untracked 
|  55|0x0000000083700000, 0x0000000083800000, 0x0000000083800000|100%| O|  |TAMS 0x0000000083800000, 0x0000000083800000| Untracked 
|  56|0x0000000083800000, 0x0000000083900000, 0x0000000083900000|100%| O|  |TAMS 0x0000000083900000, 0x0000000083900000| Untracked 
|  57|0x0000000083900000, 0x0000000083a00000, 0x0000000083a00000|100%| O|  |TAMS 0x0000000083a00000, 0x0000000083a00000| Untracked 
|  58|0x0000000083a00000, 0x0000000083b00000, 0x0000000083b00000|100%| O|  |TAMS 0x0000000083b00000, 0x0000000083b00000| Untracked 
|  59|0x0000000083b00000, 0x0000000083c00000, 0x0000000083c00000|100%| O|  |TAMS 0x0000000083c00000, 0x0000000083c00000| Untracked 
|  60|0x0000000083c00000, 0x0000000083d00000, 0x0000000083d00000|100%| O|  |TAMS 0x0000000083d00000, 0x0000000083d00000| Untracked 
|  61|0x0000000083d00000, 0x0000000083e00000, 0x0000000083e00000|100%| O|  |TAMS 0x0000000083e00000, 0x0000000083e00000| Untracked 
|  62|0x0000000083e00000, 0x0000000083f00000, 0x0000000083f00000|100%| O|  |TAMS 0x0000000083f00000, 0x0000000083f00000| Untracked 
|  63|0x0000000083f00000, 0x0000000084000000, 0x0000000084000000|100%| O|  |TAMS 0x0000000084000000, 0x0000000084000000| Untracked 
|  64|0x0000000084000000, 0x0000000084100000, 0x0000000084100000|100%| O|  |TAMS 0x0000000084100000, 0x0000000084100000| Untracked 
|  65|0x0000000084100000, 0x0000000084200000, 0x0000000084200000|100%| O|  |TAMS 0x0000000084100000, 0x0000000084200000| Untracked 
|  66|0x0000000084200000, 0x0000000084300000, 0x0000000084300000|100%|HS|  |TAMS 0x0000000084300000, 0x0000000084300000| Complete 
|  67|0x0000000084300000, 0x0000000084400000, 0x0000000084400000|100%|HC|  |TAMS 0x0000000084400000, 0x0000000084400000| Complete 
|  68|0x0000000084400000, 0x0000000084500000, 0x0000000084500000|100%| O|  |TAMS 0x0000000084400000, 0x0000000084500000| Untracked 
|  69|0x0000000084500000, 0x0000000084600000, 0x0000000084600000|100%| O|  |TAMS 0x0000000084600000, 0x0000000084600000| Untracked 
|  70|0x0000000084600000, 0x0000000084700000, 0x0000000084700000|100%| O|  |TAMS 0x0000000084700000, 0x0000000084700000| Untracked 
|  71|0x0000000084700000, 0x0000000084800000, 0x0000000084800000|100%| O|  |TAMS 0x0000000084800000, 0x0000000084800000| Untracked 
|  72|0x0000000084800000, 0x0000000084900000, 0x0000000084900000|100%| O|  |TAMS 0x0000000084900000, 0x0000000084900000| Untracked 
|  73|0x0000000084900000, 0x0000000084a00000, 0x0000000084a00000|100%| O|  |TAMS 0x0000000084a00000, 0x0000000084a00000| Untracked 
|  74|0x0000000084a00000, 0x0000000084b00000, 0x0000000084b00000|100%| O|  |TAMS 0x0000000084b00000, 0x0000000084b00000| Untracked 
|  75|0x0000000084b00000, 0x0000000084c00000, 0x0000000084c00000|100%| O|  |TAMS 0x0000000084c00000, 0x0000000084c00000| Untracked 
|  76|0x0000000084c00000, 0x0000000084d00000, 0x0000000084d00000|100%| O|  |TAMS 0x0000000084d00000, 0x0000000084d00000| Untracked 
|  77|0x0000000084d00000, 0x0000000084e00000, 0x0000000084e00000|100%| O|  |TAMS 0x0000000084e00000, 0x0000000084e00000| Untracked 
|  78|0x0000000084e00000, 0x0000000084f00000, 0x0000000084f00000|100%| O|  |TAMS 0x0000000084f00000, 0x0000000084f00000| Untracked 
|  79|0x0000000084f00000, 0x0000000085000000, 0x0000000085000000|100%| O|  |TAMS 0x0000000085000000, 0x0000000085000000| Untracked 
|  80|0x0000000085000000, 0x0000000085100000, 0x0000000085100000|100%| O|  |TAMS 0x0000000085100000, 0x0000000085100000| Untracked 
|  81|0x0000000085100000, 0x0000000085200000, 0x0000000085200000|100%| O|  |TAMS 0x0000000085100000, 0x0000000085200000| Untracked 
|  82|0x0000000085200000, 0x0000000085300000, 0x0000000085300000|100%| O|  |TAMS 0x0000000085300000, 0x0000000085300000| Untracked 
|  83|0x0000000085300000, 0x0000000085400000, 0x0000000085400000|100%| O|  |TAMS 0x0000000085400000, 0x0000000085400000| Untracked 
|  84|0x0000000085400000, 0x0000000085500000, 0x0000000085500000|100%| O|  |TAMS 0x0000000085500000, 0x0000000085500000| Untracked 
|  85|0x0000000085500000, 0x0000000085600000, 0x0000000085600000|100%| O|  |TAMS 0x0000000085600000, 0x0000000085600000| Untracked 
|  86|0x0000000085600000, 0x0000000085700000, 0x0000000085700000|100%| O|  |TAMS 0x0000000085700000, 0x0000000085700000| Untracked 
|  87|0x0000000085700000, 0x0000000085800000, 0x0000000085800000|100%| O|  |TAMS 0x0000000085800000, 0x0000000085800000| Untracked 
|  88|0x0000000085800000, 0x0000000085800000, 0x0000000085900000|  0%| F|  |TAMS 0x0000000085800000, 0x0000000085800000| Untracked 
|  89|0x0000000085900000, 0x0000000085a00000, 0x0000000085a00000|100%| O|  |TAMS 0x0000000085913400, 0x0000000085a00000| Untracked 
|  90|0x0000000085a00000, 0x0000000085b00000, 0x0000000085b00000|100%| O|  |TAMS 0x0000000085a00000, 0x0000000085b00000| Untracked 
|  91|0x0000000085b00000, 0x0000000085c00000, 0x0000000085c00000|100%| O|  |TAMS 0x0000000085b00000, 0x0000000085c00000| Untracked 
|  92|0x0000000085c00000, 0x0000000085cf7e00, 0x0000000085d00000| 96%| O|  |TAMS 0x0000000085c00000, 0x0000000085cf7e00| Untracked 
|  93|0x0000000085d00000, 0x0000000085d00000, 0x0000000085e00000|  0%| F|  |TAMS 0x0000000085d00000, 0x0000000085d00000| Untracked 
|  94|0x0000000085e00000, 0x0000000085e00000, 0x0000000085f00000|  0%| F|  |TAMS 0x0000000085e00000, 0x0000000085e00000| Untracked 
|  95|0x0000000085f00000, 0x0000000085f00000, 0x0000000086000000|  0%| F|  |TAMS 0x0000000085f00000, 0x0000000085f00000| Untracked 
|  96|0x0000000086000000, 0x0000000086000000, 0x0000000086100000|  0%| F|  |TAMS 0x0000000086000000, 0x0000000086000000| Untracked 
|  97|0x0000000086100000, 0x0000000086100000, 0x0000000086200000|  0%| F|  |TAMS 0x0000000086100000, 0x0000000086100000| Untracked 
|  98|0x0000000086200000, 0x0000000086200000, 0x0000000086300000|  0%| F|  |TAMS 0x0000000086200000, 0x0000000086200000| Untracked 
|  99|0x0000000086300000, 0x0000000086300000, 0x0000000086400000|  0%| F|  |TAMS 0x0000000086300000, 0x0000000086300000| Untracked 
| 100|0x0000000086400000, 0x0000000086500000, 0x0000000086500000|100%| O|  |TAMS 0x0000000086500000, 0x0000000086500000| Untracked 
| 101|0x0000000086500000, 0x0000000086500000, 0x0000000086600000|  0%| F|  |TAMS 0x0000000086500000, 0x0000000086500000| Untracked 
| 102|0x0000000086600000, 0x0000000086600000, 0x0000000086700000|  0%| F|  |TAMS 0x0000000086600000, 0x0000000086600000| Untracked 
| 103|0x0000000086700000, 0x0000000086800000, 0x0000000086800000|100%| O|  |TAMS 0x0000000086800000, 0x0000000086800000| Untracked 
| 104|0x0000000086800000, 0x0000000086900000, 0x0000000086900000|100%| O|  |TAMS 0x0000000086900000, 0x0000000086900000| Untracked 
| 105|0x0000000086900000, 0x0000000086900000, 0x0000000086a00000|  0%| F|  |TAMS 0x0000000086900000, 0x0000000086900000| Untracked 
| 106|0x0000000086a00000, 0x0000000086b00000, 0x0000000086b00000|100%| O|  |TAMS 0x0000000086b00000, 0x0000000086b00000| Untracked 
| 107|0x0000000086b00000, 0x0000000086c00000, 0x0000000086c00000|100%| O|  |TAMS 0x0000000086c00000, 0x0000000086c00000| Untracked 
| 108|0x0000000086c00000, 0x0000000086d00000, 0x0000000086d00000|100%| O|  |TAMS 0x0000000086d00000, 0x0000000086d00000| Untracked 
| 109|0x0000000086d00000, 0x0000000086e00000, 0x0000000086e00000|100%| O|  |TAMS 0x0000000086e00000, 0x0000000086e00000| Untracked 
| 110|0x0000000086e00000, 0x0000000086f00000, 0x0000000086f00000|100%| O|  |TAMS 0x0000000086f00000, 0x0000000086f00000| Untracked 
| 111|0x0000000086f00000, 0x0000000087000000, 0x0000000087000000|100%| O|  |TAMS 0x0000000087000000, 0x0000000087000000| Untracked 
| 112|0x0000000087000000, 0x0000000087100000, 0x0000000087100000|100%| O|  |TAMS 0x0000000087100000, 0x0000000087100000| Untracked 
| 113|0x0000000087100000, 0x0000000087100000, 0x0000000087200000|  0%| F|  |TAMS 0x0000000087100000, 0x0000000087100000| Untracked 
| 114|0x0000000087200000, 0x0000000087200000, 0x0000000087300000|  0%| F|  |TAMS 0x0000000087200000, 0x0000000087200000| Untracked 
| 115|0x0000000087300000, 0x0000000087300000, 0x0000000087400000|  0%| F|  |TAMS 0x0000000087300000, 0x0000000087300000| Untracked 
| 116|0x0000000087400000, 0x0000000087400000, 0x0000000087500000|  0%| F|  |TAMS 0x0000000087400000, 0x0000000087400000| Untracked 
| 117|0x0000000087500000, 0x0000000087500000, 0x0000000087600000|  0%| F|  |TAMS 0x0000000087500000, 0x0000000087500000| Untracked 
| 118|0x0000000087600000, 0x0000000087600000, 0x0000000087700000|  0%| F|  |TAMS 0x0000000087600000, 0x0000000087600000| Untracked 
| 119|0x0000000087700000, 0x0000000087700000, 0x0000000087800000|  0%| F|  |TAMS 0x0000000087700000, 0x0000000087700000| Untracked 
| 120|0x0000000087800000, 0x0000000087800000, 0x0000000087900000|  0%| F|  |TAMS 0x0000000087800000, 0x0000000087800000| Untracked 
| 121|0x0000000087900000, 0x0000000087900000, 0x0000000087a00000|  0%| F|  |TAMS 0x0000000087900000, 0x0000000087900000| Untracked 
| 122|0x0000000087a00000, 0x0000000087a00000, 0x0000000087b00000|  0%| F|  |TAMS 0x0000000087a00000, 0x0000000087a00000| Untracked 
| 123|0x0000000087b00000, 0x0000000087b00000, 0x0000000087c00000|  0%| F|  |TAMS 0x0000000087b00000, 0x0000000087b00000| Untracked 
| 124|0x0000000087c00000, 0x0000000087c00000, 0x0000000087d00000|  0%| F|  |TAMS 0x0000000087c00000, 0x0000000087c00000| Untracked 
| 125|0x0000000087d00000, 0x0000000087d00000, 0x0000000087e00000|  0%| F|  |TAMS 0x0000000087d00000, 0x0000000087d00000| Untracked 
| 126|0x0000000087e00000, 0x0000000087e00000, 0x0000000087f00000|  0%| F|  |TAMS 0x0000000087e00000, 0x0000000087e00000| Untracked 
| 127|0x0000000087f00000, 0x0000000087f00000, 0x0000000088000000|  0%| F|  |TAMS 0x0000000087f00000, 0x0000000087f00000| Untracked 
| 128|0x0000000088000000, 0x0000000088000000, 0x0000000088100000|  0%| F|  |TAMS 0x0000000088000000, 0x0000000088000000| Untracked 
| 129|0x0000000088100000, 0x0000000088100000, 0x0000000088200000|  0%| F|  |TAMS 0x0000000088100000, 0x0000000088100000| Untracked 
| 130|0x0000000088200000, 0x0000000088200000, 0x0000000088300000|  0%| F|  |TAMS 0x0000000088200000, 0x0000000088200000| Untracked 
| 131|0x0000000088300000, 0x0000000088300000, 0x0000000088400000|  0%| F|  |TAMS 0x0000000088300000, 0x0000000088300000| Untracked 
| 132|0x0000000088400000, 0x0000000088400000, 0x0000000088500000|  0%| F|  |TAMS 0x0000000088400000, 0x0000000088400000| Untracked 
| 133|0x0000000088500000, 0x0000000088500000, 0x0000000088600000|  0%| F|  |TAMS 0x0000000088500000, 0x0000000088500000| Untracked 
| 134|0x0000000088600000, 0x0000000088600000, 0x0000000088700000|  0%| F|  |TAMS 0x0000000088600000, 0x0000000088600000| Untracked 
| 135|0x0000000088700000, 0x0000000088700000, 0x0000000088800000|  0%| F|  |TAMS 0x0000000088700000, 0x0000000088700000| Untracked 
| 136|0x0000000088800000, 0x0000000088800000, 0x0000000088900000|  0%| F|  |TAMS 0x0000000088800000, 0x0000000088800000| Untracked 
| 137|0x0000000088900000, 0x0000000088900000, 0x0000000088a00000|  0%| F|  |TAMS 0x0000000088900000, 0x0000000088900000| Untracked 
| 138|0x0000000088a00000, 0x0000000088a00000, 0x0000000088b00000|  0%| F|  |TAMS 0x0000000088a00000, 0x0000000088a00000| Untracked 
| 139|0x0000000088b00000, 0x0000000088b00000, 0x0000000088c00000|  0%| F|  |TAMS 0x0000000088b00000, 0x0000000088b00000| Untracked 
| 140|0x0000000088c00000, 0x0000000088c00000, 0x0000000088d00000|  0%| F|  |TAMS 0x0000000088c00000, 0x0000000088c00000| Untracked 
| 141|0x0000000088d00000, 0x0000000088d00000, 0x0000000088e00000|  0%| F|  |TAMS 0x0000000088d00000, 0x0000000088d00000| Untracked 
| 142|0x0000000088e00000, 0x0000000088e00000, 0x0000000088f00000|  0%| F|  |TAMS 0x0000000088e00000, 0x0000000088e00000| Untracked 
| 143|0x0000000088f00000, 0x0000000088f00000, 0x0000000089000000|  0%| F|  |TAMS 0x0000000088f00000, 0x0000000088f00000| Untracked 
| 144|0x0000000089000000, 0x0000000089000000, 0x0000000089100000|  0%| F|  |TAMS 0x0000000089000000, 0x0000000089000000| Untracked 
| 145|0x0000000089100000, 0x0000000089100000, 0x0000000089200000|  0%| F|  |TAMS 0x0000000089100000, 0x0000000089100000| Untracked 
| 146|0x0000000089200000, 0x0000000089200000, 0x0000000089300000|  0%| F|  |TAMS 0x0000000089200000, 0x0000000089200000| Untracked 
| 147|0x0000000089300000, 0x0000000089300000, 0x0000000089400000|  0%| F|  |TAMS 0x0000000089300000, 0x0000000089300000| Untracked 
| 148|0x0000000089400000, 0x0000000089400000, 0x0000000089500000|  0%| F|  |TAMS 0x0000000089400000, 0x0000000089400000| Untracked 
| 149|0x0000000089500000, 0x0000000089500000, 0x0000000089600000|  0%| F|  |TAMS 0x0000000089500000, 0x0000000089500000| Untracked 
| 150|0x0000000089600000, 0x0000000089600000, 0x0000000089700000|  0%| F|  |TAMS 0x0000000089600000, 0x0000000089600000| Untracked 
| 151|0x0000000089700000, 0x0000000089700000, 0x0000000089800000|  0%| F|  |TAMS 0x0000000089700000, 0x0000000089700000| Untracked 
| 152|0x0000000089800000, 0x0000000089800000, 0x0000000089900000|  0%| F|  |TAMS 0x0000000089800000, 0x0000000089800000| Untracked 
| 153|0x0000000089900000, 0x0000000089900000, 0x0000000089a00000|  0%| F|  |TAMS 0x0000000089900000, 0x0000000089900000| Untracked 
| 154|0x0000000089a00000, 0x0000000089a00000, 0x0000000089b00000|  0%| F|  |TAMS 0x0000000089a00000, 0x0000000089a00000| Untracked 
| 155|0x0000000089b00000, 0x0000000089b00000, 0x0000000089c00000|  0%| F|  |TAMS 0x0000000089b00000, 0x0000000089b00000| Untracked 
| 156|0x0000000089c00000, 0x0000000089c00000, 0x0000000089d00000|  0%| F|  |TAMS 0x0000000089c00000, 0x0000000089c00000| Untracked 
| 157|0x0000000089d00000, 0x0000000089d00000, 0x0000000089e00000|  0%| F|  |TAMS 0x0000000089d00000, 0x0000000089d00000| Untracked 
| 158|0x0000000089e00000, 0x0000000089e00000, 0x0000000089f00000|  0%| F|  |TAMS 0x0000000089e00000, 0x0000000089e00000| Untracked 
| 159|0x0000000089f00000, 0x0000000089f00000, 0x000000008a000000|  0%| F|  |TAMS 0x0000000089f00000, 0x0000000089f00000| Untracked 
| 160|0x000000008a000000, 0x000000008a000000, 0x000000008a100000|  0%| F|  |TAMS 0x000000008a000000, 0x000000008a000000| Untracked 
| 161|0x000000008a100000, 0x000000008a100000, 0x000000008a200000|  0%| F|  |TAMS 0x000000008a100000, 0x000000008a100000| Untracked 
| 162|0x000000008a200000, 0x000000008a200000, 0x000000008a300000|  0%| F|  |TAMS 0x000000008a200000, 0x000000008a200000| Untracked 
| 163|0x000000008a300000, 0x000000008a300000, 0x000000008a400000|  0%| F|  |TAMS 0x000000008a300000, 0x000000008a300000| Untracked 
| 164|0x000000008a400000, 0x000000008a400000, 0x000000008a500000|  0%| F|  |TAMS 0x000000008a400000, 0x000000008a400000| Untracked 
| 165|0x000000008a500000, 0x000000008a500000, 0x000000008a600000|  0%| F|  |TAMS 0x000000008a500000, 0x000000008a500000| Untracked 
| 166|0x000000008a600000, 0x000000008a600000, 0x000000008a700000|  0%| F|  |TAMS 0x000000008a600000, 0x000000008a600000| Untracked 
| 167|0x000000008a700000, 0x000000008a700000, 0x000000008a800000|  0%| F|  |TAMS 0x000000008a700000, 0x000000008a700000| Untracked 
| 168|0x000000008a800000, 0x000000008a800000, 0x000000008a900000|  0%| F|  |TAMS 0x000000008a800000, 0x000000008a800000| Untracked 
| 169|0x000000008a900000, 0x000000008a900000, 0x000000008aa00000|  0%| F|  |TAMS 0x000000008a900000, 0x000000008a900000| Untracked 
| 170|0x000000008aa00000, 0x000000008aa00000, 0x000000008ab00000|  0%| F|  |TAMS 0x000000008aa00000, 0x000000008aa00000| Untracked 
| 171|0x000000008ab00000, 0x000000008ab00000, 0x000000008ac00000|  0%| F|  |TAMS 0x000000008ab00000, 0x000000008ab00000| Untracked 
| 172|0x000000008ac00000, 0x000000008ac782e0, 0x000000008ad00000| 46%| S|CS|TAMS 0x000000008ac00000, 0x000000008ac00000| Complete 
| 173|0x000000008ad00000, 0x000000008ae00000, 0x000000008ae00000|100%| S|CS|TAMS 0x000000008ad00000, 0x000000008ad00000| Complete 
| 174|0x000000008ae00000, 0x000000008af00000, 0x000000008af00000|100%| S|CS|TAMS 0x000000008ae00000, 0x000000008ae00000| Complete 
| 175|0x000000008af00000, 0x000000008b000000, 0x000000008b000000|100%| S|CS|TAMS 0x000000008af00000, 0x000000008af00000| Complete 
| 176|0x000000008b000000, 0x000000008b100000, 0x000000008b100000|100%| S|CS|TAMS 0x000000008b000000, 0x000000008b000000| Complete 
| 177|0x000000008b100000, 0x000000008b200000, 0x000000008b200000|100%| S|CS|TAMS 0x000000008b100000, 0x000000008b100000| Complete 
| 178|0x000000008b200000, 0x000000008b200000, 0x000000008b300000|  0%| F|  |TAMS 0x000000008b200000, 0x000000008b200000| Untracked 
| 179|0x000000008b300000, 0x000000008b300000, 0x000000008b400000|  0%| F|  |TAMS 0x000000008b300000, 0x000000008b300000| Untracked 
| 180|0x000000008b400000, 0x000000008b400000, 0x000000008b500000|  0%| F|  |TAMS 0x000000008b400000, 0x000000008b400000| Untracked 
| 181|0x000000008b500000, 0x000000008b500000, 0x000000008b600000|  0%| F|  |TAMS 0x000000008b500000, 0x000000008b500000| Untracked 
| 182|0x000000008b600000, 0x000000008b600000, 0x000000008b700000|  0%| F|  |TAMS 0x000000008b600000, 0x000000008b600000| Untracked 
| 183|0x000000008b700000, 0x000000008b700000, 0x000000008b800000|  0%| F|  |TAMS 0x000000008b700000, 0x000000008b700000| Untracked 
| 184|0x000000008b800000, 0x000000008b800000, 0x000000008b900000|  0%| F|  |TAMS 0x000000008b800000, 0x000000008b800000| Untracked 
| 185|0x000000008b900000, 0x000000008b900000, 0x000000008ba00000|  0%| F|  |TAMS 0x000000008b900000, 0x000000008b900000| Untracked 
| 186|0x000000008ba00000, 0x000000008ba00000, 0x000000008bb00000|  0%| F|  |TAMS 0x000000008ba00000, 0x000000008ba00000| Untracked 
| 187|0x000000008bb00000, 0x000000008bb00000, 0x000000008bc00000|  0%| F|  |TAMS 0x000000008bb00000, 0x000000008bb00000| Untracked 
| 188|0x000000008bc00000, 0x000000008bc00000, 0x000000008bd00000|  0%| F|  |TAMS 0x000000008bc00000, 0x000000008bc00000| Untracked 
| 189|0x000000008bd00000, 0x000000008bd00000, 0x000000008be00000|  0%| F|  |TAMS 0x000000008bd00000, 0x000000008bd00000| Untracked 
| 190|0x000000008be00000, 0x000000008be00000, 0x000000008bf00000|  0%| F|  |TAMS 0x000000008be00000, 0x000000008be00000| Untracked 
| 191|0x000000008bf00000, 0x000000008bf00000, 0x000000008c000000|  0%| F|  |TAMS 0x000000008bf00000, 0x000000008bf00000| Untracked 
| 192|0x000000008c000000, 0x000000008c000000, 0x000000008c100000|  0%| F|  |TAMS 0x000000008c000000, 0x000000008c000000| Untracked 
| 193|0x000000008c100000, 0x000000008c100000, 0x000000008c200000|  0%| F|  |TAMS 0x000000008c100000, 0x000000008c100000| Untracked 
| 194|0x000000008c200000, 0x000000008c200000, 0x000000008c300000|  0%| F|  |TAMS 0x000000008c200000, 0x000000008c200000| Untracked 
| 195|0x000000008c300000, 0x000000008c300000, 0x000000008c400000|  0%| F|  |TAMS 0x000000008c300000, 0x000000008c300000| Untracked 
| 196|0x000000008c400000, 0x000000008c400000, 0x000000008c500000|  0%| F|  |TAMS 0x000000008c400000, 0x000000008c400000| Untracked 
| 197|0x000000008c500000, 0x000000008c500000, 0x000000008c600000|  0%| F|  |TAMS 0x000000008c500000, 0x000000008c500000| Untracked 
| 198|0x000000008c600000, 0x000000008c600000, 0x000000008c700000|  0%| F|  |TAMS 0x000000008c600000, 0x000000008c600000| Untracked 
| 199|0x000000008c700000, 0x000000008c700000, 0x000000008c800000|  0%| F|  |TAMS 0x000000008c700000, 0x000000008c700000| Untracked 
| 200|0x000000008c800000, 0x000000008c800000, 0x000000008c900000|  0%| F|  |TAMS 0x000000008c800000, 0x000000008c800000| Untracked 
| 201|0x000000008c900000, 0x000000008c900000, 0x000000008ca00000|  0%| F|  |TAMS 0x000000008c900000, 0x000000008c900000| Untracked 
| 202|0x000000008ca00000, 0x000000008ca00000, 0x000000008cb00000|  0%| F|  |TAMS 0x000000008ca00000, 0x000000008ca00000| Untracked 
| 203|0x000000008cb00000, 0x000000008cb00000, 0x000000008cc00000|  0%| F|  |TAMS 0x000000008cb00000, 0x000000008cb00000| Untracked 
| 204|0x000000008cc00000, 0x000000008cc00000, 0x000000008cd00000|  0%| F|  |TAMS 0x000000008cc00000, 0x000000008cc00000| Untracked 
| 205|0x000000008cd00000, 0x000000008cd00000, 0x000000008ce00000|  0%| F|  |TAMS 0x000000008cd00000, 0x000000008cd00000| Untracked 
| 206|0x000000008ce00000, 0x000000008ce00000, 0x000000008cf00000|  0%| F|  |TAMS 0x000000008ce00000, 0x000000008ce00000| Untracked 

Card table byte_map: [0x000001f8d63e0000,0x000001f8d67e0000] _byte_map_base: 0x000001f8d5fe0000

Marking Bits (Prev, Next): (CMBitMap*) 0x000001f8c3840780, (CMBitMap*) 0x000001f8c38407c0
 Prev Bits: [0x000001f8d6be0000, 0x000001f8d8be0000)
 Next Bits: [0x000001f8d8be0000, 0x000001f8dabe0000)

Polling page: 0x000001f8c17c0000

Metaspace:

Usage:
  Non-class:    114.54 MB used.
      Class:     17.93 MB used.
       Both:    132.47 MB used.

Virtual space:
  Non-class space:      120.00 MB reserved,     114.94 MB ( 96%) committed,  15 nodes.
      Class space:        1.00 GB reserved,      18.31 MB (  2%) committed,  1 nodes.
             Both:        1.12 GB reserved,     133.25 MB ( 12%) committed. 

Chunk freelists:
   Non-Class:  769.00 KB
       Class:  1.54 MB
        Both:  2.29 MB

MaxMetaspaceSize: unlimited
CompressedClassSpaceSize: 1.00 GB
Initial GC threshold: 21.00 MB
Current GC threshold: 221.38 MB
CDS: off
MetaspaceReclaimPolicy: balanced
 - commit_granule_bytes: 65536.
 - commit_granule_words: 8192.
 - virtual_space_node_default_size: 1048576.
 - enlarge_chunks_in_place: 1.
 - new_chunks_are_fully_committed: 0.
 - uncommit_free_chunks: 1.
 - use_allocation_guard: 0.
 - handle_deallocations: 1.


Internal statistics:

num_allocs_failed_limit: 12.
num_arena_births: 1926.
num_arena_deaths: 552.
num_vsnodes_births: 16.
num_vsnodes_deaths: 0.
num_space_committed: 2130.
num_space_uncommitted: 0.
num_chunks_returned_to_freelist: 723.
num_chunks_taken_from_freelist: 7218.
num_chunk_merges: 276.
num_chunk_splits: 4628.
num_chunks_enlarged: 3030.
num_purges: 10.
num_inconsistent_stats: 0.

CodeHeap 'non-profiled nmethods': size=120000Kb used=11080Kb max_used=11080Kb free=108919Kb
 bounds [0x000001f8ce780000, 0x000001f8cf260000, 0x000001f8d5cb0000]
CodeHeap 'profiled nmethods': size=120000Kb used=31621Kb max_used=31621Kb free=88378Kb
 bounds [0x000001f8c6cb0000, 0x000001f8c8bd0000, 0x000001f8ce1e0000]
CodeHeap 'non-nmethods': size=5760Kb used=2481Kb max_used=2571Kb free=3278Kb
 bounds [0x000001f8ce1e0000, 0x000001f8ce470000, 0x000001f8ce780000]
 total_blobs=17249 nmethods=16239 adapters=921
 compilation: enabled
              stopped_count=0, restarted_count=0
 full_count=0

Compilation events (20 events):
Event: 6710.704 Thread 0x000001f8de02a380 nmethod 19538 0x000001f8c8025c90 code [0x000001f8c8025e40, 0x000001f8c8025ff8]
Event: 6710.705 Thread 0x000001f8de028d40 nmethod 19533 0x000001f8cf250b10 code [0x000001f8cf250ca0, 0x000001f8cf250e68]
Event: 6710.705 Thread 0x000001f8de028d40 19534       4       com.sun.tools.javac.util.IntHashTable::put (99 bytes)
Event: 6710.706 Thread 0x000001f8de02a380 19539       3       com.sun.tools.javac.parser.UnicodeReader::digit (94 bytes)
Event: 6710.708 Thread 0x000001f8de02a380 nmethod 19539 0x000001f8c846fe90 code [0x000001f8c8470100, 0x000001f8c8470ed8]
Event: 6710.708 Thread 0x000001f8de02a380 19543       3       com.sun.tools.javac.parser.JavacParser::optag (496 bytes)
Event: 6710.709 Thread 0x000001f8de02a380 nmethod 19543 0x000001f8c846eb10 code [0x000001f8c846ede0, 0x000001f8c846fd58]
Event: 6710.709 Thread 0x000001f8de02a380 19542       3       com.sun.tools.javac.parser.JavacParser::typeArgumentsOpt (44 bytes)
Event: 6710.710 Thread 0x000001f8de02a380 nmethod 19542 0x000001f8c8025710 code [0x000001f8c80258c0, 0x000001f8c8025b88]
Event: 6710.710 Thread 0x000001f8de02a380 19540       3       com.sun.tools.javac.tree.TreeMaker::Select (21 bytes)
Event: 6710.711 Thread 0x000001f8de02a380 nmethod 19540 0x000001f8c8024d90 code [0x000001f8c8024f60, 0x000001f8c8025358]
Event: 6710.711 Thread 0x000001f8de02a380 19541       3       com.sun.tools.javac.tree.TreeMaker::Modifiers (56 bytes)
Event: 6710.712 Thread 0x000001f8de02a380 nmethod 19541 0x000001f8c846e310 code [0x000001f8c846e4e0, 0x000001f8c846e988]
Event: 6710.712 Thread 0x000001f8de02a380 19544       1       com.sun.tools.javac.parser.Tokens$StringToken::stringVal (5 bytes)
Event: 6710.712 Thread 0x000001f8de02a380 nmethod 19544 0x000001f8cf251010 code [0x000001f8cf2511a0, 0x000001f8cf251278]
Event: 6710.716 Thread 0x000001f8de028d40 nmethod 19534 0x000001f8cf251310 code [0x000001f8cf2514c0, 0x000001f8cf251938]
Event: 6710.716 Thread 0x000001f8de028d40 19537       4       com.sun.tools.javac.parser.UnicodeReader::isAvailable (17 bytes)
Event: 6710.717 Thread 0x000001f8de028d40 nmethod 19537 0x000001f8cf251d10 code [0x000001f8cf251e80, 0x000001f8cf251f18]
Event: 6710.717 Thread 0x000001f8de028d40 19545       4       com.sun.tools.javac.tree.TreeMaker::at (7 bytes)
Event: 6710.718 Thread 0x000001f8de028d40 nmethod 19545 0x000001f8cf252010 code [0x000001f8cf252180, 0x000001f8cf2521f8]

GC Heap History (20 events):
Event: 6106.718 GC heap after
{Heap after GC invocations=75 (full 0):
 garbage-first heap   total 186368K, used 91456K [0x0000000080000000, 0x0000000100000000)
  region size 1024K, 1 young (1024K), 1 survivors (1024K)
 Metaspace       used 128709K, committed 130112K, reserved 1163264K
  class space    used 17537K, committed 18048K, reserved 1048576K
}
Event: 6116.682 GC heap before
{Heap before GC invocations=75 (full 0):
 garbage-first heap   total 186368K, used 155968K [0x0000000080000000, 0x0000000100000000)
  region size 1024K, 65 young (66560K), 1 survivors (1024K)
 Metaspace       used 134173K, committed 134848K, reserved 1171456K
  class space    used 18253K, committed 18560K, reserved 1048576K
}
Event: 6116.750 GC heap after
{Heap after GC invocations=76 (full 0):
 garbage-first heap   total 186368K, used 98593K [0x0000000080000000, 0x0000000100000000)
  region size 1024K, 8 young (8192K), 8 survivors (8192K)
 Metaspace       used 134173K, committed 134848K, reserved 1171456K
  class space    used 18253K, committed 18560K, reserved 1048576K
}
Event: 6119.924 GC heap before
{Heap before GC invocations=77 (full 0):
 garbage-first heap   total 186368K, used 151841K [0x0000000080000000, 0x0000000100000000)
  region size 1024K, 60 young (61440K), 8 survivors (8192K)
 Metaspace       used 134268K, committed 134912K, reserved 1171456K
  class space    used 18257K, committed 18560K, reserved 1048576K
}
Event: 6120.081 GC heap after
{Heap after GC invocations=78 (full 0):
 garbage-first heap   total 186368K, used 102701K [0x0000000080000000, 0x0000000100000000)
  region size 1024K, 4 young (4096K), 4 survivors (4096K)
 Metaspace       used 134268K, committed 134912K, reserved 1171456K
  class space    used 18257K, committed 18560K, reserved 1048576K
}
Event: 6120.130 GC heap before
{Heap before GC invocations=78 (full 0):
 garbage-first heap   total 186368K, used 107821K [0x0000000080000000, 0x0000000100000000)
  region size 1024K, 9 young (9216K), 4 survivors (4096K)
 Metaspace       used 134268K, committed 134912K, reserved 1171456K
  class space    used 18257K, committed 18560K, reserved 1048576K
}
Event: 6120.187 GC heap after
{Heap after GC invocations=79 (full 0):
 garbage-first heap   total 186368K, used 94065K [0x0000000080000000, 0x0000000100000000)
  region size 1024K, 1 young (1024K), 1 survivors (1024K)
 Metaspace       used 134268K, committed 134912K, reserved 1171456K
  class space    used 18257K, committed 18560K, reserved 1048576K
}
Event: 6130.956 GC heap before
{Heap before GC invocations=79 (full 0):
 garbage-first heap   total 186368K, used 143217K [0x0000000080000000, 0x0000000100000000)
  region size 1024K, 51 young (52224K), 1 survivors (1024K)
 Metaspace       used 134580K, committed 135296K, reserved 1171456K
  class space    used 18279K, committed 18624K, reserved 1048576K
}
Event: 6130.977 GC heap after
{Heap after GC invocations=80 (full 0):
 garbage-first heap   total 186368K, used 99454K [0x0000000080000000, 0x0000000100000000)
  region size 1024K, 7 young (7168K), 7 survivors (7168K)
 Metaspace       used 134580K, committed 135296K, reserved 1171456K
  class space    used 18279K, committed 18624K, reserved 1048576K
}
Event: 6133.183 GC heap before
{Heap before GC invocations=81 (full 0):
 garbage-first heap   total 186368K, used 152702K [0x0000000080000000, 0x0000000100000000)
  region size 1024K, 58 young (59392K), 7 survivors (7168K)
 Metaspace       used 134975K, committed 135680K, reserved 1171456K
  class space    used 18305K, committed 18624K, reserved 1048576K
}
Event: 6133.206 GC heap after
{Heap after GC invocations=82 (full 0):
 garbage-first heap   total 186368K, used 101379K [0x0000000080000000, 0x0000000100000000)
  region size 1024K, 3 young (3072K), 3 survivors (3072K)
 Metaspace       used 134975K, committed 135680K, reserved 1171456K
  class space    used 18305K, committed 18624K, reserved 1048576K
}
Event: 6133.443 GC heap before
{Heap before GC invocations=82 (full 0):
 garbage-first heap   total 186368K, used 106499K [0x0000000080000000, 0x0000000100000000)
  region size 1024K, 9 young (9216K), 3 survivors (3072K)
 Metaspace       used 135137K, committed 135936K, reserved 1171456K
  class space    used 18310K, committed 18688K, reserved 1048576K
}
Event: 6133.458 GC heap after
{Heap after GC invocations=83 (full 0):
 garbage-first heap   total 186368K, used 98814K [0x0000000080000000, 0x0000000100000000)
  region size 1024K, 1 young (1024K), 1 survivors (1024K)
 Metaspace       used 135137K, committed 135936K, reserved 1171456K
  class space    used 18310K, committed 18688K, reserved 1048576K
}
Event: 6133.983 GC heap before
{Heap before GC invocations=83 (full 0):
 garbage-first heap   total 186368K, used 104958K [0x0000000080000000, 0x0000000100000000)
  region size 1024K, 8 young (8192K), 1 survivors (1024K)
 Metaspace       used 135233K, committed 136000K, reserved 1171456K
  class space    used 18320K, committed 18688K, reserved 1048576K
}
Event: 6133.987 GC heap after
{Heap after GC invocations=84 (full 0):
 garbage-first heap   total 186368K, used 99310K [0x0000000080000000, 0x0000000100000000)
  region size 1024K, 1 young (1024K), 1 survivors (1024K)
 Metaspace       used 135233K, committed 136000K, reserved 1171456K
  class space    used 18320K, committed 18688K, reserved 1048576K
}
Event: 6708.184 GC heap before
{Heap before GC invocations=85 (full 0):
 garbage-first heap   total 211968K, used 178158K [0x0000000080000000, 0x0000000100000000)
  region size 1024K, 55 young (56320K), 1 survivors (1024K)
 Metaspace       used 135386K, committed 136192K, reserved 1171456K
  class space    used 18329K, committed 18688K, reserved 1048576K
}
Event: 6708.239 GC heap after
{Heap after GC invocations=86 (full 0):
 garbage-first heap   total 211968K, used 102989K [0x0000000080000000, 0x0000000100000000)
  region size 1024K, 5 young (5120K), 5 survivors (5120K)
 Metaspace       used 135386K, committed 136192K, reserved 1171456K
  class space    used 18329K, committed 18688K, reserved 1048576K
}
Event: 6708.753 GC heap before
{Heap before GC invocations=86 (full 0):
 garbage-first heap   total 211968K, used 108109K [0x0000000080000000, 0x0000000100000000)
  region size 1024K, 10 young (10240K), 5 survivors (5120K)
 Metaspace       used 135518K, committed 136320K, reserved 1171456K
  class space    used 18345K, committed 18688K, reserved 1048576K
}
Event: 6708.844 GC heap after
{Heap after GC invocations=87 (full 0):
 garbage-first heap   total 211968K, used 102625K [0x0000000080000000, 0x0000000100000000)
  region size 1024K, 2 young (2048K), 2 survivors (2048K)
 Metaspace       used 135518K, committed 136320K, reserved 1171456K
  class space    used 18345K, committed 18688K, reserved 1048576K
}
Event: 6710.725 GC heap before
{Heap before GC invocations=87 (full 0):
 garbage-first heap   total 211968K, used 128225K [0x0000000080000000, 0x0000000100000000)
  region size 1024K, 29 young (29696K), 2 survivors (2048K)
 Metaspace       used 135650K, committed 136448K, reserved 1171456K
  class space    used 18360K, committed 18752K, reserved 1048576K
}

Dll operation events (2 events):
Event: 0.022 Loaded shared library D:\AndroidStudio\download_data\jbr\bin\java.dll
Event: 0.581 Loaded shared library D:\AndroidStudio\download_data\jbr\bin\verify.dll

Deoptimization events (20 events):
Event: 6707.444 Thread 0x000001f8df0c1ce0 DEOPT PACKING pc=0x000001f8ce8366b4 sp=0x000000dcd33f9130
Event: 6707.444 Thread 0x000001f8df0c1ce0 DEOPT UNPACKING pc=0x000001f8ce23a1a3 sp=0x000000dcd33f9100 mode 2
Event: 6707.577 Thread 0x000001f8df0c1ce0 Uncommon trap: trap_request=0xffffffde fr.pc=0x000001f8ce8366b4 relative=0x0000000000000474
Event: 6707.577 Thread 0x000001f8df0c1ce0 Uncommon trap: reason=class_check action=maybe_recompile pc=0x000001f8ce8366b4 method=java.util.AbstractCollection.toArray([Ljava/lang/Object;)[Ljava/lang/Object; @ 26 c2
Event: 6707.577 Thread 0x000001f8df0c1ce0 DEOPT PACKING pc=0x000001f8ce8366b4 sp=0x000000dcd33f9130
Event: 6707.577 Thread 0x000001f8df0c1ce0 DEOPT UNPACKING pc=0x000001f8ce23a1a3 sp=0x000000dcd33f9100 mode 2
Event: 6708.667 Thread 0x000001f8df0c1ce0 DEOPT PACKING pc=0x000001f8c7d3ffbe sp=0x000000dcd33f91d0
Event: 6708.667 Thread 0x000001f8df0c1ce0 DEOPT UNPACKING pc=0x000001f8ce23ace3 sp=0x000000dcd33f86d0 mode 0
Event: 6709.713 Thread 0x000001f8e838ca10 DEOPT PACKING pc=0x000001f8c778ce65 sp=0x000000dcdaefad80
Event: 6709.715 Thread 0x000001f8e838ca10 DEOPT UNPACKING pc=0x000001f8ce23ace3 sp=0x000000dcdaefa210 mode 0
Event: 6709.718 Thread 0x000001f8e838ca10 DEOPT PACKING pc=0x000001f8c778ce65 sp=0x000000dcdaefb0c0
Event: 6709.718 Thread 0x000001f8e838ca10 DEOPT UNPACKING pc=0x000001f8ce23ace3 sp=0x000000dcdaefa550 mode 0
Event: 6709.721 Thread 0x000001f8e838ca10 DEOPT PACKING pc=0x000001f8c778ce65 sp=0x000000dcdaefb100
Event: 6709.721 Thread 0x000001f8e838ca10 DEOPT UNPACKING pc=0x000001f8ce23ace3 sp=0x000000dcdaefa590 mode 0
Event: 6709.836 Thread 0x000001f8e838ca10 Uncommon trap: trap_request=0xffffffdc fr.pc=0x000001f8cf228fd8 relative=0x0000000000000238
Event: 6709.836 Thread 0x000001f8e838ca10 Uncommon trap: reason=class_check action=make_not_entrant pc=0x000001f8cf228fd8 method=java.util.ArrayDeque.toArray(Ljava/lang/Class;)[Ljava/lang/Object; @ 45 c2
Event: 6709.836 Thread 0x000001f8e838ca10 DEOPT PACKING pc=0x000001f8cf228fd8 sp=0x000000dcdaefab90
Event: 6709.836 Thread 0x000001f8e838ca10 DEOPT UNPACKING pc=0x000001f8ce23a1a3 sp=0x000000dcdaefab30 mode 2
Event: 6710.202 Thread 0x000001f8e838ca10 DEOPT PACKING pc=0x000001f8c82195fd sp=0x000000dcdaef8bf0
Event: 6710.202 Thread 0x000001f8e838ca10 DEOPT UNPACKING pc=0x000001f8ce23ace3 sp=0x000000dcdaef8050 mode 0

Classes unloaded (20 events):
Event: 2791.809 Thread 0x000001f8dd62a630 Unloading class 0x00000001001bcc00 'java/lang/invoke/LambdaForm$MH+0x00000001001bcc00'
Event: 2791.809 Thread 0x000001f8dd62a630 Unloading class 0x00000001001bc800 'java/lang/invoke/LambdaForm$MH+0x00000001001bc800'
Event: 2791.809 Thread 0x000001f8dd62a630 Unloading class 0x00000001001bc400 'java/lang/invoke/LambdaForm$MH+0x00000001001bc400'
Event: 2791.809 Thread 0x000001f8dd62a630 Unloading class 0x00000001001bc000 'java/lang/invoke/LambdaForm$MH+0x00000001001bc000'
Event: 2791.809 Thread 0x000001f8dd62a630 Unloading class 0x0000000100192800 'java/lang/invoke/LambdaForm$MH+0x0000000100192800'
Event: 2791.809 Thread 0x000001f8dd62a630 Unloading class 0x0000000100192000 'java/lang/invoke/LambdaForm$MH+0x0000000100192000'
Event: 2791.809 Thread 0x000001f8dd62a630 Unloading class 0x0000000100191c00 'java/lang/invoke/LambdaForm$MH+0x0000000100191c00'
Event: 2791.809 Thread 0x000001f8dd62a630 Unloading class 0x0000000100191800 'java/lang/invoke/LambdaForm$MH+0x0000000100191800'
Event: 2791.809 Thread 0x000001f8dd62a630 Unloading class 0x0000000100191400 'java/lang/invoke/LambdaForm$MH+0x0000000100191400'
Event: 2791.809 Thread 0x000001f8dd62a630 Unloading class 0x0000000100190c00 'java/lang/invoke/LambdaForm$MH+0x0000000100190c00'
Event: 2791.810 Thread 0x000001f8dd62a630 Unloading class 0x00000001000a6c00 'java/lang/invoke/LambdaForm$MH+0x00000001000a6c00'
Event: 2791.810 Thread 0x000001f8dd62a630 Unloading class 0x00000001000a6800 'java/lang/invoke/LambdaForm$MH+0x00000001000a6800'
Event: 2791.810 Thread 0x000001f8dd62a630 Unloading class 0x00000001000a6000 'java/lang/invoke/LambdaForm$MH+0x00000001000a6000'
Event: 2791.810 Thread 0x000001f8dd62a630 Unloading class 0x00000001000a4400 'java/lang/invoke/LambdaForm$MH+0x00000001000a4400'
Event: 6117.053 Thread 0x000001f8dd62a630 Unloading class 0x00000001011c5800 'jdk/internal/reflect/GeneratedMethodAccessor68'
Event: 6117.054 Thread 0x000001f8dd62a630 Unloading class 0x00000001011c4c00 'jdk/internal/reflect/GeneratedMethodAccessor66'
Event: 6117.054 Thread 0x000001f8dd62a630 Unloading class 0x00000001011c3400 'jdk/internal/reflect/GeneratedMethodAccessor61'
Event: 6134.130 Thread 0x000001f8dd62a630 Unloading class 0x000000010125dc00 'jdk/internal/reflect/GeneratedSerializationConstructorAccessor171'
Event: 6134.130 Thread 0x000001f8dd62a630 Unloading class 0x000000010125e000 'jdk/internal/reflect/GeneratedSerializationConstructorAccessor172'
Event: 6134.130 Thread 0x000001f8dd62a630 Unloading class 0x000000010125d800 'jdk/internal/reflect/GeneratedSerializationConstructorAccessor170'

Classes redefined (0 events):
No events

Internal exceptions (20 events):
Event: 6707.028 Thread 0x000001f8df0c1ce0 Exception <a 'sun/nio/fs/WindowsException'{0x0000000089f7df10}> (0x0000000089f7df10) 
thrown [s\src\hotspot\share\prims\jni.cpp, line 517]
Event: 6707.030 Thread 0x000001f8df0c1ce0 Exception <a 'sun/nio/fs/WindowsException'{0x0000000089f7fa80}> (0x0000000089f7fa80) 
thrown [s\src\hotspot\share\prims\jni.cpp, line 517]
Event: 6708.037 Thread 0x000001f8df0c1ce0 Exception <a 'java/lang/NoClassDefFoundError'{0x0000000089a0a0b0}: org/jetbrains/kotlin/gradle/plugin/KotlinBasePluginWrapper> (0x0000000089a0a0b0) 
thrown [s\src\hotspot\share\oops\constantPool.cpp, line 835]
Event: 6708.297 Thread 0x000001f8df0c1ce0 Exception <a 'sun/nio/fs/WindowsException'{0x000000008ce84748}> (0x000000008ce84748) 
thrown [s\src\hotspot\share\prims\jni.cpp, line 517]
Event: 6708.357 Thread 0x000001f8df0c1ce0 Exception <a 'sun/nio/fs/WindowsException'{0x000000008cd22dc8}> (0x000000008cd22dc8) 
thrown [s\src\hotspot\share\prims\jni.cpp, line 517]
Event: 6708.357 Thread 0x000001f8df0c1ce0 Exception <a 'sun/nio/fs/WindowsException'{0x000000008cd240c0}> (0x000000008cd240c0) 
thrown [s\src\hotspot\share\prims\jni.cpp, line 517]
Event: 6708.357 Thread 0x000001f8df0c1ce0 Exception <a 'sun/nio/fs/WindowsException'{0x000000008cd256b0}> (0x000000008cd256b0) 
thrown [s\src\hotspot\share\prims\jni.cpp, line 517]
Event: 6708.357 Thread 0x000001f8df0c1ce0 Exception <a 'sun/nio/fs/WindowsException'{0x000000008cd269f8}> (0x000000008cd269f8) 
thrown [s\src\hotspot\share\prims\jni.cpp, line 517]
Event: 6708.694 Thread 0x000001f8df0c1ce0 Exception <a 'sun/nio/fs/WindowsException'{0x000000008caa1d50}> (0x000000008caa1d50) 
thrown [s\src\hotspot\share\prims\jni.cpp, line 517]
Event: 6708.871 Thread 0x000001f8e838c540 Exception <a 'sun/nio/fs/WindowsException'{0x000000008ce42f98}> (0x000000008ce42f98) 
thrown [s\src\hotspot\share\prims\jni.cpp, line 517]
Event: 6710.117 Thread 0x000001f8e838ca10 Exception <a 'sun/nio/fs/WindowsException'{0x000000008b63f220}> (0x000000008b63f220) 
thrown [s\src\hotspot\share\prims\jni.cpp, line 517]
Event: 6710.128 Thread 0x000001f8e838ca10 Exception <a 'sun/nio/fs/WindowsException'{0x000000008b6535d8}> (0x000000008b6535d8) 
thrown [s\src\hotspot\share\prims\jni.cpp, line 517]
Event: 6710.146 Thread 0x000001f8e838ca10 Exception <a 'sun/nio/fs/WindowsException'{0x000000008b662b28}> (0x000000008b662b28) 
thrown [s\src\hotspot\share\prims\jni.cpp, line 517]
Event: 6710.152 Thread 0x000001f8e838ca10 Exception <a 'sun/nio/fs/WindowsException'{0x000000008b663740}> (0x000000008b663740) 
thrown [s\src\hotspot\share\prims\jni.cpp, line 517]
Event: 6710.166 Thread 0x000001f8e838ca10 Exception <a 'sun/nio/fs/WindowsException'{0x000000008b6642d0}> (0x000000008b6642d0) 
thrown [s\src\hotspot\share\prims\jni.cpp, line 517]
Event: 6710.171 Thread 0x000001f8e838ca10 Exception <a 'sun/nio/fs/WindowsException'{0x000000008b664e58}> (0x000000008b664e58) 
thrown [s\src\hotspot\share\prims\jni.cpp, line 517]
Event: 6710.185 Thread 0x000001f8e838ca10 Exception <a 'sun/nio/fs/WindowsException'{0x000000008b6659d8}> (0x000000008b6659d8) 
thrown [s\src\hotspot\share\prims\jni.cpp, line 517]
Event: 6710.190 Thread 0x000001f8e838ca10 Exception <a 'sun/nio/fs/WindowsException'{0x000000008b66b000}> (0x000000008b66b000) 
thrown [s\src\hotspot\share\prims\jni.cpp, line 517]
Event: 6710.715 Thread 0x000001f8e838ca10 Exception <a 'sun/nio/fs/WindowsException'{0x000000008b24de48}> (0x000000008b24de48) 
thrown [s\src\hotspot\share\prims\jni.cpp, line 517]
Event: 6710.716 Thread 0x000001f8e838ca10 Exception <a 'sun/nio/fs/WindowsException'{0x000000008b24e0a0}> (0x000000008b24e0a0) 
thrown [s\src\hotspot\share\prims\jni.cpp, line 517]

VM Operations (20 events):
Event: 6135.248 Executing VM operation: Cleanup done
Event: 6165.495 Executing VM operation: Cleanup
Event: 6165.495 Executing VM operation: Cleanup done
Event: 6373.444 Executing VM operation: Cleanup
Event: 6373.445 Executing VM operation: Cleanup done
Event: 6704.828 Executing VM operation: Cleanup
Event: 6704.843 Executing VM operation: Cleanup done
Event: 6705.854 Executing VM operation: Cleanup
Event: 6705.872 Executing VM operation: Cleanup done
Event: 6706.882 Executing VM operation: Cleanup
Event: 6706.904 Executing VM operation: Cleanup done
Event: 6707.913 Executing VM operation: Cleanup
Event: 6707.934 Executing VM operation: Cleanup done
Event: 6708.183 Executing VM operation: G1CollectForAllocation
Event: 6708.239 Executing VM operation: G1CollectForAllocation done
Event: 6708.752 Executing VM operation: G1CollectForAllocation
Event: 6708.845 Executing VM operation: G1CollectForAllocation done
Event: 6709.859 Executing VM operation: Cleanup
Event: 6709.859 Executing VM operation: Cleanup done
Event: 6710.725 Executing VM operation: G1TryInitiateConcMark

Events (20 events):
Event: 6708.721 Thread 0x000001f8e805bd20 Thread added: 0x000001f8e805bd20
Event: 6708.724 Thread 0x000001f8e838e6f0 Thread added: 0x000001f8e838e6f0
Event: 6708.724 Thread 0x000001f8e838c540 Thread added: 0x000001f8e838c540
Event: 6708.724 Thread 0x000001f8e838ca10 Thread added: 0x000001f8e838ca10
Event: 6708.724 Thread 0x000001f8e838cee0 Thread added: 0x000001f8e838cee0
Event: 6708.724 Thread 0x000001f8e838d3b0 Thread added: 0x000001f8e838d3b0
Event: 6708.725 Thread 0x000001f8e6714510 Thread added: 0x000001f8e6714510
Event: 6708.725 Thread 0x000001f8e67131d0 Thread added: 0x000001f8e67131d0
Event: 6708.735 Thread 0x000001f8e805b380 Thread added: 0x000001f8e805b380
Event: 6709.662 loading class jdk/internal/misc/ScopedMemoryAccess$Scope$Handle
Event: 6709.666 loading class jdk/internal/misc/ScopedMemoryAccess$Scope$Handle done
Event: 6710.022 Thread 0x000001f8e1c754a0 Thread added: 0x000001f8e1c754a0
Event: 6710.022 Thread 0x000001f8e1c71fb0 Thread added: 0x000001f8e1c71fb0
Event: 6710.023 Thread 0x000001f8e1c732f0 Thread added: 0x000001f8e1c732f0
Event: 6710.023 Thread 0x000001f8e1c737c0 Thread added: 0x000001f8e1c737c0
Event: 6710.023 Thread 0x000001f8e1c74160 Thread added: 0x000001f8e1c74160
Event: 6710.023 Thread 0x000001f8e1c73c90 Thread added: 0x000001f8e1c73c90
Event: 6710.026 Thread 0x000001f8e1c72950 Thread added: 0x000001f8e1c72950
Event: 6710.026 Thread 0x000001f8e67136a0 Thread added: 0x000001f8e67136a0
Event: 6710.425 Thread 0x000001f8e7c33480 Thread exited: 0x000001f8e7c33480


Dynamic libraries:
0x00007ff78ea60000 - 0x00007ff78ea6a000 	D:\AndroidStudio\download_data\jbr\bin\java.exe
0x00007fff0ba70000 - 0x00007fff0bc68000 	C:\WINDOWS\SYSTEM32\ntdll.dll
0x00007fff0b580000 - 0x00007fff0b63d000 	C:\WINDOWS\System32\KERNEL32.DLL
0x00007fff091b0000 - 0x00007fff094a6000 	C:\WINDOWS\System32\KERNELBASE.dll
0x00007fff09840000 - 0x00007fff09940000 	C:\WINDOWS\System32\ucrtbase.dll
0x00007ffeeae80000 - 0x00007ffeeae97000 	D:\AndroidStudio\download_data\jbr\bin\jli.dll
0x00007ffeeb220000 - 0x00007ffeeb23b000 	D:\AndroidStudio\download_data\jbr\bin\VCRUNTIME140.dll
0x00007fff0b720000 - 0x00007fff0b8bf000 	C:\WINDOWS\System32\USER32.dll
0x00007ffef2b10000 - 0x00007ffef2daa000 	C:\WINDOWS\WinSxS\amd64_microsoft.windows.common-controls_6595b64144ccf1df_6.0.19041.4355_none_60b8b9eb71f62e16\COMCTL32.dll
0x00007fff094b0000 - 0x00007fff094d2000 	C:\WINDOWS\System32\win32u.dll
0x00007fff0ae90000 - 0x00007fff0aebb000 	C:\WINDOWS\System32\GDI32.dll
0x00007fff09f70000 - 0x00007fff0a00e000 	C:\WINDOWS\System32\msvcrt.dll
0x00007fff095d0000 - 0x00007fff096e7000 	C:\WINDOWS\System32\gdi32full.dll
0x00007fff09530000 - 0x00007fff095cd000 	C:\WINDOWS\System32\msvcp_win.dll
0x00007fff09f30000 - 0x00007fff09f62000 	C:\WINDOWS\System32\IMM32.DLL
0x00007ffef3ef0000 - 0x00007ffef3efc000 	D:\AndroidStudio\download_data\jbr\bin\vcruntime140_1.dll
0x00007ffeeaf30000 - 0x00007ffeeafbd000 	D:\AndroidStudio\download_data\jbr\bin\msvcp140.dll
0x00007ffeb2510000 - 0x00007ffeb317e000 	D:\AndroidStudio\download_data\jbr\bin\server\jvm.dll
0x00007fff0ade0000 - 0x00007fff0ae90000 	C:\WINDOWS\System32\ADVAPI32.dll
0x00007fff0aec0000 - 0x00007fff0af60000 	C:\WINDOWS\System32\sechost.dll
0x00007fff09aa0000 - 0x00007fff09bc3000 	C:\WINDOWS\System32\RPCRT4.dll
0x00007fff097a0000 - 0x00007fff097c7000 	C:\WINDOWS\System32\bcrypt.dll
0x00007fff03580000 - 0x00007fff0358a000 	C:\WINDOWS\SYSTEM32\VERSION.dll
0x00007fff072e0000 - 0x00007fff07307000 	C:\WINDOWS\SYSTEM32\WINMM.dll
0x00007ffef3e90000 - 0x00007ffef3e99000 	C:\WINDOWS\SYSTEM32\WSOCK32.dll
0x00007fff0b180000 - 0x00007fff0b1eb000 	C:\WINDOWS\System32\WS2_32.dll
0x00007fff07aa0000 - 0x00007fff07ab2000 	C:\WINDOWS\SYSTEM32\kernel.appcore.dll
0x00007fff03710000 - 0x00007fff0371a000 	D:\AndroidStudio\download_data\jbr\bin\jimage.dll
0x00007fff070f0000 - 0x00007fff072d4000 	C:\WINDOWS\SYSTEM32\DBGHELP.DLL
0x00007fff070b0000 - 0x00007fff070e4000 	C:\WINDOWS\SYSTEM32\dbgcore.DLL
0x00007fff09120000 - 0x00007fff091a2000 	C:\WINDOWS\System32\bcryptPrimitives.dll
0x00007ffef4080000 - 0x00007ffef40a5000 	D:\AndroidStudio\download_data\jbr\bin\java.dll
0x00007fff021d0000 - 0x00007fff021e8000 	D:\AndroidStudio\download_data\jbr\bin\zip.dll
0x00007fff0a0f0000 - 0x00007fff0a85b000 	C:\WINDOWS\System32\SHELL32.dll
0x00007fff00b60000 - 0x00007fff012fd000 	C:\WINDOWS\SYSTEM32\windows.storage.dll
0x00007fff09bd0000 - 0x00007fff09f23000 	C:\WINDOWS\System32\combase.dll
0x00007fff08a60000 - 0x00007fff08a8e000 	C:\WINDOWS\SYSTEM32\Wldp.dll
0x00007fff0b640000 - 0x00007fff0b70d000 	C:\WINDOWS\System32\OLEAUT32.dll
0x00007fff0ad30000 - 0x00007fff0addd000 	C:\WINDOWS\System32\SHCORE.dll
0x00007fff0b1f0000 - 0x00007fff0b245000 	C:\WINDOWS\System32\shlwapi.dll
0x00007fff09050000 - 0x00007fff09074000 	C:\WINDOWS\SYSTEM32\profapi.dll
0x00007ffef9ab0000 - 0x00007ffef9ac9000 	D:\AndroidStudio\download_data\jbr\bin\net.dll
0x00007fff013c0000 - 0x00007fff014ca000 	C:\WINDOWS\SYSTEM32\WINHTTP.dll
0x00007fff08840000 - 0x00007fff088aa000 	C:\WINDOWS\system32\mswsock.dll
0x00007ffef4030000 - 0x00007ffef4046000 	D:\AndroidStudio\download_data\jbr\bin\nio.dll
0x00007fff03640000 - 0x00007fff03650000 	D:\AndroidStudio\download_data\jbr\bin\verify.dll
0x00007ffeeafc0000 - 0x00007ffeeafe7000 	C:\Users\User\.gradle\native\68d5fa5c4cc2d200863cafc0d521ce42e7d3e7ee720ec0a83991735586a16f82\windows-amd64\native-platform.dll
0x00007ffed0b10000 - 0x00007ffed0c54000 	C:\Users\User\.gradle\native\e376f236ea51e6404a007f0833ffe2c6e607c4080706a723a18a27aeea778392\windows-amd64\native-platform-file-events.dll
0x00007ffef4370000 - 0x00007ffef4379000 	D:\AndroidStudio\download_data\jbr\bin\management.dll
0x00007ffef4340000 - 0x00007ffef434b000 	D:\AndroidStudio\download_data\jbr\bin\management_ext.dll
0x00007fff0b4c0000 - 0x00007fff0b4c8000 	C:\WINDOWS\System32\PSAPI.DLL
0x00007fff08aa0000 - 0x00007fff08ab8000 	C:\WINDOWS\SYSTEM32\CRYPTSP.dll
0x00007fff08110000 - 0x00007fff08144000 	C:\WINDOWS\system32\rsaenh.dll
0x00007fff08fc0000 - 0x00007fff08fee000 	C:\WINDOWS\SYSTEM32\USERENV.dll
0x00007fff089d0000 - 0x00007fff089dc000 	C:\WINDOWS\SYSTEM32\CRYPTBASE.dll
0x00007fff084f0000 - 0x00007fff0852b000 	C:\WINDOWS\SYSTEM32\IPHLPAPI.DLL
0x00007fff0af60000 - 0x00007fff0af68000 	C:\WINDOWS\System32\NSI.dll
0x00007fff02640000 - 0x00007fff02657000 	C:\WINDOWS\SYSTEM32\dhcpcsvc6.DLL
0x00007fff02620000 - 0x00007fff0263d000 	C:\WINDOWS\SYSTEM32\dhcpcsvc.DLL
0x00007fff08530000 - 0x00007fff085fb000 	C:\WINDOWS\SYSTEM32\DNSAPI.dll
0x00007ffe965a0000 - 0x00007ffe965a7000 	C:\WINDOWS\system32\wshunix.dll
0x000000005bcd0000 - 0x000000005bcf6000 	C:\Program Files\Bonjour\mdnsNSP.dll
0x00007ffeffe10000 - 0x00007ffeffe1a000 	C:\Windows\System32\rasadhlp.dll
0x00007ffeff500000 - 0x00007ffeff580000 	C:\WINDOWS\System32\fwpuclnt.dll

dbghelp: loaded successfully - version: 4.0.5 - missing functions: none
symbol engine: initialized successfully - sym options: 0x614 - pdb path: .;D:\AndroidStudio\download_data\jbr\bin;C:\WINDOWS\SYSTEM32;C:\WINDOWS\WinSxS\amd64_microsoft.windows.common-controls_6595b64144ccf1df_6.0.19041.4355_none_60b8b9eb71f62e16;D:\AndroidStudio\download_data\jbr\bin\server;C:\Users\User\.gradle\native\68d5fa5c4cc2d200863cafc0d521ce42e7d3e7ee720ec0a83991735586a16f82\windows-amd64;C:\Users\User\.gradle\native\e376f236ea51e6404a007f0833ffe2c6e607c4080706a723a18a27aeea778392\windows-amd64;C:\Program Files\Bonjour

VM Arguments:
jvm_args: --add-opens=java.base/java.util=ALL-UNNAMED --add-opens=java.base/java.lang=ALL-UNNAMED --add-opens=java.base/java.lang.invoke=ALL-UNNAMED --add-opens=java.prefs/java.util.prefs=ALL-UNNAMED --add-opens=java.base/java.nio.charset=ALL-UNNAMED --add-opens=java.base/java.net=ALL-UNNAMED --add-opens=java.base/java.util.concurrent.atomic=ALL-UNNAMED -Xmx2048m -Dfile.encoding=UTF-8 -Duser.country=US -Duser.language=en -Duser.variant 
java_command: org.gradle.launcher.daemon.bootstrap.GradleDaemon 8.0
java_class_path (initial): C:\Users\User\.gradle\wrapper\dists\gradle-8.0-bin\ca5e32bp14vu59qr306oxotwh\gradle-8.0\lib\gradle-launcher-8.0.jar
Launcher Type: SUN_STANDARD

[Global flags]
     intx CICompilerCount                          = 4                                         {product} {ergonomic}
     uint ConcGCThreads                            = 2                                         {product} {ergonomic}
     uint G1ConcRefinementThreads                  = 8                                         {product} {ergonomic}
   size_t G1HeapRegionSize                         = 1048576                                   {product} {ergonomic}
    uintx GCDrainStackTargetSize                   = 64                                        {product} {ergonomic}
   size_t InitialHeapSize                          = 132120576                                 {product} {ergonomic}
   size_t MarkStackSize                            = 4194304                                   {product} {ergonomic}
   size_t MaxHeapSize                              = 2147483648                                {product} {command line}
   size_t MaxNewSize                               = 1287651328                                {product} {ergonomic}
   size_t MinHeapDeltaBytes                        = 1048576                                   {product} {ergonomic}
   size_t MinHeapSize                              = 8388608                                   {product} {ergonomic}
    uintx NonNMethodCodeHeapSize                   = 5839372                                {pd product} {ergonomic}
    uintx NonProfiledCodeHeapSize                  = 122909434                              {pd product} {ergonomic}
    uintx ProfiledCodeHeapSize                     = 122909434                              {pd product} {ergonomic}
    uintx ReservedCodeCacheSize                    = 251658240                              {pd product} {ergonomic}
     bool SegmentedCodeCache                       = true                                      {product} {ergonomic}
   size_t SoftMaxHeapSize                          = 2147483648                             {manageable} {ergonomic}
     bool UseCompressedClassPointers               = true                           {product lp64_product} {ergonomic}
     bool UseCompressedOops                        = true                           {product lp64_product} {ergonomic}
     bool UseG1GC                                  = true                                      {product} {ergonomic}
     bool UseLargePagesIndividualAllocation        = false                                  {pd product} {ergonomic}

Logging:
Log output configuration:
 #0: stdout all=warning uptime,level,tags
 #1: stderr all=off uptime,level,tags

Environment Variables:
CLASSPATH=D:\JDBC\sqljdbc_11.2\enu\mssql-jdbc-11.2.0.jre8.jar;
PATH=C:\Program Files (x86)\Common Files\Oracle\Java\javapath;C:\Windows\system32;C:\Windows;C:\Windows\System32\Wbem;C:\Windows\System32\WindowsPowerShell\v1.0\;C:\Windows\System32\OpenSSH\;C:\Program Files\NVIDIA Corporation\NVIDIA NvDLISR;C:\Program Files (x86)\GtkSharp\2.12\bin;D:\CHOCOLATELY\chocolatey\bin;C:\Program Files\dotnet\;C:\Program Files\Azure Data Studio\bin;C:\WINDOWS\system32;C:\WINDOWS;C:\WINDOWS\System32\Wbem;C:\WINDOWS\System32\WindowsPowerShell\v1.0\;C:\WINDOWS\System32\OpenSSH\;C:\Program Files\Microsoft SQL Server\Client SDK\ODBC\170\Tools\Binn\;C:\Program Files (x86)\Microsoft SQL Server\150\Tools\Binn\;C:\Program Files\Microsoft SQL Server\150\Tools\Binn\;C:\Program Files\Microsoft SQL Server\150\DTS\Binn\;C:\Program Files (x86)\Microsoft SQL Server\150\DTS\Binn\;C:\Program Files (x86)\Microsoft SQL Server\160\DTS\Binn\;".;D:\JDBC\sqljdbc_11.2\enu\auth\x64\mssql-jdbc_auth-11.2.0.x64.dll";D:\gitHub\git\Git\cmd;D:\gitHub\git\Git\bin;D:\Docker\Docker\Docker\resources\bin;D:\maven\apache-maven-3.9.4\bin;D:\codingProject\flutter\flutter\bin;D:\AndroidStudio\sdk;C:\Users\User\AppData\Roaming\npm;C:\Users\User\AppData\Roaming\npm\node_modules\@angular\cli\bin;D:\npm\nodejs\;C:\Program Files (x86)\dotnet\;D:\python\python311\Scripts\;D:\python\python311\;C:\Program Files\Java\jdk1.8.0_331\bin;D:\VSCODE\VSCODE_Installation\bin;D:\php;D:\VS\VS2022\Common7\IDE;C:\Users\User\.dotnet\tools
USERNAME=User
OS=Windows_NT
PROCESSOR_IDENTIFIER=Intel64 Family 6 Model 126 Stepping 5, GenuineIntel
TMP=C:\Users\User\AppData\Local\Temp
TEMP=C:\Users\User\AppData\Local\Temp


JNI global refs:
JNI global refs: 25, weak refs: 0

JNI global refs memory usage: 843, weak refs: 841


---------------  S Y S T E M  ---------------

OS:
 Windows 10 , 64 bit Build 19041 (10.0.19041.3636)
OS uptime: 0 days 10:31 hours
Hyper-V role detected

CPU: total 8 (initial active 8) (4 cores per cpu, 2 threads per core) family 6 model 126 stepping 5 microcode 0xc2, cx8, cmov, fxsr, ht, mmx, 3dnowpref, sse, sse2, sse3, ssse3, sse4.1, sse4.2, popcnt, lzcnt, tsc, tscinvbit, avx, avx2, aes, erms, clmul, bmi1, bmi2, adx, avx512f, avx512dq, avx512cd, avx512bw, avx512vl, sha, fma, vzeroupper, avx512_vpopcntdq, avx512_vpclmulqdq, avx512_vaes, avx512_vnni, clflush, clflushopt, avx512_vbmi2, avx512_vbmi, hv

Memory: 4k page, system-wide physical 7959M (400M free)
TotalPageFile size 14712M (AvailPageFile size 154M)
current process WorkingSet (physical memory assigned to process): 323M, peak: 510M
current process commit charge ("private bytes"): 584M, peak: 886M

vm_info: OpenJDK 64-Bit Server VM (17.0.6+0-b2043.56-10027231) for windows-amd64 JRE (17.0.6+0-b2043.56-10027231), built on Apr 28 2023 00:43:19 by "androidbuild" with MS VC++ 16.10 / 16.11 (VS2019)

END.
